[2021-12-30 05:31:01,982] {taskinstance.py:1032} INFO - Dependencies all met for <TaskInstance: tutorial_etl_dag.extract manual__2021-12-30T05:30:51+00:00 [queued]>
[2021-12-30 05:31:02,010] {taskinstance.py:1032} INFO - Dependencies all met for <TaskInstance: tutorial_etl_dag.extract manual__2021-12-30T05:30:51+00:00 [queued]>
[2021-12-30 05:31:02,010] {taskinstance.py:1238} INFO - 
--------------------------------------------------------------------------------
[2021-12-30 05:31:02,010] {taskinstance.py:1239} INFO - Starting attempt 1 of 1
[2021-12-30 05:31:02,010] {taskinstance.py:1240} INFO - 
--------------------------------------------------------------------------------
[2021-12-30 05:31:02,043] {taskinstance.py:1259} INFO - Executing <Task(PythonOperator): extract> on 2021-12-30 05:30:51+00:00
[2021-12-30 05:31:02,051] {standard_task_runner.py:52} INFO - Started process 275 to run task
[2021-12-30 05:31:02,059] {standard_task_runner.py:76} INFO - Running: ['***', 'tasks', 'run', 'tutorial_etl_dag', 'extract', 'manual__2021-12-30T05:30:51+00:00', '--job-id', '25', '--raw', '--subdir', '/home/***/.local/lib/python3.7/site-packages/***/example_dags/tutorial_etl_dag.py', '--cfg-path', '/tmp/tmpf_eidf8k', '--error-file', '/tmp/tmprb0oly5q']
[2021-12-30 05:31:02,060] {standard_task_runner.py:77} INFO - Job 25: Subtask extract
[2021-12-30 05:31:02,172] {logging_mixin.py:109} INFO - Running <TaskInstance: tutorial_etl_dag.extract manual__2021-12-30T05:30:51+00:00 [running]> on host e3c2287c3ee3
[2021-12-30 05:31:02,292] {taskinstance.py:1426} INFO - Exporting the following env vars:
AIRFLOW_CTX_DAG_OWNER=***
AIRFLOW_CTX_DAG_ID=tutorial_etl_dag
AIRFLOW_CTX_TASK_ID=extract
AIRFLOW_CTX_EXECUTION_DATE=2021-12-30T05:30:51+00:00
AIRFLOW_CTX_DAG_RUN_ID=manual__2021-12-30T05:30:51+00:00
[2021-12-30 05:31:02,296] {warnings.py:110} WARNING - /home/***/.local/lib/python3.7/site-packages/***/utils/context.py:152: AirflowContextDeprecationWarning: Accessing 'execution_date' from the template is deprecated and will be removed in a future version. Please use 'data_interval_start' or 'logical_date' instead.
  warnings.warn(_create_deprecation_warning(key, self._deprecation_replacements[key]))

[2021-12-30 05:31:02,297] {warnings.py:110} WARNING - /home/***/.local/lib/python3.7/site-packages/***/utils/context.py:152: AirflowContextDeprecationWarning: Accessing 'next_ds' from the template is deprecated and will be removed in a future version. Please use '{{ data_interval_end | ds }}' instead.
  warnings.warn(_create_deprecation_warning(key, self._deprecation_replacements[key]))

[2021-12-30 05:31:02,297] {warnings.py:110} WARNING - /home/***/.local/lib/python3.7/site-packages/***/utils/context.py:152: AirflowContextDeprecationWarning: Accessing 'next_ds_nodash' from the template is deprecated and will be removed in a future version. Please use '{{ data_interval_end | ds_nodash }}' instead.
  warnings.warn(_create_deprecation_warning(key, self._deprecation_replacements[key]))

[2021-12-30 05:31:02,298] {warnings.py:110} WARNING - /home/***/.local/lib/python3.7/site-packages/***/utils/context.py:152: AirflowContextDeprecationWarning: Accessing 'next_execution_date' from the template is deprecated and will be removed in a future version. Please use 'data_interval_end' instead.
  warnings.warn(_create_deprecation_warning(key, self._deprecation_replacements[key]))

[2021-12-30 05:31:02,298] {warnings.py:110} WARNING - /home/***/.local/lib/python3.7/site-packages/***/utils/context.py:152: AirflowContextDeprecationWarning: Accessing 'prev_ds' from the template is deprecated and will be removed in a future version.
  warnings.warn(_create_deprecation_warning(key, self._deprecation_replacements[key]))

[2021-12-30 05:31:02,299] {warnings.py:110} WARNING - /home/***/.local/lib/python3.7/site-packages/***/utils/context.py:152: AirflowContextDeprecationWarning: Accessing 'prev_ds_nodash' from the template is deprecated and will be removed in a future version.
  warnings.warn(_create_deprecation_warning(key, self._deprecation_replacements[key]))

[2021-12-30 05:31:02,299] {warnings.py:110} WARNING - /home/***/.local/lib/python3.7/site-packages/***/utils/context.py:152: AirflowContextDeprecationWarning: Accessing 'prev_execution_date' from the template is deprecated and will be removed in a future version.
  warnings.warn(_create_deprecation_warning(key, self._deprecation_replacements[key]))

[2021-12-30 05:31:02,299] {warnings.py:110} WARNING - /home/***/.local/lib/python3.7/site-packages/***/utils/context.py:152: AirflowContextDeprecationWarning: Accessing 'prev_execution_date_success' from the template is deprecated and will be removed in a future version. Please use 'prev_data_interval_start_success' instead.
  warnings.warn(_create_deprecation_warning(key, self._deprecation_replacements[key]))

[2021-12-30 05:31:02,300] {warnings.py:110} WARNING - /home/***/.local/lib/python3.7/site-packages/***/utils/context.py:152: AirflowContextDeprecationWarning: Accessing 'tomorrow_ds' from the template is deprecated and will be removed in a future version.
  warnings.warn(_create_deprecation_warning(key, self._deprecation_replacements[key]))

[2021-12-30 05:31:02,300] {warnings.py:110} WARNING - /home/***/.local/lib/python3.7/site-packages/***/utils/context.py:152: AirflowContextDeprecationWarning: Accessing 'tomorrow_ds_nodash' from the template is deprecated and will be removed in a future version.
  warnings.warn(_create_deprecation_warning(key, self._deprecation_replacements[key]))

[2021-12-30 05:31:02,301] {warnings.py:110} WARNING - /home/***/.local/lib/python3.7/site-packages/***/utils/context.py:152: AirflowContextDeprecationWarning: Accessing 'yesterday_ds' from the template is deprecated and will be removed in a future version.
  warnings.warn(_create_deprecation_warning(key, self._deprecation_replacements[key]))

[2021-12-30 05:31:02,301] {warnings.py:110} WARNING - /home/***/.local/lib/python3.7/site-packages/***/utils/context.py:152: AirflowContextDeprecationWarning: Accessing 'yesterday_ds_nodash' from the template is deprecated and will be removed in a future version.
  warnings.warn(_create_deprecation_warning(key, self._deprecation_replacements[key]))

[2021-12-30 05:31:02,355] {python.py:175} INFO - Done. Returned value was: None
[2021-12-30 05:31:02,431] {taskinstance.py:1277} INFO - Marking task as SUCCESS. dag_id=tutorial_etl_dag, task_id=extract, execution_date=20211230T053051, start_date=20211230T053101, end_date=20211230T053102
[2021-12-30 05:31:02,471] {local_task_job.py:154} INFO - Task exited with return code 0
[2021-12-30 05:31:02,587] {local_task_job.py:264} INFO - 1 downstream tasks scheduled from follow-on schedule check
