[2021-12-31 23:43:53,790] {taskinstance.py:1032} INFO - Dependencies all met for <TaskInstance: load_dimensions.tweet_extraction scheduled__2021-12-31T02:00:00+00:00 [queued]>
[2021-12-31 23:43:53,808] {taskinstance.py:1032} INFO - Dependencies all met for <TaskInstance: load_dimensions.tweet_extraction scheduled__2021-12-31T02:00:00+00:00 [queued]>
[2021-12-31 23:43:53,808] {taskinstance.py:1238} INFO - 
--------------------------------------------------------------------------------
[2021-12-31 23:43:53,808] {taskinstance.py:1239} INFO - Starting attempt 2 of 2
[2021-12-31 23:43:53,808] {taskinstance.py:1240} INFO - 
--------------------------------------------------------------------------------
[2021-12-31 23:43:53,831] {taskinstance.py:1259} INFO - Executing <Task(PythonOperator): tweet_extraction> on 2021-12-31 02:00:00+00:00
[2021-12-31 23:43:53,838] {standard_task_runner.py:52} INFO - Started process 2221 to run task
[2021-12-31 23:43:53,843] {standard_task_runner.py:76} INFO - Running: ['***', 'tasks', 'run', 'load_dimensions', 'tweet_extraction', 'scheduled__2021-12-31T02:00:00+00:00', '--job-id', '218', '--raw', '--subdir', 'DAGS_FOLDER/load_redshift.py', '--cfg-path', '/tmp/tmpzycn2kc9', '--error-file', '/tmp/tmpe23u1ph8']
[2021-12-31 23:43:53,844] {standard_task_runner.py:77} INFO - Job 218: Subtask tweet_extraction
[2021-12-31 23:43:53,932] {logging_mixin.py:109} INFO - Running <TaskInstance: load_dimensions.tweet_extraction scheduled__2021-12-31T02:00:00+00:00 [running]> on host 87b5e846a243
[2021-12-31 23:43:54,016] {taskinstance.py:1426} INFO - Exporting the following env vars:
AIRFLOW_CTX_DAG_OWNER=test_owner
AIRFLOW_CTX_DAG_ID=load_dimensions
AIRFLOW_CTX_TASK_ID=tweet_extraction
AIRFLOW_CTX_EXECUTION_DATE=2021-12-31T02:00:00+00:00
AIRFLOW_CTX_DAG_RUN_ID=scheduled__2021-12-31T02:00:00+00:00
[2021-12-31 23:43:54,018] {warnings.py:110} WARNING - /home/***/.local/lib/python3.7/site-packages/***/utils/context.py:152: AirflowContextDeprecationWarning: Accessing 'execution_date' from the template is deprecated and will be removed in a future version. Please use 'data_interval_start' or 'logical_date' instead.
  warnings.warn(_create_deprecation_warning(key, self._deprecation_replacements[key]))

[2021-12-31 23:43:54,018] {warnings.py:110} WARNING - /home/***/.local/lib/python3.7/site-packages/***/utils/context.py:152: AirflowContextDeprecationWarning: Accessing 'next_ds' from the template is deprecated and will be removed in a future version. Please use '{{ data_interval_end | ds }}' instead.
  warnings.warn(_create_deprecation_warning(key, self._deprecation_replacements[key]))

[2021-12-31 23:43:54,018] {warnings.py:110} WARNING - /home/***/.local/lib/python3.7/site-packages/***/utils/context.py:152: AirflowContextDeprecationWarning: Accessing 'next_ds_nodash' from the template is deprecated and will be removed in a future version. Please use '{{ data_interval_end | ds_nodash }}' instead.
  warnings.warn(_create_deprecation_warning(key, self._deprecation_replacements[key]))

[2021-12-31 23:43:54,018] {warnings.py:110} WARNING - /home/***/.local/lib/python3.7/site-packages/***/utils/context.py:152: AirflowContextDeprecationWarning: Accessing 'next_execution_date' from the template is deprecated and will be removed in a future version. Please use 'data_interval_end' instead.
  warnings.warn(_create_deprecation_warning(key, self._deprecation_replacements[key]))

[2021-12-31 23:43:54,018] {warnings.py:110} WARNING - /home/***/.local/lib/python3.7/site-packages/***/utils/context.py:152: AirflowContextDeprecationWarning: Accessing 'prev_ds' from the template is deprecated and will be removed in a future version.
  warnings.warn(_create_deprecation_warning(key, self._deprecation_replacements[key]))

[2021-12-31 23:43:54,019] {warnings.py:110} WARNING - /home/***/.local/lib/python3.7/site-packages/***/utils/context.py:152: AirflowContextDeprecationWarning: Accessing 'prev_ds_nodash' from the template is deprecated and will be removed in a future version.
  warnings.warn(_create_deprecation_warning(key, self._deprecation_replacements[key]))

[2021-12-31 23:43:54,019] {warnings.py:110} WARNING - /home/***/.local/lib/python3.7/site-packages/***/utils/context.py:152: AirflowContextDeprecationWarning: Accessing 'prev_execution_date' from the template is deprecated and will be removed in a future version.
  warnings.warn(_create_deprecation_warning(key, self._deprecation_replacements[key]))

[2021-12-31 23:43:54,019] {warnings.py:110} WARNING - /home/***/.local/lib/python3.7/site-packages/***/utils/context.py:152: AirflowContextDeprecationWarning: Accessing 'prev_execution_date_success' from the template is deprecated and will be removed in a future version. Please use 'prev_data_interval_start_success' instead.
  warnings.warn(_create_deprecation_warning(key, self._deprecation_replacements[key]))

[2021-12-31 23:43:54,019] {warnings.py:110} WARNING - /home/***/.local/lib/python3.7/site-packages/***/utils/context.py:152: AirflowContextDeprecationWarning: Accessing 'tomorrow_ds' from the template is deprecated and will be removed in a future version.
  warnings.warn(_create_deprecation_warning(key, self._deprecation_replacements[key]))

[2021-12-31 23:43:54,019] {warnings.py:110} WARNING - /home/***/.local/lib/python3.7/site-packages/***/utils/context.py:152: AirflowContextDeprecationWarning: Accessing 'tomorrow_ds_nodash' from the template is deprecated and will be removed in a future version.
  warnings.warn(_create_deprecation_warning(key, self._deprecation_replacements[key]))

[2021-12-31 23:43:54,019] {warnings.py:110} WARNING - /home/***/.local/lib/python3.7/site-packages/***/utils/context.py:152: AirflowContextDeprecationWarning: Accessing 'yesterday_ds' from the template is deprecated and will be removed in a future version.
  warnings.warn(_create_deprecation_warning(key, self._deprecation_replacements[key]))

[2021-12-31 23:43:54,019] {warnings.py:110} WARNING - /home/***/.local/lib/python3.7/site-packages/***/utils/context.py:152: AirflowContextDeprecationWarning: Accessing 'yesterday_ds_nodash' from the template is deprecated and will be removed in a future version.
  warnings.warn(_create_deprecation_warning(key, self._deprecation_replacements[key]))

[2021-12-31 23:43:54,020] {logging_mixin.py:109} INFO - Hello, Current Time:23:43:54 Execution time is 2021-12-31T02:00:00+00:00
[2021-12-31 23:43:54,020] {logging_mixin.py:109} INFO - 2021-12-31T02:00:00+00:00
[2021-12-31 23:43:54,029] {logging_mixin.py:109} INFO - start_time 2021-12-31T02:00:00Z
[2021-12-31 23:43:54,029] {logging_mixin.py:109} INFO - end_time 2021-12-31T02:10:00Z
[2021-12-31 23:43:54,417] {logging_mixin.py:109} INFO - {'data': [{'id': '1476737369344815139', 'referenced_tweets': [{'type': 'retweeted', 'id': '1476333265548156928'}], 'text': 'RT @KLVeritas: COVID-19 vaccine mandates “have to be repealed” as the vaccines are “still in research” and “people cannot be mandated to pa…', 'created_at': '2021-12-31T02:09:59.000Z', 'author_id': '773346775985971200'}, {'id': '1476737369336426510', 'referenced_tweets': [{'type': 'retweeted', 'id': '1476707404578533378'}], 'text': "RT @songbird_63366: As Covid Deaths Hit 800K, Sanders Says Medicare for All Needed to End 'Vulgarity' of US Health System\n\nhttps://t.co/NNA…", 'created_at': '2021-12-31T02:09:59.000Z', 'author_id': '4060962981'}, {'id': '1476737369328037907', 'referenced_tweets': [{'type': 'retweeted', 'id': '1476072674304606210'}], 'text': 'RT @lilnatnat_: me testing him for covid https://t.co/v6Oxajy6u2', 'created_at': '2021-12-31T02:09:59.000Z', 'author_id': '867521724094525441'}, {'id': '1476737369298673667', 'referenced_tweets': [{'type': 'retweeted', 'id': '1476513285528854531'}], 'text': 'RT @OOCtvreal: personne :\n\nmoi qui essaie d’arriver en 2022 sans attraper le covid : https://t.co/GgT1yZ0Wya', 'created_at': '2021-12-31T02:09:59.000Z', 'author_id': '1400794576303054849'}, {'id': '1476737369160110080', 'referenced_tweets': [{'type': 'retweeted', 'id': '1476528454258466816'}], 'text': 'RT @DrZoeHyde: The omicron variant is NOT mild.\n\nHospitalisations are 40-45% less likely than with the delta variant (https://t.co/bXviAIeB…', 'created_at': '2021-12-31T02:09:59.000Z', 'author_id': '1444351239530029057'}, {'id': '1476737369147682853', 'text': 'Almenos con todo y COVID hacemos dinero en JC jeje🙏🏼', 'created_at': '2021-12-31T02:09:59.000Z', 'author_id': '1427813055778463749'}, {'id': '1476737369021767682', 'referenced_tweets': [{'type': 'retweeted', 'id': '1476430673682513925'}], 'text': 'RT @YoureNotaPanda: COVID is not a secret. If you tested positive or have been around someone that tested positive tell the people you were…', 'created_at': '2021-12-31T02:09:59.000Z', 'author_id': '2820576170'}, {'id': '1476737368505954349', 'referenced_tweets': [{'type': 'replied_to', 'id': '1476735297102786591'}], 'text': '@alefolgarait Falta secuenciación pero la curva de contagios es consistente con el R de Omicron. No hay rincón de la provincia donde no se estén batiendo récords diarios de casos.\nhttps://t.co/0vLnG2guef', 'created_at': '2021-12-31T02:09:59.000Z', 'author_id': '1043938531087982594'}, {'id': '1476737368304455682', 'referenced_tweets': [{'type': 'retweeted', 'id': '1476735070807355392'}], 'text': 'RT @patriottakes: It’s funny DeSantis’ team is putting out that 12/17 photo when Ron DeSantis hosted people for a “Holiday Reception” at th…', 'created_at': '2021-12-31T02:09:59.000Z', 'author_id': '1372622315368841216'}, {'id': '1476737367834865689', 'referenced_tweets': [{'type': 'retweeted', 'id': '1476712983665414146'}], 'text': 'RT @Cernovich: If you ever wondered if they were lying the whole time, this video puts any good faith claim to rest. \n\n“With Covid,” not “b…', 'created_at': '2021-12-31T02:09:59.000Z', 'author_id': '1367268135842283521'}], 'includes': {'users': [{'id': '773346775985971200', 'verified': False, 'username': 'seemadurgum', 'name': 'xtyzx'}, {'id': '4060962981', 'verified': False, 'username': 'LLLwry', 'location': 'Minnesota, USA', 'name': 'llwry'}, {'id': '867521724094525441', 'verified': False, 'username': 'briana__raeeee', 'location': 'TX', 'name': '𝕓𝕣𝕚𝕒𝕟𝕒 𝕣𝕒𝕖 𝕒𝕝𝕧𝕒𝕣𝕒𝕕𝕠㋛𓆉'}, {'id': '1400794576303054849', 'verified': False, 'username': 'VagosVagos', 'name': 'Marianne ✨'}, {'id': '1444351239530029057', 'verified': False, 'username': 'WhoeverAussie', 'location': 'Adelaide, South Australia', 'name': 'AussieWhoever'}, {'id': '1427813055778463749', 'verified': False, 'username': 'JORGEGARCIA_GF', 'name': 'EL JC'}, {'id': '2820576170', 'verified': False, 'username': 'illestills', 'name': 'Ili 🦋'}, {'id': '1043938531087982594', 'verified': False, 'username': 'elchacaldelint1', 'location': 'Chetoslovaquia hinterland', 'name': 'El chacal del interior 🌐🚀🔬♻️'}, {'id': '1372622315368841216', 'verified': False, 'username': 'JohnTessandori5', 'name': 'John Tessandori'}, {'id': '1367268135842283521', 'verified': False, 'username': 'kenzomark3', 'location': 'Philadelphia, PA', 'name': 'Mark Lavelle'}], 'tweets': [{'id': '1476333265548156928', 'text': 'COVID-19 vaccine mandates “have to be repealed” as the vaccines are “still in research” and “people cannot be mandated to participate in research,” says\xa0@P_McCulloughMD \nhttps://t.co/ReBmW1uNfm', 'created_at': '2021-12-29T23:24:14.000Z', 'author_id': '1443993685209673729'}, {'id': '1476707404578533378', 'text': "As Covid Deaths Hit 800K, Sanders Says Medicare for All Needed to End 'Vulgarity' of US Health System\n\nhttps://t.co/NNAnpVvn4p via @commondreams", 'created_at': '2021-12-31T00:10:55.000Z', 'author_id': '16568402'}, {'id': '1476072674304606210', 'text': 'me testing him for covid https://t.co/v6Oxajy6u2', 'created_at': '2021-12-29T06:08:44.000Z', 'author_id': '3253953980'}, {'id': '1476513285528854531', 'text': 'personne :\n\nmoi qui essaie d’arriver en 2022 sans attraper le covid : https://t.co/GgT1yZ0Wya', 'created_at': '2021-12-30T11:19:34.000Z', 'author_id': '1086613507431374848'}, {'id': '1476528454258466816', 'text': 'The omicron variant is NOT mild.\n\nHospitalisations are 40-45% less likely than with the delta variant (https://t.co/bXviAIeBld), but the delta variant is &gt;2x more severe than the original strain (https://t.co/dGNXc0smso).\n\nThe omicron variant is AT LEAST as bad as the 2020 virus.', 'created_at': '2021-12-30T12:19:50.000Z', 'author_id': '1222796311168077824'}, {'id': '1476430673682513925', 'text': 'COVID is not a secret. If you tested positive or have been around someone that tested positive tell the people you were in contact with. I don’t understand what the secret is. Withholding that information is extremely selfish and irresponsible.', 'created_at': '2021-12-30T05:51:18.000Z', 'author_id': '269350630'}, {'id': '1476735297102786591', 'referenced_tweets': [{'type': 'replied_to', 'id': '1476734444014907417'}], 'text': '@elchacaldelint1 sí, lo leí hace 2 semanas pero me faltan datos actuales.', 'created_at': '2021-12-31T02:01:45.000Z', 'author_id': '171299824'}, {'id': '1476735070807355392', 'referenced_tweets': [{'type': 'quoted', 'id': '1476652891591090180'}], 'text': 'It’s funny DeSantis’ team is putting out that 12/17 photo when Ron DeSantis hosted people for a “Holiday Reception” at the Governor’s Mansion on 12/20.\n\nIs this his last sighting? If he has covid, was he knowingly positive during this event? https://t.co/hHtN4ee818 https://t.co/OiQyU23okP', 'created_at': '2021-12-31T02:00:51.000Z', 'author_id': '978265628426432512'}, {'id': '1476712983665414146', 'text': 'If you ever wondered if they were lying the whole time, this video puts any good faith claim to rest. \n\n“With Covid,” not “because of” Covid. \n\n https://t.co/RamUml2N8g', 'created_at': '2021-12-31T00:33:05.000Z', 'author_id': '358545917'}]}, 'meta': {'newest_id': '1476737369344815139', 'oldest_id': '1476737367834865689', 'result_count': 10, 'next_token': 'b26v89c19zqg8o3fpe17vekdyagj1s9s6w7m7sdlm4dx9'}}
[2021-12-31 23:43:54,419] {python.py:175} INFO - Done. Returned value was: None
[2021-12-31 23:43:54,434] {taskinstance.py:1277} INFO - Marking task as SUCCESS. dag_id=load_dimensions, task_id=tweet_extraction, execution_date=20211231T020000, start_date=20211231T234353, end_date=20211231T234354
[2021-12-31 23:43:54,496] {local_task_job.py:154} INFO - Task exited with return code 0
[2021-12-31 23:43:54,581] {local_task_job.py:264} INFO - 1 downstream tasks scheduled from follow-on schedule check
[2022-01-05 05:25:01,744] {taskinstance.py:1032} INFO - Dependencies all met for <TaskInstance: load_dimensions.tweet_extraction scheduled__2021-12-31T02:00:00+00:00 [queued]>
[2022-01-05 05:25:01,772] {taskinstance.py:1032} INFO - Dependencies all met for <TaskInstance: load_dimensions.tweet_extraction scheduled__2021-12-31T02:00:00+00:00 [queued]>
[2022-01-05 05:25:01,772] {taskinstance.py:1238} INFO - 
--------------------------------------------------------------------------------
[2022-01-05 05:25:01,772] {taskinstance.py:1239} INFO - Starting attempt 2 of 2
[2022-01-05 05:25:01,772] {taskinstance.py:1240} INFO - 
--------------------------------------------------------------------------------
[2022-01-05 05:25:01,799] {taskinstance.py:1259} INFO - Executing <Task(PythonOperator): tweet_extraction> on 2021-12-31 02:00:00+00:00
[2022-01-05 05:25:01,815] {standard_task_runner.py:52} INFO - Started process 3341 to run task
[2022-01-05 05:25:01,828] {standard_task_runner.py:76} INFO - Running: ['***', 'tasks', 'run', 'load_dimensions', 'tweet_extraction', 'scheduled__2021-12-31T02:00:00+00:00', '--job-id', '78', '--raw', '--subdir', 'DAGS_FOLDER/load_redshift.py', '--cfg-path', '/tmp/tmpsaoym7zb', '--error-file', '/tmp/tmpli08izfh']
[2022-01-05 05:25:01,829] {standard_task_runner.py:77} INFO - Job 78: Subtask tweet_extraction
[2022-01-05 05:25:01,956] {logging_mixin.py:109} INFO - Running <TaskInstance: load_dimensions.tweet_extraction scheduled__2021-12-31T02:00:00+00:00 [running]> on host 2b1d65872a35
[2022-01-05 05:25:02,079] {taskinstance.py:1426} INFO - Exporting the following env vars:
AIRFLOW_CTX_DAG_OWNER=test_owner
AIRFLOW_CTX_DAG_ID=load_dimensions
AIRFLOW_CTX_TASK_ID=tweet_extraction
AIRFLOW_CTX_EXECUTION_DATE=2021-12-31T02:00:00+00:00
AIRFLOW_CTX_DAG_RUN_ID=scheduled__2021-12-31T02:00:00+00:00
[2022-01-05 05:25:02,084] {warnings.py:110} WARNING - /home/***/.local/lib/python3.7/site-packages/***/utils/context.py:152: AirflowContextDeprecationWarning: Accessing 'execution_date' from the template is deprecated and will be removed in a future version. Please use 'data_interval_start' or 'logical_date' instead.
  warnings.warn(_create_deprecation_warning(key, self._deprecation_replacements[key]))

[2022-01-05 05:25:02,085] {warnings.py:110} WARNING - /home/***/.local/lib/python3.7/site-packages/***/utils/context.py:152: AirflowContextDeprecationWarning: Accessing 'next_ds' from the template is deprecated and will be removed in a future version. Please use '{{ data_interval_end | ds }}' instead.
  warnings.warn(_create_deprecation_warning(key, self._deprecation_replacements[key]))

[2022-01-05 05:25:02,085] {warnings.py:110} WARNING - /home/***/.local/lib/python3.7/site-packages/***/utils/context.py:152: AirflowContextDeprecationWarning: Accessing 'next_ds_nodash' from the template is deprecated and will be removed in a future version. Please use '{{ data_interval_end | ds_nodash }}' instead.
  warnings.warn(_create_deprecation_warning(key, self._deprecation_replacements[key]))

[2022-01-05 05:25:02,086] {warnings.py:110} WARNING - /home/***/.local/lib/python3.7/site-packages/***/utils/context.py:152: AirflowContextDeprecationWarning: Accessing 'next_execution_date' from the template is deprecated and will be removed in a future version. Please use 'data_interval_end' instead.
  warnings.warn(_create_deprecation_warning(key, self._deprecation_replacements[key]))

[2022-01-05 05:25:02,086] {warnings.py:110} WARNING - /home/***/.local/lib/python3.7/site-packages/***/utils/context.py:152: AirflowContextDeprecationWarning: Accessing 'prev_ds' from the template is deprecated and will be removed in a future version.
  warnings.warn(_create_deprecation_warning(key, self._deprecation_replacements[key]))

[2022-01-05 05:25:02,086] {warnings.py:110} WARNING - /home/***/.local/lib/python3.7/site-packages/***/utils/context.py:152: AirflowContextDeprecationWarning: Accessing 'prev_ds_nodash' from the template is deprecated and will be removed in a future version.
  warnings.warn(_create_deprecation_warning(key, self._deprecation_replacements[key]))

[2022-01-05 05:25:02,086] {warnings.py:110} WARNING - /home/***/.local/lib/python3.7/site-packages/***/utils/context.py:152: AirflowContextDeprecationWarning: Accessing 'prev_execution_date' from the template is deprecated and will be removed in a future version.
  warnings.warn(_create_deprecation_warning(key, self._deprecation_replacements[key]))

[2022-01-05 05:25:02,086] {warnings.py:110} WARNING - /home/***/.local/lib/python3.7/site-packages/***/utils/context.py:152: AirflowContextDeprecationWarning: Accessing 'prev_execution_date_success' from the template is deprecated and will be removed in a future version. Please use 'prev_data_interval_start_success' instead.
  warnings.warn(_create_deprecation_warning(key, self._deprecation_replacements[key]))

[2022-01-05 05:25:02,087] {warnings.py:110} WARNING - /home/***/.local/lib/python3.7/site-packages/***/utils/context.py:152: AirflowContextDeprecationWarning: Accessing 'tomorrow_ds' from the template is deprecated and will be removed in a future version.
  warnings.warn(_create_deprecation_warning(key, self._deprecation_replacements[key]))

[2022-01-05 05:25:02,087] {warnings.py:110} WARNING - /home/***/.local/lib/python3.7/site-packages/***/utils/context.py:152: AirflowContextDeprecationWarning: Accessing 'tomorrow_ds_nodash' from the template is deprecated and will be removed in a future version.
  warnings.warn(_create_deprecation_warning(key, self._deprecation_replacements[key]))

[2022-01-05 05:25:02,087] {warnings.py:110} WARNING - /home/***/.local/lib/python3.7/site-packages/***/utils/context.py:152: AirflowContextDeprecationWarning: Accessing 'yesterday_ds' from the template is deprecated and will be removed in a future version.
  warnings.warn(_create_deprecation_warning(key, self._deprecation_replacements[key]))

[2022-01-05 05:25:02,087] {warnings.py:110} WARNING - /home/***/.local/lib/python3.7/site-packages/***/utils/context.py:152: AirflowContextDeprecationWarning: Accessing 'yesterday_ds_nodash' from the template is deprecated and will be removed in a future version.
  warnings.warn(_create_deprecation_warning(key, self._deprecation_replacements[key]))

[2022-01-05 05:25:02,087] {logging_mixin.py:109} INFO - Hello, Current Time:05:25:02 Execution time is 2021-12-31T02:00:00+00:00
[2022-01-05 05:25:02,087] {logging_mixin.py:109} INFO - 2021-12-31T02:00:00+00:00
[2022-01-05 05:25:02,103] {logging_mixin.py:109} INFO - start_time 2021-12-31T02:00:00Z
[2022-01-05 05:25:02,103] {logging_mixin.py:109} INFO - end_time 2021-12-31T02:10:00Z
[2022-01-05 05:25:02,748] {logging_mixin.py:109} INFO - {'data': [{'id': '1476737369344815139', 'referenced_tweets': [{'type': 'retweeted', 'id': '1476333265548156928'}], 'text': 'RT @KLVeritas: COVID-19 vaccine mandates “have to be repealed” as the vaccines are “still in research” and “people cannot be mandated to pa…', 'created_at': '2021-12-31T02:09:59.000Z', 'author_id': '773346775985971200'}, {'id': '1476737369336426510', 'referenced_tweets': [{'type': 'retweeted', 'id': '1476707404578533378'}], 'text': "RT @songbird_63366: As Covid Deaths Hit 800K, Sanders Says Medicare for All Needed to End 'Vulgarity' of US Health System\n\nhttps://t.co/NNA…", 'created_at': '2021-12-31T02:09:59.000Z', 'author_id': '4060962981'}, {'id': '1476737369328037907', 'referenced_tweets': [{'type': 'retweeted', 'id': '1476072674304606210'}], 'text': 'RT @lilnatnat_: me testing him for covid https://t.co/v6Oxajy6u2', 'created_at': '2021-12-31T02:09:59.000Z', 'author_id': '867521724094525441'}, {'id': '1476737369298673667', 'referenced_tweets': [{'type': 'retweeted', 'id': '1476513285528854531'}], 'text': 'RT @OOCtvreal: personne :\n\nmoi qui essaie d’arriver en 2022 sans attraper le covid : https://t.co/GgT1yZ0Wya', 'created_at': '2021-12-31T02:09:59.000Z', 'author_id': '1400794576303054849'}, {'id': '1476737369160110080', 'referenced_tweets': [{'type': 'retweeted', 'id': '1476528454258466816'}], 'text': 'RT @DrZoeHyde: The omicron variant is NOT mild.\n\nHospitalisations are 40-45% less likely than with the delta variant (https://t.co/bXviAIeB…', 'created_at': '2021-12-31T02:09:59.000Z', 'author_id': '1444351239530029057'}, {'id': '1476737369147682853', 'text': 'Almenos con todo y COVID hacemos dinero en JC jeje🙏🏼', 'created_at': '2021-12-31T02:09:59.000Z', 'author_id': '1427813055778463749'}, {'id': '1476737369021767682', 'referenced_tweets': [{'type': 'retweeted', 'id': '1476430673682513925'}], 'text': 'RT @YoureNotaPanda: COVID is not a secret. If you tested positive or have been around someone that tested positive tell the people you were…', 'created_at': '2021-12-31T02:09:59.000Z', 'author_id': '2820576170'}, {'id': '1476737368505954349', 'referenced_tweets': [{'type': 'replied_to', 'id': '1476735297102786591'}], 'text': '@alefolgarait Falta secuenciación pero la curva de contagios es consistente con el R de Omicron. No hay rincón de la provincia donde no se estén batiendo récords diarios de casos.\nhttps://t.co/0vLnG2guef', 'created_at': '2021-12-31T02:09:59.000Z', 'author_id': '1043938531087982594'}, {'id': '1476737368304455682', 'referenced_tweets': [{'type': 'retweeted', 'id': '1476735070807355392'}], 'text': 'RT @patriottakes: It’s funny DeSantis’ team is putting out that 12/17 photo when Ron DeSantis hosted people for a “Holiday Reception” at th…', 'created_at': '2021-12-31T02:09:59.000Z', 'author_id': '1372622315368841216'}, {'id': '1476737367834865689', 'referenced_tweets': [{'type': 'retweeted', 'id': '1476712983665414146'}], 'text': 'RT @Cernovich: If you ever wondered if they were lying the whole time, this video puts any good faith claim to rest. \n\n“With Covid,” not “b…', 'created_at': '2021-12-31T02:09:59.000Z', 'author_id': '1367268135842283521'}], 'includes': {'users': [{'id': '773346775985971200', 'verified': False, 'username': 'seemadurgum', 'name': 'xtyzx'}, {'id': '4060962981', 'verified': False, 'username': 'LLLwry', 'location': 'Minnesota, USA', 'name': 'llwry'}, {'id': '867521724094525441', 'verified': False, 'username': 'briana__raeeee', 'location': 'TX', 'name': '𝕓𝕣𝕚𝕒𝕟𝕒 𝕣𝕒𝕖 𝕒𝕝𝕧𝕒𝕣𝕒𝕕𝕠㋛𓆉'}, {'id': '1400794576303054849', 'verified': False, 'username': 'VagosVagos', 'name': 'Marianne ✨'}, {'id': '1444351239530029057', 'verified': False, 'username': 'WhoeverAussie', 'location': 'Adelaide, South Australia', 'name': 'AussieWhoever'}, {'id': '1427813055778463749', 'verified': False, 'username': 'JORGEGARCIA_GF', 'name': 'EL JC'}, {'id': '2820576170', 'verified': False, 'username': 'illestills', 'name': 'Ili 🦋'}, {'id': '1043938531087982594', 'verified': False, 'username': 'elchacaldelint1', 'location': 'Chetoslovaquia hinterland', 'name': 'El chacal del interior 🌐🚀🔬♻️'}, {'id': '1372622315368841216', 'verified': False, 'username': 'JohnTessandori5', 'name': 'John Tessandori'}, {'id': '1367268135842283521', 'verified': False, 'username': 'kenzomark3', 'location': 'Philadelphia, PA', 'name': 'Mark Lavelle'}], 'tweets': [{'id': '1476333265548156928', 'text': 'COVID-19 vaccine mandates “have to be repealed” as the vaccines are “still in research” and “people cannot be mandated to participate in research,” says\xa0@P_McCulloughMD \nhttps://t.co/ReBmW1uNfm', 'created_at': '2021-12-29T23:24:14.000Z', 'author_id': '1443993685209673729'}, {'id': '1476707404578533378', 'text': "As Covid Deaths Hit 800K, Sanders Says Medicare for All Needed to End 'Vulgarity' of US Health System\n\nhttps://t.co/NNAnpVvn4p via @commondreams", 'created_at': '2021-12-31T00:10:55.000Z', 'author_id': '16568402'}, {'id': '1476072674304606210', 'text': 'me testing him for covid https://t.co/v6Oxajy6u2', 'created_at': '2021-12-29T06:08:44.000Z', 'author_id': '3253953980'}, {'id': '1476513285528854531', 'text': 'personne :\n\nmoi qui essaie d’arriver en 2022 sans attraper le covid : https://t.co/GgT1yZ0Wya', 'created_at': '2021-12-30T11:19:34.000Z', 'author_id': '1086613507431374848'}, {'id': '1476528454258466816', 'text': 'The omicron variant is NOT mild.\n\nHospitalisations are 40-45% less likely than with the delta variant (https://t.co/bXviAIeBld), but the delta variant is &gt;2x more severe than the original strain (https://t.co/dGNXc0smso).\n\nThe omicron variant is AT LEAST as bad as the 2020 virus.', 'created_at': '2021-12-30T12:19:50.000Z', 'author_id': '1222796311168077824'}, {'id': '1476430673682513925', 'text': 'COVID is not a secret. If you tested positive or have been around someone that tested positive tell the people you were in contact with. I don’t understand what the secret is. Withholding that information is extremely selfish and irresponsible.', 'created_at': '2021-12-30T05:51:18.000Z', 'author_id': '269350630'}, {'id': '1476735297102786591', 'referenced_tweets': [{'type': 'replied_to', 'id': '1476734444014907417'}], 'text': '@elchacaldelint1 sí, lo leí hace 2 semanas pero me faltan datos actuales.', 'created_at': '2021-12-31T02:01:45.000Z', 'author_id': '171299824'}, {'id': '1476735070807355392', 'referenced_tweets': [{'type': 'quoted', 'id': '1476652891591090180'}], 'text': 'It’s funny DeSantis’ team is putting out that 12/17 photo when Ron DeSantis hosted people for a “Holiday Reception” at the Governor’s Mansion on 12/20.\n\nIs this his last sighting? If he has covid, was he knowingly positive during this event? https://t.co/hHtN4ee818 https://t.co/OiQyU23okP', 'created_at': '2021-12-31T02:00:51.000Z', 'author_id': '978265628426432512'}, {'id': '1476712983665414146', 'text': 'If you ever wondered if they were lying the whole time, this video puts any good faith claim to rest. \n\n“With Covid,” not “because of” Covid. \n\n https://t.co/RamUml2N8g', 'created_at': '2021-12-31T00:33:05.000Z', 'author_id': '358545917'}]}, 'meta': {'newest_id': '1476737369344815139', 'oldest_id': '1476737367834865689', 'result_count': 10, 'next_token': 'b26v89c19zqg8o3fpe17vekdyagj1s9s6w7m7sdlm4dx9'}}
[2022-01-05 05:25:02,757] {python.py:175} INFO - Done. Returned value was: None
[2022-01-05 05:25:02,800] {taskinstance.py:1277} INFO - Marking task as SUCCESS. dag_id=load_dimensions, task_id=tweet_extraction, execution_date=20211231T020000, start_date=20220105T052501, end_date=20220105T052502
[2022-01-05 05:25:02,895] {local_task_job.py:154} INFO - Task exited with return code 0
[2022-01-05 05:25:03,155] {local_task_job.py:264} INFO - 1 downstream tasks scheduled from follow-on schedule check
[2022-01-05 07:06:57,314] {taskinstance.py:1032} INFO - Dependencies all met for <TaskInstance: load_dimensions.tweet_extraction scheduled__2021-12-31T02:00:00+00:00 [queued]>
[2022-01-05 07:06:57,338] {taskinstance.py:1032} INFO - Dependencies all met for <TaskInstance: load_dimensions.tweet_extraction scheduled__2021-12-31T02:00:00+00:00 [queued]>
[2022-01-05 07:06:57,339] {taskinstance.py:1238} INFO - 
--------------------------------------------------------------------------------
[2022-01-05 07:06:57,339] {taskinstance.py:1239} INFO - Starting attempt 2 of 2
[2022-01-05 07:06:57,339] {taskinstance.py:1240} INFO - 
--------------------------------------------------------------------------------
[2022-01-05 07:06:57,372] {taskinstance.py:1259} INFO - Executing <Task(PythonOperator): tweet_extraction> on 2021-12-31 02:00:00+00:00
[2022-01-05 07:06:57,395] {standard_task_runner.py:52} INFO - Started process 388 to run task
[2022-01-05 07:06:57,407] {standard_task_runner.py:76} INFO - Running: ['***', 'tasks', 'run', 'load_dimensions', 'tweet_extraction', 'scheduled__2021-12-31T02:00:00+00:00', '--job-id', '347', '--raw', '--subdir', 'DAGS_FOLDER/load_redshift.py', '--cfg-path', '/tmp/tmpnne1cejv', '--error-file', '/tmp/tmppza5b13r']
[2022-01-05 07:06:57,408] {standard_task_runner.py:77} INFO - Job 347: Subtask tweet_extraction
[2022-01-05 07:06:57,607] {logging_mixin.py:109} INFO - Running <TaskInstance: load_dimensions.tweet_extraction scheduled__2021-12-31T02:00:00+00:00 [running]> on host e544fdb7c66e
[2022-01-05 07:06:57,822] {taskinstance.py:1426} INFO - Exporting the following env vars:
AIRFLOW_CTX_DAG_OWNER=test_owner
AIRFLOW_CTX_DAG_ID=load_dimensions
AIRFLOW_CTX_TASK_ID=tweet_extraction
AIRFLOW_CTX_EXECUTION_DATE=2021-12-31T02:00:00+00:00
AIRFLOW_CTX_DAG_RUN_ID=scheduled__2021-12-31T02:00:00+00:00
[2022-01-05 07:06:57,827] {warnings.py:110} WARNING - /home/***/.local/lib/python3.7/site-packages/***/utils/context.py:152: AirflowContextDeprecationWarning: Accessing 'execution_date' from the template is deprecated and will be removed in a future version. Please use 'data_interval_start' or 'logical_date' instead.
  warnings.warn(_create_deprecation_warning(key, self._deprecation_replacements[key]))

[2022-01-05 07:06:57,828] {warnings.py:110} WARNING - /home/***/.local/lib/python3.7/site-packages/***/utils/context.py:152: AirflowContextDeprecationWarning: Accessing 'next_ds' from the template is deprecated and will be removed in a future version. Please use '{{ data_interval_end | ds }}' instead.
  warnings.warn(_create_deprecation_warning(key, self._deprecation_replacements[key]))

[2022-01-05 07:06:57,828] {warnings.py:110} WARNING - /home/***/.local/lib/python3.7/site-packages/***/utils/context.py:152: AirflowContextDeprecationWarning: Accessing 'next_ds_nodash' from the template is deprecated and will be removed in a future version. Please use '{{ data_interval_end | ds_nodash }}' instead.
  warnings.warn(_create_deprecation_warning(key, self._deprecation_replacements[key]))

[2022-01-05 07:06:57,828] {warnings.py:110} WARNING - /home/***/.local/lib/python3.7/site-packages/***/utils/context.py:152: AirflowContextDeprecationWarning: Accessing 'next_execution_date' from the template is deprecated and will be removed in a future version. Please use 'data_interval_end' instead.
  warnings.warn(_create_deprecation_warning(key, self._deprecation_replacements[key]))

[2022-01-05 07:06:57,828] {warnings.py:110} WARNING - /home/***/.local/lib/python3.7/site-packages/***/utils/context.py:152: AirflowContextDeprecationWarning: Accessing 'prev_ds' from the template is deprecated and will be removed in a future version.
  warnings.warn(_create_deprecation_warning(key, self._deprecation_replacements[key]))

[2022-01-05 07:06:57,829] {warnings.py:110} WARNING - /home/***/.local/lib/python3.7/site-packages/***/utils/context.py:152: AirflowContextDeprecationWarning: Accessing 'prev_ds_nodash' from the template is deprecated and will be removed in a future version.
  warnings.warn(_create_deprecation_warning(key, self._deprecation_replacements[key]))

[2022-01-05 07:06:57,829] {warnings.py:110} WARNING - /home/***/.local/lib/python3.7/site-packages/***/utils/context.py:152: AirflowContextDeprecationWarning: Accessing 'prev_execution_date' from the template is deprecated and will be removed in a future version.
  warnings.warn(_create_deprecation_warning(key, self._deprecation_replacements[key]))

[2022-01-05 07:06:57,829] {warnings.py:110} WARNING - /home/***/.local/lib/python3.7/site-packages/***/utils/context.py:152: AirflowContextDeprecationWarning: Accessing 'prev_execution_date_success' from the template is deprecated and will be removed in a future version. Please use 'prev_data_interval_start_success' instead.
  warnings.warn(_create_deprecation_warning(key, self._deprecation_replacements[key]))

[2022-01-05 07:06:57,829] {warnings.py:110} WARNING - /home/***/.local/lib/python3.7/site-packages/***/utils/context.py:152: AirflowContextDeprecationWarning: Accessing 'tomorrow_ds' from the template is deprecated and will be removed in a future version.
  warnings.warn(_create_deprecation_warning(key, self._deprecation_replacements[key]))

[2022-01-05 07:06:57,829] {warnings.py:110} WARNING - /home/***/.local/lib/python3.7/site-packages/***/utils/context.py:152: AirflowContextDeprecationWarning: Accessing 'tomorrow_ds_nodash' from the template is deprecated and will be removed in a future version.
  warnings.warn(_create_deprecation_warning(key, self._deprecation_replacements[key]))

[2022-01-05 07:06:57,829] {warnings.py:110} WARNING - /home/***/.local/lib/python3.7/site-packages/***/utils/context.py:152: AirflowContextDeprecationWarning: Accessing 'yesterday_ds' from the template is deprecated and will be removed in a future version.
  warnings.warn(_create_deprecation_warning(key, self._deprecation_replacements[key]))

[2022-01-05 07:06:57,829] {warnings.py:110} WARNING - /home/***/.local/lib/python3.7/site-packages/***/utils/context.py:152: AirflowContextDeprecationWarning: Accessing 'yesterday_ds_nodash' from the template is deprecated and will be removed in a future version.
  warnings.warn(_create_deprecation_warning(key, self._deprecation_replacements[key]))

[2022-01-05 07:06:57,829] {logging_mixin.py:109} INFO - Hello, Current Time:07:06:57 Execution time is 2021-12-31T02:00:00+00:00
[2022-01-05 07:06:57,830] {logging_mixin.py:109} INFO - 2021-12-31T02:00:00+00:00
[2022-01-05 07:06:57,842] {logging_mixin.py:109} INFO - start_time 2021-12-31T02:00:00Z
[2022-01-05 07:06:57,842] {logging_mixin.py:109} INFO - end_time 2021-12-31T02:10:00Z
[2022-01-05 07:06:58,281] {logging_mixin.py:109} INFO - {'data': [{'id': '1476737369344815139', 'author_id': '773346775985971200', 'text': 'RT @KLVeritas: COVID-19 vaccine mandates “have to be repealed” as the vaccines are “still in research” and “people cannot be mandated to pa…', 'referenced_tweets': [{'type': 'retweeted', 'id': '1476333265548156928'}], 'created_at': '2021-12-31T02:09:59.000Z'}, {'id': '1476737369336426510', 'author_id': '4060962981', 'text': "RT @songbird_63366: As Covid Deaths Hit 800K, Sanders Says Medicare for All Needed to End 'Vulgarity' of US Health System\n\nhttps://t.co/NNA…", 'referenced_tweets': [{'type': 'retweeted', 'id': '1476707404578533378'}], 'created_at': '2021-12-31T02:09:59.000Z'}, {'id': '1476737369328037907', 'author_id': '867521724094525441', 'text': 'RT @lilnatnat_: me testing him for covid https://t.co/v6Oxajy6u2', 'referenced_tweets': [{'type': 'retweeted', 'id': '1476072674304606210'}], 'created_at': '2021-12-31T02:09:59.000Z'}, {'id': '1476737369298673667', 'author_id': '1400794576303054849', 'text': 'RT @OOCtvreal: personne :\n\nmoi qui essaie d’arriver en 2022 sans attraper le covid : https://t.co/GgT1yZ0Wya', 'referenced_tweets': [{'type': 'retweeted', 'id': '1476513285528854531'}], 'created_at': '2021-12-31T02:09:59.000Z'}, {'id': '1476737369160110080', 'author_id': '1444351239530029057', 'text': 'RT @DrZoeHyde: The omicron variant is NOT mild.\n\nHospitalisations are 40-45% less likely than with the delta variant (https://t.co/bXviAIeB…', 'referenced_tweets': [{'type': 'retweeted', 'id': '1476528454258466816'}], 'created_at': '2021-12-31T02:09:59.000Z'}, {'id': '1476737369147682853', 'author_id': '1427813055778463749', 'text': 'Almenos con todo y COVID hacemos dinero en JC jeje🙏🏼', 'created_at': '2021-12-31T02:09:59.000Z'}, {'id': '1476737369021767682', 'author_id': '2820576170', 'text': 'RT @YoureNotaPanda: COVID is not a secret. If you tested positive or have been around someone that tested positive tell the people you were…', 'referenced_tweets': [{'type': 'retweeted', 'id': '1476430673682513925'}], 'created_at': '2021-12-31T02:09:59.000Z'}, {'id': '1476737368505954349', 'author_id': '1043938531087982594', 'text': '@alefolgarait Falta secuenciación pero la curva de contagios es consistente con el R de Omicron. No hay rincón de la provincia donde no se estén batiendo récords diarios de casos.\nhttps://t.co/0vLnG2guef', 'referenced_tweets': [{'type': 'replied_to', 'id': '1476735297102786591'}], 'created_at': '2021-12-31T02:09:59.000Z'}, {'id': '1476737368304455682', 'author_id': '1372622315368841216', 'text': 'RT @patriottakes: It’s funny DeSantis’ team is putting out that 12/17 photo when Ron DeSantis hosted people for a “Holiday Reception” at th…', 'referenced_tweets': [{'type': 'retweeted', 'id': '1476735070807355392'}], 'created_at': '2021-12-31T02:09:59.000Z'}, {'id': '1476737367834865689', 'author_id': '1367268135842283521', 'text': 'RT @Cernovich: If you ever wondered if they were lying the whole time, this video puts any good faith claim to rest. \n\n“With Covid,” not “b…', 'referenced_tweets': [{'type': 'retweeted', 'id': '1476712983665414146'}], 'created_at': '2021-12-31T02:09:59.000Z'}], 'includes': {'users': [{'id': '773346775985971200', 'username': 'seemadurgum', 'name': 'xtyzx', 'verified': False}, {'location': 'Minnesota, USA', 'id': '4060962981', 'username': 'LLLwry', 'name': 'llwry', 'verified': False}, {'location': 'TX', 'id': '867521724094525441', 'username': 'briana__raeeee', 'name': '𝕓𝕣𝕚𝕒𝕟𝕒 𝕣𝕒𝕖 𝕒𝕝𝕧𝕒𝕣𝕒𝕕𝕠㋛𓆉', 'verified': False}, {'id': '1400794576303054849', 'username': 'VagosVagos', 'name': 'Marianne ✨', 'verified': False}, {'location': 'Adelaide, South Australia', 'id': '1444351239530029057', 'username': 'WhoeverAussie', 'name': 'AussieWhoever', 'verified': False}, {'id': '1427813055778463749', 'username': 'JORGEGARCIA_GF', 'name': 'EL JC', 'verified': False}, {'id': '2820576170', 'username': 'illestills', 'name': 'Ili 🦋', 'verified': False}, {'location': 'Chetoslovaquia hinterland', 'id': '1043938531087982594', 'username': 'elchacaldelint1', 'name': 'El chacal del interior 🌐🚀🔬♻️', 'verified': False}, {'id': '1372622315368841216', 'username': 'JohnTessandori5', 'name': 'John Tessandori', 'verified': False}, {'location': 'Philadelphia, PA', 'id': '1367268135842283521', 'username': 'kenzomark3', 'name': 'Mark Lavelle', 'verified': False}], 'tweets': [{'id': '1476333265548156928', 'author_id': '1443993685209673729', 'text': 'COVID-19 vaccine mandates “have to be repealed” as the vaccines are “still in research” and “people cannot be mandated to participate in research,” says\xa0@P_McCulloughMD \nhttps://t.co/ReBmW1uNfm', 'created_at': '2021-12-29T23:24:14.000Z'}, {'id': '1476707404578533378', 'author_id': '16568402', 'text': "As Covid Deaths Hit 800K, Sanders Says Medicare for All Needed to End 'Vulgarity' of US Health System\n\nhttps://t.co/NNAnpVvn4p via @commondreams", 'created_at': '2021-12-31T00:10:55.000Z'}, {'id': '1476072674304606210', 'author_id': '3253953980', 'text': 'me testing him for covid https://t.co/v6Oxajy6u2', 'created_at': '2021-12-29T06:08:44.000Z'}, {'id': '1476513285528854531', 'author_id': '1086613507431374848', 'text': 'personne :\n\nmoi qui essaie d’arriver en 2022 sans attraper le covid : https://t.co/GgT1yZ0Wya', 'created_at': '2021-12-30T11:19:34.000Z'}, {'id': '1476528454258466816', 'author_id': '1222796311168077824', 'text': 'The omicron variant is NOT mild.\n\nHospitalisations are 40-45% less likely than with the delta variant (https://t.co/bXviAIeBld), but the delta variant is &gt;2x more severe than the original strain (https://t.co/dGNXc0smso).\n\nThe omicron variant is AT LEAST as bad as the 2020 virus.', 'created_at': '2021-12-30T12:19:50.000Z'}, {'id': '1476430673682513925', 'author_id': '269350630', 'text': 'COVID is not a secret. If you tested positive or have been around someone that tested positive tell the people you were in contact with. I don’t understand what the secret is. Withholding that information is extremely selfish and irresponsible.', 'created_at': '2021-12-30T05:51:18.000Z'}, {'id': '1476735297102786591', 'author_id': '171299824', 'text': '@elchacaldelint1 sí, lo leí hace 2 semanas pero me faltan datos actuales.', 'referenced_tweets': [{'type': 'replied_to', 'id': '1476734444014907417'}], 'created_at': '2021-12-31T02:01:45.000Z'}, {'id': '1476735070807355392', 'author_id': '978265628426432512', 'text': 'It’s funny DeSantis’ team is putting out that 12/17 photo when Ron DeSantis hosted people for a “Holiday Reception” at the Governor’s Mansion on 12/20.\n\nIs this his last sighting? If he has covid, was he knowingly positive during this event? https://t.co/hHtN4ee818 https://t.co/OiQyU23okP', 'referenced_tweets': [{'type': 'quoted', 'id': '1476652891591090180'}], 'created_at': '2021-12-31T02:00:51.000Z'}, {'id': '1476712983665414146', 'author_id': '358545917', 'text': 'If you ever wondered if they were lying the whole time, this video puts any good faith claim to rest. \n\n“With Covid,” not “because of” Covid. \n\n https://t.co/RamUml2N8g', 'created_at': '2021-12-31T00:33:05.000Z'}]}, 'meta': {'newest_id': '1476737369344815139', 'oldest_id': '1476737367834865689', 'result_count': 10, 'next_token': 'b26v89c19zqg8o3fpe17vekdyagj1s9s6w7m7sdlm4dx9'}}
[2022-01-05 07:06:58,284] {python.py:175} INFO - Done. Returned value was: None
[2022-01-05 07:06:58,356] {taskinstance.py:1277} INFO - Marking task as SUCCESS. dag_id=load_dimensions, task_id=tweet_extraction, execution_date=20211231T020000, start_date=20220105T070657, end_date=20220105T070658
[2022-01-05 07:06:58,457] {local_task_job.py:154} INFO - Task exited with return code 0
[2022-01-05 07:06:58,603] {local_task_job.py:264} INFO - 1 downstream tasks scheduled from follow-on schedule check
