[2021-12-31 23:43:53,763] {taskinstance.py:1032} INFO - Dependencies all met for <TaskInstance: load_dimensions.tweet_extraction scheduled__2021-12-31T01:00:00+00:00 [queued]>
[2021-12-31 23:43:53,780] {taskinstance.py:1032} INFO - Dependencies all met for <TaskInstance: load_dimensions.tweet_extraction scheduled__2021-12-31T01:00:00+00:00 [queued]>
[2021-12-31 23:43:53,780] {taskinstance.py:1238} INFO - 
--------------------------------------------------------------------------------
[2021-12-31 23:43:53,780] {taskinstance.py:1239} INFO - Starting attempt 2 of 2
[2021-12-31 23:43:53,780] {taskinstance.py:1240} INFO - 
--------------------------------------------------------------------------------
[2021-12-31 23:43:53,797] {taskinstance.py:1259} INFO - Executing <Task(PythonOperator): tweet_extraction> on 2021-12-31 01:00:00+00:00
[2021-12-31 23:43:53,804] {standard_task_runner.py:52} INFO - Started process 2220 to run task
[2021-12-31 23:43:53,812] {standard_task_runner.py:76} INFO - Running: ['***', 'tasks', 'run', 'load_dimensions', 'tweet_extraction', 'scheduled__2021-12-31T01:00:00+00:00', '--job-id', '217', '--raw', '--subdir', 'DAGS_FOLDER/load_redshift.py', '--cfg-path', '/tmp/tmpdcz5q9oh', '--error-file', '/tmp/tmpd9hwqgpp']
[2021-12-31 23:43:53,813] {standard_task_runner.py:77} INFO - Job 217: Subtask tweet_extraction
[2021-12-31 23:43:53,904] {logging_mixin.py:109} INFO - Running <TaskInstance: load_dimensions.tweet_extraction scheduled__2021-12-31T01:00:00+00:00 [running]> on host 87b5e846a243
[2021-12-31 23:43:53,992] {taskinstance.py:1426} INFO - Exporting the following env vars:
AIRFLOW_CTX_DAG_OWNER=test_owner
AIRFLOW_CTX_DAG_ID=load_dimensions
AIRFLOW_CTX_TASK_ID=tweet_extraction
AIRFLOW_CTX_EXECUTION_DATE=2021-12-31T01:00:00+00:00
AIRFLOW_CTX_DAG_RUN_ID=scheduled__2021-12-31T01:00:00+00:00
[2021-12-31 23:43:53,994] {warnings.py:110} WARNING - /home/***/.local/lib/python3.7/site-packages/***/utils/context.py:152: AirflowContextDeprecationWarning: Accessing 'execution_date' from the template is deprecated and will be removed in a future version. Please use 'data_interval_start' or 'logical_date' instead.
  warnings.warn(_create_deprecation_warning(key, self._deprecation_replacements[key]))

[2021-12-31 23:43:53,994] {warnings.py:110} WARNING - /home/***/.local/lib/python3.7/site-packages/***/utils/context.py:152: AirflowContextDeprecationWarning: Accessing 'next_ds' from the template is deprecated and will be removed in a future version. Please use '{{ data_interval_end | ds }}' instead.
  warnings.warn(_create_deprecation_warning(key, self._deprecation_replacements[key]))

[2021-12-31 23:43:53,994] {warnings.py:110} WARNING - /home/***/.local/lib/python3.7/site-packages/***/utils/context.py:152: AirflowContextDeprecationWarning: Accessing 'next_ds_nodash' from the template is deprecated and will be removed in a future version. Please use '{{ data_interval_end | ds_nodash }}' instead.
  warnings.warn(_create_deprecation_warning(key, self._deprecation_replacements[key]))

[2021-12-31 23:43:53,994] {warnings.py:110} WARNING - /home/***/.local/lib/python3.7/site-packages/***/utils/context.py:152: AirflowContextDeprecationWarning: Accessing 'next_execution_date' from the template is deprecated and will be removed in a future version. Please use 'data_interval_end' instead.
  warnings.warn(_create_deprecation_warning(key, self._deprecation_replacements[key]))

[2021-12-31 23:43:53,994] {warnings.py:110} WARNING - /home/***/.local/lib/python3.7/site-packages/***/utils/context.py:152: AirflowContextDeprecationWarning: Accessing 'prev_ds' from the template is deprecated and will be removed in a future version.
  warnings.warn(_create_deprecation_warning(key, self._deprecation_replacements[key]))

[2021-12-31 23:43:53,994] {warnings.py:110} WARNING - /home/***/.local/lib/python3.7/site-packages/***/utils/context.py:152: AirflowContextDeprecationWarning: Accessing 'prev_ds_nodash' from the template is deprecated and will be removed in a future version.
  warnings.warn(_create_deprecation_warning(key, self._deprecation_replacements[key]))

[2021-12-31 23:43:53,995] {warnings.py:110} WARNING - /home/***/.local/lib/python3.7/site-packages/***/utils/context.py:152: AirflowContextDeprecationWarning: Accessing 'prev_execution_date' from the template is deprecated and will be removed in a future version.
  warnings.warn(_create_deprecation_warning(key, self._deprecation_replacements[key]))

[2021-12-31 23:43:53,995] {warnings.py:110} WARNING - /home/***/.local/lib/python3.7/site-packages/***/utils/context.py:152: AirflowContextDeprecationWarning: Accessing 'prev_execution_date_success' from the template is deprecated and will be removed in a future version. Please use 'prev_data_interval_start_success' instead.
  warnings.warn(_create_deprecation_warning(key, self._deprecation_replacements[key]))

[2021-12-31 23:43:53,995] {warnings.py:110} WARNING - /home/***/.local/lib/python3.7/site-packages/***/utils/context.py:152: AirflowContextDeprecationWarning: Accessing 'tomorrow_ds' from the template is deprecated and will be removed in a future version.
  warnings.warn(_create_deprecation_warning(key, self._deprecation_replacements[key]))

[2021-12-31 23:43:53,995] {warnings.py:110} WARNING - /home/***/.local/lib/python3.7/site-packages/***/utils/context.py:152: AirflowContextDeprecationWarning: Accessing 'tomorrow_ds_nodash' from the template is deprecated and will be removed in a future version.
  warnings.warn(_create_deprecation_warning(key, self._deprecation_replacements[key]))

[2021-12-31 23:43:53,995] {warnings.py:110} WARNING - /home/***/.local/lib/python3.7/site-packages/***/utils/context.py:152: AirflowContextDeprecationWarning: Accessing 'yesterday_ds' from the template is deprecated and will be removed in a future version.
  warnings.warn(_create_deprecation_warning(key, self._deprecation_replacements[key]))

[2021-12-31 23:43:53,995] {warnings.py:110} WARNING - /home/***/.local/lib/python3.7/site-packages/***/utils/context.py:152: AirflowContextDeprecationWarning: Accessing 'yesterday_ds_nodash' from the template is deprecated and will be removed in a future version.
  warnings.warn(_create_deprecation_warning(key, self._deprecation_replacements[key]))

[2021-12-31 23:43:53,995] {logging_mixin.py:109} INFO - Hello, Current Time:23:43:53 Execution time is 2021-12-31T01:00:00+00:00
[2021-12-31 23:43:53,995] {logging_mixin.py:109} INFO - 2021-12-31T01:00:00+00:00
[2021-12-31 23:43:54,006] {logging_mixin.py:109} INFO - start_time 2021-12-31T01:00:00Z
[2021-12-31 23:43:54,006] {logging_mixin.py:109} INFO - end_time 2021-12-31T01:10:00Z
[2021-12-31 23:43:54,338] {logging_mixin.py:109} INFO - {'data': [{'created_at': '2021-12-31T01:09:59.000Z', 'author_id': '1284477302223634433', 'referenced_tweets': [{'type': 'retweeted', 'id': '1476608152359649282'}], 'id': '1476722269833633800', 'text': "RT @Ayjchan: One common #OriginOfCovid misunderstanding is that early Covid-19 cases were linked to market stalls selling wildlife.\n\nThere'…"}, {'created_at': '2021-12-31T01:09:59.000Z', 'author_id': '127997053', 'referenced_tweets': [{'type': 'retweeted', 'id': '1476049639426113537'}], 'id': '1476722269766492163', 'text': 'RT @Lexiascal: Por favor cuídate del covid y no beses a nadie que no sea yo el viernes'}, {'created_at': '2021-12-31T01:09:59.000Z', 'author_id': '1321873703785930754', 'referenced_tweets': [{'type': 'retweeted', 'id': '1476431539206602752'}], 'id': '1476722269720305664', 'text': 'RT @OccupyDemocrats: BREAKING: Florida mayor Jerry Demmings blasts Governor DeSantis, accuses him of cowering and hiding as his reckless CO…'}, {'created_at': '2021-12-31T01:09:59.000Z', 'author_id': '1056811681899257857', 'referenced_tweets': [{'type': 'retweeted', 'id': '1476708415556653079'}], 'id': '1476722269627899906', 'text': 'RT @1DrSCARECROW: Follow The Science? Twitter Suspends mRNA Vaccine Inventor Dr. Robert Malone Who Questioned COVID Jab https://t.co/EOuda8…'}, {'created_at': '2021-12-31T01:09:59.000Z', 'author_id': '759804041459273728', 'referenced_tweets': [{'type': 'replied_to', 'id': '1476702786339237888'}], 'id': '1476722269464498178', 'text': '@BoSimmsMtl @Nanookbn @RLurieCTV Vaccine isn’t experimental as covid is not the first coronavirus we have had to fight you’d know this if you were smart and did research but you obviously aren’t and that’s fine but don’t spurt shit all over the place'}, {'created_at': '2021-12-31T01:09:59.000Z', 'author_id': '218854536', 'referenced_tweets': [{'type': 'retweeted', 'id': '1476434666773114881'}], 'id': '1476722269346877441', 'text': 'RT @thevibesnews: JUST IN\n\nThe group behind the #Lawan series of protests are suing the govt and police for alleged violations of fundament…'}, {'created_at': '2021-12-31T01:09:59.000Z', 'author_id': '1135956772282413056', 'referenced_tweets': [{'type': 'retweeted', 'id': '1476633665388134402'}], 'id': '1476722269288337415', 'text': 'RT @samuhdez94: Un día más sin pillar el covid.\nUn día menos para pillarlo.'}, {'created_at': '2021-12-31T01:09:59.000Z', 'author_id': '987480088961691648', 'referenced_tweets': [{'type': 'retweeted', 'id': '1476646090137120772'}], 'id': '1476722269246263296', 'text': 'RT @PeteSouza: "The Amarillo Public Health Department reported  17 new deaths in Wednesday\'s COVID-19 report card." This is what happens wh…'}, {'created_at': '2021-12-31T01:09:59.000Z', 'author_id': '1450632043', 'referenced_tweets': [{'type': 'retweeted', 'id': '1476369433463599105'}], 'id': '1476722269179154435', 'text': 'RT @JoshuaPotash: The U.S. just reported 484,377 new covid cases, the world record for the whole pandemic. And our government’s response is…'}, {'created_at': '2021-12-31T01:09:59.000Z', 'author_id': '1307340897680584705', 'referenced_tweets': [{'type': 'retweeted', 'id': '1476595183600877571'}], 'id': '1476722269166710787', 'text': 'RT @VTVcanal8: #EnVideo📹| COVID-19 | Venezuela registró 200 casos comunitarios, 3 importados y 433.208 pacientes recuperados\n\n#AbrazaLaVida…'}], 'includes': {'users': [{'location': 'California', 'verified': False, 'name': 'KnowbelolivA', 'username': 'knowbeloliv', 'id': '1284477302223634433'}, {'verified': False, 'name': 'Tommy Pickels', 'username': 'MonicaSMedina', 'id': '127997053'}, {'location': 'Eastern NC', 'verified': False, 'name': 'meEunice', 'username': 'meEunice3', 'id': '1321873703785930754'}, {'location': 'White Rabbit St, MATRIX ', 'verified': False, 'name': 'Kiano Ribs (Neo)', 'username': 'Fernan84830184', 'id': '1056811681899257857'}, {'location': 'Montréal, Québec', 'verified': False, 'name': 'Alex', 'username': 'AGRBuilds', 'id': '759804041459273728'}, {'location': 'malaysia', 'verified': False, 'name': 'beankeeper', 'username': 'sihaiskentang', 'id': '218854536'}, {'location': 'Islas Canarias', 'verified': False, 'name': 'Sofía Gómez', 'username': '_sofiagomezc', 'id': '1135956772282413056'}, {'verified': False, 'name': '516dogmom', 'username': '516dogmom1', 'id': '987480088961691648'}, {'location': 'amor fati', 'verified': False, 'name': 'kellz', 'username': 'kellizzzzle', 'id': '1450632043'}, {'verified': False, 'name': '🌹Rossy777', 'username': 'Rossy7773', 'id': '1307340897680584705'}], 'tweets': [{'created_at': '2021-12-30T17:36:32.000Z', 'author_id': '431762931', 'id': '1476608152359649282', 'text': "One common #OriginOfCovid misunderstanding is that early Covid-19 cases were linked to market stalls selling wildlife.\n\nThere's actually no data to support the claim, and the data provided by the China-@WHO joint study, whether you trust it or not, contradicts the claim."}, {'created_at': '2021-12-29T04:37:12.000Z', 'author_id': '3214238046', 'id': '1476049639426113537', 'text': 'Por favor cuídate del covid y no beses a nadie que no sea yo el viernes'}, {'created_at': '2021-12-30T05:54:44.000Z', 'author_id': '878284831', 'id': '1476431539206602752', 'text': 'BREAKING: Florida mayor Jerry Demmings blasts Governor DeSantis, accuses him of cowering and hiding as his reckless COVID policies backfire and the Omicron variant ravages the state, asking, “Where is Ron DeSantis now!?” RT TO THANK MAYOR DEMMINGS FOR CALLING DEATHSANTIS OUT!'}, {'created_at': '2021-12-31T00:14:56.000Z', 'author_id': '1413608382620078081', 'id': '1476708415556653079', 'text': 'Follow The Science? Twitter Suspends mRNA Vaccine Inventor Dr. Robert Malone Who Questioned COVID Jab https://t.co/EOuda8tNja via @redvoicemedias'}, {'created_at': '2021-12-30T23:52:34.000Z', 'author_id': '3124370026', 'referenced_tweets': [{'type': 'replied_to', 'id': '1476695915889106947'}], 'id': '1476702786339237888', 'text': "@Nanookbn @RLurieCTV good news for us, we aren't getting sick, it's all of you who took the experimental that are super spreaders now. How does it feel to have risked your life, lost your freedoms and visitors prohibited and curfew.  Nothing changed but your health!"}, {'created_at': '2021-12-30T06:07:10.000Z', 'author_id': '1300483034739691520', 'id': '1476434666773114881', 'text': 'JUST IN\n\nThe group behind the #Lawan series of protests are suing the govt and police for alleged violations of fundamental liberties during a Covid-19 candlelight vigil held earlier this year.\n\nIn August, 30 people were hauled up and compounded for participating in the event. https://t.co/gRQqgsxZPZ'}, {'created_at': '2021-12-30T19:17:55.000Z', 'author_id': '754813416', 'id': '1476633665388134402', 'text': 'Un día más sin pillar el covid.\nUn día menos para pillarlo.'}, {'created_at': '2021-12-30T20:07:17.000Z', 'author_id': '1257689418888089600', 'id': '1476646090137120772', 'text': '"The Amarillo Public Health Department reported  17 new deaths in Wednesday\'s COVID-19 report card." This is what happens when your Congressman spews disinformation about the effectiveness of vaccinations and masks. @RonnyJacksonTX'}, {'created_at': '2021-12-30T01:47:57.000Z', 'author_id': '1090715513586679813', 'id': '1476369433463599105', 'text': 'The U.S. just reported 484,377 new covid cases, the world record for the whole pandemic. And our government’s response is to get people back to work.'}, {'created_at': '2021-12-30T16:45:00.000Z', 'author_id': '118864905', 'id': '1476595183600877571', 'text': '#EnVideo📹| COVID-19 | Venezuela registró 200 casos comunitarios, 3 importados y 433.208 pacientes recuperados\n\n#AbrazaLaVida \n\nhttps://t.co/tXRZTmdeGh'}]}, 'meta': {'newest_id': '1476722269833633800', 'oldest_id': '1476722269166710787', 'result_count': 10, 'next_token': 'b26v89c19zqg8o3fpe17vek2y9rajww5agx36so5to9kt'}}
[2021-12-31 23:43:54,339] {python.py:175} INFO - Done. Returned value was: None
[2021-12-31 23:43:54,351] {taskinstance.py:1277} INFO - Marking task as SUCCESS. dag_id=load_dimensions, task_id=tweet_extraction, execution_date=20211231T010000, start_date=20211231T234353, end_date=20211231T234354
[2021-12-31 23:43:54,384] {local_task_job.py:154} INFO - Task exited with return code 0
[2021-12-31 23:43:54,440] {local_task_job.py:264} INFO - 1 downstream tasks scheduled from follow-on schedule check
