[2021-12-31 23:41:50,097] {taskinstance.py:1032} INFO - Dependencies all met for <TaskInstance: load_dimensions.tweet_extraction scheduled__2021-12-31T00:00:00+00:00 [queued]>
[2021-12-31 23:41:50,107] {taskinstance.py:1032} INFO - Dependencies all met for <TaskInstance: load_dimensions.tweet_extraction scheduled__2021-12-31T00:00:00+00:00 [queued]>
[2021-12-31 23:41:50,107] {taskinstance.py:1238} INFO - 
--------------------------------------------------------------------------------
[2021-12-31 23:41:50,107] {taskinstance.py:1239} INFO - Starting attempt 2 of 2
[2021-12-31 23:41:50,107] {taskinstance.py:1240} INFO - 
--------------------------------------------------------------------------------
[2021-12-31 23:41:50,128] {taskinstance.py:1259} INFO - Executing <Task(PythonOperator): tweet_extraction> on 2021-12-31 00:00:00+00:00
[2021-12-31 23:41:50,132] {standard_task_runner.py:52} INFO - Started process 2090 to run task
[2021-12-31 23:41:50,136] {standard_task_runner.py:76} INFO - Running: ['***', 'tasks', 'run', 'load_dimensions', 'tweet_extraction', 'scheduled__2021-12-31T00:00:00+00:00', '--job-id', '207', '--raw', '--subdir', 'DAGS_FOLDER/load_redshift.py', '--cfg-path', '/tmp/tmp3de41w2d', '--error-file', '/tmp/tmpt0z5m_0m']
[2021-12-31 23:41:50,136] {standard_task_runner.py:77} INFO - Job 207: Subtask tweet_extraction
[2021-12-31 23:41:50,178] {logging_mixin.py:109} INFO - Running <TaskInstance: load_dimensions.tweet_extraction scheduled__2021-12-31T00:00:00+00:00 [running]> on host 87b5e846a243
[2021-12-31 23:41:50,220] {taskinstance.py:1426} INFO - Exporting the following env vars:
AIRFLOW_CTX_DAG_OWNER=test_owner
AIRFLOW_CTX_DAG_ID=load_dimensions
AIRFLOW_CTX_TASK_ID=tweet_extraction
AIRFLOW_CTX_EXECUTION_DATE=2021-12-31T00:00:00+00:00
AIRFLOW_CTX_DAG_RUN_ID=scheduled__2021-12-31T00:00:00+00:00
[2021-12-31 23:41:50,221] {warnings.py:110} WARNING - /home/***/.local/lib/python3.7/site-packages/***/utils/context.py:152: AirflowContextDeprecationWarning: Accessing 'execution_date' from the template is deprecated and will be removed in a future version. Please use 'data_interval_start' or 'logical_date' instead.
  warnings.warn(_create_deprecation_warning(key, self._deprecation_replacements[key]))

[2021-12-31 23:41:50,221] {warnings.py:110} WARNING - /home/***/.local/lib/python3.7/site-packages/***/utils/context.py:152: AirflowContextDeprecationWarning: Accessing 'next_ds' from the template is deprecated and will be removed in a future version. Please use '{{ data_interval_end | ds }}' instead.
  warnings.warn(_create_deprecation_warning(key, self._deprecation_replacements[key]))

[2021-12-31 23:41:50,221] {warnings.py:110} WARNING - /home/***/.local/lib/python3.7/site-packages/***/utils/context.py:152: AirflowContextDeprecationWarning: Accessing 'next_ds_nodash' from the template is deprecated and will be removed in a future version. Please use '{{ data_interval_end | ds_nodash }}' instead.
  warnings.warn(_create_deprecation_warning(key, self._deprecation_replacements[key]))

[2021-12-31 23:41:50,221] {warnings.py:110} WARNING - /home/***/.local/lib/python3.7/site-packages/***/utils/context.py:152: AirflowContextDeprecationWarning: Accessing 'next_execution_date' from the template is deprecated and will be removed in a future version. Please use 'data_interval_end' instead.
  warnings.warn(_create_deprecation_warning(key, self._deprecation_replacements[key]))

[2021-12-31 23:41:50,222] {warnings.py:110} WARNING - /home/***/.local/lib/python3.7/site-packages/***/utils/context.py:152: AirflowContextDeprecationWarning: Accessing 'prev_ds' from the template is deprecated and will be removed in a future version.
  warnings.warn(_create_deprecation_warning(key, self._deprecation_replacements[key]))

[2021-12-31 23:41:50,222] {warnings.py:110} WARNING - /home/***/.local/lib/python3.7/site-packages/***/utils/context.py:152: AirflowContextDeprecationWarning: Accessing 'prev_ds_nodash' from the template is deprecated and will be removed in a future version.
  warnings.warn(_create_deprecation_warning(key, self._deprecation_replacements[key]))

[2021-12-31 23:41:50,222] {warnings.py:110} WARNING - /home/***/.local/lib/python3.7/site-packages/***/utils/context.py:152: AirflowContextDeprecationWarning: Accessing 'prev_execution_date' from the template is deprecated and will be removed in a future version.
  warnings.warn(_create_deprecation_warning(key, self._deprecation_replacements[key]))

[2021-12-31 23:41:50,222] {warnings.py:110} WARNING - /home/***/.local/lib/python3.7/site-packages/***/utils/context.py:152: AirflowContextDeprecationWarning: Accessing 'prev_execution_date_success' from the template is deprecated and will be removed in a future version. Please use 'prev_data_interval_start_success' instead.
  warnings.warn(_create_deprecation_warning(key, self._deprecation_replacements[key]))

[2021-12-31 23:41:50,222] {warnings.py:110} WARNING - /home/***/.local/lib/python3.7/site-packages/***/utils/context.py:152: AirflowContextDeprecationWarning: Accessing 'tomorrow_ds' from the template is deprecated and will be removed in a future version.
  warnings.warn(_create_deprecation_warning(key, self._deprecation_replacements[key]))

[2021-12-31 23:41:50,222] {warnings.py:110} WARNING - /home/***/.local/lib/python3.7/site-packages/***/utils/context.py:152: AirflowContextDeprecationWarning: Accessing 'tomorrow_ds_nodash' from the template is deprecated and will be removed in a future version.
  warnings.warn(_create_deprecation_warning(key, self._deprecation_replacements[key]))

[2021-12-31 23:41:50,222] {warnings.py:110} WARNING - /home/***/.local/lib/python3.7/site-packages/***/utils/context.py:152: AirflowContextDeprecationWarning: Accessing 'yesterday_ds' from the template is deprecated and will be removed in a future version.
  warnings.warn(_create_deprecation_warning(key, self._deprecation_replacements[key]))

[2021-12-31 23:41:50,222] {warnings.py:110} WARNING - /home/***/.local/lib/python3.7/site-packages/***/utils/context.py:152: AirflowContextDeprecationWarning: Accessing 'yesterday_ds_nodash' from the template is deprecated and will be removed in a future version.
  warnings.warn(_create_deprecation_warning(key, self._deprecation_replacements[key]))

[2021-12-31 23:41:50,222] {logging_mixin.py:109} INFO - Hello, Current Time:23:41:50 Execution time is 2021-12-31T00:00:00+00:00
[2021-12-31 23:41:50,222] {logging_mixin.py:109} INFO - 2021-12-31T00:00:00+00:00
[2021-12-31 23:41:50,234] {logging_mixin.py:109} INFO - start_time 2021-12-31T00:00:00Z
[2021-12-31 23:41:50,235] {logging_mixin.py:109} INFO - end_time 2021-12-31T00:10:00Z
[2021-12-31 23:41:50,729] {logging_mixin.py:109} INFO - {'data': [{'created_at': '2021-12-31T00:09:59.000Z', 'text': 'RT @wojespn: The Cleveland Cavaliers are nearing a trade to acquire Los Angeles Lakers guard Rajon Rondo -- and an agreement is expected to…', 'id': '1476707170444001286', 'referenced_tweets': [{'type': 'retweeted', 'id': '1476701631110696964'}], 'author_id': '2729515294'}, {'created_at': '2021-12-31T00:09:59.000Z', 'text': '@RekietaMedia https://t.co/MQLbyvNGdF', 'id': '1476707170028720136', 'author_id': '1365590270'}, {'created_at': '2021-12-31T00:09:59.000Z', 'text': 'RT @DrakeGatsby: “I’m here for a good time, not a long time” between Covid and climate change, you’re here for neither', 'id': '1476707170024525830', 'referenced_tweets': [{'type': 'retweeted', 'id': '1476545960767598592'}], 'author_id': '18570600'}, {'created_at': '2021-12-31T00:09:59.000Z', 'text': 'RT @buscape__14: Assim nós que nunca apanhamos covid não merecemos nenhum prêmio … nenhuma gala… nada ?\nFaçam um Covid Awards, nós merecemos', 'id': '1476707170003689475', 'referenced_tweets': [{'type': 'retweeted', 'id': '1476524479404822530'}], 'author_id': '814255276161429509'}, {'created_at': '2021-12-31T00:09:59.000Z', 'text': 'RT @NikkiFried: The @CDCgov is reporting 111,008 new confirmed COVID cases in Florida over the last 48 hours.', 'id': '1476707169928200200', 'referenced_tweets': [{'type': 'retweeted', 'id': '1476625091530211328'}], 'author_id': '3195361197'}, {'created_at': '2021-12-31T00:09:59.000Z', 'text': 'RT @KfortheUsa: I know more people who suffered adverse SERIOUS side effects from the jabs than from having covid. People have legit reason…', 'id': '1476707169785450500', 'referenced_tweets': [{'type': 'retweeted', 'id': '1476641151142748170'}], 'author_id': '2460479600'}, {'created_at': '2021-12-31T00:09:59.000Z', 'text': 'RT @dalebloomfield3: Found out today I have a blood clot In my leg thanks Covid booster 🤝', 'id': '1476707169768779783', 'referenced_tweets': [{'type': 'retweeted', 'id': '1476317317428613120'}], 'author_id': '1023354734445387777'}, {'created_at': '2021-12-31T00:09:59.000Z', 'text': 'RT @big_one_real: Alguien sin covid para hacer alguna?', 'id': '1476707169672339456', 'referenced_tweets': [{'type': 'retweeted', 'id': '1476682074366963720'}], 'author_id': '1154568985125556224'}, {'created_at': '2021-12-31T00:09:59.000Z', 'text': 'RT @TelloAgustin1: Con covid reina', 'id': '1476707169286467584', 'referenced_tweets': [{'type': 'retweeted', 'id': '1476578513662607360'}], 'author_id': '4070570903'}, {'created_at': '2021-12-31T00:09:59.000Z', 'text': "@TimesNow CORONA RELIEF FOR ASPIRANTS \n\nAl the students,working women's,corona warriors,essential service workers have suffered alot in the year 2020 &amp; 2021 due to the 1st &amp; 2nd wave of COVID-19.All these candidates deserve 1 Attempt in 2022\n#ExtraAttemptForAll \n#UPSCExtraAttempt\n@DoPTGoI", 'id': '1476707169164693516', 'referenced_tweets': [{'type': 'replied_to', 'id': '1476697106370813952'}], 'author_id': '1456500642462060546'}], 'includes': {'users': [{'verified': False, 'id': '2729515294', 'username': 'HammyWhammy34', 'name': 'Yao Ming', 'location': 'Z 🌎'}, {'verified': False, 'id': '1365590270', 'username': 'GopherBigGuy911', 'name': 'Lessco Brandon FJB', 'location': 'Detroit Lakes, MN'}, {'verified': False, 'id': '18570600', 'username': 'amyfjkw', 'name': 'Aki 藤川亜希 (Taylor’s Version)'}, {'verified': False, 'id': '814255276161429509', 'username': 'ziperinow', 'name': '𝖏𝖔𝖆𝖔', 'location': 'Braga, Portugal'}, {'verified': False, 'id': '3195361197', 'username': 'JimInClwr', 'name': 'Jim 🐘', 'location': 'Clearwater, FL'}, {'verified': False, 'id': '2460479600', 'username': 'keleeleee13', 'name': "Kelly hardy~Biden's Playing Pretend President", 'location': 'San Diego, CA'}, {'verified': False, 'id': '1023354734445387777', 'username': 'PhilipoBarrio', 'name': 'Phil Brown', 'location': 'Ontario, Canada'}, {'verified': False, 'id': '1154568985125556224', 'username': 'SolChaves77', 'name': '𝓈ℴ𝓁 𝒸𝒽𝒶𝓋ℯ𝓈'}, {'verified': False, 'id': '4070570903', 'username': 'sanchiss_majo', 'name': 'María José 📍', 'location': 'Villa Dolores, Argentina'}, {'verified': False, 'id': '1456500642462060546', 'username': 'DalaiSonali1990', 'name': 'S D'}], 'tweets': [{'created_at': '2021-12-30T23:47:59.000Z', 'text': 'The Cleveland Cavaliers are nearing a trade to acquire Los Angeles Lakers guard Rajon Rondo -- and an agreement is expected to be reached as soon as Friday, sources tell ESPN. Rondo would be able to join Cleveland as soon as he clears Covid protocols.', 'id': '1476701631110696964', 'author_id': '50323173'}, {'created_at': '2021-12-30T13:29:24.000Z', 'text': '“I’m here for a good time, not a long time” between Covid and climate change, you’re here for neither', 'id': '1476545960767598592', 'author_id': '1022128903236800512'}, {'created_at': '2021-12-30T12:04:03.000Z', 'text': 'Assim nós que nunca apanhamos covid não merecemos nenhum prêmio … nenhuma gala… nada ?\nFaçam um Covid Awards, nós merecemos', 'id': '1476524479404822530', 'author_id': '1174437254418325504'}, {'created_at': '2021-12-30T18:43:50.000Z', 'text': 'The @CDCgov is reporting 111,008 new confirmed COVID cases in Florida over the last 48 hours. https://t.co/aLPCxMLEGY', 'id': '1476625091530211328', 'referenced_tweets': [{'type': 'quoted', 'id': '1476306228095684608'}], 'author_id': '37190669'}, {'created_at': '2021-12-30T19:47:39.000Z', 'text': 'I know more people who suffered adverse SERIOUS side effects from the jabs than from having covid. People have legit reasons to not take the vax, but the Left has been indoctrinated to firmly believe that the rest of us are racist. Even though people of all races refuse the vax. https://t.co/mwQWRIoFw4', 'id': '1476641151142748170', 'referenced_tweets': [{'type': 'quoted', 'id': '1476639197377220617'}], 'author_id': '142076817'}, {'created_at': '2021-12-29T22:20:51.000Z', 'text': 'Found out today I have a blood clot In my leg thanks Covid booster 🤝', 'id': '1476317317428613120', 'author_id': '953713744600805376'}, {'created_at': '2021-12-30T22:30:16.000Z', 'text': 'Alguien sin covid para hacer alguna?', 'id': '1476682074366963720', 'author_id': '1146057986399514630'}, {'created_at': '2021-12-30T15:38:45.000Z', 'text': 'Con covid reina https://t.co/JVVJMcxsGS', 'id': '1476578513662607360', 'referenced_tweets': [{'type': 'quoted', 'id': '1475512125015543811'}], 'author_id': '240908812'}, {'created_at': '2021-12-30T23:30:00.000Z', 'text': 'The 4 passengers had concealed gold in their rectums and pockets of trousers.\n\n#TamilNadu \n\nhttps://t.co/k6aCeGu8Mc', 'id': '1476697106370813952', 'author_id': '240649814'}]}, 'meta': {'newest_id': '1476707170444001286', 'oldest_id': '1476707169164693516', 'result_count': 10, 'next_token': 'b26v89c19zqg8o3fpe17vejhkzwolirqepcfpa6el5ugt'}}
[2021-12-31 23:41:50,731] {python.py:175} INFO - Done. Returned value was: None
[2021-12-31 23:41:50,744] {taskinstance.py:1277} INFO - Marking task as SUCCESS. dag_id=load_dimensions, task_id=tweet_extraction, execution_date=20211231T000000, start_date=20211231T234150, end_date=20211231T234150
[2021-12-31 23:41:50,789] {local_task_job.py:154} INFO - Task exited with return code 0
[2021-12-31 23:41:50,826] {local_task_job.py:264} INFO - 0 downstream tasks scheduled from follow-on schedule check
