[2021-12-31 21:42:49,457] {taskinstance.py:1032} INFO - Dependencies all met for <TaskInstance: load_dimensions.tweet_pipeline scheduled__2021-12-31T04:00:00+00:00 [queued]>
[2021-12-31 21:42:49,471] {taskinstance.py:1032} INFO - Dependencies all met for <TaskInstance: load_dimensions.tweet_pipeline scheduled__2021-12-31T04:00:00+00:00 [queued]>
[2021-12-31 21:42:49,471] {taskinstance.py:1238} INFO - 
--------------------------------------------------------------------------------
[2021-12-31 21:42:49,471] {taskinstance.py:1239} INFO - Starting attempt 1 of 1
[2021-12-31 21:42:49,472] {taskinstance.py:1240} INFO - 
--------------------------------------------------------------------------------
[2021-12-31 21:42:49,489] {taskinstance.py:1259} INFO - Executing <Task(PythonOperator): tweet_pipeline> on 2021-12-31 04:00:00+00:00
[2021-12-31 21:42:49,495] {standard_task_runner.py:52} INFO - Started process 8830 to run task
[2021-12-31 21:42:49,501] {standard_task_runner.py:76} INFO - Running: ['***', 'tasks', 'run', 'load_dimensions', 'tweet_pipeline', 'scheduled__2021-12-31T04:00:00+00:00', '--job-id', '42', '--raw', '--subdir', 'DAGS_FOLDER/load_redshift.py', '--cfg-path', '/tmp/tmpvwy_lq1i', '--error-file', '/tmp/tmpb12q8cva']
[2021-12-31 21:42:49,502] {standard_task_runner.py:77} INFO - Job 42: Subtask tweet_pipeline
[2021-12-31 21:42:49,590] {logging_mixin.py:109} INFO - Running <TaskInstance: load_dimensions.tweet_pipeline scheduled__2021-12-31T04:00:00+00:00 [running]> on host 87b5e846a243
[2021-12-31 21:42:49,668] {taskinstance.py:1426} INFO - Exporting the following env vars:
AIRFLOW_CTX_DAG_OWNER=test_owner
AIRFLOW_CTX_DAG_ID=load_dimensions
AIRFLOW_CTX_TASK_ID=tweet_pipeline
AIRFLOW_CTX_EXECUTION_DATE=2021-12-31T04:00:00+00:00
AIRFLOW_CTX_DAG_RUN_ID=scheduled__2021-12-31T04:00:00+00:00
[2021-12-31 21:42:49,669] {warnings.py:110} WARNING - /home/***/.local/lib/python3.7/site-packages/***/utils/context.py:152: AirflowContextDeprecationWarning: Accessing 'execution_date' from the template is deprecated and will be removed in a future version. Please use 'data_interval_start' or 'logical_date' instead.
  warnings.warn(_create_deprecation_warning(key, self._deprecation_replacements[key]))

[2021-12-31 21:42:49,670] {warnings.py:110} WARNING - /home/***/.local/lib/python3.7/site-packages/***/utils/context.py:152: AirflowContextDeprecationWarning: Accessing 'next_ds' from the template is deprecated and will be removed in a future version. Please use '{{ data_interval_end | ds }}' instead.
  warnings.warn(_create_deprecation_warning(key, self._deprecation_replacements[key]))

[2021-12-31 21:42:49,670] {warnings.py:110} WARNING - /home/***/.local/lib/python3.7/site-packages/***/utils/context.py:152: AirflowContextDeprecationWarning: Accessing 'next_ds_nodash' from the template is deprecated and will be removed in a future version. Please use '{{ data_interval_end | ds_nodash }}' instead.
  warnings.warn(_create_deprecation_warning(key, self._deprecation_replacements[key]))

[2021-12-31 21:42:49,670] {warnings.py:110} WARNING - /home/***/.local/lib/python3.7/site-packages/***/utils/context.py:152: AirflowContextDeprecationWarning: Accessing 'next_execution_date' from the template is deprecated and will be removed in a future version. Please use 'data_interval_end' instead.
  warnings.warn(_create_deprecation_warning(key, self._deprecation_replacements[key]))

[2021-12-31 21:42:49,670] {warnings.py:110} WARNING - /home/***/.local/lib/python3.7/site-packages/***/utils/context.py:152: AirflowContextDeprecationWarning: Accessing 'prev_ds' from the template is deprecated and will be removed in a future version.
  warnings.warn(_create_deprecation_warning(key, self._deprecation_replacements[key]))

[2021-12-31 21:42:49,670] {warnings.py:110} WARNING - /home/***/.local/lib/python3.7/site-packages/***/utils/context.py:152: AirflowContextDeprecationWarning: Accessing 'prev_ds_nodash' from the template is deprecated and will be removed in a future version.
  warnings.warn(_create_deprecation_warning(key, self._deprecation_replacements[key]))

[2021-12-31 21:42:49,670] {warnings.py:110} WARNING - /home/***/.local/lib/python3.7/site-packages/***/utils/context.py:152: AirflowContextDeprecationWarning: Accessing 'prev_execution_date' from the template is deprecated and will be removed in a future version.
  warnings.warn(_create_deprecation_warning(key, self._deprecation_replacements[key]))

[2021-12-31 21:42:49,671] {warnings.py:110} WARNING - /home/***/.local/lib/python3.7/site-packages/***/utils/context.py:152: AirflowContextDeprecationWarning: Accessing 'prev_execution_date_success' from the template is deprecated and will be removed in a future version. Please use 'prev_data_interval_start_success' instead.
  warnings.warn(_create_deprecation_warning(key, self._deprecation_replacements[key]))

[2021-12-31 21:42:49,671] {warnings.py:110} WARNING - /home/***/.local/lib/python3.7/site-packages/***/utils/context.py:152: AirflowContextDeprecationWarning: Accessing 'tomorrow_ds' from the template is deprecated and will be removed in a future version.
  warnings.warn(_create_deprecation_warning(key, self._deprecation_replacements[key]))

[2021-12-31 21:42:49,671] {warnings.py:110} WARNING - /home/***/.local/lib/python3.7/site-packages/***/utils/context.py:152: AirflowContextDeprecationWarning: Accessing 'tomorrow_ds_nodash' from the template is deprecated and will be removed in a future version.
  warnings.warn(_create_deprecation_warning(key, self._deprecation_replacements[key]))

[2021-12-31 21:42:49,671] {warnings.py:110} WARNING - /home/***/.local/lib/python3.7/site-packages/***/utils/context.py:152: AirflowContextDeprecationWarning: Accessing 'yesterday_ds' from the template is deprecated and will be removed in a future version.
  warnings.warn(_create_deprecation_warning(key, self._deprecation_replacements[key]))

[2021-12-31 21:42:49,671] {warnings.py:110} WARNING - /home/***/.local/lib/python3.7/site-packages/***/utils/context.py:152: AirflowContextDeprecationWarning: Accessing 'yesterday_ds_nodash' from the template is deprecated and will be removed in a future version.
  warnings.warn(_create_deprecation_warning(key, self._deprecation_replacements[key]))

[2021-12-31 21:42:49,671] {logging_mixin.py:109} INFO - Loading dimensions
[2021-12-31 21:42:49,671] {python.py:175} INFO - Done. Returned value was: None
[2021-12-31 21:42:49,685] {taskinstance.py:1277} INFO - Marking task as SUCCESS. dag_id=load_dimensions, task_id=tweet_pipeline, execution_date=20211231T040000, start_date=20211231T214249, end_date=20211231T214249
[2021-12-31 21:42:49,728] {local_task_job.py:154} INFO - Task exited with return code 0
[2021-12-31 21:42:49,764] {local_task_job.py:264} INFO - 1 downstream tasks scheduled from follow-on schedule check
[2021-12-31 21:52:14,774] {taskinstance.py:1032} INFO - Dependencies all met for <TaskInstance: load_dimensions.tweet_pipeline scheduled__2021-12-31T04:00:00+00:00 [queued]>
[2021-12-31 21:52:14,799] {taskinstance.py:1032} INFO - Dependencies all met for <TaskInstance: load_dimensions.tweet_pipeline scheduled__2021-12-31T04:00:00+00:00 [queued]>
[2021-12-31 21:52:14,799] {taskinstance.py:1238} INFO - 
--------------------------------------------------------------------------------
[2021-12-31 21:52:14,799] {taskinstance.py:1239} INFO - Starting attempt 1 of 1
[2021-12-31 21:52:14,799] {taskinstance.py:1240} INFO - 
--------------------------------------------------------------------------------
[2021-12-31 21:52:14,821] {taskinstance.py:1259} INFO - Executing <Task(PythonOperator): tweet_pipeline> on 2021-12-31 04:00:00+00:00
[2021-12-31 21:52:14,831] {standard_task_runner.py:52} INFO - Started process 9292 to run task
[2021-12-31 21:52:14,842] {standard_task_runner.py:76} INFO - Running: ['***', 'tasks', 'run', 'load_dimensions', 'tweet_pipeline', 'scheduled__2021-12-31T04:00:00+00:00', '--job-id', '57', '--raw', '--subdir', 'DAGS_FOLDER/load_redshift.py', '--cfg-path', '/tmp/tmphmpvldax', '--error-file', '/tmp/tmpuch_0bur']
[2021-12-31 21:52:14,843] {standard_task_runner.py:77} INFO - Job 57: Subtask tweet_pipeline
[2021-12-31 21:52:14,934] {logging_mixin.py:109} INFO - Running <TaskInstance: load_dimensions.tweet_pipeline scheduled__2021-12-31T04:00:00+00:00 [running]> on host 87b5e846a243
[2021-12-31 21:52:15,040] {taskinstance.py:1426} INFO - Exporting the following env vars:
AIRFLOW_CTX_DAG_OWNER=test_owner
AIRFLOW_CTX_DAG_ID=load_dimensions
AIRFLOW_CTX_TASK_ID=tweet_pipeline
AIRFLOW_CTX_EXECUTION_DATE=2021-12-31T04:00:00+00:00
AIRFLOW_CTX_DAG_RUN_ID=scheduled__2021-12-31T04:00:00+00:00
[2021-12-31 21:52:15,043] {warnings.py:110} WARNING - /home/***/.local/lib/python3.7/site-packages/***/utils/context.py:152: AirflowContextDeprecationWarning: Accessing 'execution_date' from the template is deprecated and will be removed in a future version. Please use 'data_interval_start' or 'logical_date' instead.
  warnings.warn(_create_deprecation_warning(key, self._deprecation_replacements[key]))

[2021-12-31 21:52:15,044] {warnings.py:110} WARNING - /home/***/.local/lib/python3.7/site-packages/***/utils/context.py:152: AirflowContextDeprecationWarning: Accessing 'next_ds' from the template is deprecated and will be removed in a future version. Please use '{{ data_interval_end | ds }}' instead.
  warnings.warn(_create_deprecation_warning(key, self._deprecation_replacements[key]))

[2021-12-31 21:52:15,044] {warnings.py:110} WARNING - /home/***/.local/lib/python3.7/site-packages/***/utils/context.py:152: AirflowContextDeprecationWarning: Accessing 'next_ds_nodash' from the template is deprecated and will be removed in a future version. Please use '{{ data_interval_end | ds_nodash }}' instead.
  warnings.warn(_create_deprecation_warning(key, self._deprecation_replacements[key]))

[2021-12-31 21:52:15,044] {warnings.py:110} WARNING - /home/***/.local/lib/python3.7/site-packages/***/utils/context.py:152: AirflowContextDeprecationWarning: Accessing 'next_execution_date' from the template is deprecated and will be removed in a future version. Please use 'data_interval_end' instead.
  warnings.warn(_create_deprecation_warning(key, self._deprecation_replacements[key]))

[2021-12-31 21:52:15,044] {warnings.py:110} WARNING - /home/***/.local/lib/python3.7/site-packages/***/utils/context.py:152: AirflowContextDeprecationWarning: Accessing 'prev_ds' from the template is deprecated and will be removed in a future version.
  warnings.warn(_create_deprecation_warning(key, self._deprecation_replacements[key]))

[2021-12-31 21:52:15,045] {warnings.py:110} WARNING - /home/***/.local/lib/python3.7/site-packages/***/utils/context.py:152: AirflowContextDeprecationWarning: Accessing 'prev_ds_nodash' from the template is deprecated and will be removed in a future version.
  warnings.warn(_create_deprecation_warning(key, self._deprecation_replacements[key]))

[2021-12-31 21:52:15,045] {warnings.py:110} WARNING - /home/***/.local/lib/python3.7/site-packages/***/utils/context.py:152: AirflowContextDeprecationWarning: Accessing 'prev_execution_date' from the template is deprecated and will be removed in a future version.
  warnings.warn(_create_deprecation_warning(key, self._deprecation_replacements[key]))

[2021-12-31 21:52:15,045] {warnings.py:110} WARNING - /home/***/.local/lib/python3.7/site-packages/***/utils/context.py:152: AirflowContextDeprecationWarning: Accessing 'prev_execution_date_success' from the template is deprecated and will be removed in a future version. Please use 'prev_data_interval_start_success' instead.
  warnings.warn(_create_deprecation_warning(key, self._deprecation_replacements[key]))

[2021-12-31 21:52:15,045] {warnings.py:110} WARNING - /home/***/.local/lib/python3.7/site-packages/***/utils/context.py:152: AirflowContextDeprecationWarning: Accessing 'tomorrow_ds' from the template is deprecated and will be removed in a future version.
  warnings.warn(_create_deprecation_warning(key, self._deprecation_replacements[key]))

[2021-12-31 21:52:15,045] {warnings.py:110} WARNING - /home/***/.local/lib/python3.7/site-packages/***/utils/context.py:152: AirflowContextDeprecationWarning: Accessing 'tomorrow_ds_nodash' from the template is deprecated and will be removed in a future version.
  warnings.warn(_create_deprecation_warning(key, self._deprecation_replacements[key]))

[2021-12-31 21:52:15,045] {warnings.py:110} WARNING - /home/***/.local/lib/python3.7/site-packages/***/utils/context.py:152: AirflowContextDeprecationWarning: Accessing 'yesterday_ds' from the template is deprecated and will be removed in a future version.
  warnings.warn(_create_deprecation_warning(key, self._deprecation_replacements[key]))

[2021-12-31 21:52:15,045] {warnings.py:110} WARNING - /home/***/.local/lib/python3.7/site-packages/***/utils/context.py:152: AirflowContextDeprecationWarning: Accessing 'yesterday_ds_nodash' from the template is deprecated and will be removed in a future version.
  warnings.warn(_create_deprecation_warning(key, self._deprecation_replacements[key]))

[2021-12-31 21:52:15,046] {logging_mixin.py:109} INFO - Loading dimensions
[2021-12-31 21:52:15,046] {python.py:175} INFO - Done. Returned value was: None
[2021-12-31 21:52:15,124] {taskinstance.py:1277} INFO - Marking task as SUCCESS. dag_id=load_dimensions, task_id=tweet_pipeline, execution_date=20211231T040000, start_date=20211231T215214, end_date=20211231T215215
[2021-12-31 21:52:15,176] {local_task_job.py:154} INFO - Task exited with return code 0
[2021-12-31 21:52:15,261] {local_task_job.py:264} INFO - 1 downstream tasks scheduled from follow-on schedule check
[2021-12-31 21:52:46,244] {taskinstance.py:1032} INFO - Dependencies all met for <TaskInstance: load_dimensions.tweet_pipeline scheduled__2021-12-31T04:00:00+00:00 [queued]>
[2021-12-31 21:52:46,265] {taskinstance.py:1032} INFO - Dependencies all met for <TaskInstance: load_dimensions.tweet_pipeline scheduled__2021-12-31T04:00:00+00:00 [queued]>
[2021-12-31 21:52:46,265] {taskinstance.py:1238} INFO - 
--------------------------------------------------------------------------------
[2021-12-31 21:52:46,268] {taskinstance.py:1239} INFO - Starting attempt 1 of 1
[2021-12-31 21:52:46,268] {taskinstance.py:1240} INFO - 
--------------------------------------------------------------------------------
[2021-12-31 21:52:46,286] {taskinstance.py:1259} INFO - Executing <Task(PythonOperator): tweet_pipeline> on 2021-12-31 04:00:00+00:00
[2021-12-31 21:52:46,292] {standard_task_runner.py:52} INFO - Started process 9354 to run task
[2021-12-31 21:52:46,299] {standard_task_runner.py:76} INFO - Running: ['***', 'tasks', 'run', 'load_dimensions', 'tweet_pipeline', 'scheduled__2021-12-31T04:00:00+00:00', '--job-id', '69', '--raw', '--subdir', 'DAGS_FOLDER/load_redshift.py', '--cfg-path', '/tmp/tmparauyyjn', '--error-file', '/tmp/tmp6hephh_j']
[2021-12-31 21:52:46,300] {standard_task_runner.py:77} INFO - Job 69: Subtask tweet_pipeline
[2021-12-31 21:52:46,358] {logging_mixin.py:109} INFO - Running <TaskInstance: load_dimensions.tweet_pipeline scheduled__2021-12-31T04:00:00+00:00 [running]> on host 87b5e846a243
[2021-12-31 21:52:46,419] {taskinstance.py:1426} INFO - Exporting the following env vars:
AIRFLOW_CTX_DAG_OWNER=test_owner
AIRFLOW_CTX_DAG_ID=load_dimensions
AIRFLOW_CTX_TASK_ID=tweet_pipeline
AIRFLOW_CTX_EXECUTION_DATE=2021-12-31T04:00:00+00:00
AIRFLOW_CTX_DAG_RUN_ID=scheduled__2021-12-31T04:00:00+00:00
[2021-12-31 21:52:46,421] {warnings.py:110} WARNING - /home/***/.local/lib/python3.7/site-packages/***/utils/context.py:152: AirflowContextDeprecationWarning: Accessing 'execution_date' from the template is deprecated and will be removed in a future version. Please use 'data_interval_start' or 'logical_date' instead.
  warnings.warn(_create_deprecation_warning(key, self._deprecation_replacements[key]))

[2021-12-31 21:52:46,421] {warnings.py:110} WARNING - /home/***/.local/lib/python3.7/site-packages/***/utils/context.py:152: AirflowContextDeprecationWarning: Accessing 'next_ds' from the template is deprecated and will be removed in a future version. Please use '{{ data_interval_end | ds }}' instead.
  warnings.warn(_create_deprecation_warning(key, self._deprecation_replacements[key]))

[2021-12-31 21:52:46,421] {warnings.py:110} WARNING - /home/***/.local/lib/python3.7/site-packages/***/utils/context.py:152: AirflowContextDeprecationWarning: Accessing 'next_ds_nodash' from the template is deprecated and will be removed in a future version. Please use '{{ data_interval_end | ds_nodash }}' instead.
  warnings.warn(_create_deprecation_warning(key, self._deprecation_replacements[key]))

[2021-12-31 21:52:46,422] {warnings.py:110} WARNING - /home/***/.local/lib/python3.7/site-packages/***/utils/context.py:152: AirflowContextDeprecationWarning: Accessing 'next_execution_date' from the template is deprecated and will be removed in a future version. Please use 'data_interval_end' instead.
  warnings.warn(_create_deprecation_warning(key, self._deprecation_replacements[key]))

[2021-12-31 21:52:46,422] {warnings.py:110} WARNING - /home/***/.local/lib/python3.7/site-packages/***/utils/context.py:152: AirflowContextDeprecationWarning: Accessing 'prev_ds' from the template is deprecated and will be removed in a future version.
  warnings.warn(_create_deprecation_warning(key, self._deprecation_replacements[key]))

[2021-12-31 21:52:46,422] {warnings.py:110} WARNING - /home/***/.local/lib/python3.7/site-packages/***/utils/context.py:152: AirflowContextDeprecationWarning: Accessing 'prev_ds_nodash' from the template is deprecated and will be removed in a future version.
  warnings.warn(_create_deprecation_warning(key, self._deprecation_replacements[key]))

[2021-12-31 21:52:46,422] {warnings.py:110} WARNING - /home/***/.local/lib/python3.7/site-packages/***/utils/context.py:152: AirflowContextDeprecationWarning: Accessing 'prev_execution_date' from the template is deprecated and will be removed in a future version.
  warnings.warn(_create_deprecation_warning(key, self._deprecation_replacements[key]))

[2021-12-31 21:52:46,422] {warnings.py:110} WARNING - /home/***/.local/lib/python3.7/site-packages/***/utils/context.py:152: AirflowContextDeprecationWarning: Accessing 'prev_execution_date_success' from the template is deprecated and will be removed in a future version. Please use 'prev_data_interval_start_success' instead.
  warnings.warn(_create_deprecation_warning(key, self._deprecation_replacements[key]))

[2021-12-31 21:52:46,422] {warnings.py:110} WARNING - /home/***/.local/lib/python3.7/site-packages/***/utils/context.py:152: AirflowContextDeprecationWarning: Accessing 'tomorrow_ds' from the template is deprecated and will be removed in a future version.
  warnings.warn(_create_deprecation_warning(key, self._deprecation_replacements[key]))

[2021-12-31 21:52:46,422] {warnings.py:110} WARNING - /home/***/.local/lib/python3.7/site-packages/***/utils/context.py:152: AirflowContextDeprecationWarning: Accessing 'tomorrow_ds_nodash' from the template is deprecated and will be removed in a future version.
  warnings.warn(_create_deprecation_warning(key, self._deprecation_replacements[key]))

[2021-12-31 21:52:46,423] {warnings.py:110} WARNING - /home/***/.local/lib/python3.7/site-packages/***/utils/context.py:152: AirflowContextDeprecationWarning: Accessing 'yesterday_ds' from the template is deprecated and will be removed in a future version.
  warnings.warn(_create_deprecation_warning(key, self._deprecation_replacements[key]))

[2021-12-31 21:52:46,423] {warnings.py:110} WARNING - /home/***/.local/lib/python3.7/site-packages/***/utils/context.py:152: AirflowContextDeprecationWarning: Accessing 'yesterday_ds_nodash' from the template is deprecated and will be removed in a future version.
  warnings.warn(_create_deprecation_warning(key, self._deprecation_replacements[key]))

[2021-12-31 21:52:46,423] {logging_mixin.py:109} INFO - Loading dimensions
[2021-12-31 21:52:46,423] {python.py:175} INFO - Done. Returned value was: None
[2021-12-31 21:52:46,478] {taskinstance.py:1277} INFO - Marking task as SUCCESS. dag_id=load_dimensions, task_id=tweet_pipeline, execution_date=20211231T040000, start_date=20211231T215246, end_date=20211231T215246
[2021-12-31 21:52:46,507] {local_task_job.py:154} INFO - Task exited with return code 0
[2021-12-31 21:52:46,563] {local_task_job.py:264} INFO - 1 downstream tasks scheduled from follow-on schedule check
[2021-12-31 21:54:17,143] {taskinstance.py:1032} INFO - Dependencies all met for <TaskInstance: load_dimensions.tweet_pipeline scheduled__2021-12-31T04:00:00+00:00 [queued]>
[2021-12-31 21:54:17,156] {taskinstance.py:1032} INFO - Dependencies all met for <TaskInstance: load_dimensions.tweet_pipeline scheduled__2021-12-31T04:00:00+00:00 [queued]>
[2021-12-31 21:54:17,157] {taskinstance.py:1238} INFO - 
--------------------------------------------------------------------------------
[2021-12-31 21:54:17,157] {taskinstance.py:1239} INFO - Starting attempt 1 of 1
[2021-12-31 21:54:17,157] {taskinstance.py:1240} INFO - 
--------------------------------------------------------------------------------
[2021-12-31 21:54:17,174] {taskinstance.py:1259} INFO - Executing <Task(PythonOperator): tweet_pipeline> on 2021-12-31 04:00:00+00:00
[2021-12-31 21:54:17,181] {standard_task_runner.py:52} INFO - Started process 9452 to run task
[2021-12-31 21:54:17,185] {standard_task_runner.py:76} INFO - Running: ['***', 'tasks', 'run', 'load_dimensions', 'tweet_pipeline', 'scheduled__2021-12-31T04:00:00+00:00', '--job-id', '81', '--raw', '--subdir', 'DAGS_FOLDER/load_redshift.py', '--cfg-path', '/tmp/tmptjsj0zq9', '--error-file', '/tmp/tmp65142gbn']
[2021-12-31 21:54:17,186] {standard_task_runner.py:77} INFO - Job 81: Subtask tweet_pipeline
[2021-12-31 21:54:17,260] {logging_mixin.py:109} INFO - Running <TaskInstance: load_dimensions.tweet_pipeline scheduled__2021-12-31T04:00:00+00:00 [running]> on host 87b5e846a243
[2021-12-31 21:54:17,328] {taskinstance.py:1426} INFO - Exporting the following env vars:
AIRFLOW_CTX_DAG_OWNER=test_owner
AIRFLOW_CTX_DAG_ID=load_dimensions
AIRFLOW_CTX_TASK_ID=tweet_pipeline
AIRFLOW_CTX_EXECUTION_DATE=2021-12-31T04:00:00+00:00
AIRFLOW_CTX_DAG_RUN_ID=scheduled__2021-12-31T04:00:00+00:00
[2021-12-31 21:54:17,329] {warnings.py:110} WARNING - /home/***/.local/lib/python3.7/site-packages/***/utils/context.py:152: AirflowContextDeprecationWarning: Accessing 'execution_date' from the template is deprecated and will be removed in a future version. Please use 'data_interval_start' or 'logical_date' instead.
  warnings.warn(_create_deprecation_warning(key, self._deprecation_replacements[key]))

[2021-12-31 21:54:17,330] {warnings.py:110} WARNING - /home/***/.local/lib/python3.7/site-packages/***/utils/context.py:152: AirflowContextDeprecationWarning: Accessing 'next_ds' from the template is deprecated and will be removed in a future version. Please use '{{ data_interval_end | ds }}' instead.
  warnings.warn(_create_deprecation_warning(key, self._deprecation_replacements[key]))

[2021-12-31 21:54:17,330] {warnings.py:110} WARNING - /home/***/.local/lib/python3.7/site-packages/***/utils/context.py:152: AirflowContextDeprecationWarning: Accessing 'next_ds_nodash' from the template is deprecated and will be removed in a future version. Please use '{{ data_interval_end | ds_nodash }}' instead.
  warnings.warn(_create_deprecation_warning(key, self._deprecation_replacements[key]))

[2021-12-31 21:54:17,330] {warnings.py:110} WARNING - /home/***/.local/lib/python3.7/site-packages/***/utils/context.py:152: AirflowContextDeprecationWarning: Accessing 'next_execution_date' from the template is deprecated and will be removed in a future version. Please use 'data_interval_end' instead.
  warnings.warn(_create_deprecation_warning(key, self._deprecation_replacements[key]))

[2021-12-31 21:54:17,330] {warnings.py:110} WARNING - /home/***/.local/lib/python3.7/site-packages/***/utils/context.py:152: AirflowContextDeprecationWarning: Accessing 'prev_ds' from the template is deprecated and will be removed in a future version.
  warnings.warn(_create_deprecation_warning(key, self._deprecation_replacements[key]))

[2021-12-31 21:54:17,330] {warnings.py:110} WARNING - /home/***/.local/lib/python3.7/site-packages/***/utils/context.py:152: AirflowContextDeprecationWarning: Accessing 'prev_ds_nodash' from the template is deprecated and will be removed in a future version.
  warnings.warn(_create_deprecation_warning(key, self._deprecation_replacements[key]))

[2021-12-31 21:54:17,331] {warnings.py:110} WARNING - /home/***/.local/lib/python3.7/site-packages/***/utils/context.py:152: AirflowContextDeprecationWarning: Accessing 'prev_execution_date' from the template is deprecated and will be removed in a future version.
  warnings.warn(_create_deprecation_warning(key, self._deprecation_replacements[key]))

[2021-12-31 21:54:17,331] {warnings.py:110} WARNING - /home/***/.local/lib/python3.7/site-packages/***/utils/context.py:152: AirflowContextDeprecationWarning: Accessing 'prev_execution_date_success' from the template is deprecated and will be removed in a future version. Please use 'prev_data_interval_start_success' instead.
  warnings.warn(_create_deprecation_warning(key, self._deprecation_replacements[key]))

[2021-12-31 21:54:17,331] {warnings.py:110} WARNING - /home/***/.local/lib/python3.7/site-packages/***/utils/context.py:152: AirflowContextDeprecationWarning: Accessing 'tomorrow_ds' from the template is deprecated and will be removed in a future version.
  warnings.warn(_create_deprecation_warning(key, self._deprecation_replacements[key]))

[2021-12-31 21:54:17,331] {warnings.py:110} WARNING - /home/***/.local/lib/python3.7/site-packages/***/utils/context.py:152: AirflowContextDeprecationWarning: Accessing 'tomorrow_ds_nodash' from the template is deprecated and will be removed in a future version.
  warnings.warn(_create_deprecation_warning(key, self._deprecation_replacements[key]))

[2021-12-31 21:54:17,331] {warnings.py:110} WARNING - /home/***/.local/lib/python3.7/site-packages/***/utils/context.py:152: AirflowContextDeprecationWarning: Accessing 'yesterday_ds' from the template is deprecated and will be removed in a future version.
  warnings.warn(_create_deprecation_warning(key, self._deprecation_replacements[key]))

[2021-12-31 21:54:17,331] {warnings.py:110} WARNING - /home/***/.local/lib/python3.7/site-packages/***/utils/context.py:152: AirflowContextDeprecationWarning: Accessing 'yesterday_ds_nodash' from the template is deprecated and will be removed in a future version.
  warnings.warn(_create_deprecation_warning(key, self._deprecation_replacements[key]))

[2021-12-31 21:54:17,331] {logging_mixin.py:109} INFO - Loading dimensions
[2021-12-31 21:54:17,331] {python.py:175} INFO - Done. Returned value was: None
[2021-12-31 21:54:17,489] {taskinstance.py:1277} INFO - Marking task as SUCCESS. dag_id=load_dimensions, task_id=tweet_pipeline, execution_date=20211231T040000, start_date=20211231T215417, end_date=20211231T215417
[2021-12-31 21:54:17,518] {local_task_job.py:154} INFO - Task exited with return code 0
[2021-12-31 21:54:17,603] {local_task_job.py:264} INFO - 1 downstream tasks scheduled from follow-on schedule check
[2021-12-31 21:59:25,657] {taskinstance.py:1032} INFO - Dependencies all met for <TaskInstance: load_dimensions.tweet_pipeline scheduled__2021-12-31T04:00:00+00:00 [queued]>
[2021-12-31 21:59:25,695] {taskinstance.py:1032} INFO - Dependencies all met for <TaskInstance: load_dimensions.tweet_pipeline scheduled__2021-12-31T04:00:00+00:00 [queued]>
[2021-12-31 21:59:25,696] {taskinstance.py:1238} INFO - 
--------------------------------------------------------------------------------
[2021-12-31 21:59:25,696] {taskinstance.py:1239} INFO - Starting attempt 1 of 1
[2021-12-31 21:59:25,696] {taskinstance.py:1240} INFO - 
--------------------------------------------------------------------------------
[2021-12-31 21:59:25,755] {taskinstance.py:1259} INFO - Executing <Task(PythonOperator): tweet_pipeline> on 2021-12-31 04:00:00+00:00
[2021-12-31 21:59:25,774] {standard_task_runner.py:52} INFO - Started process 9719 to run task
[2021-12-31 21:59:25,799] {standard_task_runner.py:76} INFO - Running: ['***', 'tasks', 'run', 'load_dimensions', 'tweet_pipeline', 'scheduled__2021-12-31T04:00:00+00:00', '--job-id', '94', '--raw', '--subdir', 'DAGS_FOLDER/load_redshift.py', '--cfg-path', '/tmp/tmpxoaf6zyu', '--error-file', '/tmp/tmpfqggfv3a']
[2021-12-31 21:59:25,801] {standard_task_runner.py:77} INFO - Job 94: Subtask tweet_pipeline
[2021-12-31 21:59:25,967] {logging_mixin.py:109} INFO - Running <TaskInstance: load_dimensions.tweet_pipeline scheduled__2021-12-31T04:00:00+00:00 [running]> on host 87b5e846a243
[2021-12-31 21:59:26,210] {taskinstance.py:1426} INFO - Exporting the following env vars:
AIRFLOW_CTX_DAG_OWNER=test_owner
AIRFLOW_CTX_DAG_ID=load_dimensions
AIRFLOW_CTX_TASK_ID=tweet_pipeline
AIRFLOW_CTX_EXECUTION_DATE=2021-12-31T04:00:00+00:00
AIRFLOW_CTX_DAG_RUN_ID=scheduled__2021-12-31T04:00:00+00:00
[2021-12-31 21:59:26,211] {warnings.py:110} WARNING - /home/***/.local/lib/python3.7/site-packages/***/utils/context.py:152: AirflowContextDeprecationWarning: Accessing 'execution_date' from the template is deprecated and will be removed in a future version. Please use 'data_interval_start' or 'logical_date' instead.
  warnings.warn(_create_deprecation_warning(key, self._deprecation_replacements[key]))

[2021-12-31 21:59:26,212] {warnings.py:110} WARNING - /home/***/.local/lib/python3.7/site-packages/***/utils/context.py:152: AirflowContextDeprecationWarning: Accessing 'next_ds' from the template is deprecated and will be removed in a future version. Please use '{{ data_interval_end | ds }}' instead.
  warnings.warn(_create_deprecation_warning(key, self._deprecation_replacements[key]))

[2021-12-31 21:59:26,212] {warnings.py:110} WARNING - /home/***/.local/lib/python3.7/site-packages/***/utils/context.py:152: AirflowContextDeprecationWarning: Accessing 'next_ds_nodash' from the template is deprecated and will be removed in a future version. Please use '{{ data_interval_end | ds_nodash }}' instead.
  warnings.warn(_create_deprecation_warning(key, self._deprecation_replacements[key]))

[2021-12-31 21:59:26,212] {warnings.py:110} WARNING - /home/***/.local/lib/python3.7/site-packages/***/utils/context.py:152: AirflowContextDeprecationWarning: Accessing 'next_execution_date' from the template is deprecated and will be removed in a future version. Please use 'data_interval_end' instead.
  warnings.warn(_create_deprecation_warning(key, self._deprecation_replacements[key]))

[2021-12-31 21:59:26,213] {warnings.py:110} WARNING - /home/***/.local/lib/python3.7/site-packages/***/utils/context.py:152: AirflowContextDeprecationWarning: Accessing 'prev_ds' from the template is deprecated and will be removed in a future version.
  warnings.warn(_create_deprecation_warning(key, self._deprecation_replacements[key]))

[2021-12-31 21:59:26,213] {warnings.py:110} WARNING - /home/***/.local/lib/python3.7/site-packages/***/utils/context.py:152: AirflowContextDeprecationWarning: Accessing 'prev_ds_nodash' from the template is deprecated and will be removed in a future version.
  warnings.warn(_create_deprecation_warning(key, self._deprecation_replacements[key]))

[2021-12-31 21:59:26,213] {warnings.py:110} WARNING - /home/***/.local/lib/python3.7/site-packages/***/utils/context.py:152: AirflowContextDeprecationWarning: Accessing 'prev_execution_date' from the template is deprecated and will be removed in a future version.
  warnings.warn(_create_deprecation_warning(key, self._deprecation_replacements[key]))

[2021-12-31 21:59:26,213] {warnings.py:110} WARNING - /home/***/.local/lib/python3.7/site-packages/***/utils/context.py:152: AirflowContextDeprecationWarning: Accessing 'prev_execution_date_success' from the template is deprecated and will be removed in a future version. Please use 'prev_data_interval_start_success' instead.
  warnings.warn(_create_deprecation_warning(key, self._deprecation_replacements[key]))

[2021-12-31 21:59:26,213] {warnings.py:110} WARNING - /home/***/.local/lib/python3.7/site-packages/***/utils/context.py:152: AirflowContextDeprecationWarning: Accessing 'tomorrow_ds' from the template is deprecated and will be removed in a future version.
  warnings.warn(_create_deprecation_warning(key, self._deprecation_replacements[key]))

[2021-12-31 21:59:26,213] {warnings.py:110} WARNING - /home/***/.local/lib/python3.7/site-packages/***/utils/context.py:152: AirflowContextDeprecationWarning: Accessing 'tomorrow_ds_nodash' from the template is deprecated and will be removed in a future version.
  warnings.warn(_create_deprecation_warning(key, self._deprecation_replacements[key]))

[2021-12-31 21:59:26,214] {warnings.py:110} WARNING - /home/***/.local/lib/python3.7/site-packages/***/utils/context.py:152: AirflowContextDeprecationWarning: Accessing 'yesterday_ds' from the template is deprecated and will be removed in a future version.
  warnings.warn(_create_deprecation_warning(key, self._deprecation_replacements[key]))

[2021-12-31 21:59:26,214] {warnings.py:110} WARNING - /home/***/.local/lib/python3.7/site-packages/***/utils/context.py:152: AirflowContextDeprecationWarning: Accessing 'yesterday_ds_nodash' from the template is deprecated and will be removed in a future version.
  warnings.warn(_create_deprecation_warning(key, self._deprecation_replacements[key]))

[2021-12-31 21:59:26,214] {logging_mixin.py:109} INFO - Loading dimensions
[2021-12-31 21:59:26,214] {python.py:175} INFO - Done. Returned value was: None
[2021-12-31 21:59:26,347] {taskinstance.py:1277} INFO - Marking task as SUCCESS. dag_id=load_dimensions, task_id=tweet_pipeline, execution_date=20211231T040000, start_date=20211231T215925, end_date=20211231T215926
[2021-12-31 21:59:26,408] {local_task_job.py:154} INFO - Task exited with return code 0
[2021-12-31 21:59:26,549] {local_task_job.py:264} INFO - 1 downstream tasks scheduled from follow-on schedule check
[2021-12-31 22:02:19,035] {taskinstance.py:1032} INFO - Dependencies all met for <TaskInstance: load_dimensions.tweet_pipeline scheduled__2021-12-31T04:00:00+00:00 [queued]>
[2021-12-31 22:02:19,081] {taskinstance.py:1032} INFO - Dependencies all met for <TaskInstance: load_dimensions.tweet_pipeline scheduled__2021-12-31T04:00:00+00:00 [queued]>
[2021-12-31 22:02:19,084] {taskinstance.py:1238} INFO - 
--------------------------------------------------------------------------------
[2021-12-31 22:02:19,084] {taskinstance.py:1239} INFO - Starting attempt 1 of 1
[2021-12-31 22:02:19,085] {taskinstance.py:1240} INFO - 
--------------------------------------------------------------------------------
[2021-12-31 22:02:19,139] {taskinstance.py:1259} INFO - Executing <Task(PythonOperator): tweet_pipeline> on 2021-12-31 04:00:00+00:00
[2021-12-31 22:02:19,153] {standard_task_runner.py:52} INFO - Started process 9875 to run task
[2021-12-31 22:02:19,175] {standard_task_runner.py:76} INFO - Running: ['***', 'tasks', 'run', 'load_dimensions', 'tweet_pipeline', 'scheduled__2021-12-31T04:00:00+00:00', '--job-id', '106', '--raw', '--subdir', 'DAGS_FOLDER/load_redshift.py', '--cfg-path', '/tmp/tmpy3ft5g2g', '--error-file', '/tmp/tmp0fio238m']
[2021-12-31 22:02:19,181] {standard_task_runner.py:77} INFO - Job 106: Subtask tweet_pipeline
[2021-12-31 22:02:19,287] {logging_mixin.py:109} INFO - Running <TaskInstance: load_dimensions.tweet_pipeline scheduled__2021-12-31T04:00:00+00:00 [running]> on host 87b5e846a243
[2021-12-31 22:02:19,484] {taskinstance.py:1426} INFO - Exporting the following env vars:
AIRFLOW_CTX_DAG_OWNER=test_owner
AIRFLOW_CTX_DAG_ID=load_dimensions
AIRFLOW_CTX_TASK_ID=tweet_pipeline
AIRFLOW_CTX_EXECUTION_DATE=2021-12-31T04:00:00+00:00
AIRFLOW_CTX_DAG_RUN_ID=scheduled__2021-12-31T04:00:00+00:00
[2021-12-31 22:02:19,485] {warnings.py:110} WARNING - /home/***/.local/lib/python3.7/site-packages/***/utils/context.py:152: AirflowContextDeprecationWarning: Accessing 'execution_date' from the template is deprecated and will be removed in a future version. Please use 'data_interval_start' or 'logical_date' instead.
  warnings.warn(_create_deprecation_warning(key, self._deprecation_replacements[key]))

[2021-12-31 22:02:19,486] {warnings.py:110} WARNING - /home/***/.local/lib/python3.7/site-packages/***/utils/context.py:152: AirflowContextDeprecationWarning: Accessing 'next_ds' from the template is deprecated and will be removed in a future version. Please use '{{ data_interval_end | ds }}' instead.
  warnings.warn(_create_deprecation_warning(key, self._deprecation_replacements[key]))

[2021-12-31 22:02:19,486] {warnings.py:110} WARNING - /home/***/.local/lib/python3.7/site-packages/***/utils/context.py:152: AirflowContextDeprecationWarning: Accessing 'next_ds_nodash' from the template is deprecated and will be removed in a future version. Please use '{{ data_interval_end | ds_nodash }}' instead.
  warnings.warn(_create_deprecation_warning(key, self._deprecation_replacements[key]))

[2021-12-31 22:02:19,486] {warnings.py:110} WARNING - /home/***/.local/lib/python3.7/site-packages/***/utils/context.py:152: AirflowContextDeprecationWarning: Accessing 'next_execution_date' from the template is deprecated and will be removed in a future version. Please use 'data_interval_end' instead.
  warnings.warn(_create_deprecation_warning(key, self._deprecation_replacements[key]))

[2021-12-31 22:02:19,486] {warnings.py:110} WARNING - /home/***/.local/lib/python3.7/site-packages/***/utils/context.py:152: AirflowContextDeprecationWarning: Accessing 'prev_ds' from the template is deprecated and will be removed in a future version.
  warnings.warn(_create_deprecation_warning(key, self._deprecation_replacements[key]))

[2021-12-31 22:02:19,486] {warnings.py:110} WARNING - /home/***/.local/lib/python3.7/site-packages/***/utils/context.py:152: AirflowContextDeprecationWarning: Accessing 'prev_ds_nodash' from the template is deprecated and will be removed in a future version.
  warnings.warn(_create_deprecation_warning(key, self._deprecation_replacements[key]))

[2021-12-31 22:02:19,486] {warnings.py:110} WARNING - /home/***/.local/lib/python3.7/site-packages/***/utils/context.py:152: AirflowContextDeprecationWarning: Accessing 'prev_execution_date' from the template is deprecated and will be removed in a future version.
  warnings.warn(_create_deprecation_warning(key, self._deprecation_replacements[key]))

[2021-12-31 22:02:19,486] {warnings.py:110} WARNING - /home/***/.local/lib/python3.7/site-packages/***/utils/context.py:152: AirflowContextDeprecationWarning: Accessing 'prev_execution_date_success' from the template is deprecated and will be removed in a future version. Please use 'prev_data_interval_start_success' instead.
  warnings.warn(_create_deprecation_warning(key, self._deprecation_replacements[key]))

[2021-12-31 22:02:19,486] {warnings.py:110} WARNING - /home/***/.local/lib/python3.7/site-packages/***/utils/context.py:152: AirflowContextDeprecationWarning: Accessing 'tomorrow_ds' from the template is deprecated and will be removed in a future version.
  warnings.warn(_create_deprecation_warning(key, self._deprecation_replacements[key]))

[2021-12-31 22:02:19,486] {warnings.py:110} WARNING - /home/***/.local/lib/python3.7/site-packages/***/utils/context.py:152: AirflowContextDeprecationWarning: Accessing 'tomorrow_ds_nodash' from the template is deprecated and will be removed in a future version.
  warnings.warn(_create_deprecation_warning(key, self._deprecation_replacements[key]))

[2021-12-31 22:02:19,487] {warnings.py:110} WARNING - /home/***/.local/lib/python3.7/site-packages/***/utils/context.py:152: AirflowContextDeprecationWarning: Accessing 'yesterday_ds' from the template is deprecated and will be removed in a future version.
  warnings.warn(_create_deprecation_warning(key, self._deprecation_replacements[key]))

[2021-12-31 22:02:19,487] {warnings.py:110} WARNING - /home/***/.local/lib/python3.7/site-packages/***/utils/context.py:152: AirflowContextDeprecationWarning: Accessing 'yesterday_ds_nodash' from the template is deprecated and will be removed in a future version.
  warnings.warn(_create_deprecation_warning(key, self._deprecation_replacements[key]))

[2021-12-31 22:02:19,487] {logging_mixin.py:109} INFO - Loading dimensions
[2021-12-31 22:02:19,487] {python.py:175} INFO - Done. Returned value was: None
[2021-12-31 22:02:19,621] {taskinstance.py:1277} INFO - Marking task as SUCCESS. dag_id=load_dimensions, task_id=tweet_pipeline, execution_date=20211231T040000, start_date=20211231T220219, end_date=20211231T220219
[2021-12-31 22:02:19,673] {local_task_job.py:154} INFO - Task exited with return code 0
[2021-12-31 22:02:19,825] {local_task_job.py:264} INFO - 1 downstream tasks scheduled from follow-on schedule check
[2021-12-31 22:03:23,719] {taskinstance.py:1032} INFO - Dependencies all met for <TaskInstance: load_dimensions.tweet_pipeline scheduled__2021-12-31T04:00:00+00:00 [queued]>
[2021-12-31 22:03:23,769] {taskinstance.py:1032} INFO - Dependencies all met for <TaskInstance: load_dimensions.tweet_pipeline scheduled__2021-12-31T04:00:00+00:00 [queued]>
[2021-12-31 22:03:23,769] {taskinstance.py:1238} INFO - 
--------------------------------------------------------------------------------
[2021-12-31 22:03:23,770] {taskinstance.py:1239} INFO - Starting attempt 1 of 1
[2021-12-31 22:03:23,770] {taskinstance.py:1240} INFO - 
--------------------------------------------------------------------------------
[2021-12-31 22:03:23,813] {taskinstance.py:1259} INFO - Executing <Task(PythonOperator): tweet_pipeline> on 2021-12-31 04:00:00+00:00
[2021-12-31 22:03:23,846] {standard_task_runner.py:52} INFO - Started process 9957 to run task
[2021-12-31 22:03:23,856] {standard_task_runner.py:76} INFO - Running: ['***', 'tasks', 'run', 'load_dimensions', 'tweet_pipeline', 'scheduled__2021-12-31T04:00:00+00:00', '--job-id', '118', '--raw', '--subdir', 'DAGS_FOLDER/load_redshift.py', '--cfg-path', '/tmp/tmpd154226t', '--error-file', '/tmp/tmpat23v6s0']
[2021-12-31 22:03:23,857] {standard_task_runner.py:77} INFO - Job 118: Subtask tweet_pipeline
[2021-12-31 22:03:24,064] {logging_mixin.py:109} INFO - Running <TaskInstance: load_dimensions.tweet_pipeline scheduled__2021-12-31T04:00:00+00:00 [running]> on host 87b5e846a243
[2021-12-31 22:03:24,183] {taskinstance.py:1426} INFO - Exporting the following env vars:
AIRFLOW_CTX_DAG_OWNER=test_owner
AIRFLOW_CTX_DAG_ID=load_dimensions
AIRFLOW_CTX_TASK_ID=tweet_pipeline
AIRFLOW_CTX_EXECUTION_DATE=2021-12-31T04:00:00+00:00
AIRFLOW_CTX_DAG_RUN_ID=scheduled__2021-12-31T04:00:00+00:00
[2021-12-31 22:03:24,184] {warnings.py:110} WARNING - /home/***/.local/lib/python3.7/site-packages/***/utils/context.py:152: AirflowContextDeprecationWarning: Accessing 'execution_date' from the template is deprecated and will be removed in a future version. Please use 'data_interval_start' or 'logical_date' instead.
  warnings.warn(_create_deprecation_warning(key, self._deprecation_replacements[key]))

[2021-12-31 22:03:24,185] {warnings.py:110} WARNING - /home/***/.local/lib/python3.7/site-packages/***/utils/context.py:152: AirflowContextDeprecationWarning: Accessing 'next_ds' from the template is deprecated and will be removed in a future version. Please use '{{ data_interval_end | ds }}' instead.
  warnings.warn(_create_deprecation_warning(key, self._deprecation_replacements[key]))

[2021-12-31 22:03:24,185] {warnings.py:110} WARNING - /home/***/.local/lib/python3.7/site-packages/***/utils/context.py:152: AirflowContextDeprecationWarning: Accessing 'next_ds_nodash' from the template is deprecated and will be removed in a future version. Please use '{{ data_interval_end | ds_nodash }}' instead.
  warnings.warn(_create_deprecation_warning(key, self._deprecation_replacements[key]))

[2021-12-31 22:03:24,185] {warnings.py:110} WARNING - /home/***/.local/lib/python3.7/site-packages/***/utils/context.py:152: AirflowContextDeprecationWarning: Accessing 'next_execution_date' from the template is deprecated and will be removed in a future version. Please use 'data_interval_end' instead.
  warnings.warn(_create_deprecation_warning(key, self._deprecation_replacements[key]))

[2021-12-31 22:03:24,186] {warnings.py:110} WARNING - /home/***/.local/lib/python3.7/site-packages/***/utils/context.py:152: AirflowContextDeprecationWarning: Accessing 'prev_ds' from the template is deprecated and will be removed in a future version.
  warnings.warn(_create_deprecation_warning(key, self._deprecation_replacements[key]))

[2021-12-31 22:03:24,186] {warnings.py:110} WARNING - /home/***/.local/lib/python3.7/site-packages/***/utils/context.py:152: AirflowContextDeprecationWarning: Accessing 'prev_ds_nodash' from the template is deprecated and will be removed in a future version.
  warnings.warn(_create_deprecation_warning(key, self._deprecation_replacements[key]))

[2021-12-31 22:03:24,186] {warnings.py:110} WARNING - /home/***/.local/lib/python3.7/site-packages/***/utils/context.py:152: AirflowContextDeprecationWarning: Accessing 'prev_execution_date' from the template is deprecated and will be removed in a future version.
  warnings.warn(_create_deprecation_warning(key, self._deprecation_replacements[key]))

[2021-12-31 22:03:24,186] {warnings.py:110} WARNING - /home/***/.local/lib/python3.7/site-packages/***/utils/context.py:152: AirflowContextDeprecationWarning: Accessing 'prev_execution_date_success' from the template is deprecated and will be removed in a future version. Please use 'prev_data_interval_start_success' instead.
  warnings.warn(_create_deprecation_warning(key, self._deprecation_replacements[key]))

[2021-12-31 22:03:24,186] {warnings.py:110} WARNING - /home/***/.local/lib/python3.7/site-packages/***/utils/context.py:152: AirflowContextDeprecationWarning: Accessing 'tomorrow_ds' from the template is deprecated and will be removed in a future version.
  warnings.warn(_create_deprecation_warning(key, self._deprecation_replacements[key]))

[2021-12-31 22:03:24,186] {warnings.py:110} WARNING - /home/***/.local/lib/python3.7/site-packages/***/utils/context.py:152: AirflowContextDeprecationWarning: Accessing 'tomorrow_ds_nodash' from the template is deprecated and will be removed in a future version.
  warnings.warn(_create_deprecation_warning(key, self._deprecation_replacements[key]))

[2021-12-31 22:03:24,187] {warnings.py:110} WARNING - /home/***/.local/lib/python3.7/site-packages/***/utils/context.py:152: AirflowContextDeprecationWarning: Accessing 'yesterday_ds' from the template is deprecated and will be removed in a future version.
  warnings.warn(_create_deprecation_warning(key, self._deprecation_replacements[key]))

[2021-12-31 22:03:24,187] {warnings.py:110} WARNING - /home/***/.local/lib/python3.7/site-packages/***/utils/context.py:152: AirflowContextDeprecationWarning: Accessing 'yesterday_ds_nodash' from the template is deprecated and will be removed in a future version.
  warnings.warn(_create_deprecation_warning(key, self._deprecation_replacements[key]))

[2021-12-31 22:03:24,187] {logging_mixin.py:109} INFO - Loading dimensions
[2021-12-31 22:03:24,187] {python.py:175} INFO - Done. Returned value was: None
[2021-12-31 22:03:24,421] {taskinstance.py:1277} INFO - Marking task as SUCCESS. dag_id=load_dimensions, task_id=tweet_pipeline, execution_date=20211231T040000, start_date=20211231T220323, end_date=20211231T220324
[2021-12-31 22:03:24,477] {local_task_job.py:154} INFO - Task exited with return code 0
[2021-12-31 22:03:24,558] {local_task_job.py:264} INFO - 1 downstream tasks scheduled from follow-on schedule check
[2021-12-31 22:12:57,481] {taskinstance.py:1032} INFO - Dependencies all met for <TaskInstance: load_dimensions.tweet_pipeline scheduled__2021-12-31T04:00:00+00:00 [queued]>
[2021-12-31 22:12:57,497] {taskinstance.py:1032} INFO - Dependencies all met for <TaskInstance: load_dimensions.tweet_pipeline scheduled__2021-12-31T04:00:00+00:00 [queued]>
[2021-12-31 22:12:57,498] {taskinstance.py:1238} INFO - 
--------------------------------------------------------------------------------
[2021-12-31 22:12:57,498] {taskinstance.py:1239} INFO - Starting attempt 1 of 1
[2021-12-31 22:12:57,498] {taskinstance.py:1240} INFO - 
--------------------------------------------------------------------------------
[2021-12-31 22:12:57,529] {taskinstance.py:1259} INFO - Executing <Task(PythonOperator): tweet_pipeline> on 2021-12-31 04:00:00+00:00
[2021-12-31 22:12:57,539] {standard_task_runner.py:52} INFO - Started process 10409 to run task
[2021-12-31 22:12:57,546] {standard_task_runner.py:76} INFO - Running: ['***', 'tasks', 'run', 'load_dimensions', 'tweet_pipeline', 'scheduled__2021-12-31T04:00:00+00:00', '--job-id', '130', '--raw', '--subdir', 'DAGS_FOLDER/load_redshift.py', '--cfg-path', '/tmp/tmprpspy3vx', '--error-file', '/tmp/tmp1cornr32']
[2021-12-31 22:12:57,548] {standard_task_runner.py:77} INFO - Job 130: Subtask tweet_pipeline
[2021-12-31 22:12:57,661] {logging_mixin.py:109} INFO - Running <TaskInstance: load_dimensions.tweet_pipeline scheduled__2021-12-31T04:00:00+00:00 [running]> on host 87b5e846a243
[2021-12-31 22:12:57,808] {taskinstance.py:1426} INFO - Exporting the following env vars:
AIRFLOW_CTX_DAG_OWNER=test_owner
AIRFLOW_CTX_DAG_ID=load_dimensions
AIRFLOW_CTX_TASK_ID=tweet_pipeline
AIRFLOW_CTX_EXECUTION_DATE=2021-12-31T04:00:00+00:00
AIRFLOW_CTX_DAG_RUN_ID=scheduled__2021-12-31T04:00:00+00:00
[2021-12-31 22:12:57,820] {warnings.py:110} WARNING - /home/***/.local/lib/python3.7/site-packages/***/utils/context.py:152: AirflowContextDeprecationWarning: Accessing 'execution_date' from the template is deprecated and will be removed in a future version. Please use 'data_interval_start' or 'logical_date' instead.
  warnings.warn(_create_deprecation_warning(key, self._deprecation_replacements[key]))

[2021-12-31 22:12:57,821] {warnings.py:110} WARNING - /home/***/.local/lib/python3.7/site-packages/***/utils/context.py:152: AirflowContextDeprecationWarning: Accessing 'next_ds' from the template is deprecated and will be removed in a future version. Please use '{{ data_interval_end | ds }}' instead.
  warnings.warn(_create_deprecation_warning(key, self._deprecation_replacements[key]))

[2021-12-31 22:12:57,822] {warnings.py:110} WARNING - /home/***/.local/lib/python3.7/site-packages/***/utils/context.py:152: AirflowContextDeprecationWarning: Accessing 'next_ds_nodash' from the template is deprecated and will be removed in a future version. Please use '{{ data_interval_end | ds_nodash }}' instead.
  warnings.warn(_create_deprecation_warning(key, self._deprecation_replacements[key]))

[2021-12-31 22:12:57,822] {warnings.py:110} WARNING - /home/***/.local/lib/python3.7/site-packages/***/utils/context.py:152: AirflowContextDeprecationWarning: Accessing 'next_execution_date' from the template is deprecated and will be removed in a future version. Please use 'data_interval_end' instead.
  warnings.warn(_create_deprecation_warning(key, self._deprecation_replacements[key]))

[2021-12-31 22:12:57,822] {warnings.py:110} WARNING - /home/***/.local/lib/python3.7/site-packages/***/utils/context.py:152: AirflowContextDeprecationWarning: Accessing 'prev_ds' from the template is deprecated and will be removed in a future version.
  warnings.warn(_create_deprecation_warning(key, self._deprecation_replacements[key]))

[2021-12-31 22:12:57,822] {warnings.py:110} WARNING - /home/***/.local/lib/python3.7/site-packages/***/utils/context.py:152: AirflowContextDeprecationWarning: Accessing 'prev_ds_nodash' from the template is deprecated and will be removed in a future version.
  warnings.warn(_create_deprecation_warning(key, self._deprecation_replacements[key]))

[2021-12-31 22:12:57,823] {warnings.py:110} WARNING - /home/***/.local/lib/python3.7/site-packages/***/utils/context.py:152: AirflowContextDeprecationWarning: Accessing 'prev_execution_date' from the template is deprecated and will be removed in a future version.
  warnings.warn(_create_deprecation_warning(key, self._deprecation_replacements[key]))

[2021-12-31 22:12:57,823] {warnings.py:110} WARNING - /home/***/.local/lib/python3.7/site-packages/***/utils/context.py:152: AirflowContextDeprecationWarning: Accessing 'prev_execution_date_success' from the template is deprecated and will be removed in a future version. Please use 'prev_data_interval_start_success' instead.
  warnings.warn(_create_deprecation_warning(key, self._deprecation_replacements[key]))

[2021-12-31 22:12:57,823] {warnings.py:110} WARNING - /home/***/.local/lib/python3.7/site-packages/***/utils/context.py:152: AirflowContextDeprecationWarning: Accessing 'tomorrow_ds' from the template is deprecated and will be removed in a future version.
  warnings.warn(_create_deprecation_warning(key, self._deprecation_replacements[key]))

[2021-12-31 22:12:57,823] {warnings.py:110} WARNING - /home/***/.local/lib/python3.7/site-packages/***/utils/context.py:152: AirflowContextDeprecationWarning: Accessing 'tomorrow_ds_nodash' from the template is deprecated and will be removed in a future version.
  warnings.warn(_create_deprecation_warning(key, self._deprecation_replacements[key]))

[2021-12-31 22:12:57,823] {warnings.py:110} WARNING - /home/***/.local/lib/python3.7/site-packages/***/utils/context.py:152: AirflowContextDeprecationWarning: Accessing 'yesterday_ds' from the template is deprecated and will be removed in a future version.
  warnings.warn(_create_deprecation_warning(key, self._deprecation_replacements[key]))

[2021-12-31 22:12:57,823] {warnings.py:110} WARNING - /home/***/.local/lib/python3.7/site-packages/***/utils/context.py:152: AirflowContextDeprecationWarning: Accessing 'yesterday_ds_nodash' from the template is deprecated and will be removed in a future version.
  warnings.warn(_create_deprecation_warning(key, self._deprecation_replacements[key]))

[2021-12-31 22:12:57,823] {logging_mixin.py:109} INFO - Loading dimensions
[2021-12-31 22:12:57,824] {python.py:175} INFO - Done. Returned value was: None
[2021-12-31 22:12:57,916] {taskinstance.py:1277} INFO - Marking task as SUCCESS. dag_id=load_dimensions, task_id=tweet_pipeline, execution_date=20211231T040000, start_date=20211231T221257, end_date=20211231T221257
[2021-12-31 22:12:57,977] {local_task_job.py:154} INFO - Task exited with return code 0
[2021-12-31 22:12:58,079] {local_task_job.py:264} INFO - 1 downstream tasks scheduled from follow-on schedule check
[2021-12-31 22:16:28,729] {taskinstance.py:1032} INFO - Dependencies all met for <TaskInstance: load_dimensions.tweet_pipeline scheduled__2021-12-31T04:00:00+00:00 [queued]>
[2021-12-31 22:16:28,744] {taskinstance.py:1032} INFO - Dependencies all met for <TaskInstance: load_dimensions.tweet_pipeline scheduled__2021-12-31T04:00:00+00:00 [queued]>
[2021-12-31 22:16:28,744] {taskinstance.py:1238} INFO - 
--------------------------------------------------------------------------------
[2021-12-31 22:16:28,744] {taskinstance.py:1239} INFO - Starting attempt 1 of 1
[2021-12-31 22:16:28,744] {taskinstance.py:1240} INFO - 
--------------------------------------------------------------------------------
[2021-12-31 22:16:28,766] {taskinstance.py:1259} INFO - Executing <Task(PythonOperator): tweet_pipeline> on 2021-12-31 04:00:00+00:00
[2021-12-31 22:16:28,776] {standard_task_runner.py:52} INFO - Started process 10605 to run task
[2021-12-31 22:16:28,785] {standard_task_runner.py:76} INFO - Running: ['***', 'tasks', 'run', 'load_dimensions', 'tweet_pipeline', 'scheduled__2021-12-31T04:00:00+00:00', '--job-id', '142', '--raw', '--subdir', 'DAGS_FOLDER/load_redshift.py', '--cfg-path', '/tmp/tmpyqua_ry9', '--error-file', '/tmp/tmp6dzmvwm7']
[2021-12-31 22:16:28,786] {standard_task_runner.py:77} INFO - Job 142: Subtask tweet_pipeline
[2021-12-31 22:16:28,868] {logging_mixin.py:109} INFO - Running <TaskInstance: load_dimensions.tweet_pipeline scheduled__2021-12-31T04:00:00+00:00 [running]> on host 87b5e846a243
[2021-12-31 22:16:28,936] {taskinstance.py:1426} INFO - Exporting the following env vars:
AIRFLOW_CTX_DAG_OWNER=test_owner
AIRFLOW_CTX_DAG_ID=load_dimensions
AIRFLOW_CTX_TASK_ID=tweet_pipeline
AIRFLOW_CTX_EXECUTION_DATE=2021-12-31T04:00:00+00:00
AIRFLOW_CTX_DAG_RUN_ID=scheduled__2021-12-31T04:00:00+00:00
[2021-12-31 22:16:28,937] {warnings.py:110} WARNING - /home/***/.local/lib/python3.7/site-packages/***/utils/context.py:152: AirflowContextDeprecationWarning: Accessing 'execution_date' from the template is deprecated and will be removed in a future version. Please use 'data_interval_start' or 'logical_date' instead.
  warnings.warn(_create_deprecation_warning(key, self._deprecation_replacements[key]))

[2021-12-31 22:16:28,937] {warnings.py:110} WARNING - /home/***/.local/lib/python3.7/site-packages/***/utils/context.py:152: AirflowContextDeprecationWarning: Accessing 'next_ds' from the template is deprecated and will be removed in a future version. Please use '{{ data_interval_end | ds }}' instead.
  warnings.warn(_create_deprecation_warning(key, self._deprecation_replacements[key]))

[2021-12-31 22:16:28,938] {warnings.py:110} WARNING - /home/***/.local/lib/python3.7/site-packages/***/utils/context.py:152: AirflowContextDeprecationWarning: Accessing 'next_ds_nodash' from the template is deprecated and will be removed in a future version. Please use '{{ data_interval_end | ds_nodash }}' instead.
  warnings.warn(_create_deprecation_warning(key, self._deprecation_replacements[key]))

[2021-12-31 22:16:28,938] {warnings.py:110} WARNING - /home/***/.local/lib/python3.7/site-packages/***/utils/context.py:152: AirflowContextDeprecationWarning: Accessing 'next_execution_date' from the template is deprecated and will be removed in a future version. Please use 'data_interval_end' instead.
  warnings.warn(_create_deprecation_warning(key, self._deprecation_replacements[key]))

[2021-12-31 22:16:28,938] {warnings.py:110} WARNING - /home/***/.local/lib/python3.7/site-packages/***/utils/context.py:152: AirflowContextDeprecationWarning: Accessing 'prev_ds' from the template is deprecated and will be removed in a future version.
  warnings.warn(_create_deprecation_warning(key, self._deprecation_replacements[key]))

[2021-12-31 22:16:28,938] {warnings.py:110} WARNING - /home/***/.local/lib/python3.7/site-packages/***/utils/context.py:152: AirflowContextDeprecationWarning: Accessing 'prev_ds_nodash' from the template is deprecated and will be removed in a future version.
  warnings.warn(_create_deprecation_warning(key, self._deprecation_replacements[key]))

[2021-12-31 22:16:28,938] {warnings.py:110} WARNING - /home/***/.local/lib/python3.7/site-packages/***/utils/context.py:152: AirflowContextDeprecationWarning: Accessing 'prev_execution_date' from the template is deprecated and will be removed in a future version.
  warnings.warn(_create_deprecation_warning(key, self._deprecation_replacements[key]))

[2021-12-31 22:16:28,938] {warnings.py:110} WARNING - /home/***/.local/lib/python3.7/site-packages/***/utils/context.py:152: AirflowContextDeprecationWarning: Accessing 'prev_execution_date_success' from the template is deprecated and will be removed in a future version. Please use 'prev_data_interval_start_success' instead.
  warnings.warn(_create_deprecation_warning(key, self._deprecation_replacements[key]))

[2021-12-31 22:16:28,938] {warnings.py:110} WARNING - /home/***/.local/lib/python3.7/site-packages/***/utils/context.py:152: AirflowContextDeprecationWarning: Accessing 'tomorrow_ds' from the template is deprecated and will be removed in a future version.
  warnings.warn(_create_deprecation_warning(key, self._deprecation_replacements[key]))

[2021-12-31 22:16:28,938] {warnings.py:110} WARNING - /home/***/.local/lib/python3.7/site-packages/***/utils/context.py:152: AirflowContextDeprecationWarning: Accessing 'tomorrow_ds_nodash' from the template is deprecated and will be removed in a future version.
  warnings.warn(_create_deprecation_warning(key, self._deprecation_replacements[key]))

[2021-12-31 22:16:28,938] {warnings.py:110} WARNING - /home/***/.local/lib/python3.7/site-packages/***/utils/context.py:152: AirflowContextDeprecationWarning: Accessing 'yesterday_ds' from the template is deprecated and will be removed in a future version.
  warnings.warn(_create_deprecation_warning(key, self._deprecation_replacements[key]))

[2021-12-31 22:16:28,938] {warnings.py:110} WARNING - /home/***/.local/lib/python3.7/site-packages/***/utils/context.py:152: AirflowContextDeprecationWarning: Accessing 'yesterday_ds_nodash' from the template is deprecated and will be removed in a future version.
  warnings.warn(_create_deprecation_warning(key, self._deprecation_replacements[key]))

[2021-12-31 22:16:28,938] {logging_mixin.py:109} INFO - Loading dimensions
[2021-12-31 22:16:28,939] {python.py:175} INFO - Done. Returned value was: None
[2021-12-31 22:16:29,044] {taskinstance.py:1277} INFO - Marking task as SUCCESS. dag_id=load_dimensions, task_id=tweet_pipeline, execution_date=20211231T040000, start_date=20211231T221628, end_date=20211231T221629
[2021-12-31 22:16:29,075] {local_task_job.py:154} INFO - Task exited with return code 0
[2021-12-31 22:16:29,213] {local_task_job.py:264} INFO - 1 downstream tasks scheduled from follow-on schedule check
[2021-12-31 22:18:35,930] {taskinstance.py:1032} INFO - Dependencies all met for <TaskInstance: load_dimensions.tweet_pipeline scheduled__2021-12-31T04:00:00+00:00 [queued]>
[2021-12-31 22:18:35,963] {taskinstance.py:1032} INFO - Dependencies all met for <TaskInstance: load_dimensions.tweet_pipeline scheduled__2021-12-31T04:00:00+00:00 [queued]>
[2021-12-31 22:18:35,964] {taskinstance.py:1238} INFO - 
--------------------------------------------------------------------------------
[2021-12-31 22:18:35,964] {taskinstance.py:1239} INFO - Starting attempt 1 of 1
[2021-12-31 22:18:35,964] {taskinstance.py:1240} INFO - 
--------------------------------------------------------------------------------
[2021-12-31 22:18:35,991] {taskinstance.py:1259} INFO - Executing <Task(PythonOperator): tweet_pipeline> on 2021-12-31 04:00:00+00:00
[2021-12-31 22:18:36,008] {standard_task_runner.py:52} INFO - Started process 10732 to run task
[2021-12-31 22:18:36,022] {standard_task_runner.py:76} INFO - Running: ['***', 'tasks', 'run', 'load_dimensions', 'tweet_pipeline', 'scheduled__2021-12-31T04:00:00+00:00', '--job-id', '154', '--raw', '--subdir', 'DAGS_FOLDER/load_redshift.py', '--cfg-path', '/tmp/tmpvrt_38hz', '--error-file', '/tmp/tmpn9g8qk8p']
[2021-12-31 22:18:36,023] {standard_task_runner.py:77} INFO - Job 154: Subtask tweet_pipeline
[2021-12-31 22:18:36,173] {logging_mixin.py:109} INFO - Running <TaskInstance: load_dimensions.tweet_pipeline scheduled__2021-12-31T04:00:00+00:00 [running]> on host 87b5e846a243
[2021-12-31 22:18:36,271] {taskinstance.py:1426} INFO - Exporting the following env vars:
AIRFLOW_CTX_DAG_OWNER=test_owner
AIRFLOW_CTX_DAG_ID=load_dimensions
AIRFLOW_CTX_TASK_ID=tweet_pipeline
AIRFLOW_CTX_EXECUTION_DATE=2021-12-31T04:00:00+00:00
AIRFLOW_CTX_DAG_RUN_ID=scheduled__2021-12-31T04:00:00+00:00
[2021-12-31 22:18:36,274] {warnings.py:110} WARNING - /home/***/.local/lib/python3.7/site-packages/***/utils/context.py:152: AirflowContextDeprecationWarning: Accessing 'execution_date' from the template is deprecated and will be removed in a future version. Please use 'data_interval_start' or 'logical_date' instead.
  warnings.warn(_create_deprecation_warning(key, self._deprecation_replacements[key]))

[2021-12-31 22:18:36,275] {warnings.py:110} WARNING - /home/***/.local/lib/python3.7/site-packages/***/utils/context.py:152: AirflowContextDeprecationWarning: Accessing 'next_ds' from the template is deprecated and will be removed in a future version. Please use '{{ data_interval_end | ds }}' instead.
  warnings.warn(_create_deprecation_warning(key, self._deprecation_replacements[key]))

[2021-12-31 22:18:36,276] {warnings.py:110} WARNING - /home/***/.local/lib/python3.7/site-packages/***/utils/context.py:152: AirflowContextDeprecationWarning: Accessing 'next_ds_nodash' from the template is deprecated and will be removed in a future version. Please use '{{ data_interval_end | ds_nodash }}' instead.
  warnings.warn(_create_deprecation_warning(key, self._deprecation_replacements[key]))

[2021-12-31 22:18:36,276] {warnings.py:110} WARNING - /home/***/.local/lib/python3.7/site-packages/***/utils/context.py:152: AirflowContextDeprecationWarning: Accessing 'next_execution_date' from the template is deprecated and will be removed in a future version. Please use 'data_interval_end' instead.
  warnings.warn(_create_deprecation_warning(key, self._deprecation_replacements[key]))

[2021-12-31 22:18:36,276] {warnings.py:110} WARNING - /home/***/.local/lib/python3.7/site-packages/***/utils/context.py:152: AirflowContextDeprecationWarning: Accessing 'prev_ds' from the template is deprecated and will be removed in a future version.
  warnings.warn(_create_deprecation_warning(key, self._deprecation_replacements[key]))

[2021-12-31 22:18:36,276] {warnings.py:110} WARNING - /home/***/.local/lib/python3.7/site-packages/***/utils/context.py:152: AirflowContextDeprecationWarning: Accessing 'prev_ds_nodash' from the template is deprecated and will be removed in a future version.
  warnings.warn(_create_deprecation_warning(key, self._deprecation_replacements[key]))

[2021-12-31 22:18:36,276] {warnings.py:110} WARNING - /home/***/.local/lib/python3.7/site-packages/***/utils/context.py:152: AirflowContextDeprecationWarning: Accessing 'prev_execution_date' from the template is deprecated and will be removed in a future version.
  warnings.warn(_create_deprecation_warning(key, self._deprecation_replacements[key]))

[2021-12-31 22:18:36,276] {warnings.py:110} WARNING - /home/***/.local/lib/python3.7/site-packages/***/utils/context.py:152: AirflowContextDeprecationWarning: Accessing 'prev_execution_date_success' from the template is deprecated and will be removed in a future version. Please use 'prev_data_interval_start_success' instead.
  warnings.warn(_create_deprecation_warning(key, self._deprecation_replacements[key]))

[2021-12-31 22:18:36,277] {warnings.py:110} WARNING - /home/***/.local/lib/python3.7/site-packages/***/utils/context.py:152: AirflowContextDeprecationWarning: Accessing 'tomorrow_ds' from the template is deprecated and will be removed in a future version.
  warnings.warn(_create_deprecation_warning(key, self._deprecation_replacements[key]))

[2021-12-31 22:18:36,277] {warnings.py:110} WARNING - /home/***/.local/lib/python3.7/site-packages/***/utils/context.py:152: AirflowContextDeprecationWarning: Accessing 'tomorrow_ds_nodash' from the template is deprecated and will be removed in a future version.
  warnings.warn(_create_deprecation_warning(key, self._deprecation_replacements[key]))

[2021-12-31 22:18:36,277] {warnings.py:110} WARNING - /home/***/.local/lib/python3.7/site-packages/***/utils/context.py:152: AirflowContextDeprecationWarning: Accessing 'yesterday_ds' from the template is deprecated and will be removed in a future version.
  warnings.warn(_create_deprecation_warning(key, self._deprecation_replacements[key]))

[2021-12-31 22:18:36,277] {warnings.py:110} WARNING - /home/***/.local/lib/python3.7/site-packages/***/utils/context.py:152: AirflowContextDeprecationWarning: Accessing 'yesterday_ds_nodash' from the template is deprecated and will be removed in a future version.
  warnings.warn(_create_deprecation_warning(key, self._deprecation_replacements[key]))

[2021-12-31 22:18:36,277] {logging_mixin.py:109} INFO - Loading dimensions
[2021-12-31 22:18:36,277] {python.py:175} INFO - Done. Returned value was: None
[2021-12-31 22:18:36,298] {taskinstance.py:1277} INFO - Marking task as SUCCESS. dag_id=load_dimensions, task_id=tweet_pipeline, execution_date=20211231T040000, start_date=20211231T221835, end_date=20211231T221836
[2021-12-31 22:18:36,354] {local_task_job.py:154} INFO - Task exited with return code 0
[2021-12-31 22:18:36,625] {local_task_job.py:264} INFO - 0 downstream tasks scheduled from follow-on schedule check
[2021-12-31 23:25:25,035] {taskinstance.py:1032} INFO - Dependencies all met for <TaskInstance: load_dimensions.tweet_pipeline scheduled__2021-12-31T04:00:00+00:00 [queued]>
[2021-12-31 23:25:25,067] {taskinstance.py:1032} INFO - Dependencies all met for <TaskInstance: load_dimensions.tweet_pipeline scheduled__2021-12-31T04:00:00+00:00 [queued]>
[2021-12-31 23:25:25,067] {taskinstance.py:1238} INFO - 
--------------------------------------------------------------------------------
[2021-12-31 23:25:25,067] {taskinstance.py:1239} INFO - Starting attempt 1 of 1
[2021-12-31 23:25:25,068] {taskinstance.py:1240} INFO - 
--------------------------------------------------------------------------------
[2021-12-31 23:25:25,089] {taskinstance.py:1259} INFO - Executing <Task(PythonOperator): tweet_pipeline> on 2021-12-31 04:00:00+00:00
[2021-12-31 23:25:25,096] {standard_task_runner.py:52} INFO - Started process 1234 to run task
[2021-12-31 23:25:25,101] {standard_task_runner.py:76} INFO - Running: ['***', 'tasks', 'run', 'load_dimensions', 'tweet_pipeline', 'scheduled__2021-12-31T04:00:00+00:00', '--job-id', '168', '--raw', '--subdir', 'DAGS_FOLDER/load_redshift.py', '--cfg-path', '/tmp/tmpqxjjn7vn', '--error-file', '/tmp/tmpwvwls6gc']
[2021-12-31 23:25:25,103] {standard_task_runner.py:77} INFO - Job 168: Subtask tweet_pipeline
[2021-12-31 23:25:25,186] {logging_mixin.py:109} INFO - Running <TaskInstance: load_dimensions.tweet_pipeline scheduled__2021-12-31T04:00:00+00:00 [running]> on host 87b5e846a243
[2021-12-31 23:25:25,355] {taskinstance.py:1426} INFO - Exporting the following env vars:
AIRFLOW_CTX_DAG_OWNER=test_owner
AIRFLOW_CTX_DAG_ID=load_dimensions
AIRFLOW_CTX_TASK_ID=tweet_pipeline
AIRFLOW_CTX_EXECUTION_DATE=2021-12-31T04:00:00+00:00
AIRFLOW_CTX_DAG_RUN_ID=scheduled__2021-12-31T04:00:00+00:00
[2021-12-31 23:25:25,357] {warnings.py:110} WARNING - /home/***/.local/lib/python3.7/site-packages/***/utils/context.py:152: AirflowContextDeprecationWarning: Accessing 'execution_date' from the template is deprecated and will be removed in a future version. Please use 'data_interval_start' or 'logical_date' instead.
  warnings.warn(_create_deprecation_warning(key, self._deprecation_replacements[key]))

[2021-12-31 23:25:25,357] {warnings.py:110} WARNING - /home/***/.local/lib/python3.7/site-packages/***/utils/context.py:152: AirflowContextDeprecationWarning: Accessing 'next_ds' from the template is deprecated and will be removed in a future version. Please use '{{ data_interval_end | ds }}' instead.
  warnings.warn(_create_deprecation_warning(key, self._deprecation_replacements[key]))

[2021-12-31 23:25:25,357] {warnings.py:110} WARNING - /home/***/.local/lib/python3.7/site-packages/***/utils/context.py:152: AirflowContextDeprecationWarning: Accessing 'next_ds_nodash' from the template is deprecated and will be removed in a future version. Please use '{{ data_interval_end | ds_nodash }}' instead.
  warnings.warn(_create_deprecation_warning(key, self._deprecation_replacements[key]))

[2021-12-31 23:25:25,357] {warnings.py:110} WARNING - /home/***/.local/lib/python3.7/site-packages/***/utils/context.py:152: AirflowContextDeprecationWarning: Accessing 'next_execution_date' from the template is deprecated and will be removed in a future version. Please use 'data_interval_end' instead.
  warnings.warn(_create_deprecation_warning(key, self._deprecation_replacements[key]))

[2021-12-31 23:25:25,358] {warnings.py:110} WARNING - /home/***/.local/lib/python3.7/site-packages/***/utils/context.py:152: AirflowContextDeprecationWarning: Accessing 'prev_ds' from the template is deprecated and will be removed in a future version.
  warnings.warn(_create_deprecation_warning(key, self._deprecation_replacements[key]))

[2021-12-31 23:25:25,358] {warnings.py:110} WARNING - /home/***/.local/lib/python3.7/site-packages/***/utils/context.py:152: AirflowContextDeprecationWarning: Accessing 'prev_ds_nodash' from the template is deprecated and will be removed in a future version.
  warnings.warn(_create_deprecation_warning(key, self._deprecation_replacements[key]))

[2021-12-31 23:25:25,358] {warnings.py:110} WARNING - /home/***/.local/lib/python3.7/site-packages/***/utils/context.py:152: AirflowContextDeprecationWarning: Accessing 'prev_execution_date' from the template is deprecated and will be removed in a future version.
  warnings.warn(_create_deprecation_warning(key, self._deprecation_replacements[key]))

[2021-12-31 23:25:25,359] {warnings.py:110} WARNING - /home/***/.local/lib/python3.7/site-packages/***/utils/context.py:152: AirflowContextDeprecationWarning: Accessing 'prev_execution_date_success' from the template is deprecated and will be removed in a future version. Please use 'prev_data_interval_start_success' instead.
  warnings.warn(_create_deprecation_warning(key, self._deprecation_replacements[key]))

[2021-12-31 23:25:25,360] {warnings.py:110} WARNING - /home/***/.local/lib/python3.7/site-packages/***/utils/context.py:152: AirflowContextDeprecationWarning: Accessing 'tomorrow_ds' from the template is deprecated and will be removed in a future version.
  warnings.warn(_create_deprecation_warning(key, self._deprecation_replacements[key]))

[2021-12-31 23:25:25,360] {warnings.py:110} WARNING - /home/***/.local/lib/python3.7/site-packages/***/utils/context.py:152: AirflowContextDeprecationWarning: Accessing 'tomorrow_ds_nodash' from the template is deprecated and will be removed in a future version.
  warnings.warn(_create_deprecation_warning(key, self._deprecation_replacements[key]))

[2021-12-31 23:25:25,360] {warnings.py:110} WARNING - /home/***/.local/lib/python3.7/site-packages/***/utils/context.py:152: AirflowContextDeprecationWarning: Accessing 'yesterday_ds' from the template is deprecated and will be removed in a future version.
  warnings.warn(_create_deprecation_warning(key, self._deprecation_replacements[key]))

[2021-12-31 23:25:25,360] {warnings.py:110} WARNING - /home/***/.local/lib/python3.7/site-packages/***/utils/context.py:152: AirflowContextDeprecationWarning: Accessing 'yesterday_ds_nodash' from the template is deprecated and will be removed in a future version.
  warnings.warn(_create_deprecation_warning(key, self._deprecation_replacements[key]))

[2021-12-31 23:25:25,361] {logging_mixin.py:109} INFO - Loading dimensions
[2021-12-31 23:25:25,361] {python.py:175} INFO - Done. Returned value was: None
[2021-12-31 23:25:25,384] {taskinstance.py:1277} INFO - Marking task as SUCCESS. dag_id=load_dimensions, task_id=tweet_pipeline, execution_date=20211231T040000, start_date=20211231T232525, end_date=20211231T232525
[2021-12-31 23:25:25,435] {local_task_job.py:154} INFO - Task exited with return code 0
[2021-12-31 23:25:25,517] {local_task_job.py:264} INFO - 1 downstream tasks scheduled from follow-on schedule check
[2021-12-31 23:26:56,525] {taskinstance.py:1032} INFO - Dependencies all met for <TaskInstance: load_dimensions.tweet_pipeline scheduled__2021-12-31T04:00:00+00:00 [queued]>
[2021-12-31 23:26:56,539] {taskinstance.py:1032} INFO - Dependencies all met for <TaskInstance: load_dimensions.tweet_pipeline scheduled__2021-12-31T04:00:00+00:00 [queued]>
[2021-12-31 23:26:56,540] {taskinstance.py:1238} INFO - 
--------------------------------------------------------------------------------
[2021-12-31 23:26:56,540] {taskinstance.py:1239} INFO - Starting attempt 1 of 1
[2021-12-31 23:26:56,540] {taskinstance.py:1240} INFO - 
--------------------------------------------------------------------------------
[2021-12-31 23:26:56,558] {taskinstance.py:1259} INFO - Executing <Task(PythonOperator): tweet_pipeline> on 2021-12-31 04:00:00+00:00
[2021-12-31 23:26:56,566] {standard_task_runner.py:52} INFO - Started process 1337 to run task
[2021-12-31 23:26:56,571] {standard_task_runner.py:76} INFO - Running: ['***', 'tasks', 'run', 'load_dimensions', 'tweet_pipeline', 'scheduled__2021-12-31T04:00:00+00:00', '--job-id', '180', '--raw', '--subdir', 'DAGS_FOLDER/load_redshift.py', '--cfg-path', '/tmp/tmpqs6iwz7g', '--error-file', '/tmp/tmpw287hy3v']
[2021-12-31 23:26:56,572] {standard_task_runner.py:77} INFO - Job 180: Subtask tweet_pipeline
[2021-12-31 23:26:56,652] {logging_mixin.py:109} INFO - Running <TaskInstance: load_dimensions.tweet_pipeline scheduled__2021-12-31T04:00:00+00:00 [running]> on host 87b5e846a243
[2021-12-31 23:26:56,726] {taskinstance.py:1426} INFO - Exporting the following env vars:
AIRFLOW_CTX_DAG_OWNER=test_owner
AIRFLOW_CTX_DAG_ID=load_dimensions
AIRFLOW_CTX_TASK_ID=tweet_pipeline
AIRFLOW_CTX_EXECUTION_DATE=2021-12-31T04:00:00+00:00
AIRFLOW_CTX_DAG_RUN_ID=scheduled__2021-12-31T04:00:00+00:00
[2021-12-31 23:26:56,728] {warnings.py:110} WARNING - /home/***/.local/lib/python3.7/site-packages/***/utils/context.py:152: AirflowContextDeprecationWarning: Accessing 'execution_date' from the template is deprecated and will be removed in a future version. Please use 'data_interval_start' or 'logical_date' instead.
  warnings.warn(_create_deprecation_warning(key, self._deprecation_replacements[key]))

[2021-12-31 23:26:56,728] {warnings.py:110} WARNING - /home/***/.local/lib/python3.7/site-packages/***/utils/context.py:152: AirflowContextDeprecationWarning: Accessing 'next_ds' from the template is deprecated and will be removed in a future version. Please use '{{ data_interval_end | ds }}' instead.
  warnings.warn(_create_deprecation_warning(key, self._deprecation_replacements[key]))

[2021-12-31 23:26:56,728] {warnings.py:110} WARNING - /home/***/.local/lib/python3.7/site-packages/***/utils/context.py:152: AirflowContextDeprecationWarning: Accessing 'next_ds_nodash' from the template is deprecated and will be removed in a future version. Please use '{{ data_interval_end | ds_nodash }}' instead.
  warnings.warn(_create_deprecation_warning(key, self._deprecation_replacements[key]))

[2021-12-31 23:26:56,729] {warnings.py:110} WARNING - /home/***/.local/lib/python3.7/site-packages/***/utils/context.py:152: AirflowContextDeprecationWarning: Accessing 'next_execution_date' from the template is deprecated and will be removed in a future version. Please use 'data_interval_end' instead.
  warnings.warn(_create_deprecation_warning(key, self._deprecation_replacements[key]))

[2021-12-31 23:26:56,729] {warnings.py:110} WARNING - /home/***/.local/lib/python3.7/site-packages/***/utils/context.py:152: AirflowContextDeprecationWarning: Accessing 'prev_ds' from the template is deprecated and will be removed in a future version.
  warnings.warn(_create_deprecation_warning(key, self._deprecation_replacements[key]))

[2021-12-31 23:26:56,729] {warnings.py:110} WARNING - /home/***/.local/lib/python3.7/site-packages/***/utils/context.py:152: AirflowContextDeprecationWarning: Accessing 'prev_ds_nodash' from the template is deprecated and will be removed in a future version.
  warnings.warn(_create_deprecation_warning(key, self._deprecation_replacements[key]))

[2021-12-31 23:26:56,729] {warnings.py:110} WARNING - /home/***/.local/lib/python3.7/site-packages/***/utils/context.py:152: AirflowContextDeprecationWarning: Accessing 'prev_execution_date' from the template is deprecated and will be removed in a future version.
  warnings.warn(_create_deprecation_warning(key, self._deprecation_replacements[key]))

[2021-12-31 23:26:56,729] {warnings.py:110} WARNING - /home/***/.local/lib/python3.7/site-packages/***/utils/context.py:152: AirflowContextDeprecationWarning: Accessing 'prev_execution_date_success' from the template is deprecated and will be removed in a future version. Please use 'prev_data_interval_start_success' instead.
  warnings.warn(_create_deprecation_warning(key, self._deprecation_replacements[key]))

[2021-12-31 23:26:56,729] {warnings.py:110} WARNING - /home/***/.local/lib/python3.7/site-packages/***/utils/context.py:152: AirflowContextDeprecationWarning: Accessing 'tomorrow_ds' from the template is deprecated and will be removed in a future version.
  warnings.warn(_create_deprecation_warning(key, self._deprecation_replacements[key]))

[2021-12-31 23:26:56,729] {warnings.py:110} WARNING - /home/***/.local/lib/python3.7/site-packages/***/utils/context.py:152: AirflowContextDeprecationWarning: Accessing 'tomorrow_ds_nodash' from the template is deprecated and will be removed in a future version.
  warnings.warn(_create_deprecation_warning(key, self._deprecation_replacements[key]))

[2021-12-31 23:26:56,729] {warnings.py:110} WARNING - /home/***/.local/lib/python3.7/site-packages/***/utils/context.py:152: AirflowContextDeprecationWarning: Accessing 'yesterday_ds' from the template is deprecated and will be removed in a future version.
  warnings.warn(_create_deprecation_warning(key, self._deprecation_replacements[key]))

[2021-12-31 23:26:56,730] {warnings.py:110} WARNING - /home/***/.local/lib/python3.7/site-packages/***/utils/context.py:152: AirflowContextDeprecationWarning: Accessing 'yesterday_ds_nodash' from the template is deprecated and will be removed in a future version.
  warnings.warn(_create_deprecation_warning(key, self._deprecation_replacements[key]))

[2021-12-31 23:26:56,730] {logging_mixin.py:109} INFO - Loading dimensions
[2021-12-31 23:26:56,730] {python.py:175} INFO - Done. Returned value was: None
[2021-12-31 23:26:56,872] {taskinstance.py:1277} INFO - Marking task as SUCCESS. dag_id=load_dimensions, task_id=tweet_pipeline, execution_date=20211231T040000, start_date=20211231T232656, end_date=20211231T232656
[2021-12-31 23:26:56,905] {local_task_job.py:154} INFO - Task exited with return code 0
[2021-12-31 23:26:56,959] {local_task_job.py:264} INFO - 1 downstream tasks scheduled from follow-on schedule check
[2021-12-31 23:35:14,735] {taskinstance.py:1032} INFO - Dependencies all met for <TaskInstance: load_dimensions.tweet_pipeline scheduled__2021-12-31T04:00:00+00:00 [queued]>
[2021-12-31 23:35:14,824] {taskinstance.py:1032} INFO - Dependencies all met for <TaskInstance: load_dimensions.tweet_pipeline scheduled__2021-12-31T04:00:00+00:00 [queued]>
[2021-12-31 23:35:14,824] {taskinstance.py:1238} INFO - 
--------------------------------------------------------------------------------
[2021-12-31 23:35:14,825] {taskinstance.py:1239} INFO - Starting attempt 1 of 1
[2021-12-31 23:35:14,825] {taskinstance.py:1240} INFO - 
--------------------------------------------------------------------------------
[2021-12-31 23:35:14,863] {taskinstance.py:1259} INFO - Executing <Task(PythonOperator): tweet_pipeline> on 2021-12-31 04:00:00+00:00
[2021-12-31 23:35:14,877] {standard_task_runner.py:52} INFO - Started process 1750 to run task
[2021-12-31 23:35:14,933] {standard_task_runner.py:76} INFO - Running: ['***', 'tasks', 'run', 'load_dimensions', 'tweet_pipeline', 'scheduled__2021-12-31T04:00:00+00:00', '--job-id', '192', '--raw', '--subdir', 'DAGS_FOLDER/load_redshift.py', '--cfg-path', '/tmp/tmp246svjj0', '--error-file', '/tmp/tmpn8pbwbgd']
[2021-12-31 23:35:14,935] {standard_task_runner.py:77} INFO - Job 192: Subtask tweet_pipeline
[2021-12-31 23:35:15,119] {logging_mixin.py:109} INFO - Running <TaskInstance: load_dimensions.tweet_pipeline scheduled__2021-12-31T04:00:00+00:00 [running]> on host 87b5e846a243
[2021-12-31 23:35:15,269] {taskinstance.py:1426} INFO - Exporting the following env vars:
AIRFLOW_CTX_DAG_OWNER=test_owner
AIRFLOW_CTX_DAG_ID=load_dimensions
AIRFLOW_CTX_TASK_ID=tweet_pipeline
AIRFLOW_CTX_EXECUTION_DATE=2021-12-31T04:00:00+00:00
AIRFLOW_CTX_DAG_RUN_ID=scheduled__2021-12-31T04:00:00+00:00
[2021-12-31 23:35:15,271] {warnings.py:110} WARNING - /home/***/.local/lib/python3.7/site-packages/***/utils/context.py:152: AirflowContextDeprecationWarning: Accessing 'execution_date' from the template is deprecated and will be removed in a future version. Please use 'data_interval_start' or 'logical_date' instead.
  warnings.warn(_create_deprecation_warning(key, self._deprecation_replacements[key]))

[2021-12-31 23:35:15,271] {warnings.py:110} WARNING - /home/***/.local/lib/python3.7/site-packages/***/utils/context.py:152: AirflowContextDeprecationWarning: Accessing 'next_ds' from the template is deprecated and will be removed in a future version. Please use '{{ data_interval_end | ds }}' instead.
  warnings.warn(_create_deprecation_warning(key, self._deprecation_replacements[key]))

[2021-12-31 23:35:15,271] {warnings.py:110} WARNING - /home/***/.local/lib/python3.7/site-packages/***/utils/context.py:152: AirflowContextDeprecationWarning: Accessing 'next_ds_nodash' from the template is deprecated and will be removed in a future version. Please use '{{ data_interval_end | ds_nodash }}' instead.
  warnings.warn(_create_deprecation_warning(key, self._deprecation_replacements[key]))

[2021-12-31 23:35:15,271] {warnings.py:110} WARNING - /home/***/.local/lib/python3.7/site-packages/***/utils/context.py:152: AirflowContextDeprecationWarning: Accessing 'next_execution_date' from the template is deprecated and will be removed in a future version. Please use 'data_interval_end' instead.
  warnings.warn(_create_deprecation_warning(key, self._deprecation_replacements[key]))

[2021-12-31 23:35:15,272] {warnings.py:110} WARNING - /home/***/.local/lib/python3.7/site-packages/***/utils/context.py:152: AirflowContextDeprecationWarning: Accessing 'prev_ds' from the template is deprecated and will be removed in a future version.
  warnings.warn(_create_deprecation_warning(key, self._deprecation_replacements[key]))

[2021-12-31 23:35:15,272] {warnings.py:110} WARNING - /home/***/.local/lib/python3.7/site-packages/***/utils/context.py:152: AirflowContextDeprecationWarning: Accessing 'prev_ds_nodash' from the template is deprecated and will be removed in a future version.
  warnings.warn(_create_deprecation_warning(key, self._deprecation_replacements[key]))

[2021-12-31 23:35:15,272] {warnings.py:110} WARNING - /home/***/.local/lib/python3.7/site-packages/***/utils/context.py:152: AirflowContextDeprecationWarning: Accessing 'prev_execution_date' from the template is deprecated and will be removed in a future version.
  warnings.warn(_create_deprecation_warning(key, self._deprecation_replacements[key]))

[2021-12-31 23:35:15,272] {warnings.py:110} WARNING - /home/***/.local/lib/python3.7/site-packages/***/utils/context.py:152: AirflowContextDeprecationWarning: Accessing 'prev_execution_date_success' from the template is deprecated and will be removed in a future version. Please use 'prev_data_interval_start_success' instead.
  warnings.warn(_create_deprecation_warning(key, self._deprecation_replacements[key]))

[2021-12-31 23:35:15,272] {warnings.py:110} WARNING - /home/***/.local/lib/python3.7/site-packages/***/utils/context.py:152: AirflowContextDeprecationWarning: Accessing 'tomorrow_ds' from the template is deprecated and will be removed in a future version.
  warnings.warn(_create_deprecation_warning(key, self._deprecation_replacements[key]))

[2021-12-31 23:35:15,272] {warnings.py:110} WARNING - /home/***/.local/lib/python3.7/site-packages/***/utils/context.py:152: AirflowContextDeprecationWarning: Accessing 'tomorrow_ds_nodash' from the template is deprecated and will be removed in a future version.
  warnings.warn(_create_deprecation_warning(key, self._deprecation_replacements[key]))

[2021-12-31 23:35:15,272] {warnings.py:110} WARNING - /home/***/.local/lib/python3.7/site-packages/***/utils/context.py:152: AirflowContextDeprecationWarning: Accessing 'yesterday_ds' from the template is deprecated and will be removed in a future version.
  warnings.warn(_create_deprecation_warning(key, self._deprecation_replacements[key]))

[2021-12-31 23:35:15,273] {warnings.py:110} WARNING - /home/***/.local/lib/python3.7/site-packages/***/utils/context.py:152: AirflowContextDeprecationWarning: Accessing 'yesterday_ds_nodash' from the template is deprecated and will be removed in a future version.
  warnings.warn(_create_deprecation_warning(key, self._deprecation_replacements[key]))

[2021-12-31 23:35:15,273] {logging_mixin.py:109} INFO - Loading dimensions
[2021-12-31 23:35:15,273] {python.py:175} INFO - Done. Returned value was: None
[2021-12-31 23:35:15,315] {taskinstance.py:1277} INFO - Marking task as SUCCESS. dag_id=load_dimensions, task_id=tweet_pipeline, execution_date=20211231T040000, start_date=20211231T233514, end_date=20211231T233515
[2021-12-31 23:35:15,422] {local_task_job.py:154} INFO - Task exited with return code 0
[2021-12-31 23:35:15,525] {local_task_job.py:264} INFO - 1 downstream tasks scheduled from follow-on schedule check
