[2021-12-31 23:43:52,768] {taskinstance.py:1032} INFO - Dependencies all met for <TaskInstance: load_dimensions.tweet_pipeline scheduled__2021-12-31T04:00:00+00:00 [queued]>
[2021-12-31 23:43:52,792] {taskinstance.py:1032} INFO - Dependencies all met for <TaskInstance: load_dimensions.tweet_pipeline scheduled__2021-12-31T04:00:00+00:00 [queued]>
[2021-12-31 23:43:52,793] {taskinstance.py:1238} INFO - 
--------------------------------------------------------------------------------
[2021-12-31 23:43:52,793] {taskinstance.py:1239} INFO - Starting attempt 2 of 2
[2021-12-31 23:43:52,793] {taskinstance.py:1240} INFO - 
--------------------------------------------------------------------------------
[2021-12-31 23:43:52,811] {taskinstance.py:1259} INFO - Executing <Task(PythonOperator): tweet_pipeline> on 2021-12-31 04:00:00+00:00
[2021-12-31 23:43:52,818] {standard_task_runner.py:52} INFO - Started process 2206 to run task
[2021-12-31 23:43:52,824] {standard_task_runner.py:76} INFO - Running: ['***', 'tasks', 'run', 'load_dimensions', 'tweet_pipeline', 'scheduled__2021-12-31T04:00:00+00:00', '--job-id', '214', '--raw', '--subdir', 'DAGS_FOLDER/load_redshift.py', '--cfg-path', '/tmp/tmptzik4edz', '--error-file', '/tmp/tmp41s2k9ak']
[2021-12-31 23:43:52,825] {standard_task_runner.py:77} INFO - Job 214: Subtask tweet_pipeline
[2021-12-31 23:43:52,891] {logging_mixin.py:109} INFO - Running <TaskInstance: load_dimensions.tweet_pipeline scheduled__2021-12-31T04:00:00+00:00 [running]> on host 87b5e846a243
[2021-12-31 23:43:52,954] {taskinstance.py:1426} INFO - Exporting the following env vars:
AIRFLOW_CTX_DAG_OWNER=test_owner
AIRFLOW_CTX_DAG_ID=load_dimensions
AIRFLOW_CTX_TASK_ID=tweet_pipeline
AIRFLOW_CTX_EXECUTION_DATE=2021-12-31T04:00:00+00:00
AIRFLOW_CTX_DAG_RUN_ID=scheduled__2021-12-31T04:00:00+00:00
[2021-12-31 23:43:52,956] {warnings.py:110} WARNING - /home/***/.local/lib/python3.7/site-packages/***/utils/context.py:152: AirflowContextDeprecationWarning: Accessing 'execution_date' from the template is deprecated and will be removed in a future version. Please use 'data_interval_start' or 'logical_date' instead.
  warnings.warn(_create_deprecation_warning(key, self._deprecation_replacements[key]))

[2021-12-31 23:43:52,957] {warnings.py:110} WARNING - /home/***/.local/lib/python3.7/site-packages/***/utils/context.py:152: AirflowContextDeprecationWarning: Accessing 'next_ds' from the template is deprecated and will be removed in a future version. Please use '{{ data_interval_end | ds }}' instead.
  warnings.warn(_create_deprecation_warning(key, self._deprecation_replacements[key]))

[2021-12-31 23:43:52,957] {warnings.py:110} WARNING - /home/***/.local/lib/python3.7/site-packages/***/utils/context.py:152: AirflowContextDeprecationWarning: Accessing 'next_ds_nodash' from the template is deprecated and will be removed in a future version. Please use '{{ data_interval_end | ds_nodash }}' instead.
  warnings.warn(_create_deprecation_warning(key, self._deprecation_replacements[key]))

[2021-12-31 23:43:52,957] {warnings.py:110} WARNING - /home/***/.local/lib/python3.7/site-packages/***/utils/context.py:152: AirflowContextDeprecationWarning: Accessing 'next_execution_date' from the template is deprecated and will be removed in a future version. Please use 'data_interval_end' instead.
  warnings.warn(_create_deprecation_warning(key, self._deprecation_replacements[key]))

[2021-12-31 23:43:52,957] {warnings.py:110} WARNING - /home/***/.local/lib/python3.7/site-packages/***/utils/context.py:152: AirflowContextDeprecationWarning: Accessing 'prev_ds' from the template is deprecated and will be removed in a future version.
  warnings.warn(_create_deprecation_warning(key, self._deprecation_replacements[key]))

[2021-12-31 23:43:52,958] {warnings.py:110} WARNING - /home/***/.local/lib/python3.7/site-packages/***/utils/context.py:152: AirflowContextDeprecationWarning: Accessing 'prev_ds_nodash' from the template is deprecated and will be removed in a future version.
  warnings.warn(_create_deprecation_warning(key, self._deprecation_replacements[key]))

[2021-12-31 23:43:52,958] {warnings.py:110} WARNING - /home/***/.local/lib/python3.7/site-packages/***/utils/context.py:152: AirflowContextDeprecationWarning: Accessing 'prev_execution_date' from the template is deprecated and will be removed in a future version.
  warnings.warn(_create_deprecation_warning(key, self._deprecation_replacements[key]))

[2021-12-31 23:43:52,958] {warnings.py:110} WARNING - /home/***/.local/lib/python3.7/site-packages/***/utils/context.py:152: AirflowContextDeprecationWarning: Accessing 'prev_execution_date_success' from the template is deprecated and will be removed in a future version. Please use 'prev_data_interval_start_success' instead.
  warnings.warn(_create_deprecation_warning(key, self._deprecation_replacements[key]))

[2021-12-31 23:43:52,958] {warnings.py:110} WARNING - /home/***/.local/lib/python3.7/site-packages/***/utils/context.py:152: AirflowContextDeprecationWarning: Accessing 'tomorrow_ds' from the template is deprecated and will be removed in a future version.
  warnings.warn(_create_deprecation_warning(key, self._deprecation_replacements[key]))

[2021-12-31 23:43:52,958] {warnings.py:110} WARNING - /home/***/.local/lib/python3.7/site-packages/***/utils/context.py:152: AirflowContextDeprecationWarning: Accessing 'tomorrow_ds_nodash' from the template is deprecated and will be removed in a future version.
  warnings.warn(_create_deprecation_warning(key, self._deprecation_replacements[key]))

[2021-12-31 23:43:52,958] {warnings.py:110} WARNING - /home/***/.local/lib/python3.7/site-packages/***/utils/context.py:152: AirflowContextDeprecationWarning: Accessing 'yesterday_ds' from the template is deprecated and will be removed in a future version.
  warnings.warn(_create_deprecation_warning(key, self._deprecation_replacements[key]))

[2021-12-31 23:43:52,958] {warnings.py:110} WARNING - /home/***/.local/lib/python3.7/site-packages/***/utils/context.py:152: AirflowContextDeprecationWarning: Accessing 'yesterday_ds_nodash' from the template is deprecated and will be removed in a future version.
  warnings.warn(_create_deprecation_warning(key, self._deprecation_replacements[key]))

[2021-12-31 23:43:52,959] {logging_mixin.py:109} INFO - Loading dimensions
[2021-12-31 23:43:52,959] {python.py:175} INFO - Done. Returned value was: None
[2021-12-31 23:43:52,974] {taskinstance.py:1277} INFO - Marking task as SUCCESS. dag_id=load_dimensions, task_id=tweet_pipeline, execution_date=20211231T040000, start_date=20211231T234352, end_date=20211231T234352
[2021-12-31 23:43:53,033] {local_task_job.py:154} INFO - Task exited with return code 0
[2021-12-31 23:43:53,100] {local_task_job.py:264} INFO - 1 downstream tasks scheduled from follow-on schedule check
