[2021-12-31 23:43:56,594] {taskinstance.py:1032} INFO - Dependencies all met for <TaskInstance: load_dimensions.tweet_transform scheduled__2021-12-31T05:00:00+00:00 [queued]>
[2021-12-31 23:43:56,603] {taskinstance.py:1032} INFO - Dependencies all met for <TaskInstance: load_dimensions.tweet_transform scheduled__2021-12-31T05:00:00+00:00 [queued]>
[2021-12-31 23:43:56,603] {taskinstance.py:1238} INFO - 
--------------------------------------------------------------------------------
[2021-12-31 23:43:56,603] {taskinstance.py:1239} INFO - Starting attempt 2 of 2
[2021-12-31 23:43:56,603] {taskinstance.py:1240} INFO - 
--------------------------------------------------------------------------------
[2021-12-31 23:43:56,616] {taskinstance.py:1259} INFO - Executing <Task(PythonOperator): tweet_transform> on 2021-12-31 05:00:00+00:00
[2021-12-31 23:43:56,622] {standard_task_runner.py:52} INFO - Started process 2240 to run task
[2021-12-31 23:43:56,625] {standard_task_runner.py:76} INFO - Running: ['***', 'tasks', 'run', 'load_dimensions', 'tweet_transform', 'scheduled__2021-12-31T05:00:00+00:00', '--job-id', '226', '--raw', '--subdir', 'DAGS_FOLDER/load_redshift.py', '--cfg-path', '/tmp/tmprp3vmf1o', '--error-file', '/tmp/tmpjacctyl4']
[2021-12-31 23:43:56,626] {standard_task_runner.py:77} INFO - Job 226: Subtask tweet_transform
[2021-12-31 23:43:56,719] {logging_mixin.py:109} INFO - Running <TaskInstance: load_dimensions.tweet_transform scheduled__2021-12-31T05:00:00+00:00 [running]> on host 87b5e846a243
[2021-12-31 23:43:56,789] {taskinstance.py:1426} INFO - Exporting the following env vars:
AIRFLOW_CTX_DAG_OWNER=test_owner
AIRFLOW_CTX_DAG_ID=load_dimensions
AIRFLOW_CTX_TASK_ID=tweet_transform
AIRFLOW_CTX_EXECUTION_DATE=2021-12-31T05:00:00+00:00
AIRFLOW_CTX_DAG_RUN_ID=scheduled__2021-12-31T05:00:00+00:00
[2021-12-31 23:43:56,791] {warnings.py:110} WARNING - /home/***/.local/lib/python3.7/site-packages/***/utils/context.py:152: AirflowContextDeprecationWarning: Accessing 'execution_date' from the template is deprecated and will be removed in a future version. Please use 'data_interval_start' or 'logical_date' instead.
  warnings.warn(_create_deprecation_warning(key, self._deprecation_replacements[key]))

[2021-12-31 23:43:56,791] {warnings.py:110} WARNING - /home/***/.local/lib/python3.7/site-packages/***/utils/context.py:152: AirflowContextDeprecationWarning: Accessing 'next_ds' from the template is deprecated and will be removed in a future version. Please use '{{ data_interval_end | ds }}' instead.
  warnings.warn(_create_deprecation_warning(key, self._deprecation_replacements[key]))

[2021-12-31 23:43:56,791] {warnings.py:110} WARNING - /home/***/.local/lib/python3.7/site-packages/***/utils/context.py:152: AirflowContextDeprecationWarning: Accessing 'next_ds_nodash' from the template is deprecated and will be removed in a future version. Please use '{{ data_interval_end | ds_nodash }}' instead.
  warnings.warn(_create_deprecation_warning(key, self._deprecation_replacements[key]))

[2021-12-31 23:43:56,791] {warnings.py:110} WARNING - /home/***/.local/lib/python3.7/site-packages/***/utils/context.py:152: AirflowContextDeprecationWarning: Accessing 'next_execution_date' from the template is deprecated and will be removed in a future version. Please use 'data_interval_end' instead.
  warnings.warn(_create_deprecation_warning(key, self._deprecation_replacements[key]))

[2021-12-31 23:43:56,791] {warnings.py:110} WARNING - /home/***/.local/lib/python3.7/site-packages/***/utils/context.py:152: AirflowContextDeprecationWarning: Accessing 'prev_ds' from the template is deprecated and will be removed in a future version.
  warnings.warn(_create_deprecation_warning(key, self._deprecation_replacements[key]))

[2021-12-31 23:43:56,791] {warnings.py:110} WARNING - /home/***/.local/lib/python3.7/site-packages/***/utils/context.py:152: AirflowContextDeprecationWarning: Accessing 'prev_ds_nodash' from the template is deprecated and will be removed in a future version.
  warnings.warn(_create_deprecation_warning(key, self._deprecation_replacements[key]))

[2021-12-31 23:43:56,791] {warnings.py:110} WARNING - /home/***/.local/lib/python3.7/site-packages/***/utils/context.py:152: AirflowContextDeprecationWarning: Accessing 'prev_execution_date' from the template is deprecated and will be removed in a future version.
  warnings.warn(_create_deprecation_warning(key, self._deprecation_replacements[key]))

[2021-12-31 23:43:56,791] {warnings.py:110} WARNING - /home/***/.local/lib/python3.7/site-packages/***/utils/context.py:152: AirflowContextDeprecationWarning: Accessing 'prev_execution_date_success' from the template is deprecated and will be removed in a future version. Please use 'prev_data_interval_start_success' instead.
  warnings.warn(_create_deprecation_warning(key, self._deprecation_replacements[key]))

[2021-12-31 23:43:56,791] {warnings.py:110} WARNING - /home/***/.local/lib/python3.7/site-packages/***/utils/context.py:152: AirflowContextDeprecationWarning: Accessing 'tomorrow_ds' from the template is deprecated and will be removed in a future version.
  warnings.warn(_create_deprecation_warning(key, self._deprecation_replacements[key]))

[2021-12-31 23:43:56,792] {warnings.py:110} WARNING - /home/***/.local/lib/python3.7/site-packages/***/utils/context.py:152: AirflowContextDeprecationWarning: Accessing 'tomorrow_ds_nodash' from the template is deprecated and will be removed in a future version.
  warnings.warn(_create_deprecation_warning(key, self._deprecation_replacements[key]))

[2021-12-31 23:43:56,792] {warnings.py:110} WARNING - /home/***/.local/lib/python3.7/site-packages/***/utils/context.py:152: AirflowContextDeprecationWarning: Accessing 'yesterday_ds' from the template is deprecated and will be removed in a future version.
  warnings.warn(_create_deprecation_warning(key, self._deprecation_replacements[key]))

[2021-12-31 23:43:56,792] {warnings.py:110} WARNING - /home/***/.local/lib/python3.7/site-packages/***/utils/context.py:152: AirflowContextDeprecationWarning: Accessing 'yesterday_ds_nodash' from the template is deprecated and will be removed in a future version.
  warnings.warn(_create_deprecation_warning(key, self._deprecation_replacements[key]))

[2021-12-31 23:43:56,792] {logging_mixin.py:109} INFO - Transform
[2021-12-31 23:43:56,807] {warnings.py:110} WARNING - /opt/***/dags/load_redshift.py:92: FutureWarning: In a future version of pandas all arguments of DataFrame.drop except for the argument 'labels' will be keyword-only
  data = merged_db.drop(['text', 'original_id', 'referenced_tweets', 'referenced_tweets_id'], 1)

[2021-12-31 23:43:56,811] {warnings.py:110} WARNING - /opt/***/dags/load_redshift.py:93: FutureWarning: In a future version of pandas all arguments of DataFrame.drop except for the argument 'labels' will be keyword-only
  data = data.merge(user_info[['id', 'location']], how='left', left_on='author_id', right_on='id', suffixes=['','_y']).drop('id_y', 1)

[2021-12-31 23:43:56,815] {python.py:175} INFO - Done. Returned value was: None
[2021-12-31 23:43:56,827] {taskinstance.py:1277} INFO - Marking task as SUCCESS. dag_id=load_dimensions, task_id=tweet_transform, execution_date=20211231T050000, start_date=20211231T234356, end_date=20211231T234356
[2021-12-31 23:43:56,878] {local_task_job.py:154} INFO - Task exited with return code 0
[2021-12-31 23:43:56,907] {local_task_job.py:264} INFO - 1 downstream tasks scheduled from follow-on schedule check
[2022-01-05 05:25:07,784] {taskinstance.py:1032} INFO - Dependencies all met for <TaskInstance: load_dimensions.tweet_transform scheduled__2021-12-31T05:00:00+00:00 [queued]>
[2022-01-05 05:25:07,930] {taskinstance.py:1032} INFO - Dependencies all met for <TaskInstance: load_dimensions.tweet_transform scheduled__2021-12-31T05:00:00+00:00 [queued]>
[2022-01-05 05:25:07,930] {taskinstance.py:1238} INFO - 
--------------------------------------------------------------------------------
[2022-01-05 05:25:07,931] {taskinstance.py:1239} INFO - Starting attempt 2 of 2
[2022-01-05 05:25:07,931] {taskinstance.py:1240} INFO - 
--------------------------------------------------------------------------------
[2022-01-05 05:25:08,042] {taskinstance.py:1259} INFO - Executing <Task(PythonOperator): tweet_transform> on 2021-12-31 05:00:00+00:00
[2022-01-05 05:25:08,054] {standard_task_runner.py:52} INFO - Started process 3363 to run task
[2022-01-05 05:25:08,067] {standard_task_runner.py:76} INFO - Running: ['***', 'tasks', 'run', 'load_dimensions', 'tweet_transform', 'scheduled__2021-12-31T05:00:00+00:00', '--job-id', '86', '--raw', '--subdir', 'DAGS_FOLDER/load_redshift.py', '--cfg-path', '/tmp/tmptxlc12py', '--error-file', '/tmp/tmpltkl62za']
[2022-01-05 05:25:08,068] {standard_task_runner.py:77} INFO - Job 86: Subtask tweet_transform
[2022-01-05 05:25:08,360] {logging_mixin.py:109} INFO - Running <TaskInstance: load_dimensions.tweet_transform scheduled__2021-12-31T05:00:00+00:00 [running]> on host 2b1d65872a35
[2022-01-05 05:25:08,599] {taskinstance.py:1426} INFO - Exporting the following env vars:
AIRFLOW_CTX_DAG_OWNER=test_owner
AIRFLOW_CTX_DAG_ID=load_dimensions
AIRFLOW_CTX_TASK_ID=tweet_transform
AIRFLOW_CTX_EXECUTION_DATE=2021-12-31T05:00:00+00:00
AIRFLOW_CTX_DAG_RUN_ID=scheduled__2021-12-31T05:00:00+00:00
[2022-01-05 05:25:08,607] {warnings.py:110} WARNING - /home/***/.local/lib/python3.7/site-packages/***/utils/context.py:152: AirflowContextDeprecationWarning: Accessing 'execution_date' from the template is deprecated and will be removed in a future version. Please use 'data_interval_start' or 'logical_date' instead.
  warnings.warn(_create_deprecation_warning(key, self._deprecation_replacements[key]))

[2022-01-05 05:25:08,607] {warnings.py:110} WARNING - /home/***/.local/lib/python3.7/site-packages/***/utils/context.py:152: AirflowContextDeprecationWarning: Accessing 'next_ds' from the template is deprecated and will be removed in a future version. Please use '{{ data_interval_end | ds }}' instead.
  warnings.warn(_create_deprecation_warning(key, self._deprecation_replacements[key]))

[2022-01-05 05:25:08,607] {warnings.py:110} WARNING - /home/***/.local/lib/python3.7/site-packages/***/utils/context.py:152: AirflowContextDeprecationWarning: Accessing 'next_ds_nodash' from the template is deprecated and will be removed in a future version. Please use '{{ data_interval_end | ds_nodash }}' instead.
  warnings.warn(_create_deprecation_warning(key, self._deprecation_replacements[key]))

[2022-01-05 05:25:08,607] {warnings.py:110} WARNING - /home/***/.local/lib/python3.7/site-packages/***/utils/context.py:152: AirflowContextDeprecationWarning: Accessing 'next_execution_date' from the template is deprecated and will be removed in a future version. Please use 'data_interval_end' instead.
  warnings.warn(_create_deprecation_warning(key, self._deprecation_replacements[key]))

[2022-01-05 05:25:08,608] {warnings.py:110} WARNING - /home/***/.local/lib/python3.7/site-packages/***/utils/context.py:152: AirflowContextDeprecationWarning: Accessing 'prev_ds' from the template is deprecated and will be removed in a future version.
  warnings.warn(_create_deprecation_warning(key, self._deprecation_replacements[key]))

[2022-01-05 05:25:08,608] {warnings.py:110} WARNING - /home/***/.local/lib/python3.7/site-packages/***/utils/context.py:152: AirflowContextDeprecationWarning: Accessing 'prev_ds_nodash' from the template is deprecated and will be removed in a future version.
  warnings.warn(_create_deprecation_warning(key, self._deprecation_replacements[key]))

[2022-01-05 05:25:08,608] {warnings.py:110} WARNING - /home/***/.local/lib/python3.7/site-packages/***/utils/context.py:152: AirflowContextDeprecationWarning: Accessing 'prev_execution_date' from the template is deprecated and will be removed in a future version.
  warnings.warn(_create_deprecation_warning(key, self._deprecation_replacements[key]))

[2022-01-05 05:25:08,608] {warnings.py:110} WARNING - /home/***/.local/lib/python3.7/site-packages/***/utils/context.py:152: AirflowContextDeprecationWarning: Accessing 'prev_execution_date_success' from the template is deprecated and will be removed in a future version. Please use 'prev_data_interval_start_success' instead.
  warnings.warn(_create_deprecation_warning(key, self._deprecation_replacements[key]))

[2022-01-05 05:25:08,608] {warnings.py:110} WARNING - /home/***/.local/lib/python3.7/site-packages/***/utils/context.py:152: AirflowContextDeprecationWarning: Accessing 'tomorrow_ds' from the template is deprecated and will be removed in a future version.
  warnings.warn(_create_deprecation_warning(key, self._deprecation_replacements[key]))

[2022-01-05 05:25:08,608] {warnings.py:110} WARNING - /home/***/.local/lib/python3.7/site-packages/***/utils/context.py:152: AirflowContextDeprecationWarning: Accessing 'tomorrow_ds_nodash' from the template is deprecated and will be removed in a future version.
  warnings.warn(_create_deprecation_warning(key, self._deprecation_replacements[key]))

[2022-01-05 05:25:08,608] {warnings.py:110} WARNING - /home/***/.local/lib/python3.7/site-packages/***/utils/context.py:152: AirflowContextDeprecationWarning: Accessing 'yesterday_ds' from the template is deprecated and will be removed in a future version.
  warnings.warn(_create_deprecation_warning(key, self._deprecation_replacements[key]))

[2022-01-05 05:25:08,608] {warnings.py:110} WARNING - /home/***/.local/lib/python3.7/site-packages/***/utils/context.py:152: AirflowContextDeprecationWarning: Accessing 'yesterday_ds_nodash' from the template is deprecated and will be removed in a future version.
  warnings.warn(_create_deprecation_warning(key, self._deprecation_replacements[key]))

[2022-01-05 05:25:08,609] {logging_mixin.py:109} INFO - Transform
[2022-01-05 05:25:08,641] {warnings.py:110} WARNING - /opt/***/dags/load_redshift.py:108: FutureWarning: In a future version of pandas all arguments of DataFrame.drop except for the argument 'labels' will be keyword-only
  data = merged_db.drop(['text', 'original_id', 'referenced_tweets', 'referenced_tweets_id'], 1)

[2022-01-05 05:25:08,654] {warnings.py:110} WARNING - /opt/***/dags/load_redshift.py:109: FutureWarning: In a future version of pandas all arguments of DataFrame.drop except for the argument 'labels' will be keyword-only
  data = data.merge(user_info[['id', 'location']], how='left', left_on='author_id', right_on='id', suffixes=['','_y']).drop('id_y', 1)

[2022-01-05 05:25:08,669] {python.py:175} INFO - Done. Returned value was: None
[2022-01-05 07:07:00,348] {taskinstance.py:1032} INFO - Dependencies all met for <TaskInstance: load_dimensions.tweet_transform scheduled__2021-12-31T05:00:00+00:00 [queued]>
[2022-01-05 07:07:00,397] {taskinstance.py:1032} INFO - Dependencies all met for <TaskInstance: load_dimensions.tweet_transform scheduled__2021-12-31T05:00:00+00:00 [queued]>
[2022-01-05 07:07:00,398] {taskinstance.py:1238} INFO - 
--------------------------------------------------------------------------------
[2022-01-05 07:07:00,398] {taskinstance.py:1239} INFO - Starting attempt 2 of 2
[2022-01-05 07:07:00,398] {taskinstance.py:1240} INFO - 
--------------------------------------------------------------------------------
[2022-01-05 07:07:00,428] {taskinstance.py:1259} INFO - Executing <Task(PythonOperator): tweet_transform> on 2021-12-31 05:00:00+00:00
[2022-01-05 07:07:00,445] {standard_task_runner.py:52} INFO - Started process 404 to run task
[2022-01-05 07:07:00,451] {standard_task_runner.py:76} INFO - Running: ['***', 'tasks', 'run', 'load_dimensions', 'tweet_transform', 'scheduled__2021-12-31T05:00:00+00:00', '--job-id', '352', '--raw', '--subdir', 'DAGS_FOLDER/load_redshift.py', '--cfg-path', '/tmp/tmpz94vjpvj', '--error-file', '/tmp/tmpqv0_t1xs']
[2022-01-05 07:07:00,454] {standard_task_runner.py:77} INFO - Job 352: Subtask tweet_transform
[2022-01-05 07:07:00,607] {logging_mixin.py:109} INFO - Running <TaskInstance: load_dimensions.tweet_transform scheduled__2021-12-31T05:00:00+00:00 [running]> on host e544fdb7c66e
[2022-01-05 07:07:00,847] {taskinstance.py:1426} INFO - Exporting the following env vars:
AIRFLOW_CTX_DAG_OWNER=test_owner
AIRFLOW_CTX_DAG_ID=load_dimensions
AIRFLOW_CTX_TASK_ID=tweet_transform
AIRFLOW_CTX_EXECUTION_DATE=2021-12-31T05:00:00+00:00
AIRFLOW_CTX_DAG_RUN_ID=scheduled__2021-12-31T05:00:00+00:00
[2022-01-05 07:07:00,848] {warnings.py:110} WARNING - /home/***/.local/lib/python3.7/site-packages/***/utils/context.py:152: AirflowContextDeprecationWarning: Accessing 'execution_date' from the template is deprecated and will be removed in a future version. Please use 'data_interval_start' or 'logical_date' instead.
  warnings.warn(_create_deprecation_warning(key, self._deprecation_replacements[key]))

[2022-01-05 07:07:00,849] {warnings.py:110} WARNING - /home/***/.local/lib/python3.7/site-packages/***/utils/context.py:152: AirflowContextDeprecationWarning: Accessing 'next_ds' from the template is deprecated and will be removed in a future version. Please use '{{ data_interval_end | ds }}' instead.
  warnings.warn(_create_deprecation_warning(key, self._deprecation_replacements[key]))

[2022-01-05 07:07:00,849] {warnings.py:110} WARNING - /home/***/.local/lib/python3.7/site-packages/***/utils/context.py:152: AirflowContextDeprecationWarning: Accessing 'next_ds_nodash' from the template is deprecated and will be removed in a future version. Please use '{{ data_interval_end | ds_nodash }}' instead.
  warnings.warn(_create_deprecation_warning(key, self._deprecation_replacements[key]))

[2022-01-05 07:07:00,849] {warnings.py:110} WARNING - /home/***/.local/lib/python3.7/site-packages/***/utils/context.py:152: AirflowContextDeprecationWarning: Accessing 'next_execution_date' from the template is deprecated and will be removed in a future version. Please use 'data_interval_end' instead.
  warnings.warn(_create_deprecation_warning(key, self._deprecation_replacements[key]))

[2022-01-05 07:07:00,849] {warnings.py:110} WARNING - /home/***/.local/lib/python3.7/site-packages/***/utils/context.py:152: AirflowContextDeprecationWarning: Accessing 'prev_ds' from the template is deprecated and will be removed in a future version.
  warnings.warn(_create_deprecation_warning(key, self._deprecation_replacements[key]))

[2022-01-05 07:07:00,849] {warnings.py:110} WARNING - /home/***/.local/lib/python3.7/site-packages/***/utils/context.py:152: AirflowContextDeprecationWarning: Accessing 'prev_ds_nodash' from the template is deprecated and will be removed in a future version.
  warnings.warn(_create_deprecation_warning(key, self._deprecation_replacements[key]))

[2022-01-05 07:07:00,849] {warnings.py:110} WARNING - /home/***/.local/lib/python3.7/site-packages/***/utils/context.py:152: AirflowContextDeprecationWarning: Accessing 'prev_execution_date' from the template is deprecated and will be removed in a future version.
  warnings.warn(_create_deprecation_warning(key, self._deprecation_replacements[key]))

[2022-01-05 07:07:00,849] {warnings.py:110} WARNING - /home/***/.local/lib/python3.7/site-packages/***/utils/context.py:152: AirflowContextDeprecationWarning: Accessing 'prev_execution_date_success' from the template is deprecated and will be removed in a future version. Please use 'prev_data_interval_start_success' instead.
  warnings.warn(_create_deprecation_warning(key, self._deprecation_replacements[key]))

[2022-01-05 07:07:00,850] {warnings.py:110} WARNING - /home/***/.local/lib/python3.7/site-packages/***/utils/context.py:152: AirflowContextDeprecationWarning: Accessing 'tomorrow_ds' from the template is deprecated and will be removed in a future version.
  warnings.warn(_create_deprecation_warning(key, self._deprecation_replacements[key]))

[2022-01-05 07:07:00,850] {warnings.py:110} WARNING - /home/***/.local/lib/python3.7/site-packages/***/utils/context.py:152: AirflowContextDeprecationWarning: Accessing 'tomorrow_ds_nodash' from the template is deprecated and will be removed in a future version.
  warnings.warn(_create_deprecation_warning(key, self._deprecation_replacements[key]))

[2022-01-05 07:07:00,850] {warnings.py:110} WARNING - /home/***/.local/lib/python3.7/site-packages/***/utils/context.py:152: AirflowContextDeprecationWarning: Accessing 'yesterday_ds' from the template is deprecated and will be removed in a future version.
  warnings.warn(_create_deprecation_warning(key, self._deprecation_replacements[key]))

[2022-01-05 07:07:00,850] {warnings.py:110} WARNING - /home/***/.local/lib/python3.7/site-packages/***/utils/context.py:152: AirflowContextDeprecationWarning: Accessing 'yesterday_ds_nodash' from the template is deprecated and will be removed in a future version.
  warnings.warn(_create_deprecation_warning(key, self._deprecation_replacements[key]))

[2022-01-05 07:07:00,863] {logging_mixin.py:109} INFO - Transform
[2022-01-05 07:07:00,901] {warnings.py:110} WARNING - /opt/***/dags/load_redshift.py:108: FutureWarning: In a future version of pandas all arguments of DataFrame.drop except for the argument 'labels' will be keyword-only
  data = merged_db.drop(['text', 'original_id', 'referenced_tweets', 'referenced_tweets_id'], 1)

[2022-01-05 07:07:00,913] {warnings.py:110} WARNING - /opt/***/dags/load_redshift.py:109: FutureWarning: In a future version of pandas all arguments of DataFrame.drop except for the argument 'labels' will be keyword-only
  data = data.merge(user_info[['id', 'location']], how='left', left_on='author_id', right_on='id', suffixes=['','_y']).drop('id_y', 1)

[2022-01-05 07:07:00,936] {python.py:175} INFO - Done. Returned value was: None
[2022-01-05 07:07:01,057] {taskinstance.py:1277} INFO - Marking task as SUCCESS. dag_id=load_dimensions, task_id=tweet_transform, execution_date=20211231T050000, start_date=20220105T070700, end_date=20220105T070701
[2022-01-05 07:07:01,137] {local_task_job.py:154} INFO - Task exited with return code 0
[2022-01-05 07:07:01,340] {local_task_job.py:264} INFO - 1 downstream tasks scheduled from follow-on schedule check
