[2021-12-31 21:42:49,781] {taskinstance.py:1032} INFO - Dependencies all met for <TaskInstance: load_dimensions.tweet_pipeline scheduled__2021-12-31T05:00:00+00:00 [queued]>
[2021-12-31 21:42:49,791] {taskinstance.py:1032} INFO - Dependencies all met for <TaskInstance: load_dimensions.tweet_pipeline scheduled__2021-12-31T05:00:00+00:00 [queued]>
[2021-12-31 21:42:49,791] {taskinstance.py:1238} INFO - 
--------------------------------------------------------------------------------
[2021-12-31 21:42:49,791] {taskinstance.py:1239} INFO - Starting attempt 1 of 1
[2021-12-31 21:42:49,791] {taskinstance.py:1240} INFO - 
--------------------------------------------------------------------------------
[2021-12-31 21:42:49,803] {taskinstance.py:1259} INFO - Executing <Task(PythonOperator): tweet_pipeline> on 2021-12-31 05:00:00+00:00
[2021-12-31 21:42:49,807] {standard_task_runner.py:52} INFO - Started process 8831 to run task
[2021-12-31 21:42:49,810] {standard_task_runner.py:76} INFO - Running: ['***', 'tasks', 'run', 'load_dimensions', 'tweet_pipeline', 'scheduled__2021-12-31T05:00:00+00:00', '--job-id', '44', '--raw', '--subdir', 'DAGS_FOLDER/load_redshift.py', '--cfg-path', '/tmp/tmp9kd26co4', '--error-file', '/tmp/tmppqb64v0l']
[2021-12-31 21:42:49,810] {standard_task_runner.py:77} INFO - Job 44: Subtask tweet_pipeline
[2021-12-31 21:42:49,854] {logging_mixin.py:109} INFO - Running <TaskInstance: load_dimensions.tweet_pipeline scheduled__2021-12-31T05:00:00+00:00 [running]> on host 87b5e846a243
[2021-12-31 21:42:49,899] {taskinstance.py:1426} INFO - Exporting the following env vars:
AIRFLOW_CTX_DAG_OWNER=test_owner
AIRFLOW_CTX_DAG_ID=load_dimensions
AIRFLOW_CTX_TASK_ID=tweet_pipeline
AIRFLOW_CTX_EXECUTION_DATE=2021-12-31T05:00:00+00:00
AIRFLOW_CTX_DAG_RUN_ID=scheduled__2021-12-31T05:00:00+00:00
[2021-12-31 21:42:49,901] {warnings.py:110} WARNING - /home/***/.local/lib/python3.7/site-packages/***/utils/context.py:152: AirflowContextDeprecationWarning: Accessing 'execution_date' from the template is deprecated and will be removed in a future version. Please use 'data_interval_start' or 'logical_date' instead.
  warnings.warn(_create_deprecation_warning(key, self._deprecation_replacements[key]))

[2021-12-31 21:42:49,901] {warnings.py:110} WARNING - /home/***/.local/lib/python3.7/site-packages/***/utils/context.py:152: AirflowContextDeprecationWarning: Accessing 'next_ds' from the template is deprecated and will be removed in a future version. Please use '{{ data_interval_end | ds }}' instead.
  warnings.warn(_create_deprecation_warning(key, self._deprecation_replacements[key]))

[2021-12-31 21:42:49,901] {warnings.py:110} WARNING - /home/***/.local/lib/python3.7/site-packages/***/utils/context.py:152: AirflowContextDeprecationWarning: Accessing 'next_ds_nodash' from the template is deprecated and will be removed in a future version. Please use '{{ data_interval_end | ds_nodash }}' instead.
  warnings.warn(_create_deprecation_warning(key, self._deprecation_replacements[key]))

[2021-12-31 21:42:49,901] {warnings.py:110} WARNING - /home/***/.local/lib/python3.7/site-packages/***/utils/context.py:152: AirflowContextDeprecationWarning: Accessing 'next_execution_date' from the template is deprecated and will be removed in a future version. Please use 'data_interval_end' instead.
  warnings.warn(_create_deprecation_warning(key, self._deprecation_replacements[key]))

[2021-12-31 21:42:49,901] {warnings.py:110} WARNING - /home/***/.local/lib/python3.7/site-packages/***/utils/context.py:152: AirflowContextDeprecationWarning: Accessing 'prev_ds' from the template is deprecated and will be removed in a future version.
  warnings.warn(_create_deprecation_warning(key, self._deprecation_replacements[key]))

[2021-12-31 21:42:49,901] {warnings.py:110} WARNING - /home/***/.local/lib/python3.7/site-packages/***/utils/context.py:152: AirflowContextDeprecationWarning: Accessing 'prev_ds_nodash' from the template is deprecated and will be removed in a future version.
  warnings.warn(_create_deprecation_warning(key, self._deprecation_replacements[key]))

[2021-12-31 21:42:49,901] {warnings.py:110} WARNING - /home/***/.local/lib/python3.7/site-packages/***/utils/context.py:152: AirflowContextDeprecationWarning: Accessing 'prev_execution_date' from the template is deprecated and will be removed in a future version.
  warnings.warn(_create_deprecation_warning(key, self._deprecation_replacements[key]))

[2021-12-31 21:42:49,901] {warnings.py:110} WARNING - /home/***/.local/lib/python3.7/site-packages/***/utils/context.py:152: AirflowContextDeprecationWarning: Accessing 'prev_execution_date_success' from the template is deprecated and will be removed in a future version. Please use 'prev_data_interval_start_success' instead.
  warnings.warn(_create_deprecation_warning(key, self._deprecation_replacements[key]))

[2021-12-31 21:42:49,901] {warnings.py:110} WARNING - /home/***/.local/lib/python3.7/site-packages/***/utils/context.py:152: AirflowContextDeprecationWarning: Accessing 'tomorrow_ds' from the template is deprecated and will be removed in a future version.
  warnings.warn(_create_deprecation_warning(key, self._deprecation_replacements[key]))

[2021-12-31 21:42:49,902] {warnings.py:110} WARNING - /home/***/.local/lib/python3.7/site-packages/***/utils/context.py:152: AirflowContextDeprecationWarning: Accessing 'tomorrow_ds_nodash' from the template is deprecated and will be removed in a future version.
  warnings.warn(_create_deprecation_warning(key, self._deprecation_replacements[key]))

[2021-12-31 21:42:49,902] {warnings.py:110} WARNING - /home/***/.local/lib/python3.7/site-packages/***/utils/context.py:152: AirflowContextDeprecationWarning: Accessing 'yesterday_ds' from the template is deprecated and will be removed in a future version.
  warnings.warn(_create_deprecation_warning(key, self._deprecation_replacements[key]))

[2021-12-31 21:42:49,902] {warnings.py:110} WARNING - /home/***/.local/lib/python3.7/site-packages/***/utils/context.py:152: AirflowContextDeprecationWarning: Accessing 'yesterday_ds_nodash' from the template is deprecated and will be removed in a future version.
  warnings.warn(_create_deprecation_warning(key, self._deprecation_replacements[key]))

[2021-12-31 21:42:49,902] {logging_mixin.py:109} INFO - Loading dimensions
[2021-12-31 21:42:49,902] {python.py:175} INFO - Done. Returned value was: None
[2021-12-31 21:42:49,911] {taskinstance.py:1277} INFO - Marking task as SUCCESS. dag_id=load_dimensions, task_id=tweet_pipeline, execution_date=20211231T050000, start_date=20211231T214249, end_date=20211231T214249
[2021-12-31 21:42:49,941] {local_task_job.py:154} INFO - Task exited with return code 0
[2021-12-31 21:42:49,975] {local_task_job.py:264} INFO - 1 downstream tasks scheduled from follow-on schedule check
[2021-12-31 21:52:14,793] {taskinstance.py:1032} INFO - Dependencies all met for <TaskInstance: load_dimensions.tweet_pipeline scheduled__2021-12-31T05:00:00+00:00 [queued]>
[2021-12-31 21:52:14,810] {taskinstance.py:1032} INFO - Dependencies all met for <TaskInstance: load_dimensions.tweet_pipeline scheduled__2021-12-31T05:00:00+00:00 [queued]>
[2021-12-31 21:52:14,811] {taskinstance.py:1238} INFO - 
--------------------------------------------------------------------------------
[2021-12-31 21:52:14,811] {taskinstance.py:1239} INFO - Starting attempt 1 of 1
[2021-12-31 21:52:14,811] {taskinstance.py:1240} INFO - 
--------------------------------------------------------------------------------
[2021-12-31 21:52:14,832] {taskinstance.py:1259} INFO - Executing <Task(PythonOperator): tweet_pipeline> on 2021-12-31 05:00:00+00:00
[2021-12-31 21:52:14,842] {standard_task_runner.py:52} INFO - Started process 9293 to run task
[2021-12-31 21:52:14,850] {standard_task_runner.py:76} INFO - Running: ['***', 'tasks', 'run', 'load_dimensions', 'tweet_pipeline', 'scheduled__2021-12-31T05:00:00+00:00', '--job-id', '58', '--raw', '--subdir', 'DAGS_FOLDER/load_redshift.py', '--cfg-path', '/tmp/tmpvo04mo17', '--error-file', '/tmp/tmpbzs6fcs_']
[2021-12-31 21:52:14,851] {standard_task_runner.py:77} INFO - Job 58: Subtask tweet_pipeline
[2021-12-31 21:52:14,947] {logging_mixin.py:109} INFO - Running <TaskInstance: load_dimensions.tweet_pipeline scheduled__2021-12-31T05:00:00+00:00 [running]> on host 87b5e846a243
[2021-12-31 21:52:15,054] {taskinstance.py:1426} INFO - Exporting the following env vars:
AIRFLOW_CTX_DAG_OWNER=test_owner
AIRFLOW_CTX_DAG_ID=load_dimensions
AIRFLOW_CTX_TASK_ID=tweet_pipeline
AIRFLOW_CTX_EXECUTION_DATE=2021-12-31T05:00:00+00:00
AIRFLOW_CTX_DAG_RUN_ID=scheduled__2021-12-31T05:00:00+00:00
[2021-12-31 21:52:15,056] {warnings.py:110} WARNING - /home/***/.local/lib/python3.7/site-packages/***/utils/context.py:152: AirflowContextDeprecationWarning: Accessing 'execution_date' from the template is deprecated and will be removed in a future version. Please use 'data_interval_start' or 'logical_date' instead.
  warnings.warn(_create_deprecation_warning(key, self._deprecation_replacements[key]))

[2021-12-31 21:52:15,056] {warnings.py:110} WARNING - /home/***/.local/lib/python3.7/site-packages/***/utils/context.py:152: AirflowContextDeprecationWarning: Accessing 'next_ds' from the template is deprecated and will be removed in a future version. Please use '{{ data_interval_end | ds }}' instead.
  warnings.warn(_create_deprecation_warning(key, self._deprecation_replacements[key]))

[2021-12-31 21:52:15,056] {warnings.py:110} WARNING - /home/***/.local/lib/python3.7/site-packages/***/utils/context.py:152: AirflowContextDeprecationWarning: Accessing 'next_ds_nodash' from the template is deprecated and will be removed in a future version. Please use '{{ data_interval_end | ds_nodash }}' instead.
  warnings.warn(_create_deprecation_warning(key, self._deprecation_replacements[key]))

[2021-12-31 21:52:15,057] {warnings.py:110} WARNING - /home/***/.local/lib/python3.7/site-packages/***/utils/context.py:152: AirflowContextDeprecationWarning: Accessing 'next_execution_date' from the template is deprecated and will be removed in a future version. Please use 'data_interval_end' instead.
  warnings.warn(_create_deprecation_warning(key, self._deprecation_replacements[key]))

[2021-12-31 21:52:15,057] {warnings.py:110} WARNING - /home/***/.local/lib/python3.7/site-packages/***/utils/context.py:152: AirflowContextDeprecationWarning: Accessing 'prev_ds' from the template is deprecated and will be removed in a future version.
  warnings.warn(_create_deprecation_warning(key, self._deprecation_replacements[key]))

[2021-12-31 21:52:15,057] {warnings.py:110} WARNING - /home/***/.local/lib/python3.7/site-packages/***/utils/context.py:152: AirflowContextDeprecationWarning: Accessing 'prev_ds_nodash' from the template is deprecated and will be removed in a future version.
  warnings.warn(_create_deprecation_warning(key, self._deprecation_replacements[key]))

[2021-12-31 21:52:15,057] {warnings.py:110} WARNING - /home/***/.local/lib/python3.7/site-packages/***/utils/context.py:152: AirflowContextDeprecationWarning: Accessing 'prev_execution_date' from the template is deprecated and will be removed in a future version.
  warnings.warn(_create_deprecation_warning(key, self._deprecation_replacements[key]))

[2021-12-31 21:52:15,060] {warnings.py:110} WARNING - /home/***/.local/lib/python3.7/site-packages/***/utils/context.py:152: AirflowContextDeprecationWarning: Accessing 'prev_execution_date_success' from the template is deprecated and will be removed in a future version. Please use 'prev_data_interval_start_success' instead.
  warnings.warn(_create_deprecation_warning(key, self._deprecation_replacements[key]))

[2021-12-31 21:52:15,061] {warnings.py:110} WARNING - /home/***/.local/lib/python3.7/site-packages/***/utils/context.py:152: AirflowContextDeprecationWarning: Accessing 'tomorrow_ds' from the template is deprecated and will be removed in a future version.
  warnings.warn(_create_deprecation_warning(key, self._deprecation_replacements[key]))

[2021-12-31 21:52:15,061] {warnings.py:110} WARNING - /home/***/.local/lib/python3.7/site-packages/***/utils/context.py:152: AirflowContextDeprecationWarning: Accessing 'tomorrow_ds_nodash' from the template is deprecated and will be removed in a future version.
  warnings.warn(_create_deprecation_warning(key, self._deprecation_replacements[key]))

[2021-12-31 21:52:15,061] {warnings.py:110} WARNING - /home/***/.local/lib/python3.7/site-packages/***/utils/context.py:152: AirflowContextDeprecationWarning: Accessing 'yesterday_ds' from the template is deprecated and will be removed in a future version.
  warnings.warn(_create_deprecation_warning(key, self._deprecation_replacements[key]))

[2021-12-31 21:52:15,061] {warnings.py:110} WARNING - /home/***/.local/lib/python3.7/site-packages/***/utils/context.py:152: AirflowContextDeprecationWarning: Accessing 'yesterday_ds_nodash' from the template is deprecated and will be removed in a future version.
  warnings.warn(_create_deprecation_warning(key, self._deprecation_replacements[key]))

[2021-12-31 21:52:15,061] {logging_mixin.py:109} INFO - Loading dimensions
[2021-12-31 21:52:15,062] {python.py:175} INFO - Done. Returned value was: None
[2021-12-31 21:52:15,124] {taskinstance.py:1277} INFO - Marking task as SUCCESS. dag_id=load_dimensions, task_id=tweet_pipeline, execution_date=20211231T050000, start_date=20211231T215214, end_date=20211231T215215
[2021-12-31 21:52:15,187] {local_task_job.py:154} INFO - Task exited with return code 0
[2021-12-31 21:52:15,266] {local_task_job.py:264} INFO - 1 downstream tasks scheduled from follow-on schedule check
[2021-12-31 21:52:46,487] {taskinstance.py:1032} INFO - Dependencies all met for <TaskInstance: load_dimensions.tweet_pipeline scheduled__2021-12-31T05:00:00+00:00 [queued]>
[2021-12-31 21:52:46,503] {taskinstance.py:1032} INFO - Dependencies all met for <TaskInstance: load_dimensions.tweet_pipeline scheduled__2021-12-31T05:00:00+00:00 [queued]>
[2021-12-31 21:52:46,503] {taskinstance.py:1238} INFO - 
--------------------------------------------------------------------------------
[2021-12-31 21:52:46,503] {taskinstance.py:1239} INFO - Starting attempt 1 of 1
[2021-12-31 21:52:46,503] {taskinstance.py:1240} INFO - 
--------------------------------------------------------------------------------
[2021-12-31 21:52:46,523] {taskinstance.py:1259} INFO - Executing <Task(PythonOperator): tweet_pipeline> on 2021-12-31 05:00:00+00:00
[2021-12-31 21:52:46,530] {standard_task_runner.py:52} INFO - Started process 9358 to run task
[2021-12-31 21:52:46,537] {standard_task_runner.py:76} INFO - Running: ['***', 'tasks', 'run', 'load_dimensions', 'tweet_pipeline', 'scheduled__2021-12-31T05:00:00+00:00', '--job-id', '70', '--raw', '--subdir', 'DAGS_FOLDER/load_redshift.py', '--cfg-path', '/tmp/tmplg1tbz4s', '--error-file', '/tmp/tmp4t_7k90p']
[2021-12-31 21:52:46,538] {standard_task_runner.py:77} INFO - Job 70: Subtask tweet_pipeline
[2021-12-31 21:52:46,634] {logging_mixin.py:109} INFO - Running <TaskInstance: load_dimensions.tweet_pipeline scheduled__2021-12-31T05:00:00+00:00 [running]> on host 87b5e846a243
[2021-12-31 21:52:46,701] {taskinstance.py:1426} INFO - Exporting the following env vars:
AIRFLOW_CTX_DAG_OWNER=test_owner
AIRFLOW_CTX_DAG_ID=load_dimensions
AIRFLOW_CTX_TASK_ID=tweet_pipeline
AIRFLOW_CTX_EXECUTION_DATE=2021-12-31T05:00:00+00:00
AIRFLOW_CTX_DAG_RUN_ID=scheduled__2021-12-31T05:00:00+00:00
[2021-12-31 21:52:46,703] {warnings.py:110} WARNING - /home/***/.local/lib/python3.7/site-packages/***/utils/context.py:152: AirflowContextDeprecationWarning: Accessing 'execution_date' from the template is deprecated and will be removed in a future version. Please use 'data_interval_start' or 'logical_date' instead.
  warnings.warn(_create_deprecation_warning(key, self._deprecation_replacements[key]))

[2021-12-31 21:52:46,703] {warnings.py:110} WARNING - /home/***/.local/lib/python3.7/site-packages/***/utils/context.py:152: AirflowContextDeprecationWarning: Accessing 'next_ds' from the template is deprecated and will be removed in a future version. Please use '{{ data_interval_end | ds }}' instead.
  warnings.warn(_create_deprecation_warning(key, self._deprecation_replacements[key]))

[2021-12-31 21:52:46,703] {warnings.py:110} WARNING - /home/***/.local/lib/python3.7/site-packages/***/utils/context.py:152: AirflowContextDeprecationWarning: Accessing 'next_ds_nodash' from the template is deprecated and will be removed in a future version. Please use '{{ data_interval_end | ds_nodash }}' instead.
  warnings.warn(_create_deprecation_warning(key, self._deprecation_replacements[key]))

[2021-12-31 21:52:46,703] {warnings.py:110} WARNING - /home/***/.local/lib/python3.7/site-packages/***/utils/context.py:152: AirflowContextDeprecationWarning: Accessing 'next_execution_date' from the template is deprecated and will be removed in a future version. Please use 'data_interval_end' instead.
  warnings.warn(_create_deprecation_warning(key, self._deprecation_replacements[key]))

[2021-12-31 21:52:46,703] {warnings.py:110} WARNING - /home/***/.local/lib/python3.7/site-packages/***/utils/context.py:152: AirflowContextDeprecationWarning: Accessing 'prev_ds' from the template is deprecated and will be removed in a future version.
  warnings.warn(_create_deprecation_warning(key, self._deprecation_replacements[key]))

[2021-12-31 21:52:46,704] {warnings.py:110} WARNING - /home/***/.local/lib/python3.7/site-packages/***/utils/context.py:152: AirflowContextDeprecationWarning: Accessing 'prev_ds_nodash' from the template is deprecated and will be removed in a future version.
  warnings.warn(_create_deprecation_warning(key, self._deprecation_replacements[key]))

[2021-12-31 21:52:46,704] {warnings.py:110} WARNING - /home/***/.local/lib/python3.7/site-packages/***/utils/context.py:152: AirflowContextDeprecationWarning: Accessing 'prev_execution_date' from the template is deprecated and will be removed in a future version.
  warnings.warn(_create_deprecation_warning(key, self._deprecation_replacements[key]))

[2021-12-31 21:52:46,704] {warnings.py:110} WARNING - /home/***/.local/lib/python3.7/site-packages/***/utils/context.py:152: AirflowContextDeprecationWarning: Accessing 'prev_execution_date_success' from the template is deprecated and will be removed in a future version. Please use 'prev_data_interval_start_success' instead.
  warnings.warn(_create_deprecation_warning(key, self._deprecation_replacements[key]))

[2021-12-31 21:52:46,704] {warnings.py:110} WARNING - /home/***/.local/lib/python3.7/site-packages/***/utils/context.py:152: AirflowContextDeprecationWarning: Accessing 'tomorrow_ds' from the template is deprecated and will be removed in a future version.
  warnings.warn(_create_deprecation_warning(key, self._deprecation_replacements[key]))

[2021-12-31 21:52:46,704] {warnings.py:110} WARNING - /home/***/.local/lib/python3.7/site-packages/***/utils/context.py:152: AirflowContextDeprecationWarning: Accessing 'tomorrow_ds_nodash' from the template is deprecated and will be removed in a future version.
  warnings.warn(_create_deprecation_warning(key, self._deprecation_replacements[key]))

[2021-12-31 21:52:46,704] {warnings.py:110} WARNING - /home/***/.local/lib/python3.7/site-packages/***/utils/context.py:152: AirflowContextDeprecationWarning: Accessing 'yesterday_ds' from the template is deprecated and will be removed in a future version.
  warnings.warn(_create_deprecation_warning(key, self._deprecation_replacements[key]))

[2021-12-31 21:52:46,704] {warnings.py:110} WARNING - /home/***/.local/lib/python3.7/site-packages/***/utils/context.py:152: AirflowContextDeprecationWarning: Accessing 'yesterday_ds_nodash' from the template is deprecated and will be removed in a future version.
  warnings.warn(_create_deprecation_warning(key, self._deprecation_replacements[key]))

[2021-12-31 21:52:46,705] {logging_mixin.py:109} INFO - Loading dimensions
[2021-12-31 21:52:46,705] {python.py:175} INFO - Done. Returned value was: None
[2021-12-31 21:52:46,796] {taskinstance.py:1277} INFO - Marking task as SUCCESS. dag_id=load_dimensions, task_id=tweet_pipeline, execution_date=20211231T050000, start_date=20211231T215246, end_date=20211231T215246
[2021-12-31 21:52:46,827] {local_task_job.py:154} INFO - Task exited with return code 0
[2021-12-31 21:52:46,883] {local_task_job.py:264} INFO - 1 downstream tasks scheduled from follow-on schedule check
[2021-12-31 21:54:17,566] {taskinstance.py:1032} INFO - Dependencies all met for <TaskInstance: load_dimensions.tweet_pipeline scheduled__2021-12-31T05:00:00+00:00 [queued]>
[2021-12-31 21:54:17,580] {taskinstance.py:1032} INFO - Dependencies all met for <TaskInstance: load_dimensions.tweet_pipeline scheduled__2021-12-31T05:00:00+00:00 [queued]>
[2021-12-31 21:54:17,580] {taskinstance.py:1238} INFO - 
--------------------------------------------------------------------------------
[2021-12-31 21:54:17,580] {taskinstance.py:1239} INFO - Starting attempt 1 of 1
[2021-12-31 21:54:17,580] {taskinstance.py:1240} INFO - 
--------------------------------------------------------------------------------
[2021-12-31 21:54:17,604] {taskinstance.py:1259} INFO - Executing <Task(PythonOperator): tweet_pipeline> on 2021-12-31 05:00:00+00:00
[2021-12-31 21:54:17,611] {standard_task_runner.py:52} INFO - Started process 9459 to run task
[2021-12-31 21:54:17,624] {standard_task_runner.py:76} INFO - Running: ['***', 'tasks', 'run', 'load_dimensions', 'tweet_pipeline', 'scheduled__2021-12-31T05:00:00+00:00', '--job-id', '83', '--raw', '--subdir', 'DAGS_FOLDER/load_redshift.py', '--cfg-path', '/tmp/tmp5ca80j2c', '--error-file', '/tmp/tmpczc8lqxc']
[2021-12-31 21:54:17,625] {standard_task_runner.py:77} INFO - Job 83: Subtask tweet_pipeline
[2021-12-31 21:54:17,698] {logging_mixin.py:109} INFO - Running <TaskInstance: load_dimensions.tweet_pipeline scheduled__2021-12-31T05:00:00+00:00 [running]> on host 87b5e846a243
[2021-12-31 21:54:17,856] {taskinstance.py:1426} INFO - Exporting the following env vars:
AIRFLOW_CTX_DAG_OWNER=test_owner
AIRFLOW_CTX_DAG_ID=load_dimensions
AIRFLOW_CTX_TASK_ID=tweet_pipeline
AIRFLOW_CTX_EXECUTION_DATE=2021-12-31T05:00:00+00:00
AIRFLOW_CTX_DAG_RUN_ID=scheduled__2021-12-31T05:00:00+00:00
[2021-12-31 21:54:17,858] {warnings.py:110} WARNING - /home/***/.local/lib/python3.7/site-packages/***/utils/context.py:152: AirflowContextDeprecationWarning: Accessing 'execution_date' from the template is deprecated and will be removed in a future version. Please use 'data_interval_start' or 'logical_date' instead.
  warnings.warn(_create_deprecation_warning(key, self._deprecation_replacements[key]))

[2021-12-31 21:54:17,859] {warnings.py:110} WARNING - /home/***/.local/lib/python3.7/site-packages/***/utils/context.py:152: AirflowContextDeprecationWarning: Accessing 'next_ds' from the template is deprecated and will be removed in a future version. Please use '{{ data_interval_end | ds }}' instead.
  warnings.warn(_create_deprecation_warning(key, self._deprecation_replacements[key]))

[2021-12-31 21:54:17,859] {warnings.py:110} WARNING - /home/***/.local/lib/python3.7/site-packages/***/utils/context.py:152: AirflowContextDeprecationWarning: Accessing 'next_ds_nodash' from the template is deprecated and will be removed in a future version. Please use '{{ data_interval_end | ds_nodash }}' instead.
  warnings.warn(_create_deprecation_warning(key, self._deprecation_replacements[key]))

[2021-12-31 21:54:17,859] {warnings.py:110} WARNING - /home/***/.local/lib/python3.7/site-packages/***/utils/context.py:152: AirflowContextDeprecationWarning: Accessing 'next_execution_date' from the template is deprecated and will be removed in a future version. Please use 'data_interval_end' instead.
  warnings.warn(_create_deprecation_warning(key, self._deprecation_replacements[key]))

[2021-12-31 21:54:17,859] {warnings.py:110} WARNING - /home/***/.local/lib/python3.7/site-packages/***/utils/context.py:152: AirflowContextDeprecationWarning: Accessing 'prev_ds' from the template is deprecated and will be removed in a future version.
  warnings.warn(_create_deprecation_warning(key, self._deprecation_replacements[key]))

[2021-12-31 21:54:17,859] {warnings.py:110} WARNING - /home/***/.local/lib/python3.7/site-packages/***/utils/context.py:152: AirflowContextDeprecationWarning: Accessing 'prev_ds_nodash' from the template is deprecated and will be removed in a future version.
  warnings.warn(_create_deprecation_warning(key, self._deprecation_replacements[key]))

[2021-12-31 21:54:17,859] {warnings.py:110} WARNING - /home/***/.local/lib/python3.7/site-packages/***/utils/context.py:152: AirflowContextDeprecationWarning: Accessing 'prev_execution_date' from the template is deprecated and will be removed in a future version.
  warnings.warn(_create_deprecation_warning(key, self._deprecation_replacements[key]))

[2021-12-31 21:54:17,860] {warnings.py:110} WARNING - /home/***/.local/lib/python3.7/site-packages/***/utils/context.py:152: AirflowContextDeprecationWarning: Accessing 'prev_execution_date_success' from the template is deprecated and will be removed in a future version. Please use 'prev_data_interval_start_success' instead.
  warnings.warn(_create_deprecation_warning(key, self._deprecation_replacements[key]))

[2021-12-31 21:54:17,860] {warnings.py:110} WARNING - /home/***/.local/lib/python3.7/site-packages/***/utils/context.py:152: AirflowContextDeprecationWarning: Accessing 'tomorrow_ds' from the template is deprecated and will be removed in a future version.
  warnings.warn(_create_deprecation_warning(key, self._deprecation_replacements[key]))

[2021-12-31 21:54:17,860] {warnings.py:110} WARNING - /home/***/.local/lib/python3.7/site-packages/***/utils/context.py:152: AirflowContextDeprecationWarning: Accessing 'tomorrow_ds_nodash' from the template is deprecated and will be removed in a future version.
  warnings.warn(_create_deprecation_warning(key, self._deprecation_replacements[key]))

[2021-12-31 21:54:17,860] {warnings.py:110} WARNING - /home/***/.local/lib/python3.7/site-packages/***/utils/context.py:152: AirflowContextDeprecationWarning: Accessing 'yesterday_ds' from the template is deprecated and will be removed in a future version.
  warnings.warn(_create_deprecation_warning(key, self._deprecation_replacements[key]))

[2021-12-31 21:54:17,860] {warnings.py:110} WARNING - /home/***/.local/lib/python3.7/site-packages/***/utils/context.py:152: AirflowContextDeprecationWarning: Accessing 'yesterday_ds_nodash' from the template is deprecated and will be removed in a future version.
  warnings.warn(_create_deprecation_warning(key, self._deprecation_replacements[key]))

[2021-12-31 21:54:17,863] {logging_mixin.py:109} INFO - Loading dimensions
[2021-12-31 21:54:17,864] {python.py:175} INFO - Done. Returned value was: None
[2021-12-31 21:54:17,939] {taskinstance.py:1277} INFO - Marking task as SUCCESS. dag_id=load_dimensions, task_id=tweet_pipeline, execution_date=20211231T050000, start_date=20211231T215417, end_date=20211231T215417
[2021-12-31 21:54:18,056] {local_task_job.py:154} INFO - Task exited with return code 0
[2021-12-31 21:54:18,264] {local_task_job.py:264} INFO - 1 downstream tasks scheduled from follow-on schedule check
[2021-12-31 21:59:26,350] {taskinstance.py:1032} INFO - Dependencies all met for <TaskInstance: load_dimensions.tweet_pipeline scheduled__2021-12-31T05:00:00+00:00 [queued]>
[2021-12-31 21:59:26,383] {taskinstance.py:1032} INFO - Dependencies all met for <TaskInstance: load_dimensions.tweet_pipeline scheduled__2021-12-31T05:00:00+00:00 [queued]>
[2021-12-31 21:59:26,383] {taskinstance.py:1238} INFO - 
--------------------------------------------------------------------------------
[2021-12-31 21:59:26,384] {taskinstance.py:1239} INFO - Starting attempt 1 of 1
[2021-12-31 21:59:26,384] {taskinstance.py:1240} INFO - 
--------------------------------------------------------------------------------
[2021-12-31 21:59:26,433] {taskinstance.py:1259} INFO - Executing <Task(PythonOperator): tweet_pipeline> on 2021-12-31 05:00:00+00:00
[2021-12-31 21:59:26,446] {standard_task_runner.py:52} INFO - Started process 9722 to run task
[2021-12-31 21:59:26,464] {standard_task_runner.py:76} INFO - Running: ['***', 'tasks', 'run', 'load_dimensions', 'tweet_pipeline', 'scheduled__2021-12-31T05:00:00+00:00', '--job-id', '96', '--raw', '--subdir', 'DAGS_FOLDER/load_redshift.py', '--cfg-path', '/tmp/tmpv5szilh_', '--error-file', '/tmp/tmpm9xvy5uq']
[2021-12-31 21:59:26,466] {standard_task_runner.py:77} INFO - Job 96: Subtask tweet_pipeline
[2021-12-31 21:59:26,697] {logging_mixin.py:109} INFO - Running <TaskInstance: load_dimensions.tweet_pipeline scheduled__2021-12-31T05:00:00+00:00 [running]> on host 87b5e846a243
[2021-12-31 21:59:26,858] {taskinstance.py:1426} INFO - Exporting the following env vars:
AIRFLOW_CTX_DAG_OWNER=test_owner
AIRFLOW_CTX_DAG_ID=load_dimensions
AIRFLOW_CTX_TASK_ID=tweet_pipeline
AIRFLOW_CTX_EXECUTION_DATE=2021-12-31T05:00:00+00:00
AIRFLOW_CTX_DAG_RUN_ID=scheduled__2021-12-31T05:00:00+00:00
[2021-12-31 21:59:26,863] {warnings.py:110} WARNING - /home/***/.local/lib/python3.7/site-packages/***/utils/context.py:152: AirflowContextDeprecationWarning: Accessing 'execution_date' from the template is deprecated and will be removed in a future version. Please use 'data_interval_start' or 'logical_date' instead.
  warnings.warn(_create_deprecation_warning(key, self._deprecation_replacements[key]))

[2021-12-31 21:59:26,864] {warnings.py:110} WARNING - /home/***/.local/lib/python3.7/site-packages/***/utils/context.py:152: AirflowContextDeprecationWarning: Accessing 'next_ds' from the template is deprecated and will be removed in a future version. Please use '{{ data_interval_end | ds }}' instead.
  warnings.warn(_create_deprecation_warning(key, self._deprecation_replacements[key]))

[2021-12-31 21:59:26,864] {warnings.py:110} WARNING - /home/***/.local/lib/python3.7/site-packages/***/utils/context.py:152: AirflowContextDeprecationWarning: Accessing 'next_ds_nodash' from the template is deprecated and will be removed in a future version. Please use '{{ data_interval_end | ds_nodash }}' instead.
  warnings.warn(_create_deprecation_warning(key, self._deprecation_replacements[key]))

[2021-12-31 21:59:26,864] {warnings.py:110} WARNING - /home/***/.local/lib/python3.7/site-packages/***/utils/context.py:152: AirflowContextDeprecationWarning: Accessing 'next_execution_date' from the template is deprecated and will be removed in a future version. Please use 'data_interval_end' instead.
  warnings.warn(_create_deprecation_warning(key, self._deprecation_replacements[key]))

[2021-12-31 21:59:26,865] {warnings.py:110} WARNING - /home/***/.local/lib/python3.7/site-packages/***/utils/context.py:152: AirflowContextDeprecationWarning: Accessing 'prev_ds' from the template is deprecated and will be removed in a future version.
  warnings.warn(_create_deprecation_warning(key, self._deprecation_replacements[key]))

[2021-12-31 21:59:26,865] {warnings.py:110} WARNING - /home/***/.local/lib/python3.7/site-packages/***/utils/context.py:152: AirflowContextDeprecationWarning: Accessing 'prev_ds_nodash' from the template is deprecated and will be removed in a future version.
  warnings.warn(_create_deprecation_warning(key, self._deprecation_replacements[key]))

[2021-12-31 21:59:26,866] {warnings.py:110} WARNING - /home/***/.local/lib/python3.7/site-packages/***/utils/context.py:152: AirflowContextDeprecationWarning: Accessing 'prev_execution_date' from the template is deprecated and will be removed in a future version.
  warnings.warn(_create_deprecation_warning(key, self._deprecation_replacements[key]))

[2021-12-31 21:59:26,866] {warnings.py:110} WARNING - /home/***/.local/lib/python3.7/site-packages/***/utils/context.py:152: AirflowContextDeprecationWarning: Accessing 'prev_execution_date_success' from the template is deprecated and will be removed in a future version. Please use 'prev_data_interval_start_success' instead.
  warnings.warn(_create_deprecation_warning(key, self._deprecation_replacements[key]))

[2021-12-31 21:59:26,866] {warnings.py:110} WARNING - /home/***/.local/lib/python3.7/site-packages/***/utils/context.py:152: AirflowContextDeprecationWarning: Accessing 'tomorrow_ds' from the template is deprecated and will be removed in a future version.
  warnings.warn(_create_deprecation_warning(key, self._deprecation_replacements[key]))

[2021-12-31 21:59:26,866] {warnings.py:110} WARNING - /home/***/.local/lib/python3.7/site-packages/***/utils/context.py:152: AirflowContextDeprecationWarning: Accessing 'tomorrow_ds_nodash' from the template is deprecated and will be removed in a future version.
  warnings.warn(_create_deprecation_warning(key, self._deprecation_replacements[key]))

[2021-12-31 21:59:26,867] {warnings.py:110} WARNING - /home/***/.local/lib/python3.7/site-packages/***/utils/context.py:152: AirflowContextDeprecationWarning: Accessing 'yesterday_ds' from the template is deprecated and will be removed in a future version.
  warnings.warn(_create_deprecation_warning(key, self._deprecation_replacements[key]))

[2021-12-31 21:59:26,867] {warnings.py:110} WARNING - /home/***/.local/lib/python3.7/site-packages/***/utils/context.py:152: AirflowContextDeprecationWarning: Accessing 'yesterday_ds_nodash' from the template is deprecated and will be removed in a future version.
  warnings.warn(_create_deprecation_warning(key, self._deprecation_replacements[key]))

[2021-12-31 21:59:26,868] {logging_mixin.py:109} INFO - Loading dimensions
[2021-12-31 21:59:26,868] {python.py:175} INFO - Done. Returned value was: None
[2021-12-31 21:59:26,906] {taskinstance.py:1277} INFO - Marking task as SUCCESS. dag_id=load_dimensions, task_id=tweet_pipeline, execution_date=20211231T050000, start_date=20211231T215926, end_date=20211231T215926
[2021-12-31 21:59:27,022] {local_task_job.py:154} INFO - Task exited with return code 0
[2021-12-31 21:59:27,136] {local_task_job.py:264} INFO - 1 downstream tasks scheduled from follow-on schedule check
[2021-12-31 22:02:19,632] {taskinstance.py:1032} INFO - Dependencies all met for <TaskInstance: load_dimensions.tweet_pipeline scheduled__2021-12-31T05:00:00+00:00 [queued]>
[2021-12-31 22:02:19,655] {taskinstance.py:1032} INFO - Dependencies all met for <TaskInstance: load_dimensions.tweet_pipeline scheduled__2021-12-31T05:00:00+00:00 [queued]>
[2021-12-31 22:02:19,656] {taskinstance.py:1238} INFO - 
--------------------------------------------------------------------------------
[2021-12-31 22:02:19,656] {taskinstance.py:1239} INFO - Starting attempt 1 of 1
[2021-12-31 22:02:19,656] {taskinstance.py:1240} INFO - 
--------------------------------------------------------------------------------
[2021-12-31 22:02:19,688] {taskinstance.py:1259} INFO - Executing <Task(PythonOperator): tweet_pipeline> on 2021-12-31 05:00:00+00:00
[2021-12-31 22:02:19,703] {standard_task_runner.py:52} INFO - Started process 9880 to run task
[2021-12-31 22:02:19,714] {standard_task_runner.py:76} INFO - Running: ['***', 'tasks', 'run', 'load_dimensions', 'tweet_pipeline', 'scheduled__2021-12-31T05:00:00+00:00', '--job-id', '107', '--raw', '--subdir', 'DAGS_FOLDER/load_redshift.py', '--cfg-path', '/tmp/tmpf28_qjcd', '--error-file', '/tmp/tmpsgqw0p5d']
[2021-12-31 22:02:19,714] {standard_task_runner.py:77} INFO - Job 107: Subtask tweet_pipeline
[2021-12-31 22:02:19,840] {logging_mixin.py:109} INFO - Running <TaskInstance: load_dimensions.tweet_pipeline scheduled__2021-12-31T05:00:00+00:00 [running]> on host 87b5e846a243
[2021-12-31 22:02:19,972] {taskinstance.py:1426} INFO - Exporting the following env vars:
AIRFLOW_CTX_DAG_OWNER=test_owner
AIRFLOW_CTX_DAG_ID=load_dimensions
AIRFLOW_CTX_TASK_ID=tweet_pipeline
AIRFLOW_CTX_EXECUTION_DATE=2021-12-31T05:00:00+00:00
AIRFLOW_CTX_DAG_RUN_ID=scheduled__2021-12-31T05:00:00+00:00
[2021-12-31 22:02:19,973] {warnings.py:110} WARNING - /home/***/.local/lib/python3.7/site-packages/***/utils/context.py:152: AirflowContextDeprecationWarning: Accessing 'execution_date' from the template is deprecated and will be removed in a future version. Please use 'data_interval_start' or 'logical_date' instead.
  warnings.warn(_create_deprecation_warning(key, self._deprecation_replacements[key]))

[2021-12-31 22:02:19,974] {warnings.py:110} WARNING - /home/***/.local/lib/python3.7/site-packages/***/utils/context.py:152: AirflowContextDeprecationWarning: Accessing 'next_ds' from the template is deprecated and will be removed in a future version. Please use '{{ data_interval_end | ds }}' instead.
  warnings.warn(_create_deprecation_warning(key, self._deprecation_replacements[key]))

[2021-12-31 22:02:19,974] {warnings.py:110} WARNING - /home/***/.local/lib/python3.7/site-packages/***/utils/context.py:152: AirflowContextDeprecationWarning: Accessing 'next_ds_nodash' from the template is deprecated and will be removed in a future version. Please use '{{ data_interval_end | ds_nodash }}' instead.
  warnings.warn(_create_deprecation_warning(key, self._deprecation_replacements[key]))

[2021-12-31 22:02:19,974] {warnings.py:110} WARNING - /home/***/.local/lib/python3.7/site-packages/***/utils/context.py:152: AirflowContextDeprecationWarning: Accessing 'next_execution_date' from the template is deprecated and will be removed in a future version. Please use 'data_interval_end' instead.
  warnings.warn(_create_deprecation_warning(key, self._deprecation_replacements[key]))

[2021-12-31 22:02:19,974] {warnings.py:110} WARNING - /home/***/.local/lib/python3.7/site-packages/***/utils/context.py:152: AirflowContextDeprecationWarning: Accessing 'prev_ds' from the template is deprecated and will be removed in a future version.
  warnings.warn(_create_deprecation_warning(key, self._deprecation_replacements[key]))

[2021-12-31 22:02:19,974] {warnings.py:110} WARNING - /home/***/.local/lib/python3.7/site-packages/***/utils/context.py:152: AirflowContextDeprecationWarning: Accessing 'prev_ds_nodash' from the template is deprecated and will be removed in a future version.
  warnings.warn(_create_deprecation_warning(key, self._deprecation_replacements[key]))

[2021-12-31 22:02:19,975] {warnings.py:110} WARNING - /home/***/.local/lib/python3.7/site-packages/***/utils/context.py:152: AirflowContextDeprecationWarning: Accessing 'prev_execution_date' from the template is deprecated and will be removed in a future version.
  warnings.warn(_create_deprecation_warning(key, self._deprecation_replacements[key]))

[2021-12-31 22:02:19,975] {warnings.py:110} WARNING - /home/***/.local/lib/python3.7/site-packages/***/utils/context.py:152: AirflowContextDeprecationWarning: Accessing 'prev_execution_date_success' from the template is deprecated and will be removed in a future version. Please use 'prev_data_interval_start_success' instead.
  warnings.warn(_create_deprecation_warning(key, self._deprecation_replacements[key]))

[2021-12-31 22:02:19,975] {warnings.py:110} WARNING - /home/***/.local/lib/python3.7/site-packages/***/utils/context.py:152: AirflowContextDeprecationWarning: Accessing 'tomorrow_ds' from the template is deprecated and will be removed in a future version.
  warnings.warn(_create_deprecation_warning(key, self._deprecation_replacements[key]))

[2021-12-31 22:02:19,975] {warnings.py:110} WARNING - /home/***/.local/lib/python3.7/site-packages/***/utils/context.py:152: AirflowContextDeprecationWarning: Accessing 'tomorrow_ds_nodash' from the template is deprecated and will be removed in a future version.
  warnings.warn(_create_deprecation_warning(key, self._deprecation_replacements[key]))

[2021-12-31 22:02:19,975] {warnings.py:110} WARNING - /home/***/.local/lib/python3.7/site-packages/***/utils/context.py:152: AirflowContextDeprecationWarning: Accessing 'yesterday_ds' from the template is deprecated and will be removed in a future version.
  warnings.warn(_create_deprecation_warning(key, self._deprecation_replacements[key]))

[2021-12-31 22:02:19,975] {warnings.py:110} WARNING - /home/***/.local/lib/python3.7/site-packages/***/utils/context.py:152: AirflowContextDeprecationWarning: Accessing 'yesterday_ds_nodash' from the template is deprecated and will be removed in a future version.
  warnings.warn(_create_deprecation_warning(key, self._deprecation_replacements[key]))

[2021-12-31 22:02:19,975] {logging_mixin.py:109} INFO - Loading dimensions
[2021-12-31 22:02:19,976] {python.py:175} INFO - Done. Returned value was: None
[2021-12-31 22:02:20,155] {taskinstance.py:1277} INFO - Marking task as SUCCESS. dag_id=load_dimensions, task_id=tweet_pipeline, execution_date=20211231T050000, start_date=20211231T220219, end_date=20211231T220220
[2021-12-31 22:02:20,332] {local_task_job.py:154} INFO - Task exited with return code 0
[2021-12-31 22:02:20,505] {local_task_job.py:264} INFO - 1 downstream tasks scheduled from follow-on schedule check
[2021-12-31 22:03:24,429] {taskinstance.py:1032} INFO - Dependencies all met for <TaskInstance: load_dimensions.tweet_pipeline scheduled__2021-12-31T05:00:00+00:00 [queued]>
[2021-12-31 22:03:24,447] {taskinstance.py:1032} INFO - Dependencies all met for <TaskInstance: load_dimensions.tweet_pipeline scheduled__2021-12-31T05:00:00+00:00 [queued]>
[2021-12-31 22:03:24,447] {taskinstance.py:1238} INFO - 
--------------------------------------------------------------------------------
[2021-12-31 22:03:24,447] {taskinstance.py:1239} INFO - Starting attempt 1 of 1
[2021-12-31 22:03:24,447] {taskinstance.py:1240} INFO - 
--------------------------------------------------------------------------------
[2021-12-31 22:03:24,463] {taskinstance.py:1259} INFO - Executing <Task(PythonOperator): tweet_pipeline> on 2021-12-31 05:00:00+00:00
[2021-12-31 22:03:24,469] {standard_task_runner.py:52} INFO - Started process 9962 to run task
[2021-12-31 22:03:24,478] {standard_task_runner.py:76} INFO - Running: ['***', 'tasks', 'run', 'load_dimensions', 'tweet_pipeline', 'scheduled__2021-12-31T05:00:00+00:00', '--job-id', '119', '--raw', '--subdir', 'DAGS_FOLDER/load_redshift.py', '--cfg-path', '/tmp/tmp927pytzs', '--error-file', '/tmp/tmpo04m86bt']
[2021-12-31 22:03:24,479] {standard_task_runner.py:77} INFO - Job 119: Subtask tweet_pipeline
[2021-12-31 22:03:24,607] {logging_mixin.py:109} INFO - Running <TaskInstance: load_dimensions.tweet_pipeline scheduled__2021-12-31T05:00:00+00:00 [running]> on host 87b5e846a243
[2021-12-31 22:03:24,695] {taskinstance.py:1426} INFO - Exporting the following env vars:
AIRFLOW_CTX_DAG_OWNER=test_owner
AIRFLOW_CTX_DAG_ID=load_dimensions
AIRFLOW_CTX_TASK_ID=tweet_pipeline
AIRFLOW_CTX_EXECUTION_DATE=2021-12-31T05:00:00+00:00
AIRFLOW_CTX_DAG_RUN_ID=scheduled__2021-12-31T05:00:00+00:00
[2021-12-31 22:03:24,696] {warnings.py:110} WARNING - /home/***/.local/lib/python3.7/site-packages/***/utils/context.py:152: AirflowContextDeprecationWarning: Accessing 'execution_date' from the template is deprecated and will be removed in a future version. Please use 'data_interval_start' or 'logical_date' instead.
  warnings.warn(_create_deprecation_warning(key, self._deprecation_replacements[key]))

[2021-12-31 22:03:24,696] {warnings.py:110} WARNING - /home/***/.local/lib/python3.7/site-packages/***/utils/context.py:152: AirflowContextDeprecationWarning: Accessing 'next_ds' from the template is deprecated and will be removed in a future version. Please use '{{ data_interval_end | ds }}' instead.
  warnings.warn(_create_deprecation_warning(key, self._deprecation_replacements[key]))

[2021-12-31 22:03:24,697] {warnings.py:110} WARNING - /home/***/.local/lib/python3.7/site-packages/***/utils/context.py:152: AirflowContextDeprecationWarning: Accessing 'next_ds_nodash' from the template is deprecated and will be removed in a future version. Please use '{{ data_interval_end | ds_nodash }}' instead.
  warnings.warn(_create_deprecation_warning(key, self._deprecation_replacements[key]))

[2021-12-31 22:03:24,697] {warnings.py:110} WARNING - /home/***/.local/lib/python3.7/site-packages/***/utils/context.py:152: AirflowContextDeprecationWarning: Accessing 'next_execution_date' from the template is deprecated and will be removed in a future version. Please use 'data_interval_end' instead.
  warnings.warn(_create_deprecation_warning(key, self._deprecation_replacements[key]))

[2021-12-31 22:03:24,697] {warnings.py:110} WARNING - /home/***/.local/lib/python3.7/site-packages/***/utils/context.py:152: AirflowContextDeprecationWarning: Accessing 'prev_ds' from the template is deprecated and will be removed in a future version.
  warnings.warn(_create_deprecation_warning(key, self._deprecation_replacements[key]))

[2021-12-31 22:03:24,697] {warnings.py:110} WARNING - /home/***/.local/lib/python3.7/site-packages/***/utils/context.py:152: AirflowContextDeprecationWarning: Accessing 'prev_ds_nodash' from the template is deprecated and will be removed in a future version.
  warnings.warn(_create_deprecation_warning(key, self._deprecation_replacements[key]))

[2021-12-31 22:03:24,697] {warnings.py:110} WARNING - /home/***/.local/lib/python3.7/site-packages/***/utils/context.py:152: AirflowContextDeprecationWarning: Accessing 'prev_execution_date' from the template is deprecated and will be removed in a future version.
  warnings.warn(_create_deprecation_warning(key, self._deprecation_replacements[key]))

[2021-12-31 22:03:24,697] {warnings.py:110} WARNING - /home/***/.local/lib/python3.7/site-packages/***/utils/context.py:152: AirflowContextDeprecationWarning: Accessing 'prev_execution_date_success' from the template is deprecated and will be removed in a future version. Please use 'prev_data_interval_start_success' instead.
  warnings.warn(_create_deprecation_warning(key, self._deprecation_replacements[key]))

[2021-12-31 22:03:24,697] {warnings.py:110} WARNING - /home/***/.local/lib/python3.7/site-packages/***/utils/context.py:152: AirflowContextDeprecationWarning: Accessing 'tomorrow_ds' from the template is deprecated and will be removed in a future version.
  warnings.warn(_create_deprecation_warning(key, self._deprecation_replacements[key]))

[2021-12-31 22:03:24,697] {warnings.py:110} WARNING - /home/***/.local/lib/python3.7/site-packages/***/utils/context.py:152: AirflowContextDeprecationWarning: Accessing 'tomorrow_ds_nodash' from the template is deprecated and will be removed in a future version.
  warnings.warn(_create_deprecation_warning(key, self._deprecation_replacements[key]))

[2021-12-31 22:03:24,697] {warnings.py:110} WARNING - /home/***/.local/lib/python3.7/site-packages/***/utils/context.py:152: AirflowContextDeprecationWarning: Accessing 'yesterday_ds' from the template is deprecated and will be removed in a future version.
  warnings.warn(_create_deprecation_warning(key, self._deprecation_replacements[key]))

[2021-12-31 22:03:24,698] {warnings.py:110} WARNING - /home/***/.local/lib/python3.7/site-packages/***/utils/context.py:152: AirflowContextDeprecationWarning: Accessing 'yesterday_ds_nodash' from the template is deprecated and will be removed in a future version.
  warnings.warn(_create_deprecation_warning(key, self._deprecation_replacements[key]))

[2021-12-31 22:03:24,698] {logging_mixin.py:109} INFO - Loading dimensions
[2021-12-31 22:03:24,698] {python.py:175} INFO - Done. Returned value was: None
[2021-12-31 22:03:24,830] {taskinstance.py:1277} INFO - Marking task as SUCCESS. dag_id=load_dimensions, task_id=tweet_pipeline, execution_date=20211231T050000, start_date=20211231T220324, end_date=20211231T220324
[2021-12-31 22:03:24,901] {local_task_job.py:154} INFO - Task exited with return code 0
[2021-12-31 22:03:24,978] {local_task_job.py:264} INFO - 1 downstream tasks scheduled from follow-on schedule check
[2021-12-31 22:12:57,935] {taskinstance.py:1032} INFO - Dependencies all met for <TaskInstance: load_dimensions.tweet_pipeline scheduled__2021-12-31T05:00:00+00:00 [queued]>
[2021-12-31 22:12:57,973] {taskinstance.py:1032} INFO - Dependencies all met for <TaskInstance: load_dimensions.tweet_pipeline scheduled__2021-12-31T05:00:00+00:00 [queued]>
[2021-12-31 22:12:57,973] {taskinstance.py:1238} INFO - 
--------------------------------------------------------------------------------
[2021-12-31 22:12:57,973] {taskinstance.py:1239} INFO - Starting attempt 1 of 1
[2021-12-31 22:12:57,973] {taskinstance.py:1240} INFO - 
--------------------------------------------------------------------------------
[2021-12-31 22:12:58,034] {taskinstance.py:1259} INFO - Executing <Task(PythonOperator): tweet_pipeline> on 2021-12-31 05:00:00+00:00
[2021-12-31 22:12:58,043] {standard_task_runner.py:52} INFO - Started process 10413 to run task
[2021-12-31 22:12:58,065] {standard_task_runner.py:76} INFO - Running: ['***', 'tasks', 'run', 'load_dimensions', 'tweet_pipeline', 'scheduled__2021-12-31T05:00:00+00:00', '--job-id', '131', '--raw', '--subdir', 'DAGS_FOLDER/load_redshift.py', '--cfg-path', '/tmp/tmp6zkghc21', '--error-file', '/tmp/tmpj056z2gp']
[2021-12-31 22:12:58,066] {standard_task_runner.py:77} INFO - Job 131: Subtask tweet_pipeline
[2021-12-31 22:12:58,224] {logging_mixin.py:109} INFO - Running <TaskInstance: load_dimensions.tweet_pipeline scheduled__2021-12-31T05:00:00+00:00 [running]> on host 87b5e846a243
[2021-12-31 22:12:58,401] {taskinstance.py:1426} INFO - Exporting the following env vars:
AIRFLOW_CTX_DAG_OWNER=test_owner
AIRFLOW_CTX_DAG_ID=load_dimensions
AIRFLOW_CTX_TASK_ID=tweet_pipeline
AIRFLOW_CTX_EXECUTION_DATE=2021-12-31T05:00:00+00:00
AIRFLOW_CTX_DAG_RUN_ID=scheduled__2021-12-31T05:00:00+00:00
[2021-12-31 22:12:58,403] {warnings.py:110} WARNING - /home/***/.local/lib/python3.7/site-packages/***/utils/context.py:152: AirflowContextDeprecationWarning: Accessing 'execution_date' from the template is deprecated and will be removed in a future version. Please use 'data_interval_start' or 'logical_date' instead.
  warnings.warn(_create_deprecation_warning(key, self._deprecation_replacements[key]))

[2021-12-31 22:12:58,403] {warnings.py:110} WARNING - /home/***/.local/lib/python3.7/site-packages/***/utils/context.py:152: AirflowContextDeprecationWarning: Accessing 'next_ds' from the template is deprecated and will be removed in a future version. Please use '{{ data_interval_end | ds }}' instead.
  warnings.warn(_create_deprecation_warning(key, self._deprecation_replacements[key]))

[2021-12-31 22:12:58,404] {warnings.py:110} WARNING - /home/***/.local/lib/python3.7/site-packages/***/utils/context.py:152: AirflowContextDeprecationWarning: Accessing 'next_ds_nodash' from the template is deprecated and will be removed in a future version. Please use '{{ data_interval_end | ds_nodash }}' instead.
  warnings.warn(_create_deprecation_warning(key, self._deprecation_replacements[key]))

[2021-12-31 22:12:58,404] {warnings.py:110} WARNING - /home/***/.local/lib/python3.7/site-packages/***/utils/context.py:152: AirflowContextDeprecationWarning: Accessing 'next_execution_date' from the template is deprecated and will be removed in a future version. Please use 'data_interval_end' instead.
  warnings.warn(_create_deprecation_warning(key, self._deprecation_replacements[key]))

[2021-12-31 22:12:58,404] {warnings.py:110} WARNING - /home/***/.local/lib/python3.7/site-packages/***/utils/context.py:152: AirflowContextDeprecationWarning: Accessing 'prev_ds' from the template is deprecated and will be removed in a future version.
  warnings.warn(_create_deprecation_warning(key, self._deprecation_replacements[key]))

[2021-12-31 22:12:58,404] {warnings.py:110} WARNING - /home/***/.local/lib/python3.7/site-packages/***/utils/context.py:152: AirflowContextDeprecationWarning: Accessing 'prev_ds_nodash' from the template is deprecated and will be removed in a future version.
  warnings.warn(_create_deprecation_warning(key, self._deprecation_replacements[key]))

[2021-12-31 22:12:58,405] {warnings.py:110} WARNING - /home/***/.local/lib/python3.7/site-packages/***/utils/context.py:152: AirflowContextDeprecationWarning: Accessing 'prev_execution_date' from the template is deprecated and will be removed in a future version.
  warnings.warn(_create_deprecation_warning(key, self._deprecation_replacements[key]))

[2021-12-31 22:12:58,405] {warnings.py:110} WARNING - /home/***/.local/lib/python3.7/site-packages/***/utils/context.py:152: AirflowContextDeprecationWarning: Accessing 'prev_execution_date_success' from the template is deprecated and will be removed in a future version. Please use 'prev_data_interval_start_success' instead.
  warnings.warn(_create_deprecation_warning(key, self._deprecation_replacements[key]))

[2021-12-31 22:12:58,407] {warnings.py:110} WARNING - /home/***/.local/lib/python3.7/site-packages/***/utils/context.py:152: AirflowContextDeprecationWarning: Accessing 'tomorrow_ds' from the template is deprecated and will be removed in a future version.
  warnings.warn(_create_deprecation_warning(key, self._deprecation_replacements[key]))

[2021-12-31 22:12:58,407] {warnings.py:110} WARNING - /home/***/.local/lib/python3.7/site-packages/***/utils/context.py:152: AirflowContextDeprecationWarning: Accessing 'tomorrow_ds_nodash' from the template is deprecated and will be removed in a future version.
  warnings.warn(_create_deprecation_warning(key, self._deprecation_replacements[key]))

[2021-12-31 22:12:58,407] {warnings.py:110} WARNING - /home/***/.local/lib/python3.7/site-packages/***/utils/context.py:152: AirflowContextDeprecationWarning: Accessing 'yesterday_ds' from the template is deprecated and will be removed in a future version.
  warnings.warn(_create_deprecation_warning(key, self._deprecation_replacements[key]))

[2021-12-31 22:12:58,408] {warnings.py:110} WARNING - /home/***/.local/lib/python3.7/site-packages/***/utils/context.py:152: AirflowContextDeprecationWarning: Accessing 'yesterday_ds_nodash' from the template is deprecated and will be removed in a future version.
  warnings.warn(_create_deprecation_warning(key, self._deprecation_replacements[key]))

[2021-12-31 22:12:58,408] {logging_mixin.py:109} INFO - Loading dimensions
[2021-12-31 22:12:58,408] {python.py:175} INFO - Done. Returned value was: None
[2021-12-31 22:12:58,599] {taskinstance.py:1277} INFO - Marking task as SUCCESS. dag_id=load_dimensions, task_id=tweet_pipeline, execution_date=20211231T050000, start_date=20211231T221257, end_date=20211231T221258
[2021-12-31 22:12:58,676] {local_task_job.py:154} INFO - Task exited with return code 0
[2021-12-31 22:12:58,818] {local_task_job.py:264} INFO - 1 downstream tasks scheduled from follow-on schedule check
[2021-12-31 22:16:29,078] {taskinstance.py:1032} INFO - Dependencies all met for <TaskInstance: load_dimensions.tweet_pipeline scheduled__2021-12-31T05:00:00+00:00 [queued]>
[2021-12-31 22:16:29,104] {taskinstance.py:1032} INFO - Dependencies all met for <TaskInstance: load_dimensions.tweet_pipeline scheduled__2021-12-31T05:00:00+00:00 [queued]>
[2021-12-31 22:16:29,104] {taskinstance.py:1238} INFO - 
--------------------------------------------------------------------------------
[2021-12-31 22:16:29,104] {taskinstance.py:1239} INFO - Starting attempt 1 of 1
[2021-12-31 22:16:29,104] {taskinstance.py:1240} INFO - 
--------------------------------------------------------------------------------
[2021-12-31 22:16:29,123] {taskinstance.py:1259} INFO - Executing <Task(PythonOperator): tweet_pipeline> on 2021-12-31 05:00:00+00:00
[2021-12-31 22:16:29,141] {standard_task_runner.py:52} INFO - Started process 10608 to run task
[2021-12-31 22:16:29,160] {standard_task_runner.py:76} INFO - Running: ['***', 'tasks', 'run', 'load_dimensions', 'tweet_pipeline', 'scheduled__2021-12-31T05:00:00+00:00', '--job-id', '144', '--raw', '--subdir', 'DAGS_FOLDER/load_redshift.py', '--cfg-path', '/tmp/tmpd8eyyzu3', '--error-file', '/tmp/tmpbkat8lv3']
[2021-12-31 22:16:29,161] {standard_task_runner.py:77} INFO - Job 144: Subtask tweet_pipeline
[2021-12-31 22:16:29,247] {logging_mixin.py:109} INFO - Running <TaskInstance: load_dimensions.tweet_pipeline scheduled__2021-12-31T05:00:00+00:00 [running]> on host 87b5e846a243
[2021-12-31 22:16:29,345] {taskinstance.py:1426} INFO - Exporting the following env vars:
AIRFLOW_CTX_DAG_OWNER=test_owner
AIRFLOW_CTX_DAG_ID=load_dimensions
AIRFLOW_CTX_TASK_ID=tweet_pipeline
AIRFLOW_CTX_EXECUTION_DATE=2021-12-31T05:00:00+00:00
AIRFLOW_CTX_DAG_RUN_ID=scheduled__2021-12-31T05:00:00+00:00
[2021-12-31 22:16:29,347] {warnings.py:110} WARNING - /home/***/.local/lib/python3.7/site-packages/***/utils/context.py:152: AirflowContextDeprecationWarning: Accessing 'execution_date' from the template is deprecated and will be removed in a future version. Please use 'data_interval_start' or 'logical_date' instead.
  warnings.warn(_create_deprecation_warning(key, self._deprecation_replacements[key]))

[2021-12-31 22:16:29,347] {warnings.py:110} WARNING - /home/***/.local/lib/python3.7/site-packages/***/utils/context.py:152: AirflowContextDeprecationWarning: Accessing 'next_ds' from the template is deprecated and will be removed in a future version. Please use '{{ data_interval_end | ds }}' instead.
  warnings.warn(_create_deprecation_warning(key, self._deprecation_replacements[key]))

[2021-12-31 22:16:29,347] {warnings.py:110} WARNING - /home/***/.local/lib/python3.7/site-packages/***/utils/context.py:152: AirflowContextDeprecationWarning: Accessing 'next_ds_nodash' from the template is deprecated and will be removed in a future version. Please use '{{ data_interval_end | ds_nodash }}' instead.
  warnings.warn(_create_deprecation_warning(key, self._deprecation_replacements[key]))

[2021-12-31 22:16:29,348] {warnings.py:110} WARNING - /home/***/.local/lib/python3.7/site-packages/***/utils/context.py:152: AirflowContextDeprecationWarning: Accessing 'next_execution_date' from the template is deprecated and will be removed in a future version. Please use 'data_interval_end' instead.
  warnings.warn(_create_deprecation_warning(key, self._deprecation_replacements[key]))

[2021-12-31 22:16:29,348] {warnings.py:110} WARNING - /home/***/.local/lib/python3.7/site-packages/***/utils/context.py:152: AirflowContextDeprecationWarning: Accessing 'prev_ds' from the template is deprecated and will be removed in a future version.
  warnings.warn(_create_deprecation_warning(key, self._deprecation_replacements[key]))

[2021-12-31 22:16:29,348] {warnings.py:110} WARNING - /home/***/.local/lib/python3.7/site-packages/***/utils/context.py:152: AirflowContextDeprecationWarning: Accessing 'prev_ds_nodash' from the template is deprecated and will be removed in a future version.
  warnings.warn(_create_deprecation_warning(key, self._deprecation_replacements[key]))

[2021-12-31 22:16:29,348] {warnings.py:110} WARNING - /home/***/.local/lib/python3.7/site-packages/***/utils/context.py:152: AirflowContextDeprecationWarning: Accessing 'prev_execution_date' from the template is deprecated and will be removed in a future version.
  warnings.warn(_create_deprecation_warning(key, self._deprecation_replacements[key]))

[2021-12-31 22:16:29,348] {warnings.py:110} WARNING - /home/***/.local/lib/python3.7/site-packages/***/utils/context.py:152: AirflowContextDeprecationWarning: Accessing 'prev_execution_date_success' from the template is deprecated and will be removed in a future version. Please use 'prev_data_interval_start_success' instead.
  warnings.warn(_create_deprecation_warning(key, self._deprecation_replacements[key]))

[2021-12-31 22:16:29,348] {warnings.py:110} WARNING - /home/***/.local/lib/python3.7/site-packages/***/utils/context.py:152: AirflowContextDeprecationWarning: Accessing 'tomorrow_ds' from the template is deprecated and will be removed in a future version.
  warnings.warn(_create_deprecation_warning(key, self._deprecation_replacements[key]))

[2021-12-31 22:16:29,349] {warnings.py:110} WARNING - /home/***/.local/lib/python3.7/site-packages/***/utils/context.py:152: AirflowContextDeprecationWarning: Accessing 'tomorrow_ds_nodash' from the template is deprecated and will be removed in a future version.
  warnings.warn(_create_deprecation_warning(key, self._deprecation_replacements[key]))

[2021-12-31 22:16:29,349] {warnings.py:110} WARNING - /home/***/.local/lib/python3.7/site-packages/***/utils/context.py:152: AirflowContextDeprecationWarning: Accessing 'yesterday_ds' from the template is deprecated and will be removed in a future version.
  warnings.warn(_create_deprecation_warning(key, self._deprecation_replacements[key]))

[2021-12-31 22:16:29,349] {warnings.py:110} WARNING - /home/***/.local/lib/python3.7/site-packages/***/utils/context.py:152: AirflowContextDeprecationWarning: Accessing 'yesterday_ds_nodash' from the template is deprecated and will be removed in a future version.
  warnings.warn(_create_deprecation_warning(key, self._deprecation_replacements[key]))

[2021-12-31 22:16:29,349] {logging_mixin.py:109} INFO - Loading dimensions
[2021-12-31 22:16:29,349] {python.py:175} INFO - Done. Returned value was: None
[2021-12-31 22:16:29,446] {taskinstance.py:1277} INFO - Marking task as SUCCESS. dag_id=load_dimensions, task_id=tweet_pipeline, execution_date=20211231T050000, start_date=20211231T221629, end_date=20211231T221629
[2021-12-31 22:16:29,493] {local_task_job.py:154} INFO - Task exited with return code 0
[2021-12-31 22:16:29,571] {local_task_job.py:264} INFO - 1 downstream tasks scheduled from follow-on schedule check
[2021-12-31 22:18:36,612] {taskinstance.py:1032} INFO - Dependencies all met for <TaskInstance: load_dimensions.tweet_pipeline scheduled__2021-12-31T05:00:00+00:00 [queued]>
[2021-12-31 22:18:36,642] {taskinstance.py:1032} INFO - Dependencies all met for <TaskInstance: load_dimensions.tweet_pipeline scheduled__2021-12-31T05:00:00+00:00 [queued]>
[2021-12-31 22:18:36,643] {taskinstance.py:1238} INFO - 
--------------------------------------------------------------------------------
[2021-12-31 22:18:36,643] {taskinstance.py:1239} INFO - Starting attempt 1 of 1
[2021-12-31 22:18:36,643] {taskinstance.py:1240} INFO - 
--------------------------------------------------------------------------------
[2021-12-31 22:18:36,712] {taskinstance.py:1259} INFO - Executing <Task(PythonOperator): tweet_pipeline> on 2021-12-31 05:00:00+00:00
[2021-12-31 22:18:36,723] {standard_task_runner.py:52} INFO - Started process 10737 to run task
[2021-12-31 22:18:36,746] {standard_task_runner.py:76} INFO - Running: ['***', 'tasks', 'run', 'load_dimensions', 'tweet_pipeline', 'scheduled__2021-12-31T05:00:00+00:00', '--job-id', '155', '--raw', '--subdir', 'DAGS_FOLDER/load_redshift.py', '--cfg-path', '/tmp/tmp9ey1v8jg', '--error-file', '/tmp/tmpp90co3pr']
[2021-12-31 22:18:36,748] {standard_task_runner.py:77} INFO - Job 155: Subtask tweet_pipeline
[2021-12-31 22:18:36,976] {logging_mixin.py:109} INFO - Running <TaskInstance: load_dimensions.tweet_pipeline scheduled__2021-12-31T05:00:00+00:00 [running]> on host 87b5e846a243
[2021-12-31 22:18:37,207] {taskinstance.py:1426} INFO - Exporting the following env vars:
AIRFLOW_CTX_DAG_OWNER=test_owner
AIRFLOW_CTX_DAG_ID=load_dimensions
AIRFLOW_CTX_TASK_ID=tweet_pipeline
AIRFLOW_CTX_EXECUTION_DATE=2021-12-31T05:00:00+00:00
AIRFLOW_CTX_DAG_RUN_ID=scheduled__2021-12-31T05:00:00+00:00
[2021-12-31 22:18:37,209] {warnings.py:110} WARNING - /home/***/.local/lib/python3.7/site-packages/***/utils/context.py:152: AirflowContextDeprecationWarning: Accessing 'execution_date' from the template is deprecated and will be removed in a future version. Please use 'data_interval_start' or 'logical_date' instead.
  warnings.warn(_create_deprecation_warning(key, self._deprecation_replacements[key]))

[2021-12-31 22:18:37,209] {warnings.py:110} WARNING - /home/***/.local/lib/python3.7/site-packages/***/utils/context.py:152: AirflowContextDeprecationWarning: Accessing 'next_ds' from the template is deprecated and will be removed in a future version. Please use '{{ data_interval_end | ds }}' instead.
  warnings.warn(_create_deprecation_warning(key, self._deprecation_replacements[key]))

[2021-12-31 22:18:37,210] {warnings.py:110} WARNING - /home/***/.local/lib/python3.7/site-packages/***/utils/context.py:152: AirflowContextDeprecationWarning: Accessing 'next_ds_nodash' from the template is deprecated and will be removed in a future version. Please use '{{ data_interval_end | ds_nodash }}' instead.
  warnings.warn(_create_deprecation_warning(key, self._deprecation_replacements[key]))

[2021-12-31 22:18:37,210] {warnings.py:110} WARNING - /home/***/.local/lib/python3.7/site-packages/***/utils/context.py:152: AirflowContextDeprecationWarning: Accessing 'next_execution_date' from the template is deprecated and will be removed in a future version. Please use 'data_interval_end' instead.
  warnings.warn(_create_deprecation_warning(key, self._deprecation_replacements[key]))

[2021-12-31 22:18:37,210] {warnings.py:110} WARNING - /home/***/.local/lib/python3.7/site-packages/***/utils/context.py:152: AirflowContextDeprecationWarning: Accessing 'prev_ds' from the template is deprecated and will be removed in a future version.
  warnings.warn(_create_deprecation_warning(key, self._deprecation_replacements[key]))

[2021-12-31 22:18:37,210] {warnings.py:110} WARNING - /home/***/.local/lib/python3.7/site-packages/***/utils/context.py:152: AirflowContextDeprecationWarning: Accessing 'prev_ds_nodash' from the template is deprecated and will be removed in a future version.
  warnings.warn(_create_deprecation_warning(key, self._deprecation_replacements[key]))

[2021-12-31 22:18:37,213] {warnings.py:110} WARNING - /home/***/.local/lib/python3.7/site-packages/***/utils/context.py:152: AirflowContextDeprecationWarning: Accessing 'prev_execution_date' from the template is deprecated and will be removed in a future version.
  warnings.warn(_create_deprecation_warning(key, self._deprecation_replacements[key]))

[2021-12-31 22:18:37,214] {warnings.py:110} WARNING - /home/***/.local/lib/python3.7/site-packages/***/utils/context.py:152: AirflowContextDeprecationWarning: Accessing 'prev_execution_date_success' from the template is deprecated and will be removed in a future version. Please use 'prev_data_interval_start_success' instead.
  warnings.warn(_create_deprecation_warning(key, self._deprecation_replacements[key]))

[2021-12-31 22:18:37,214] {warnings.py:110} WARNING - /home/***/.local/lib/python3.7/site-packages/***/utils/context.py:152: AirflowContextDeprecationWarning: Accessing 'tomorrow_ds' from the template is deprecated and will be removed in a future version.
  warnings.warn(_create_deprecation_warning(key, self._deprecation_replacements[key]))

[2021-12-31 22:18:37,214] {warnings.py:110} WARNING - /home/***/.local/lib/python3.7/site-packages/***/utils/context.py:152: AirflowContextDeprecationWarning: Accessing 'tomorrow_ds_nodash' from the template is deprecated and will be removed in a future version.
  warnings.warn(_create_deprecation_warning(key, self._deprecation_replacements[key]))

[2021-12-31 22:18:37,214] {warnings.py:110} WARNING - /home/***/.local/lib/python3.7/site-packages/***/utils/context.py:152: AirflowContextDeprecationWarning: Accessing 'yesterday_ds' from the template is deprecated and will be removed in a future version.
  warnings.warn(_create_deprecation_warning(key, self._deprecation_replacements[key]))

[2021-12-31 22:18:37,214] {warnings.py:110} WARNING - /home/***/.local/lib/python3.7/site-packages/***/utils/context.py:152: AirflowContextDeprecationWarning: Accessing 'yesterday_ds_nodash' from the template is deprecated and will be removed in a future version.
  warnings.warn(_create_deprecation_warning(key, self._deprecation_replacements[key]))

[2021-12-31 22:18:37,214] {logging_mixin.py:109} INFO - Loading dimensions
[2021-12-31 22:18:37,215] {python.py:175} INFO - Done. Returned value was: None
[2021-12-31 22:18:37,259] {taskinstance.py:1277} INFO - Marking task as SUCCESS. dag_id=load_dimensions, task_id=tweet_pipeline, execution_date=20211231T050000, start_date=20211231T221836, end_date=20211231T221837
[2021-12-31 22:18:37,416] {local_task_job.py:154} INFO - Task exited with return code 0
[2021-12-31 22:18:37,703] {local_task_job.py:264} INFO - 0 downstream tasks scheduled from follow-on schedule check
[2021-12-31 23:25:25,551] {taskinstance.py:1032} INFO - Dependencies all met for <TaskInstance: load_dimensions.tweet_pipeline scheduled__2021-12-31T05:00:00+00:00 [queued]>
[2021-12-31 23:25:25,570] {taskinstance.py:1032} INFO - Dependencies all met for <TaskInstance: load_dimensions.tweet_pipeline scheduled__2021-12-31T05:00:00+00:00 [queued]>
[2021-12-31 23:25:25,570] {taskinstance.py:1238} INFO - 
--------------------------------------------------------------------------------
[2021-12-31 23:25:25,570] {taskinstance.py:1239} INFO - Starting attempt 1 of 1
[2021-12-31 23:25:25,570] {taskinstance.py:1240} INFO - 
--------------------------------------------------------------------------------
[2021-12-31 23:25:25,590] {taskinstance.py:1259} INFO - Executing <Task(PythonOperator): tweet_pipeline> on 2021-12-31 05:00:00+00:00
[2021-12-31 23:25:25,600] {standard_task_runner.py:52} INFO - Started process 1236 to run task
[2021-12-31 23:25:25,603] {standard_task_runner.py:76} INFO - Running: ['***', 'tasks', 'run', 'load_dimensions', 'tweet_pipeline', 'scheduled__2021-12-31T05:00:00+00:00', '--job-id', '169', '--raw', '--subdir', 'DAGS_FOLDER/load_redshift.py', '--cfg-path', '/tmp/tmp200jnblj', '--error-file', '/tmp/tmpco6ih4qn']
[2021-12-31 23:25:25,604] {standard_task_runner.py:77} INFO - Job 169: Subtask tweet_pipeline
[2021-12-31 23:25:25,656] {logging_mixin.py:109} INFO - Running <TaskInstance: load_dimensions.tweet_pipeline scheduled__2021-12-31T05:00:00+00:00 [running]> on host 87b5e846a243
[2021-12-31 23:25:25,708] {taskinstance.py:1426} INFO - Exporting the following env vars:
AIRFLOW_CTX_DAG_OWNER=test_owner
AIRFLOW_CTX_DAG_ID=load_dimensions
AIRFLOW_CTX_TASK_ID=tweet_pipeline
AIRFLOW_CTX_EXECUTION_DATE=2021-12-31T05:00:00+00:00
AIRFLOW_CTX_DAG_RUN_ID=scheduled__2021-12-31T05:00:00+00:00
[2021-12-31 23:25:25,710] {warnings.py:110} WARNING - /home/***/.local/lib/python3.7/site-packages/***/utils/context.py:152: AirflowContextDeprecationWarning: Accessing 'execution_date' from the template is deprecated and will be removed in a future version. Please use 'data_interval_start' or 'logical_date' instead.
  warnings.warn(_create_deprecation_warning(key, self._deprecation_replacements[key]))

[2021-12-31 23:25:25,710] {warnings.py:110} WARNING - /home/***/.local/lib/python3.7/site-packages/***/utils/context.py:152: AirflowContextDeprecationWarning: Accessing 'next_ds' from the template is deprecated and will be removed in a future version. Please use '{{ data_interval_end | ds }}' instead.
  warnings.warn(_create_deprecation_warning(key, self._deprecation_replacements[key]))

[2021-12-31 23:25:25,710] {warnings.py:110} WARNING - /home/***/.local/lib/python3.7/site-packages/***/utils/context.py:152: AirflowContextDeprecationWarning: Accessing 'next_ds_nodash' from the template is deprecated and will be removed in a future version. Please use '{{ data_interval_end | ds_nodash }}' instead.
  warnings.warn(_create_deprecation_warning(key, self._deprecation_replacements[key]))

[2021-12-31 23:25:25,710] {warnings.py:110} WARNING - /home/***/.local/lib/python3.7/site-packages/***/utils/context.py:152: AirflowContextDeprecationWarning: Accessing 'next_execution_date' from the template is deprecated and will be removed in a future version. Please use 'data_interval_end' instead.
  warnings.warn(_create_deprecation_warning(key, self._deprecation_replacements[key]))

[2021-12-31 23:25:25,710] {warnings.py:110} WARNING - /home/***/.local/lib/python3.7/site-packages/***/utils/context.py:152: AirflowContextDeprecationWarning: Accessing 'prev_ds' from the template is deprecated and will be removed in a future version.
  warnings.warn(_create_deprecation_warning(key, self._deprecation_replacements[key]))

[2021-12-31 23:25:25,710] {warnings.py:110} WARNING - /home/***/.local/lib/python3.7/site-packages/***/utils/context.py:152: AirflowContextDeprecationWarning: Accessing 'prev_ds_nodash' from the template is deprecated and will be removed in a future version.
  warnings.warn(_create_deprecation_warning(key, self._deprecation_replacements[key]))

[2021-12-31 23:25:25,710] {warnings.py:110} WARNING - /home/***/.local/lib/python3.7/site-packages/***/utils/context.py:152: AirflowContextDeprecationWarning: Accessing 'prev_execution_date' from the template is deprecated and will be removed in a future version.
  warnings.warn(_create_deprecation_warning(key, self._deprecation_replacements[key]))

[2021-12-31 23:25:25,711] {warnings.py:110} WARNING - /home/***/.local/lib/python3.7/site-packages/***/utils/context.py:152: AirflowContextDeprecationWarning: Accessing 'prev_execution_date_success' from the template is deprecated and will be removed in a future version. Please use 'prev_data_interval_start_success' instead.
  warnings.warn(_create_deprecation_warning(key, self._deprecation_replacements[key]))

[2021-12-31 23:25:25,711] {warnings.py:110} WARNING - /home/***/.local/lib/python3.7/site-packages/***/utils/context.py:152: AirflowContextDeprecationWarning: Accessing 'tomorrow_ds' from the template is deprecated and will be removed in a future version.
  warnings.warn(_create_deprecation_warning(key, self._deprecation_replacements[key]))

[2021-12-31 23:25:25,711] {warnings.py:110} WARNING - /home/***/.local/lib/python3.7/site-packages/***/utils/context.py:152: AirflowContextDeprecationWarning: Accessing 'tomorrow_ds_nodash' from the template is deprecated and will be removed in a future version.
  warnings.warn(_create_deprecation_warning(key, self._deprecation_replacements[key]))

[2021-12-31 23:25:25,711] {warnings.py:110} WARNING - /home/***/.local/lib/python3.7/site-packages/***/utils/context.py:152: AirflowContextDeprecationWarning: Accessing 'yesterday_ds' from the template is deprecated and will be removed in a future version.
  warnings.warn(_create_deprecation_warning(key, self._deprecation_replacements[key]))

[2021-12-31 23:25:25,711] {warnings.py:110} WARNING - /home/***/.local/lib/python3.7/site-packages/***/utils/context.py:152: AirflowContextDeprecationWarning: Accessing 'yesterday_ds_nodash' from the template is deprecated and will be removed in a future version.
  warnings.warn(_create_deprecation_warning(key, self._deprecation_replacements[key]))

[2021-12-31 23:25:25,711] {logging_mixin.py:109} INFO - Loading dimensions
[2021-12-31 23:25:25,711] {python.py:175} INFO - Done. Returned value was: None
[2021-12-31 23:25:25,722] {taskinstance.py:1277} INFO - Marking task as SUCCESS. dag_id=load_dimensions, task_id=tweet_pipeline, execution_date=20211231T050000, start_date=20211231T232525, end_date=20211231T232525
[2021-12-31 23:25:25,776] {local_task_job.py:154} INFO - Task exited with return code 0
[2021-12-31 23:25:25,826] {local_task_job.py:264} INFO - 1 downstream tasks scheduled from follow-on schedule check
[2021-12-31 23:26:56,884] {taskinstance.py:1032} INFO - Dependencies all met for <TaskInstance: load_dimensions.tweet_pipeline scheduled__2021-12-31T05:00:00+00:00 [queued]>
[2021-12-31 23:26:56,898] {taskinstance.py:1032} INFO - Dependencies all met for <TaskInstance: load_dimensions.tweet_pipeline scheduled__2021-12-31T05:00:00+00:00 [queued]>
[2021-12-31 23:26:56,898] {taskinstance.py:1238} INFO - 
--------------------------------------------------------------------------------
[2021-12-31 23:26:56,898] {taskinstance.py:1239} INFO - Starting attempt 1 of 1
[2021-12-31 23:26:56,898] {taskinstance.py:1240} INFO - 
--------------------------------------------------------------------------------
[2021-12-31 23:26:56,914] {taskinstance.py:1259} INFO - Executing <Task(PythonOperator): tweet_pipeline> on 2021-12-31 05:00:00+00:00
[2021-12-31 23:26:56,922] {standard_task_runner.py:52} INFO - Started process 1342 to run task
[2021-12-31 23:26:56,926] {standard_task_runner.py:76} INFO - Running: ['***', 'tasks', 'run', 'load_dimensions', 'tweet_pipeline', 'scheduled__2021-12-31T05:00:00+00:00', '--job-id', '181', '--raw', '--subdir', 'DAGS_FOLDER/load_redshift.py', '--cfg-path', '/tmp/tmpo3s1hh9w', '--error-file', '/tmp/tmp92zankdz']
[2021-12-31 23:26:56,927] {standard_task_runner.py:77} INFO - Job 181: Subtask tweet_pipeline
[2021-12-31 23:26:57,010] {logging_mixin.py:109} INFO - Running <TaskInstance: load_dimensions.tweet_pipeline scheduled__2021-12-31T05:00:00+00:00 [running]> on host 87b5e846a243
[2021-12-31 23:26:57,076] {taskinstance.py:1426} INFO - Exporting the following env vars:
AIRFLOW_CTX_DAG_OWNER=test_owner
AIRFLOW_CTX_DAG_ID=load_dimensions
AIRFLOW_CTX_TASK_ID=tweet_pipeline
AIRFLOW_CTX_EXECUTION_DATE=2021-12-31T05:00:00+00:00
AIRFLOW_CTX_DAG_RUN_ID=scheduled__2021-12-31T05:00:00+00:00
[2021-12-31 23:26:57,079] {warnings.py:110} WARNING - /home/***/.local/lib/python3.7/site-packages/***/utils/context.py:152: AirflowContextDeprecationWarning: Accessing 'execution_date' from the template is deprecated and will be removed in a future version. Please use 'data_interval_start' or 'logical_date' instead.
  warnings.warn(_create_deprecation_warning(key, self._deprecation_replacements[key]))

[2021-12-31 23:26:57,080] {warnings.py:110} WARNING - /home/***/.local/lib/python3.7/site-packages/***/utils/context.py:152: AirflowContextDeprecationWarning: Accessing 'next_ds' from the template is deprecated and will be removed in a future version. Please use '{{ data_interval_end | ds }}' instead.
  warnings.warn(_create_deprecation_warning(key, self._deprecation_replacements[key]))

[2021-12-31 23:26:57,081] {warnings.py:110} WARNING - /home/***/.local/lib/python3.7/site-packages/***/utils/context.py:152: AirflowContextDeprecationWarning: Accessing 'next_ds_nodash' from the template is deprecated and will be removed in a future version. Please use '{{ data_interval_end | ds_nodash }}' instead.
  warnings.warn(_create_deprecation_warning(key, self._deprecation_replacements[key]))

[2021-12-31 23:26:57,082] {warnings.py:110} WARNING - /home/***/.local/lib/python3.7/site-packages/***/utils/context.py:152: AirflowContextDeprecationWarning: Accessing 'next_execution_date' from the template is deprecated and will be removed in a future version. Please use 'data_interval_end' instead.
  warnings.warn(_create_deprecation_warning(key, self._deprecation_replacements[key]))

[2021-12-31 23:26:57,082] {warnings.py:110} WARNING - /home/***/.local/lib/python3.7/site-packages/***/utils/context.py:152: AirflowContextDeprecationWarning: Accessing 'prev_ds' from the template is deprecated and will be removed in a future version.
  warnings.warn(_create_deprecation_warning(key, self._deprecation_replacements[key]))

[2021-12-31 23:26:57,082] {warnings.py:110} WARNING - /home/***/.local/lib/python3.7/site-packages/***/utils/context.py:152: AirflowContextDeprecationWarning: Accessing 'prev_ds_nodash' from the template is deprecated and will be removed in a future version.
  warnings.warn(_create_deprecation_warning(key, self._deprecation_replacements[key]))

[2021-12-31 23:26:57,082] {warnings.py:110} WARNING - /home/***/.local/lib/python3.7/site-packages/***/utils/context.py:152: AirflowContextDeprecationWarning: Accessing 'prev_execution_date' from the template is deprecated and will be removed in a future version.
  warnings.warn(_create_deprecation_warning(key, self._deprecation_replacements[key]))

[2021-12-31 23:26:57,083] {warnings.py:110} WARNING - /home/***/.local/lib/python3.7/site-packages/***/utils/context.py:152: AirflowContextDeprecationWarning: Accessing 'prev_execution_date_success' from the template is deprecated and will be removed in a future version. Please use 'prev_data_interval_start_success' instead.
  warnings.warn(_create_deprecation_warning(key, self._deprecation_replacements[key]))

[2021-12-31 23:26:57,083] {warnings.py:110} WARNING - /home/***/.local/lib/python3.7/site-packages/***/utils/context.py:152: AirflowContextDeprecationWarning: Accessing 'tomorrow_ds' from the template is deprecated and will be removed in a future version.
  warnings.warn(_create_deprecation_warning(key, self._deprecation_replacements[key]))

[2021-12-31 23:26:57,083] {warnings.py:110} WARNING - /home/***/.local/lib/python3.7/site-packages/***/utils/context.py:152: AirflowContextDeprecationWarning: Accessing 'tomorrow_ds_nodash' from the template is deprecated and will be removed in a future version.
  warnings.warn(_create_deprecation_warning(key, self._deprecation_replacements[key]))

[2021-12-31 23:26:57,083] {warnings.py:110} WARNING - /home/***/.local/lib/python3.7/site-packages/***/utils/context.py:152: AirflowContextDeprecationWarning: Accessing 'yesterday_ds' from the template is deprecated and will be removed in a future version.
  warnings.warn(_create_deprecation_warning(key, self._deprecation_replacements[key]))

[2021-12-31 23:26:57,083] {warnings.py:110} WARNING - /home/***/.local/lib/python3.7/site-packages/***/utils/context.py:152: AirflowContextDeprecationWarning: Accessing 'yesterday_ds_nodash' from the template is deprecated and will be removed in a future version.
  warnings.warn(_create_deprecation_warning(key, self._deprecation_replacements[key]))

[2021-12-31 23:26:57,083] {logging_mixin.py:109} INFO - Loading dimensions
[2021-12-31 23:26:57,083] {python.py:175} INFO - Done. Returned value was: None
[2021-12-31 23:26:57,182] {taskinstance.py:1277} INFO - Marking task as SUCCESS. dag_id=load_dimensions, task_id=tweet_pipeline, execution_date=20211231T050000, start_date=20211231T232656, end_date=20211231T232657
[2021-12-31 23:26:57,220] {local_task_job.py:154} INFO - Task exited with return code 0
[2021-12-31 23:26:57,268] {local_task_job.py:264} INFO - 1 downstream tasks scheduled from follow-on schedule check
[2021-12-31 23:35:15,563] {taskinstance.py:1032} INFO - Dependencies all met for <TaskInstance: load_dimensions.tweet_pipeline scheduled__2021-12-31T05:00:00+00:00 [queued]>
[2021-12-31 23:35:15,602] {taskinstance.py:1032} INFO - Dependencies all met for <TaskInstance: load_dimensions.tweet_pipeline scheduled__2021-12-31T05:00:00+00:00 [queued]>
[2021-12-31 23:35:15,602] {taskinstance.py:1238} INFO - 
--------------------------------------------------------------------------------
[2021-12-31 23:35:15,602] {taskinstance.py:1239} INFO - Starting attempt 1 of 1
[2021-12-31 23:35:15,602] {taskinstance.py:1240} INFO - 
--------------------------------------------------------------------------------
[2021-12-31 23:35:15,641] {taskinstance.py:1259} INFO - Executing <Task(PythonOperator): tweet_pipeline> on 2021-12-31 05:00:00+00:00
[2021-12-31 23:35:15,659] {standard_task_runner.py:52} INFO - Started process 1753 to run task
[2021-12-31 23:35:15,672] {standard_task_runner.py:76} INFO - Running: ['***', 'tasks', 'run', 'load_dimensions', 'tweet_pipeline', 'scheduled__2021-12-31T05:00:00+00:00', '--job-id', '193', '--raw', '--subdir', 'DAGS_FOLDER/load_redshift.py', '--cfg-path', '/tmp/tmprm4bq687', '--error-file', '/tmp/tmpxixauoyc']
[2021-12-31 23:35:15,673] {standard_task_runner.py:77} INFO - Job 193: Subtask tweet_pipeline
[2021-12-31 23:35:15,827] {logging_mixin.py:109} INFO - Running <TaskInstance: load_dimensions.tweet_pipeline scheduled__2021-12-31T05:00:00+00:00 [running]> on host 87b5e846a243
[2021-12-31 23:35:15,993] {taskinstance.py:1426} INFO - Exporting the following env vars:
AIRFLOW_CTX_DAG_OWNER=test_owner
AIRFLOW_CTX_DAG_ID=load_dimensions
AIRFLOW_CTX_TASK_ID=tweet_pipeline
AIRFLOW_CTX_EXECUTION_DATE=2021-12-31T05:00:00+00:00
AIRFLOW_CTX_DAG_RUN_ID=scheduled__2021-12-31T05:00:00+00:00
[2021-12-31 23:35:15,995] {warnings.py:110} WARNING - /home/***/.local/lib/python3.7/site-packages/***/utils/context.py:152: AirflowContextDeprecationWarning: Accessing 'execution_date' from the template is deprecated and will be removed in a future version. Please use 'data_interval_start' or 'logical_date' instead.
  warnings.warn(_create_deprecation_warning(key, self._deprecation_replacements[key]))

[2021-12-31 23:35:15,995] {warnings.py:110} WARNING - /home/***/.local/lib/python3.7/site-packages/***/utils/context.py:152: AirflowContextDeprecationWarning: Accessing 'next_ds' from the template is deprecated and will be removed in a future version. Please use '{{ data_interval_end | ds }}' instead.
  warnings.warn(_create_deprecation_warning(key, self._deprecation_replacements[key]))

[2021-12-31 23:35:15,995] {warnings.py:110} WARNING - /home/***/.local/lib/python3.7/site-packages/***/utils/context.py:152: AirflowContextDeprecationWarning: Accessing 'next_ds_nodash' from the template is deprecated and will be removed in a future version. Please use '{{ data_interval_end | ds_nodash }}' instead.
  warnings.warn(_create_deprecation_warning(key, self._deprecation_replacements[key]))

[2021-12-31 23:35:15,995] {warnings.py:110} WARNING - /home/***/.local/lib/python3.7/site-packages/***/utils/context.py:152: AirflowContextDeprecationWarning: Accessing 'next_execution_date' from the template is deprecated and will be removed in a future version. Please use 'data_interval_end' instead.
  warnings.warn(_create_deprecation_warning(key, self._deprecation_replacements[key]))

[2021-12-31 23:35:15,996] {warnings.py:110} WARNING - /home/***/.local/lib/python3.7/site-packages/***/utils/context.py:152: AirflowContextDeprecationWarning: Accessing 'prev_ds' from the template is deprecated and will be removed in a future version.
  warnings.warn(_create_deprecation_warning(key, self._deprecation_replacements[key]))

[2021-12-31 23:35:15,996] {warnings.py:110} WARNING - /home/***/.local/lib/python3.7/site-packages/***/utils/context.py:152: AirflowContextDeprecationWarning: Accessing 'prev_ds_nodash' from the template is deprecated and will be removed in a future version.
  warnings.warn(_create_deprecation_warning(key, self._deprecation_replacements[key]))

[2021-12-31 23:35:15,996] {warnings.py:110} WARNING - /home/***/.local/lib/python3.7/site-packages/***/utils/context.py:152: AirflowContextDeprecationWarning: Accessing 'prev_execution_date' from the template is deprecated and will be removed in a future version.
  warnings.warn(_create_deprecation_warning(key, self._deprecation_replacements[key]))

[2021-12-31 23:35:15,996] {warnings.py:110} WARNING - /home/***/.local/lib/python3.7/site-packages/***/utils/context.py:152: AirflowContextDeprecationWarning: Accessing 'prev_execution_date_success' from the template is deprecated and will be removed in a future version. Please use 'prev_data_interval_start_success' instead.
  warnings.warn(_create_deprecation_warning(key, self._deprecation_replacements[key]))

[2021-12-31 23:35:15,996] {warnings.py:110} WARNING - /home/***/.local/lib/python3.7/site-packages/***/utils/context.py:152: AirflowContextDeprecationWarning: Accessing 'tomorrow_ds' from the template is deprecated and will be removed in a future version.
  warnings.warn(_create_deprecation_warning(key, self._deprecation_replacements[key]))

[2021-12-31 23:35:15,996] {warnings.py:110} WARNING - /home/***/.local/lib/python3.7/site-packages/***/utils/context.py:152: AirflowContextDeprecationWarning: Accessing 'tomorrow_ds_nodash' from the template is deprecated and will be removed in a future version.
  warnings.warn(_create_deprecation_warning(key, self._deprecation_replacements[key]))

[2021-12-31 23:35:15,997] {warnings.py:110} WARNING - /home/***/.local/lib/python3.7/site-packages/***/utils/context.py:152: AirflowContextDeprecationWarning: Accessing 'yesterday_ds' from the template is deprecated and will be removed in a future version.
  warnings.warn(_create_deprecation_warning(key, self._deprecation_replacements[key]))

[2021-12-31 23:35:15,997] {warnings.py:110} WARNING - /home/***/.local/lib/python3.7/site-packages/***/utils/context.py:152: AirflowContextDeprecationWarning: Accessing 'yesterday_ds_nodash' from the template is deprecated and will be removed in a future version.
  warnings.warn(_create_deprecation_warning(key, self._deprecation_replacements[key]))

[2021-12-31 23:35:15,997] {logging_mixin.py:109} INFO - Loading dimensions
[2021-12-31 23:35:15,997] {python.py:175} INFO - Done. Returned value was: None
[2021-12-31 23:35:16,022] {taskinstance.py:1277} INFO - Marking task as SUCCESS. dag_id=load_dimensions, task_id=tweet_pipeline, execution_date=20211231T050000, start_date=20211231T233515, end_date=20211231T233516
[2021-12-31 23:35:16,089] {local_task_job.py:154} INFO - Task exited with return code 0
[2021-12-31 23:35:16,179] {local_task_job.py:264} INFO - 1 downstream tasks scheduled from follow-on schedule check
