[2021-12-30 05:31:04,472] {taskinstance.py:1032} INFO - Dependencies all met for <TaskInstance: tutorial_etl_dag.transform manual__2021-12-30T05:30:51+00:00 [queued]>
[2021-12-30 05:31:04,496] {taskinstance.py:1032} INFO - Dependencies all met for <TaskInstance: tutorial_etl_dag.transform manual__2021-12-30T05:30:51+00:00 [queued]>
[2021-12-30 05:31:04,497] {taskinstance.py:1238} INFO - 
--------------------------------------------------------------------------------
[2021-12-30 05:31:04,497] {taskinstance.py:1239} INFO - Starting attempt 1 of 1
[2021-12-30 05:31:04,497] {taskinstance.py:1240} INFO - 
--------------------------------------------------------------------------------
[2021-12-30 05:31:04,541] {taskinstance.py:1259} INFO - Executing <Task(PythonOperator): transform> on 2021-12-30 05:30:51+00:00
[2021-12-30 05:31:04,549] {standard_task_runner.py:52} INFO - Started process 277 to run task
[2021-12-30 05:31:04,556] {standard_task_runner.py:76} INFO - Running: ['***', 'tasks', 'run', 'tutorial_etl_dag', 'transform', 'manual__2021-12-30T05:30:51+00:00', '--job-id', '26', '--raw', '--subdir', '/home/***/.local/lib/python3.7/site-packages/***/example_dags/tutorial_etl_dag.py', '--cfg-path', '/tmp/tmp3rsqdwww', '--error-file', '/tmp/tmpnzuxfu0s']
[2021-12-30 05:31:04,557] {standard_task_runner.py:77} INFO - Job 26: Subtask transform
[2021-12-30 05:31:04,703] {logging_mixin.py:109} INFO - Running <TaskInstance: tutorial_etl_dag.transform manual__2021-12-30T05:30:51+00:00 [running]> on host e3c2287c3ee3
[2021-12-30 05:31:04,845] {taskinstance.py:1426} INFO - Exporting the following env vars:
AIRFLOW_CTX_DAG_OWNER=***
AIRFLOW_CTX_DAG_ID=tutorial_etl_dag
AIRFLOW_CTX_TASK_ID=transform
AIRFLOW_CTX_EXECUTION_DATE=2021-12-30T05:30:51+00:00
AIRFLOW_CTX_DAG_RUN_ID=manual__2021-12-30T05:30:51+00:00
[2021-12-30 05:31:04,847] {warnings.py:110} WARNING - /home/***/.local/lib/python3.7/site-packages/***/utils/context.py:152: AirflowContextDeprecationWarning: Accessing 'execution_date' from the template is deprecated and will be removed in a future version. Please use 'data_interval_start' or 'logical_date' instead.
  warnings.warn(_create_deprecation_warning(key, self._deprecation_replacements[key]))

[2021-12-30 05:31:04,848] {warnings.py:110} WARNING - /home/***/.local/lib/python3.7/site-packages/***/utils/context.py:152: AirflowContextDeprecationWarning: Accessing 'next_ds' from the template is deprecated and will be removed in a future version. Please use '{{ data_interval_end | ds }}' instead.
  warnings.warn(_create_deprecation_warning(key, self._deprecation_replacements[key]))

[2021-12-30 05:31:04,848] {warnings.py:110} WARNING - /home/***/.local/lib/python3.7/site-packages/***/utils/context.py:152: AirflowContextDeprecationWarning: Accessing 'next_ds_nodash' from the template is deprecated and will be removed in a future version. Please use '{{ data_interval_end | ds_nodash }}' instead.
  warnings.warn(_create_deprecation_warning(key, self._deprecation_replacements[key]))

[2021-12-30 05:31:04,848] {warnings.py:110} WARNING - /home/***/.local/lib/python3.7/site-packages/***/utils/context.py:152: AirflowContextDeprecationWarning: Accessing 'next_execution_date' from the template is deprecated and will be removed in a future version. Please use 'data_interval_end' instead.
  warnings.warn(_create_deprecation_warning(key, self._deprecation_replacements[key]))

[2021-12-30 05:31:04,849] {warnings.py:110} WARNING - /home/***/.local/lib/python3.7/site-packages/***/utils/context.py:152: AirflowContextDeprecationWarning: Accessing 'prev_ds' from the template is deprecated and will be removed in a future version.
  warnings.warn(_create_deprecation_warning(key, self._deprecation_replacements[key]))

[2021-12-30 05:31:04,849] {warnings.py:110} WARNING - /home/***/.local/lib/python3.7/site-packages/***/utils/context.py:152: AirflowContextDeprecationWarning: Accessing 'prev_ds_nodash' from the template is deprecated and will be removed in a future version.
  warnings.warn(_create_deprecation_warning(key, self._deprecation_replacements[key]))

[2021-12-30 05:31:04,849] {warnings.py:110} WARNING - /home/***/.local/lib/python3.7/site-packages/***/utils/context.py:152: AirflowContextDeprecationWarning: Accessing 'prev_execution_date' from the template is deprecated and will be removed in a future version.
  warnings.warn(_create_deprecation_warning(key, self._deprecation_replacements[key]))

[2021-12-30 05:31:04,850] {warnings.py:110} WARNING - /home/***/.local/lib/python3.7/site-packages/***/utils/context.py:152: AirflowContextDeprecationWarning: Accessing 'prev_execution_date_success' from the template is deprecated and will be removed in a future version. Please use 'prev_data_interval_start_success' instead.
  warnings.warn(_create_deprecation_warning(key, self._deprecation_replacements[key]))

[2021-12-30 05:31:04,850] {warnings.py:110} WARNING - /home/***/.local/lib/python3.7/site-packages/***/utils/context.py:152: AirflowContextDeprecationWarning: Accessing 'tomorrow_ds' from the template is deprecated and will be removed in a future version.
  warnings.warn(_create_deprecation_warning(key, self._deprecation_replacements[key]))

[2021-12-30 05:31:04,850] {warnings.py:110} WARNING - /home/***/.local/lib/python3.7/site-packages/***/utils/context.py:152: AirflowContextDeprecationWarning: Accessing 'tomorrow_ds_nodash' from the template is deprecated and will be removed in a future version.
  warnings.warn(_create_deprecation_warning(key, self._deprecation_replacements[key]))

[2021-12-30 05:31:04,851] {warnings.py:110} WARNING - /home/***/.local/lib/python3.7/site-packages/***/utils/context.py:152: AirflowContextDeprecationWarning: Accessing 'yesterday_ds' from the template is deprecated and will be removed in a future version.
  warnings.warn(_create_deprecation_warning(key, self._deprecation_replacements[key]))

[2021-12-30 05:31:04,851] {warnings.py:110} WARNING - /home/***/.local/lib/python3.7/site-packages/***/utils/context.py:152: AirflowContextDeprecationWarning: Accessing 'yesterday_ds_nodash' from the template is deprecated and will be removed in a future version.
  warnings.warn(_create_deprecation_warning(key, self._deprecation_replacements[key]))

[2021-12-30 05:31:04,909] {python.py:175} INFO - Done. Returned value was: None
[2021-12-30 05:31:04,977] {taskinstance.py:1277} INFO - Marking task as SUCCESS. dag_id=tutorial_etl_dag, task_id=transform, execution_date=20211230T053051, start_date=20211230T053104, end_date=20211230T053104
[2021-12-30 05:31:05,048] {local_task_job.py:154} INFO - Task exited with return code 0
[2021-12-30 05:31:05,164] {local_task_job.py:264} INFO - 1 downstream tasks scheduled from follow-on schedule check
