[2021-12-30 05:31:06,806] {taskinstance.py:1032} INFO - Dependencies all met for <TaskInstance: tutorial_etl_dag.load manual__2021-12-30T05:30:51+00:00 [queued]>
[2021-12-30 05:31:06,841] {taskinstance.py:1032} INFO - Dependencies all met for <TaskInstance: tutorial_etl_dag.load manual__2021-12-30T05:30:51+00:00 [queued]>
[2021-12-30 05:31:06,841] {taskinstance.py:1238} INFO - 
--------------------------------------------------------------------------------
[2021-12-30 05:31:06,841] {taskinstance.py:1239} INFO - Starting attempt 1 of 1
[2021-12-30 05:31:06,842] {taskinstance.py:1240} INFO - 
--------------------------------------------------------------------------------
[2021-12-30 05:31:06,880] {taskinstance.py:1259} INFO - Executing <Task(PythonOperator): load> on 2021-12-30 05:30:51+00:00
[2021-12-30 05:31:06,889] {standard_task_runner.py:52} INFO - Started process 279 to run task
[2021-12-30 05:31:06,897] {standard_task_runner.py:76} INFO - Running: ['***', 'tasks', 'run', 'tutorial_etl_dag', 'load', 'manual__2021-12-30T05:30:51+00:00', '--job-id', '27', '--raw', '--subdir', '/home/***/.local/lib/python3.7/site-packages/***/example_dags/tutorial_etl_dag.py', '--cfg-path', '/tmp/tmpklc_mh_h', '--error-file', '/tmp/tmpg0x4yess']
[2021-12-30 05:31:06,899] {standard_task_runner.py:77} INFO - Job 27: Subtask load
[2021-12-30 05:31:07,045] {logging_mixin.py:109} INFO - Running <TaskInstance: tutorial_etl_dag.load manual__2021-12-30T05:30:51+00:00 [running]> on host e3c2287c3ee3
[2021-12-30 05:31:07,172] {taskinstance.py:1426} INFO - Exporting the following env vars:
AIRFLOW_CTX_DAG_OWNER=***
AIRFLOW_CTX_DAG_ID=tutorial_etl_dag
AIRFLOW_CTX_TASK_ID=load
AIRFLOW_CTX_EXECUTION_DATE=2021-12-30T05:30:51+00:00
AIRFLOW_CTX_DAG_RUN_ID=manual__2021-12-30T05:30:51+00:00
[2021-12-30 05:31:07,176] {warnings.py:110} WARNING - /home/***/.local/lib/python3.7/site-packages/***/utils/context.py:152: AirflowContextDeprecationWarning: Accessing 'execution_date' from the template is deprecated and will be removed in a future version. Please use 'data_interval_start' or 'logical_date' instead.
  warnings.warn(_create_deprecation_warning(key, self._deprecation_replacements[key]))

[2021-12-30 05:31:07,177] {warnings.py:110} WARNING - /home/***/.local/lib/python3.7/site-packages/***/utils/context.py:152: AirflowContextDeprecationWarning: Accessing 'next_ds' from the template is deprecated and will be removed in a future version. Please use '{{ data_interval_end | ds }}' instead.
  warnings.warn(_create_deprecation_warning(key, self._deprecation_replacements[key]))

[2021-12-30 05:31:07,178] {warnings.py:110} WARNING - /home/***/.local/lib/python3.7/site-packages/***/utils/context.py:152: AirflowContextDeprecationWarning: Accessing 'next_ds_nodash' from the template is deprecated and will be removed in a future version. Please use '{{ data_interval_end | ds_nodash }}' instead.
  warnings.warn(_create_deprecation_warning(key, self._deprecation_replacements[key]))

[2021-12-30 05:31:07,178] {warnings.py:110} WARNING - /home/***/.local/lib/python3.7/site-packages/***/utils/context.py:152: AirflowContextDeprecationWarning: Accessing 'next_execution_date' from the template is deprecated and will be removed in a future version. Please use 'data_interval_end' instead.
  warnings.warn(_create_deprecation_warning(key, self._deprecation_replacements[key]))

[2021-12-30 05:31:07,179] {warnings.py:110} WARNING - /home/***/.local/lib/python3.7/site-packages/***/utils/context.py:152: AirflowContextDeprecationWarning: Accessing 'prev_ds' from the template is deprecated and will be removed in a future version.
  warnings.warn(_create_deprecation_warning(key, self._deprecation_replacements[key]))

[2021-12-30 05:31:07,180] {warnings.py:110} WARNING - /home/***/.local/lib/python3.7/site-packages/***/utils/context.py:152: AirflowContextDeprecationWarning: Accessing 'prev_ds_nodash' from the template is deprecated and will be removed in a future version.
  warnings.warn(_create_deprecation_warning(key, self._deprecation_replacements[key]))

[2021-12-30 05:31:07,180] {warnings.py:110} WARNING - /home/***/.local/lib/python3.7/site-packages/***/utils/context.py:152: AirflowContextDeprecationWarning: Accessing 'prev_execution_date' from the template is deprecated and will be removed in a future version.
  warnings.warn(_create_deprecation_warning(key, self._deprecation_replacements[key]))

[2021-12-30 05:31:07,180] {warnings.py:110} WARNING - /home/***/.local/lib/python3.7/site-packages/***/utils/context.py:152: AirflowContextDeprecationWarning: Accessing 'prev_execution_date_success' from the template is deprecated and will be removed in a future version. Please use 'prev_data_interval_start_success' instead.
  warnings.warn(_create_deprecation_warning(key, self._deprecation_replacements[key]))

[2021-12-30 05:31:07,181] {warnings.py:110} WARNING - /home/***/.local/lib/python3.7/site-packages/***/utils/context.py:152: AirflowContextDeprecationWarning: Accessing 'tomorrow_ds' from the template is deprecated and will be removed in a future version.
  warnings.warn(_create_deprecation_warning(key, self._deprecation_replacements[key]))

[2021-12-30 05:31:07,181] {warnings.py:110} WARNING - /home/***/.local/lib/python3.7/site-packages/***/utils/context.py:152: AirflowContextDeprecationWarning: Accessing 'tomorrow_ds_nodash' from the template is deprecated and will be removed in a future version.
  warnings.warn(_create_deprecation_warning(key, self._deprecation_replacements[key]))

[2021-12-30 05:31:07,181] {warnings.py:110} WARNING - /home/***/.local/lib/python3.7/site-packages/***/utils/context.py:152: AirflowContextDeprecationWarning: Accessing 'yesterday_ds' from the template is deprecated and will be removed in a future version.
  warnings.warn(_create_deprecation_warning(key, self._deprecation_replacements[key]))

[2021-12-30 05:31:07,182] {warnings.py:110} WARNING - /home/***/.local/lib/python3.7/site-packages/***/utils/context.py:152: AirflowContextDeprecationWarning: Accessing 'yesterday_ds_nodash' from the template is deprecated and will be removed in a future version.
  warnings.warn(_create_deprecation_warning(key, self._deprecation_replacements[key]))

[2021-12-30 05:31:07,202] {logging_mixin.py:109} INFO - {'total_order_value': 1236.7}
[2021-12-30 05:31:07,202] {python.py:175} INFO - Done. Returned value was: None
[2021-12-30 05:31:07,245] {taskinstance.py:1277} INFO - Marking task as SUCCESS. dag_id=tutorial_etl_dag, task_id=load, execution_date=20211230T053051, start_date=20211230T053106, end_date=20211230T053107
[2021-12-30 05:31:07,309] {local_task_job.py:154} INFO - Task exited with return code 0
[2021-12-30 05:31:07,392] {local_task_job.py:264} INFO - 0 downstream tasks scheduled from follow-on schedule check
