[2022-01-05 07:07:03,985] {taskinstance.py:1032} INFO - Dependencies all met for <TaskInstance: load_dimensions.tweet_load scheduled__2021-12-31T04:00:00+00:00 [queued]>
[2022-01-05 07:07:04,016] {taskinstance.py:1032} INFO - Dependencies all met for <TaskInstance: load_dimensions.tweet_load scheduled__2021-12-31T04:00:00+00:00 [queued]>
[2022-01-05 07:07:04,016] {taskinstance.py:1238} INFO - 
--------------------------------------------------------------------------------
[2022-01-05 07:07:04,016] {taskinstance.py:1239} INFO - Starting attempt 2 of 2
[2022-01-05 07:07:04,016] {taskinstance.py:1240} INFO - 
--------------------------------------------------------------------------------
[2022-01-05 07:07:04,055] {taskinstance.py:1259} INFO - Executing <Task(PythonOperator): tweet_load> on 2021-12-31 04:00:00+00:00
[2022-01-05 07:07:04,094] {standard_task_runner.py:52} INFO - Started process 426 to run task
[2022-01-05 07:07:04,101] {standard_task_runner.py:76} INFO - Running: ['***', 'tasks', 'run', 'load_dimensions', 'tweet_load', 'scheduled__2021-12-31T04:00:00+00:00', '--job-id', '360', '--raw', '--subdir', 'DAGS_FOLDER/load_redshift.py', '--cfg-path', '/tmp/tmpactqgu_4', '--error-file', '/tmp/tmp3kccj6bn']
[2022-01-05 07:07:04,102] {standard_task_runner.py:77} INFO - Job 360: Subtask tweet_load
[2022-01-05 07:07:04,208] {logging_mixin.py:109} INFO - Running <TaskInstance: load_dimensions.tweet_load scheduled__2021-12-31T04:00:00+00:00 [running]> on host e544fdb7c66e
[2022-01-05 07:07:04,359] {taskinstance.py:1426} INFO - Exporting the following env vars:
AIRFLOW_CTX_DAG_OWNER=test_owner
AIRFLOW_CTX_DAG_ID=load_dimensions
AIRFLOW_CTX_TASK_ID=tweet_load
AIRFLOW_CTX_EXECUTION_DATE=2021-12-31T04:00:00+00:00
AIRFLOW_CTX_DAG_RUN_ID=scheduled__2021-12-31T04:00:00+00:00
[2022-01-05 07:07:04,361] {warnings.py:110} WARNING - /home/***/.local/lib/python3.7/site-packages/***/utils/context.py:152: AirflowContextDeprecationWarning: Accessing 'execution_date' from the template is deprecated and will be removed in a future version. Please use 'data_interval_start' or 'logical_date' instead.
  warnings.warn(_create_deprecation_warning(key, self._deprecation_replacements[key]))

[2022-01-05 07:07:04,361] {warnings.py:110} WARNING - /home/***/.local/lib/python3.7/site-packages/***/utils/context.py:152: AirflowContextDeprecationWarning: Accessing 'next_ds' from the template is deprecated and will be removed in a future version. Please use '{{ data_interval_end | ds }}' instead.
  warnings.warn(_create_deprecation_warning(key, self._deprecation_replacements[key]))

[2022-01-05 07:07:04,361] {warnings.py:110} WARNING - /home/***/.local/lib/python3.7/site-packages/***/utils/context.py:152: AirflowContextDeprecationWarning: Accessing 'next_ds_nodash' from the template is deprecated and will be removed in a future version. Please use '{{ data_interval_end | ds_nodash }}' instead.
  warnings.warn(_create_deprecation_warning(key, self._deprecation_replacements[key]))

[2022-01-05 07:07:04,362] {warnings.py:110} WARNING - /home/***/.local/lib/python3.7/site-packages/***/utils/context.py:152: AirflowContextDeprecationWarning: Accessing 'next_execution_date' from the template is deprecated and will be removed in a future version. Please use 'data_interval_end' instead.
  warnings.warn(_create_deprecation_warning(key, self._deprecation_replacements[key]))

[2022-01-05 07:07:04,362] {warnings.py:110} WARNING - /home/***/.local/lib/python3.7/site-packages/***/utils/context.py:152: AirflowContextDeprecationWarning: Accessing 'prev_ds' from the template is deprecated and will be removed in a future version.
  warnings.warn(_create_deprecation_warning(key, self._deprecation_replacements[key]))

[2022-01-05 07:07:04,362] {warnings.py:110} WARNING - /home/***/.local/lib/python3.7/site-packages/***/utils/context.py:152: AirflowContextDeprecationWarning: Accessing 'prev_ds_nodash' from the template is deprecated and will be removed in a future version.
  warnings.warn(_create_deprecation_warning(key, self._deprecation_replacements[key]))

[2022-01-05 07:07:04,362] {warnings.py:110} WARNING - /home/***/.local/lib/python3.7/site-packages/***/utils/context.py:152: AirflowContextDeprecationWarning: Accessing 'prev_execution_date' from the template is deprecated and will be removed in a future version.
  warnings.warn(_create_deprecation_warning(key, self._deprecation_replacements[key]))

[2022-01-05 07:07:04,362] {warnings.py:110} WARNING - /home/***/.local/lib/python3.7/site-packages/***/utils/context.py:152: AirflowContextDeprecationWarning: Accessing 'prev_execution_date_success' from the template is deprecated and will be removed in a future version. Please use 'prev_data_interval_start_success' instead.
  warnings.warn(_create_deprecation_warning(key, self._deprecation_replacements[key]))

[2022-01-05 07:07:04,363] {warnings.py:110} WARNING - /home/***/.local/lib/python3.7/site-packages/***/utils/context.py:152: AirflowContextDeprecationWarning: Accessing 'tomorrow_ds' from the template is deprecated and will be removed in a future version.
  warnings.warn(_create_deprecation_warning(key, self._deprecation_replacements[key]))

[2022-01-05 07:07:04,363] {warnings.py:110} WARNING - /home/***/.local/lib/python3.7/site-packages/***/utils/context.py:152: AirflowContextDeprecationWarning: Accessing 'tomorrow_ds_nodash' from the template is deprecated and will be removed in a future version.
  warnings.warn(_create_deprecation_warning(key, self._deprecation_replacements[key]))

[2022-01-05 07:07:04,363] {warnings.py:110} WARNING - /home/***/.local/lib/python3.7/site-packages/***/utils/context.py:152: AirflowContextDeprecationWarning: Accessing 'yesterday_ds' from the template is deprecated and will be removed in a future version.
  warnings.warn(_create_deprecation_warning(key, self._deprecation_replacements[key]))

[2022-01-05 07:07:04,363] {warnings.py:110} WARNING - /home/***/.local/lib/python3.7/site-packages/***/utils/context.py:152: AirflowContextDeprecationWarning: Accessing 'yesterday_ds_nodash' from the template is deprecated and will be removed in a future version.
  warnings.warn(_create_deprecation_warning(key, self._deprecation_replacements[key]))

[2022-01-05 07:07:04,364] {logging_mixin.py:109} INFO - {'conf': <***.configuration.AirflowConfigParser object at 0x7fa6a9eda8d0>, 'dag': <DAG: load_dimensions>, 'dag_run': <DagRun load_dimensions @ 2021-12-31 04:00:00+00:00: scheduled__2021-12-31T04:00:00+00:00, externally triggered: False>, 'data_interval_end': DateTime(2021, 12, 31, 5, 0, 0, tzinfo=Timezone('UTC')), 'data_interval_start': DateTime(2021, 12, 31, 4, 0, 0, tzinfo=Timezone('UTC')), 'ds': '2021-12-31', 'ds_nodash': '20211231', 'execution_date': DateTime(2021, 12, 31, 4, 0, 0, tzinfo=Timezone('UTC')), 'inlets': [], 'logical_date': DateTime(2021, 12, 31, 4, 0, 0, tzinfo=Timezone('UTC')), 'macros': <module '***.macros' from '/home/***/.local/lib/python3.7/site-packages/***/macros/__init__.py'>, 'next_ds': '2021-12-31', 'next_ds_nodash': '20211231', 'next_execution_date': DateTime(2021, 12, 31, 5, 0, 0, tzinfo=Timezone('UTC')), 'outlets': [], 'params': {}, 'prev_data_interval_start_success': None, 'prev_data_interval_end_success': None, 'prev_ds': '2021-12-31', 'prev_ds_nodash': '20211231', 'prev_execution_date': DateTime(2021, 12, 31, 3, 0, 0, tzinfo=Timezone('UTC')), 'prev_execution_date_success': None, 'prev_start_date_success': None, 'run_id': 'scheduled__2021-12-31T04:00:00+00:00', 'task': <Task(PythonOperator): tweet_load>, 'task_instance': <TaskInstance: load_dimensions.tweet_load scheduled__2021-12-31T04:00:00+00:00 [running]>, 'task_instance_key_str': 'load_dimensions__tweet_load__20211231', 'test_mode': False, 'ti': <TaskInstance: load_dimensions.tweet_load scheduled__2021-12-31T04:00:00+00:00 [running]>, 'tomorrow_ds': '2022-01-01', 'tomorrow_ds_nodash': '20220101', 'ts': '2021-12-31T04:00:00+00:00', 'ts_nodash': '20211231T040000', 'ts_nodash_with_tz': '20211231T040000+0000', 'var': {'json': None, 'value': None}, 'conn': None, 'yesterday_ds': '2021-12-30', 'yesterday_ds_nodash': '20211230', 'key': 'value', 'ts_var': '2021-12-31T04:00:00+00:00', 'tsnodash_var': '20211231T040000', 'templates_dict': None}
[2022-01-05 07:07:04,364] {logging_mixin.py:109} INFO - Hello, Current Time:07:07:04 Execution time is 2021-12-31T04:00:00+00:00
[2022-01-05 07:07:04,412] {base.py:79} INFO - Using connection to: id: redshift. Host: tweet-data.ciyer0z3ifyd.us-east-2.redshift.amazonaws.com, Port: 5439, Schema: tweetdb, Login: awsuser, Password: ***, extra: {}
[2022-01-05 07:07:04,434] {base.py:79} INFO - Using connection to: id: redshift. Host: tweet-data.ciyer0z3ifyd.us-east-2.redshift.amazonaws.com, Port: 5439, Schema: tweetdb, Login: awsuser, Password: ***, extra: {}
[2022-01-05 07:07:08,896] {python.py:175} INFO - Done. Returned value was: None
[2022-01-05 07:07:08,917] {taskinstance.py:1277} INFO - Marking task as SUCCESS. dag_id=load_dimensions, task_id=tweet_load, execution_date=20211231T040000, start_date=20220105T070703, end_date=20220105T070708
[2022-01-05 07:07:08,975] {local_task_job.py:154} INFO - Task exited with return code 0
[2022-01-05 07:07:09,012] {local_task_job.py:264} INFO - 1 downstream tasks scheduled from follow-on schedule check
