[2021-12-31 04:19:24,683] {taskinstance.py:1032} INFO - Dependencies all met for <TaskInstance: load_dimensions.load_dimension manual__2021-12-31T04:19:23.593833+00:00 [queued]>
[2021-12-31 04:19:24,690] {taskinstance.py:1032} INFO - Dependencies all met for <TaskInstance: load_dimensions.load_dimension manual__2021-12-31T04:19:23.593833+00:00 [queued]>
[2021-12-31 04:19:24,690] {taskinstance.py:1238} INFO - 
--------------------------------------------------------------------------------
[2021-12-31 04:19:24,691] {taskinstance.py:1239} INFO - Starting attempt 1 of 1
[2021-12-31 04:19:24,691] {taskinstance.py:1240} INFO - 
--------------------------------------------------------------------------------
[2021-12-31 04:19:24,702] {taskinstance.py:1259} INFO - Executing <Task(PythonOperator): load_dimension> on 2021-12-31 04:19:23.593833+00:00
[2021-12-31 04:19:24,707] {standard_task_runner.py:52} INFO - Started process 458 to run task
[2021-12-31 04:19:24,710] {standard_task_runner.py:76} INFO - Running: ['***', 'tasks', 'run', 'load_dimensions', 'load_dimension', 'manual__2021-12-31T04:19:23.593833+00:00', '--job-id', '34', '--raw', '--subdir', 'DAGS_FOLDER/load_redshift.py', '--cfg-path', '/tmp/tmpgz53yiym', '--error-file', '/tmp/tmpeeva0m_e']
[2021-12-31 04:19:24,710] {standard_task_runner.py:77} INFO - Job 34: Subtask load_dimension
[2021-12-31 04:19:24,757] {logging_mixin.py:109} INFO - Running <TaskInstance: load_dimensions.load_dimension manual__2021-12-31T04:19:23.593833+00:00 [running]> on host 87b5e846a243
[2021-12-31 04:19:24,805] {taskinstance.py:1426} INFO - Exporting the following env vars:
AIRFLOW_CTX_DAG_OWNER=test_owner
AIRFLOW_CTX_DAG_ID=load_dimensions
AIRFLOW_CTX_TASK_ID=load_dimension
AIRFLOW_CTX_EXECUTION_DATE=2021-12-31T04:19:23.593833+00:00
AIRFLOW_CTX_DAG_RUN_ID=manual__2021-12-31T04:19:23.593833+00:00
[2021-12-31 04:19:24,806] {warnings.py:110} WARNING - /home/***/.local/lib/python3.7/site-packages/***/utils/context.py:152: AirflowContextDeprecationWarning: Accessing 'execution_date' from the template is deprecated and will be removed in a future version. Please use 'data_interval_start' or 'logical_date' instead.
  warnings.warn(_create_deprecation_warning(key, self._deprecation_replacements[key]))

[2021-12-31 04:19:24,806] {warnings.py:110} WARNING - /home/***/.local/lib/python3.7/site-packages/***/utils/context.py:152: AirflowContextDeprecationWarning: Accessing 'next_ds' from the template is deprecated and will be removed in a future version. Please use '{{ data_interval_end | ds }}' instead.
  warnings.warn(_create_deprecation_warning(key, self._deprecation_replacements[key]))

[2021-12-31 04:19:24,806] {warnings.py:110} WARNING - /home/***/.local/lib/python3.7/site-packages/***/utils/context.py:152: AirflowContextDeprecationWarning: Accessing 'next_ds_nodash' from the template is deprecated and will be removed in a future version. Please use '{{ data_interval_end | ds_nodash }}' instead.
  warnings.warn(_create_deprecation_warning(key, self._deprecation_replacements[key]))

[2021-12-31 04:19:24,806] {warnings.py:110} WARNING - /home/***/.local/lib/python3.7/site-packages/***/utils/context.py:152: AirflowContextDeprecationWarning: Accessing 'next_execution_date' from the template is deprecated and will be removed in a future version. Please use 'data_interval_end' instead.
  warnings.warn(_create_deprecation_warning(key, self._deprecation_replacements[key]))

[2021-12-31 04:19:24,806] {warnings.py:110} WARNING - /home/***/.local/lib/python3.7/site-packages/***/utils/context.py:152: AirflowContextDeprecationWarning: Accessing 'prev_ds' from the template is deprecated and will be removed in a future version.
  warnings.warn(_create_deprecation_warning(key, self._deprecation_replacements[key]))

[2021-12-31 04:19:24,807] {warnings.py:110} WARNING - /home/***/.local/lib/python3.7/site-packages/***/utils/context.py:152: AirflowContextDeprecationWarning: Accessing 'prev_ds_nodash' from the template is deprecated and will be removed in a future version.
  warnings.warn(_create_deprecation_warning(key, self._deprecation_replacements[key]))

[2021-12-31 04:19:24,807] {warnings.py:110} WARNING - /home/***/.local/lib/python3.7/site-packages/***/utils/context.py:152: AirflowContextDeprecationWarning: Accessing 'prev_execution_date' from the template is deprecated and will be removed in a future version.
  warnings.warn(_create_deprecation_warning(key, self._deprecation_replacements[key]))

[2021-12-31 04:19:24,807] {warnings.py:110} WARNING - /home/***/.local/lib/python3.7/site-packages/***/utils/context.py:152: AirflowContextDeprecationWarning: Accessing 'prev_execution_date_success' from the template is deprecated and will be removed in a future version. Please use 'prev_data_interval_start_success' instead.
  warnings.warn(_create_deprecation_warning(key, self._deprecation_replacements[key]))

[2021-12-31 04:19:24,807] {warnings.py:110} WARNING - /home/***/.local/lib/python3.7/site-packages/***/utils/context.py:152: AirflowContextDeprecationWarning: Accessing 'tomorrow_ds' from the template is deprecated and will be removed in a future version.
  warnings.warn(_create_deprecation_warning(key, self._deprecation_replacements[key]))

[2021-12-31 04:19:24,807] {warnings.py:110} WARNING - /home/***/.local/lib/python3.7/site-packages/***/utils/context.py:152: AirflowContextDeprecationWarning: Accessing 'tomorrow_ds_nodash' from the template is deprecated and will be removed in a future version.
  warnings.warn(_create_deprecation_warning(key, self._deprecation_replacements[key]))

[2021-12-31 04:19:24,807] {warnings.py:110} WARNING - /home/***/.local/lib/python3.7/site-packages/***/utils/context.py:152: AirflowContextDeprecationWarning: Accessing 'yesterday_ds' from the template is deprecated and will be removed in a future version.
  warnings.warn(_create_deprecation_warning(key, self._deprecation_replacements[key]))

[2021-12-31 04:19:24,807] {warnings.py:110} WARNING - /home/***/.local/lib/python3.7/site-packages/***/utils/context.py:152: AirflowContextDeprecationWarning: Accessing 'yesterday_ds_nodash' from the template is deprecated and will be removed in a future version.
  warnings.warn(_create_deprecation_warning(key, self._deprecation_replacements[key]))

[2021-12-31 04:19:24,807] {logging_mixin.py:109} INFO - Loading dimensions
[2021-12-31 04:19:24,807] {python.py:175} INFO - Done. Returned value was: None
[2021-12-31 04:19:24,816] {taskinstance.py:1277} INFO - Marking task as SUCCESS. dag_id=load_dimensions, task_id=load_dimension, execution_date=20211231T041923, start_date=20211231T041924, end_date=20211231T041924
[2021-12-31 04:19:24,842] {local_task_job.py:154} INFO - Task exited with return code 0
[2021-12-31 04:19:24,876] {local_task_job.py:264} INFO - 1 downstream tasks scheduled from follow-on schedule check
