[2021-12-31 23:43:54,203] {taskinstance.py:1032} INFO - Dependencies all met for <TaskInstance: load_dimensions.tweet_extraction scheduled__2021-12-31T04:00:00+00:00 [queued]>
[2021-12-31 23:43:54,218] {taskinstance.py:1032} INFO - Dependencies all met for <TaskInstance: load_dimensions.tweet_extraction scheduled__2021-12-31T04:00:00+00:00 [queued]>
[2021-12-31 23:43:54,218] {taskinstance.py:1238} INFO - 
--------------------------------------------------------------------------------
[2021-12-31 23:43:54,219] {taskinstance.py:1239} INFO - Starting attempt 2 of 2
[2021-12-31 23:43:54,219] {taskinstance.py:1240} INFO - 
--------------------------------------------------------------------------------
[2021-12-31 23:43:54,242] {taskinstance.py:1259} INFO - Executing <Task(PythonOperator): tweet_extraction> on 2021-12-31 04:00:00+00:00
[2021-12-31 23:43:54,247] {standard_task_runner.py:52} INFO - Started process 2224 to run task
[2021-12-31 23:43:54,254] {standard_task_runner.py:76} INFO - Running: ['***', 'tasks', 'run', 'load_dimensions', 'tweet_extraction', 'scheduled__2021-12-31T04:00:00+00:00', '--job-id', '220', '--raw', '--subdir', 'DAGS_FOLDER/load_redshift.py', '--cfg-path', '/tmp/tmpputypquu', '--error-file', '/tmp/tmpph3dmm97']
[2021-12-31 23:43:54,255] {standard_task_runner.py:77} INFO - Job 220: Subtask tweet_extraction
[2021-12-31 23:43:54,350] {logging_mixin.py:109} INFO - Running <TaskInstance: load_dimensions.tweet_extraction scheduled__2021-12-31T04:00:00+00:00 [running]> on host 87b5e846a243
[2021-12-31 23:43:54,433] {taskinstance.py:1426} INFO - Exporting the following env vars:
AIRFLOW_CTX_DAG_OWNER=test_owner
AIRFLOW_CTX_DAG_ID=load_dimensions
AIRFLOW_CTX_TASK_ID=tweet_extraction
AIRFLOW_CTX_EXECUTION_DATE=2021-12-31T04:00:00+00:00
AIRFLOW_CTX_DAG_RUN_ID=scheduled__2021-12-31T04:00:00+00:00
[2021-12-31 23:43:54,435] {warnings.py:110} WARNING - /home/***/.local/lib/python3.7/site-packages/***/utils/context.py:152: AirflowContextDeprecationWarning: Accessing 'execution_date' from the template is deprecated and will be removed in a future version. Please use 'data_interval_start' or 'logical_date' instead.
  warnings.warn(_create_deprecation_warning(key, self._deprecation_replacements[key]))

[2021-12-31 23:43:54,435] {warnings.py:110} WARNING - /home/***/.local/lib/python3.7/site-packages/***/utils/context.py:152: AirflowContextDeprecationWarning: Accessing 'next_ds' from the template is deprecated and will be removed in a future version. Please use '{{ data_interval_end | ds }}' instead.
  warnings.warn(_create_deprecation_warning(key, self._deprecation_replacements[key]))

[2021-12-31 23:43:54,435] {warnings.py:110} WARNING - /home/***/.local/lib/python3.7/site-packages/***/utils/context.py:152: AirflowContextDeprecationWarning: Accessing 'next_ds_nodash' from the template is deprecated and will be removed in a future version. Please use '{{ data_interval_end | ds_nodash }}' instead.
  warnings.warn(_create_deprecation_warning(key, self._deprecation_replacements[key]))

[2021-12-31 23:43:54,435] {warnings.py:110} WARNING - /home/***/.local/lib/python3.7/site-packages/***/utils/context.py:152: AirflowContextDeprecationWarning: Accessing 'next_execution_date' from the template is deprecated and will be removed in a future version. Please use 'data_interval_end' instead.
  warnings.warn(_create_deprecation_warning(key, self._deprecation_replacements[key]))

[2021-12-31 23:43:54,435] {warnings.py:110} WARNING - /home/***/.local/lib/python3.7/site-packages/***/utils/context.py:152: AirflowContextDeprecationWarning: Accessing 'prev_ds' from the template is deprecated and will be removed in a future version.
  warnings.warn(_create_deprecation_warning(key, self._deprecation_replacements[key]))

[2021-12-31 23:43:54,435] {warnings.py:110} WARNING - /home/***/.local/lib/python3.7/site-packages/***/utils/context.py:152: AirflowContextDeprecationWarning: Accessing 'prev_ds_nodash' from the template is deprecated and will be removed in a future version.
  warnings.warn(_create_deprecation_warning(key, self._deprecation_replacements[key]))

[2021-12-31 23:43:54,435] {warnings.py:110} WARNING - /home/***/.local/lib/python3.7/site-packages/***/utils/context.py:152: AirflowContextDeprecationWarning: Accessing 'prev_execution_date' from the template is deprecated and will be removed in a future version.
  warnings.warn(_create_deprecation_warning(key, self._deprecation_replacements[key]))

[2021-12-31 23:43:54,435] {warnings.py:110} WARNING - /home/***/.local/lib/python3.7/site-packages/***/utils/context.py:152: AirflowContextDeprecationWarning: Accessing 'prev_execution_date_success' from the template is deprecated and will be removed in a future version. Please use 'prev_data_interval_start_success' instead.
  warnings.warn(_create_deprecation_warning(key, self._deprecation_replacements[key]))

[2021-12-31 23:43:54,436] {warnings.py:110} WARNING - /home/***/.local/lib/python3.7/site-packages/***/utils/context.py:152: AirflowContextDeprecationWarning: Accessing 'tomorrow_ds' from the template is deprecated and will be removed in a future version.
  warnings.warn(_create_deprecation_warning(key, self._deprecation_replacements[key]))

[2021-12-31 23:43:54,436] {warnings.py:110} WARNING - /home/***/.local/lib/python3.7/site-packages/***/utils/context.py:152: AirflowContextDeprecationWarning: Accessing 'tomorrow_ds_nodash' from the template is deprecated and will be removed in a future version.
  warnings.warn(_create_deprecation_warning(key, self._deprecation_replacements[key]))

[2021-12-31 23:43:54,436] {warnings.py:110} WARNING - /home/***/.local/lib/python3.7/site-packages/***/utils/context.py:152: AirflowContextDeprecationWarning: Accessing 'yesterday_ds' from the template is deprecated and will be removed in a future version.
  warnings.warn(_create_deprecation_warning(key, self._deprecation_replacements[key]))

[2021-12-31 23:43:54,436] {warnings.py:110} WARNING - /home/***/.local/lib/python3.7/site-packages/***/utils/context.py:152: AirflowContextDeprecationWarning: Accessing 'yesterday_ds_nodash' from the template is deprecated and will be removed in a future version.
  warnings.warn(_create_deprecation_warning(key, self._deprecation_replacements[key]))

[2021-12-31 23:43:54,436] {logging_mixin.py:109} INFO - Hello, Current Time:23:43:54 Execution time is 2021-12-31T04:00:00+00:00
[2021-12-31 23:43:54,436] {logging_mixin.py:109} INFO - 2021-12-31T04:00:00+00:00
[2021-12-31 23:43:54,445] {logging_mixin.py:109} INFO - start_time 2021-12-31T04:00:00Z
[2021-12-31 23:43:54,449] {logging_mixin.py:109} INFO - end_time 2021-12-31T04:10:00Z
[2021-12-31 23:43:54,843] {logging_mixin.py:109} INFO - {'data': [{'text': "STOP FUCKING GOING TO STARBUCKS TO GET A MEDICINE BALL BC YOU HAVE A SORE THROAT IF YOU KNOW YOU HAVE COVID OR EVEN IF YOU'RE NOT SURE, AND YES IT MATTERS IF YOU GO THROUGH THE DRIVE-THRU", 'created_at': '2021-12-31T04:09:59.000Z', 'author_id': '1164924322890297344', 'id': '1476767568446869504'}, {'referenced_tweets': [{'type': 'retweeted', 'id': '1476348153007800321'}], 'text': 'RT @jennaaaayyy_: Free rapid COVID testing at 380 S 17th St. Richmond CA. No appt needed, stay safe ya’ll!', 'created_at': '2021-12-31T04:09:59.000Z', 'author_id': '797483317364826112', 'id': '1476767568404705282'}, {'referenced_tweets': [{'type': 'retweeted', 'id': '1476326358968119298'}], 'text': 'RT @CenterRotation: So I’m the exiting chief of surgery at my hospital. My two years of stupid meetings, babysitting disruptive surgeons, m…', 'created_at': '2021-12-31T04:09:59.000Z', 'author_id': '1454583445657686025', 'id': '1476767568329388048'}, {'text': 'Quebec imposes COVID-19 curfew; Ontario limits eligibility for PCR tests amid Omicron surge - The Globe and Mail   https://t.co/bWEvGrc5Zg', 'created_at': '2021-12-31T04:09:59.000Z', 'author_id': '773485929969414148', 'id': '1476767568203431938'}, {'referenced_tweets': [{'type': 'retweeted', 'id': '1474960411250556935'}], 'text': 'RT @official_kep1er: [News]\n\n케플러 샤오팅·마시로 코로나 완치..1월3일 데뷔 프로모션 재개\n\nAs members fully recovered from COVID-19, Kep1er will continue promotion…', 'created_at': '2021-12-31T04:09:59.000Z', 'author_id': '1452284405502840837', 'id': '1476767567813308420'}, {'referenced_tweets': [{'type': 'replied_to', 'id': '1476758929208004609'}], 'text': '@kimiXu12 And that sucks :((( I want the pre Covid life back. :,)', 'created_at': '2021-12-31T04:09:59.000Z', 'author_id': '1393949294965657603', 'id': '1476767567800795136'}, {'referenced_tweets': [{'type': 'replied_to', 'id': '1476697908045135872'}], 'text': '@disclosetv We’ve been saying this since the onset of Covid. Catchup Fauci!\nThey are nearly 2 years behind on the narrative; I guess they couldn’t keep up the lie!', 'created_at': '2021-12-31T04:09:59.000Z', 'author_id': '1439581822871015432', 'id': '1476767567771541505'}, {'referenced_tweets': [{'type': 'retweeted', 'id': '1476767412943036416'}], 'text': 'RT @Desdemona_jna: No todo malestar es #Covid, 37 no es fiebre. Siguen existiendo las sinusitis alérgicas, las otitis y demás itis. Si tien…', 'created_at': '2021-12-31T04:09:59.000Z', 'author_id': '184331718', 'id': '1476767567746269187'}, {'referenced_tweets': [{'type': 'retweeted', 'id': '1476471083159199747'}], 'text': 'RT @lasleh: Participants who received a booster at least 5 months after a second dose of Pfizer vaccine had 90% lower mortality due to Covi…', 'created_at': '2021-12-31T04:09:59.000Z', 'author_id': '2166890976', 'id': '1476767567159169028'}, {'referenced_tweets': [{'type': 'retweeted', 'id': '1476587810341728270'}], 'text': 'RT @chipfranklin: Should Tucker and Fox News be sued over COVID misinformation?', 'created_at': '2021-12-31T04:09:59.000Z', 'author_id': '280267313', 'id': '1476767566941073409'}], 'includes': {'users': [{'name': 'jaylen', 'location': 'Georgetown, TX', 'verified': False, 'id': '1164924322890297344', 'username': 'jaylenbrass'}, {'name': 'verónica', 'location': 'bay area', 'verified': False, 'id': '797483317364826112', 'username': 'xeonniicc'}, {'name': 'Carolyn Holmes', 'verified': False, 'id': '1454583445657686025', 'username': 'CarolynHolmes36'}, {'name': 'Sarang Pokhare', 'location': 'Hyderabad, India', 'verified': False, 'id': '773485929969414148', 'username': 'sarang143u'}, {'name': 'zah☻', 'location': 'she/her༄stan ot9!', 'verified': False, 'id': '1452284405502840837', 'username': 'ryuhiyyih'}, {'name': 'mint🧣', 'location': 'Subscribe↝', 'verified': False, 'id': '1393949294965657603', 'username': 'yuyuniwerse'}, {'name': 'CJM', 'location': 'Texas, USA', 'verified': False, 'id': '1439581822871015432', 'username': 'CJMNewf'}, {'name': 'Xenia Soglian😺🐾SSB ⛵', 'location': 'Ciudad Autónoma de Buenos Aire', 'verified': False, 'id': '184331718', 'username': 'XeniaSailor'}, {'name': 'Linda Ahlblad', 'location': 'Helsinki, Finland', 'verified': False, 'id': '2166890976', 'username': 'lindaahlblad'}, {'name': 'tina toran', 'location': 'cape cod, ma', 'verified': False, 'id': '280267313', 'username': 'capecodtina'}], 'tweets': [{'text': 'Free rapid COVID testing at 380 S 17th St. Richmond CA. No appt needed, stay safe ya’ll!', 'created_at': '2021-12-30T00:23:23.000Z', 'author_id': '803780388', 'id': '1476348153007800321'}, {'text': 'So I’m the exiting chief of surgery at my hospital. My two years of stupid meetings, babysitting disruptive surgeons, managing Covid staffing issues, etc has culminated in receiving a $50 gift card. That’s how out of touch hospitals are. SMH. #MedTwitter', 'created_at': '2021-12-29T22:56:47.000Z', 'author_id': '25959543', 'id': '1476326358968119298'}, {'text': '[News]\n\n케플러 샤오팅·마시로 코로나 완치..1월3일 데뷔 프로모션 재개\n\nAs members fully recovered from COVID-19, Kep1er will continue promotion for its January 3rd debut\n\n📎 https://t.co/TX8szPF3EP\n\n#Kep1er #케플러', 'created_at': '2021-12-26T04:29:00.000Z', 'author_id': '1448627067856179203', 'id': '1474960411250556935'}, {'referenced_tweets': [{'type': 'replied_to', 'id': '1476749510940368900'}], 'text': '@yuyuniwerse We are stolen two years by epidemic', 'created_at': '2021-12-31T03:35:40.000Z', 'author_id': '1457215220381011968', 'id': '1476758929208004609'}, {'text': 'NEW - Dr. Fauci: "Important thing: Many of the children are hospitalized with Covid as opposed to because of Covid."\n\nhttps://t.co/g7NzfpKTsQ', 'created_at': '2021-12-30T23:33:11.000Z', 'author_id': '15392486', 'id': '1476697908045135872'}, {'text': 'No todo malestar es #Covid, 37 no es fiebre. Siguen existiendo las sinusitis alérgicas, las otitis y demás itis. Si tienen la suerte q tuve de buenos médicos q vieron más allá, todo es más fácil. Pataleen , no se queden con dudas... Nada... Eso.', 'created_at': '2021-12-31T04:09:22.000Z', 'author_id': '157830185', 'id': '1476767412943036416'}, {'text': 'Participants who received a booster at least 5 months after a second dose of Pfizer vaccine had 90% lower mortality due to Covid-19 than participants who did not receive a booster #covid19 #booster #mortality @NEJM https://t.co/uaBi6CjLJL', 'created_at': '2021-12-30T08:31:52.000Z', 'author_id': '729092700', 'id': '1476471083159199747'}, {'text': 'Should Tucker and Fox News be sued over COVID misinformation?', 'created_at': '2021-12-30T16:15:42.000Z', 'author_id': '48325671', 'id': '1476587810341728270'}]}, 'meta': {'newest_id': '1476767568446869504', 'oldest_id': '1476767566941073409', 'result_count': 10, 'next_token': 'b26v89c19zqg8o3fpe17velabl0di743dno6sbhwy4ygt'}}
[2021-12-31 23:43:54,844] {python.py:175} INFO - Done. Returned value was: None
[2021-12-31 23:43:54,857] {taskinstance.py:1277} INFO - Marking task as SUCCESS. dag_id=load_dimensions, task_id=tweet_extraction, execution_date=20211231T040000, start_date=20211231T234354, end_date=20211231T234354
[2021-12-31 23:43:54,911] {local_task_job.py:154} INFO - Task exited with return code 0
[2021-12-31 23:43:54,941] {local_task_job.py:264} INFO - 1 downstream tasks scheduled from follow-on schedule check
[2022-01-05 05:25:01,743] {taskinstance.py:1032} INFO - Dependencies all met for <TaskInstance: load_dimensions.tweet_extraction scheduled__2021-12-31T04:00:00+00:00 [queued]>
[2022-01-05 05:25:01,789] {taskinstance.py:1032} INFO - Dependencies all met for <TaskInstance: load_dimensions.tweet_extraction scheduled__2021-12-31T04:00:00+00:00 [queued]>
[2022-01-05 05:25:01,789] {taskinstance.py:1238} INFO - 
--------------------------------------------------------------------------------
[2022-01-05 05:25:01,790] {taskinstance.py:1239} INFO - Starting attempt 2 of 2
[2022-01-05 05:25:01,790] {taskinstance.py:1240} INFO - 
--------------------------------------------------------------------------------
[2022-01-05 05:25:01,815] {taskinstance.py:1259} INFO - Executing <Task(PythonOperator): tweet_extraction> on 2021-12-31 04:00:00+00:00
[2022-01-05 05:25:01,848] {standard_task_runner.py:52} INFO - Started process 3344 to run task
[2022-01-05 05:25:01,857] {standard_task_runner.py:76} INFO - Running: ['***', 'tasks', 'run', 'load_dimensions', 'tweet_extraction', 'scheduled__2021-12-31T04:00:00+00:00', '--job-id', '77', '--raw', '--subdir', 'DAGS_FOLDER/load_redshift.py', '--cfg-path', '/tmp/tmp99g8yz79', '--error-file', '/tmp/tmpcjzel745']
[2022-01-05 05:25:01,858] {standard_task_runner.py:77} INFO - Job 77: Subtask tweet_extraction
[2022-01-05 05:25:01,962] {logging_mixin.py:109} INFO - Running <TaskInstance: load_dimensions.tweet_extraction scheduled__2021-12-31T04:00:00+00:00 [running]> on host 2b1d65872a35
[2022-01-05 05:25:02,080] {taskinstance.py:1426} INFO - Exporting the following env vars:
AIRFLOW_CTX_DAG_OWNER=test_owner
AIRFLOW_CTX_DAG_ID=load_dimensions
AIRFLOW_CTX_TASK_ID=tweet_extraction
AIRFLOW_CTX_EXECUTION_DATE=2021-12-31T04:00:00+00:00
AIRFLOW_CTX_DAG_RUN_ID=scheduled__2021-12-31T04:00:00+00:00
[2022-01-05 05:25:02,084] {warnings.py:110} WARNING - /home/***/.local/lib/python3.7/site-packages/***/utils/context.py:152: AirflowContextDeprecationWarning: Accessing 'execution_date' from the template is deprecated and will be removed in a future version. Please use 'data_interval_start' or 'logical_date' instead.
  warnings.warn(_create_deprecation_warning(key, self._deprecation_replacements[key]))

[2022-01-05 05:25:02,085] {warnings.py:110} WARNING - /home/***/.local/lib/python3.7/site-packages/***/utils/context.py:152: AirflowContextDeprecationWarning: Accessing 'next_ds' from the template is deprecated and will be removed in a future version. Please use '{{ data_interval_end | ds }}' instead.
  warnings.warn(_create_deprecation_warning(key, self._deprecation_replacements[key]))

[2022-01-05 05:25:02,086] {warnings.py:110} WARNING - /home/***/.local/lib/python3.7/site-packages/***/utils/context.py:152: AirflowContextDeprecationWarning: Accessing 'next_ds_nodash' from the template is deprecated and will be removed in a future version. Please use '{{ data_interval_end | ds_nodash }}' instead.
  warnings.warn(_create_deprecation_warning(key, self._deprecation_replacements[key]))

[2022-01-05 05:25:02,086] {warnings.py:110} WARNING - /home/***/.local/lib/python3.7/site-packages/***/utils/context.py:152: AirflowContextDeprecationWarning: Accessing 'next_execution_date' from the template is deprecated and will be removed in a future version. Please use 'data_interval_end' instead.
  warnings.warn(_create_deprecation_warning(key, self._deprecation_replacements[key]))

[2022-01-05 05:25:02,086] {warnings.py:110} WARNING - /home/***/.local/lib/python3.7/site-packages/***/utils/context.py:152: AirflowContextDeprecationWarning: Accessing 'prev_ds' from the template is deprecated and will be removed in a future version.
  warnings.warn(_create_deprecation_warning(key, self._deprecation_replacements[key]))

[2022-01-05 05:25:02,086] {warnings.py:110} WARNING - /home/***/.local/lib/python3.7/site-packages/***/utils/context.py:152: AirflowContextDeprecationWarning: Accessing 'prev_ds_nodash' from the template is deprecated and will be removed in a future version.
  warnings.warn(_create_deprecation_warning(key, self._deprecation_replacements[key]))

[2022-01-05 05:25:02,087] {warnings.py:110} WARNING - /home/***/.local/lib/python3.7/site-packages/***/utils/context.py:152: AirflowContextDeprecationWarning: Accessing 'prev_execution_date' from the template is deprecated and will be removed in a future version.
  warnings.warn(_create_deprecation_warning(key, self._deprecation_replacements[key]))

[2022-01-05 05:25:02,087] {warnings.py:110} WARNING - /home/***/.local/lib/python3.7/site-packages/***/utils/context.py:152: AirflowContextDeprecationWarning: Accessing 'prev_execution_date_success' from the template is deprecated and will be removed in a future version. Please use 'prev_data_interval_start_success' instead.
  warnings.warn(_create_deprecation_warning(key, self._deprecation_replacements[key]))

[2022-01-05 05:25:02,087] {warnings.py:110} WARNING - /home/***/.local/lib/python3.7/site-packages/***/utils/context.py:152: AirflowContextDeprecationWarning: Accessing 'tomorrow_ds' from the template is deprecated and will be removed in a future version.
  warnings.warn(_create_deprecation_warning(key, self._deprecation_replacements[key]))

[2022-01-05 05:25:02,087] {warnings.py:110} WARNING - /home/***/.local/lib/python3.7/site-packages/***/utils/context.py:152: AirflowContextDeprecationWarning: Accessing 'tomorrow_ds_nodash' from the template is deprecated and will be removed in a future version.
  warnings.warn(_create_deprecation_warning(key, self._deprecation_replacements[key]))

[2022-01-05 05:25:02,087] {warnings.py:110} WARNING - /home/***/.local/lib/python3.7/site-packages/***/utils/context.py:152: AirflowContextDeprecationWarning: Accessing 'yesterday_ds' from the template is deprecated and will be removed in a future version.
  warnings.warn(_create_deprecation_warning(key, self._deprecation_replacements[key]))

[2022-01-05 05:25:02,087] {warnings.py:110} WARNING - /home/***/.local/lib/python3.7/site-packages/***/utils/context.py:152: AirflowContextDeprecationWarning: Accessing 'yesterday_ds_nodash' from the template is deprecated and will be removed in a future version.
  warnings.warn(_create_deprecation_warning(key, self._deprecation_replacements[key]))

[2022-01-05 05:25:02,088] {logging_mixin.py:109} INFO - Hello, Current Time:05:25:02 Execution time is 2021-12-31T04:00:00+00:00
[2022-01-05 05:25:02,088] {logging_mixin.py:109} INFO - 2021-12-31T04:00:00+00:00
[2022-01-05 05:25:02,103] {logging_mixin.py:109} INFO - start_time 2021-12-31T04:00:00Z
[2022-01-05 05:25:02,104] {logging_mixin.py:109} INFO - end_time 2021-12-31T04:10:00Z
[2022-01-05 05:25:02,748] {logging_mixin.py:109} INFO - {'data': [{'id': '1476767568446869504', 'text': "STOP FUCKING GOING TO STARBUCKS TO GET A MEDICINE BALL BC YOU HAVE A SORE THROAT IF YOU KNOW YOU HAVE COVID OR EVEN IF YOU'RE NOT SURE, AND YES IT MATTERS IF YOU GO THROUGH THE DRIVE-THRU", 'created_at': '2021-12-31T04:09:59.000Z', 'author_id': '1164924322890297344'}, {'id': '1476767568404705282', 'referenced_tweets': [{'type': 'retweeted', 'id': '1476348153007800321'}], 'text': 'RT @jennaaaayyy_: Free rapid COVID testing at 380 S 17th St. Richmond CA. No appt needed, stay safe ya’ll!', 'created_at': '2021-12-31T04:09:59.000Z', 'author_id': '797483317364826112'}, {'id': '1476767568329388048', 'referenced_tweets': [{'type': 'retweeted', 'id': '1476326358968119298'}], 'text': 'RT @CenterRotation: So I’m the exiting chief of surgery at my hospital. My two years of stupid meetings, babysitting disruptive surgeons, m…', 'created_at': '2021-12-31T04:09:59.000Z', 'author_id': '1454583445657686025'}, {'id': '1476767568203431938', 'text': 'Quebec imposes COVID-19 curfew; Ontario limits eligibility for PCR tests amid Omicron surge - The Globe and Mail   https://t.co/bWEvGrc5Zg', 'created_at': '2021-12-31T04:09:59.000Z', 'author_id': '773485929969414148'}, {'id': '1476767567813308420', 'referenced_tweets': [{'type': 'retweeted', 'id': '1474960411250556935'}], 'text': 'RT @official_kep1er: [News]\n\n케플러 샤오팅·마시로 코로나 완치..1월3일 데뷔 프로모션 재개\n\nAs members fully recovered from COVID-19, Kep1er will continue promotion…', 'created_at': '2021-12-31T04:09:59.000Z', 'author_id': '1452284405502840837'}, {'id': '1476767567800795136', 'referenced_tweets': [{'type': 'replied_to', 'id': '1476758929208004609'}], 'text': '@kimiXu12 And that sucks :((( I want the pre Covid life back. :,)', 'created_at': '2021-12-31T04:09:59.000Z', 'author_id': '1393949294965657603'}, {'id': '1476767567771541505', 'referenced_tweets': [{'type': 'replied_to', 'id': '1476697908045135872'}], 'text': '@disclosetv We’ve been saying this since the onset of Covid. Catchup Fauci!\nThey are nearly 2 years behind on the narrative; I guess they couldn’t keep up the lie!', 'created_at': '2021-12-31T04:09:59.000Z', 'author_id': '1439581822871015432'}, {'id': '1476767567746269187', 'referenced_tweets': [{'type': 'retweeted', 'id': '1476767412943036416'}], 'text': 'RT @Desdemona_jna: No todo malestar es #Covid, 37 no es fiebre. Siguen existiendo las sinusitis alérgicas, las otitis y demás itis. Si tien…', 'created_at': '2021-12-31T04:09:59.000Z', 'author_id': '184331718'}, {'id': '1476767567159169028', 'referenced_tweets': [{'type': 'retweeted', 'id': '1476471083159199747'}], 'text': 'RT @lasleh: Participants who received a booster at least 5 months after a second dose of Pfizer vaccine had 90% lower mortality due to Covi…', 'created_at': '2021-12-31T04:09:59.000Z', 'author_id': '2166890976'}, {'id': '1476767566941073409', 'referenced_tweets': [{'type': 'retweeted', 'id': '1476587810341728270'}], 'text': 'RT @chipfranklin: Should Tucker and Fox News be sued over COVID misinformation?', 'created_at': '2021-12-31T04:09:59.000Z', 'author_id': '280267313'}], 'includes': {'users': [{'id': '1164924322890297344', 'verified': False, 'username': 'jaylenbrass', 'location': 'Georgetown, TX', 'name': 'jaylen'}, {'id': '797483317364826112', 'verified': False, 'username': 'xeonniicc', 'location': 'bay area', 'name': 'verónica'}, {'id': '1454583445657686025', 'verified': False, 'username': 'CarolynHolmes36', 'name': 'Carolyn Holmes'}, {'id': '773485929969414148', 'verified': False, 'username': 'sarang143u', 'location': 'Hyderabad, India', 'name': 'Sarang Pokhare'}, {'id': '1452284405502840837', 'verified': False, 'username': 'ryuhiyyih', 'location': 'she/her༄stan ot9!', 'name': 'zah☻kep1er day!'}, {'id': '1393949294965657603', 'verified': False, 'username': 'yuyuniwerse', 'location': 'she/her', 'name': 'mint 🧣'}, {'id': '1439581822871015432', 'verified': False, 'username': 'CJMNewf', 'location': 'Texas, USA', 'name': 'CJM'}, {'id': '184331718', 'verified': False, 'username': 'XeniaSailor', 'location': 'Ciudad Autónoma de Buenos Aire', 'name': 'Xenia Soglian😺🐾SSB ⛵'}, {'id': '2166890976', 'verified': False, 'username': 'lindaahlblad', 'location': 'Helsinki, Finland', 'name': 'Linda Ahlblad'}, {'id': '280267313', 'verified': False, 'username': 'capecodtina', 'location': 'cape cod, ma', 'name': 'tina toran'}], 'tweets': [{'id': '1476348153007800321', 'text': 'Free rapid COVID testing at 380 S 17th St. Richmond CA. No appt needed, stay safe ya’ll!', 'created_at': '2021-12-30T00:23:23.000Z', 'author_id': '803780388'}, {'id': '1476326358968119298', 'text': 'So I’m the exiting chief of surgery at my hospital. My two years of stupid meetings, babysitting disruptive surgeons, managing Covid staffing issues, etc has culminated in receiving a $50 gift card. That’s how out of touch hospitals are. SMH. #MedTwitter', 'created_at': '2021-12-29T22:56:47.000Z', 'author_id': '25959543'}, {'id': '1474960411250556935', 'text': '[News]\n\n케플러 샤오팅·마시로 코로나 완치..1월3일 데뷔 프로모션 재개\n\nAs members fully recovered from COVID-19, Kep1er will continue promotion for its January 3rd debut\n\n📎 https://t.co/TX8szPF3EP\n\n#Kep1er #케플러', 'created_at': '2021-12-26T04:29:00.000Z', 'author_id': '1448627067856179203'}, {'id': '1476758929208004609', 'referenced_tweets': [{'type': 'replied_to', 'id': '1476749510940368900'}], 'text': '@yuyuniwerse We are stolen two years by epidemic', 'created_at': '2021-12-31T03:35:40.000Z', 'author_id': '1457215220381011968'}, {'id': '1476697908045135872', 'text': 'NEW - Dr. Fauci: "Important thing: Many of the children are hospitalized with Covid as opposed to because of Covid."\n\nhttps://t.co/g7NzfpKTsQ', 'created_at': '2021-12-30T23:33:11.000Z', 'author_id': '15392486'}, {'id': '1476767412943036416', 'text': 'No todo malestar es #Covid, 37 no es fiebre. Siguen existiendo las sinusitis alérgicas, las otitis y demás itis. Si tienen la suerte q tuve de buenos médicos q vieron más allá, todo es más fácil. Pataleen , no se queden con dudas... Nada... Eso.', 'created_at': '2021-12-31T04:09:22.000Z', 'author_id': '157830185'}, {'id': '1476471083159199747', 'text': 'Participants who received a booster at least 5 months after a second dose of Pfizer vaccine had 90% lower mortality due to Covid-19 than participants who did not receive a booster #covid19 #booster #mortality @NEJM https://t.co/uaBi6CjLJL', 'created_at': '2021-12-30T08:31:52.000Z', 'author_id': '729092700'}, {'id': '1476587810341728270', 'text': 'Should Tucker and Fox News be sued over COVID misinformation?', 'created_at': '2021-12-30T16:15:42.000Z', 'author_id': '48325671'}]}, 'meta': {'newest_id': '1476767568446869504', 'oldest_id': '1476767566941073409', 'result_count': 10, 'next_token': 'b26v89c19zqg8o3fpe17velabl0di743dno6sbhwy4ygt'}}
[2022-01-05 05:25:02,753] {python.py:175} INFO - Done. Returned value was: None
[2022-01-05 05:25:02,791] {taskinstance.py:1277} INFO - Marking task as SUCCESS. dag_id=load_dimensions, task_id=tweet_extraction, execution_date=20211231T040000, start_date=20220105T052501, end_date=20220105T052502
[2022-01-05 05:25:02,892] {local_task_job.py:154} INFO - Task exited with return code 0
[2022-01-05 05:25:03,074] {local_task_job.py:264} INFO - 1 downstream tasks scheduled from follow-on schedule check
[2022-01-05 07:06:57,420] {taskinstance.py:1032} INFO - Dependencies all met for <TaskInstance: load_dimensions.tweet_extraction scheduled__2021-12-31T04:00:00+00:00 [queued]>
[2022-01-05 07:06:57,471] {taskinstance.py:1032} INFO - Dependencies all met for <TaskInstance: load_dimensions.tweet_extraction scheduled__2021-12-31T04:00:00+00:00 [queued]>
[2022-01-05 07:06:57,472] {taskinstance.py:1238} INFO - 
--------------------------------------------------------------------------------
[2022-01-05 07:06:57,473] {taskinstance.py:1239} INFO - Starting attempt 2 of 2
[2022-01-05 07:06:57,473] {taskinstance.py:1240} INFO - 
--------------------------------------------------------------------------------
[2022-01-05 07:06:57,518] {taskinstance.py:1259} INFO - Executing <Task(PythonOperator): tweet_extraction> on 2021-12-31 04:00:00+00:00
[2022-01-05 07:06:57,551] {standard_task_runner.py:52} INFO - Started process 390 to run task
[2022-01-05 07:06:57,563] {standard_task_runner.py:76} INFO - Running: ['***', 'tasks', 'run', 'load_dimensions', 'tweet_extraction', 'scheduled__2021-12-31T04:00:00+00:00', '--job-id', '348', '--raw', '--subdir', 'DAGS_FOLDER/load_redshift.py', '--cfg-path', '/tmp/tmpg9b303di', '--error-file', '/tmp/tmpg1ujn912']
[2022-01-05 07:06:57,565] {standard_task_runner.py:77} INFO - Job 348: Subtask tweet_extraction
[2022-01-05 07:06:57,752] {logging_mixin.py:109} INFO - Running <TaskInstance: load_dimensions.tweet_extraction scheduled__2021-12-31T04:00:00+00:00 [running]> on host e544fdb7c66e
[2022-01-05 07:06:57,966] {taskinstance.py:1426} INFO - Exporting the following env vars:
AIRFLOW_CTX_DAG_OWNER=test_owner
AIRFLOW_CTX_DAG_ID=load_dimensions
AIRFLOW_CTX_TASK_ID=tweet_extraction
AIRFLOW_CTX_EXECUTION_DATE=2021-12-31T04:00:00+00:00
AIRFLOW_CTX_DAG_RUN_ID=scheduled__2021-12-31T04:00:00+00:00
[2022-01-05 07:06:57,968] {warnings.py:110} WARNING - /home/***/.local/lib/python3.7/site-packages/***/utils/context.py:152: AirflowContextDeprecationWarning: Accessing 'execution_date' from the template is deprecated and will be removed in a future version. Please use 'data_interval_start' or 'logical_date' instead.
  warnings.warn(_create_deprecation_warning(key, self._deprecation_replacements[key]))

[2022-01-05 07:06:57,969] {warnings.py:110} WARNING - /home/***/.local/lib/python3.7/site-packages/***/utils/context.py:152: AirflowContextDeprecationWarning: Accessing 'next_ds' from the template is deprecated and will be removed in a future version. Please use '{{ data_interval_end | ds }}' instead.
  warnings.warn(_create_deprecation_warning(key, self._deprecation_replacements[key]))

[2022-01-05 07:06:57,970] {warnings.py:110} WARNING - /home/***/.local/lib/python3.7/site-packages/***/utils/context.py:152: AirflowContextDeprecationWarning: Accessing 'next_ds_nodash' from the template is deprecated and will be removed in a future version. Please use '{{ data_interval_end | ds_nodash }}' instead.
  warnings.warn(_create_deprecation_warning(key, self._deprecation_replacements[key]))

[2022-01-05 07:06:57,973] {warnings.py:110} WARNING - /home/***/.local/lib/python3.7/site-packages/***/utils/context.py:152: AirflowContextDeprecationWarning: Accessing 'next_execution_date' from the template is deprecated and will be removed in a future version. Please use 'data_interval_end' instead.
  warnings.warn(_create_deprecation_warning(key, self._deprecation_replacements[key]))

[2022-01-05 07:06:57,973] {warnings.py:110} WARNING - /home/***/.local/lib/python3.7/site-packages/***/utils/context.py:152: AirflowContextDeprecationWarning: Accessing 'prev_ds' from the template is deprecated and will be removed in a future version.
  warnings.warn(_create_deprecation_warning(key, self._deprecation_replacements[key]))

[2022-01-05 07:06:57,973] {warnings.py:110} WARNING - /home/***/.local/lib/python3.7/site-packages/***/utils/context.py:152: AirflowContextDeprecationWarning: Accessing 'prev_ds_nodash' from the template is deprecated and will be removed in a future version.
  warnings.warn(_create_deprecation_warning(key, self._deprecation_replacements[key]))

[2022-01-05 07:06:57,973] {warnings.py:110} WARNING - /home/***/.local/lib/python3.7/site-packages/***/utils/context.py:152: AirflowContextDeprecationWarning: Accessing 'prev_execution_date' from the template is deprecated and will be removed in a future version.
  warnings.warn(_create_deprecation_warning(key, self._deprecation_replacements[key]))

[2022-01-05 07:06:57,974] {warnings.py:110} WARNING - /home/***/.local/lib/python3.7/site-packages/***/utils/context.py:152: AirflowContextDeprecationWarning: Accessing 'prev_execution_date_success' from the template is deprecated and will be removed in a future version. Please use 'prev_data_interval_start_success' instead.
  warnings.warn(_create_deprecation_warning(key, self._deprecation_replacements[key]))

[2022-01-05 07:06:57,974] {warnings.py:110} WARNING - /home/***/.local/lib/python3.7/site-packages/***/utils/context.py:152: AirflowContextDeprecationWarning: Accessing 'tomorrow_ds' from the template is deprecated and will be removed in a future version.
  warnings.warn(_create_deprecation_warning(key, self._deprecation_replacements[key]))

[2022-01-05 07:06:57,974] {warnings.py:110} WARNING - /home/***/.local/lib/python3.7/site-packages/***/utils/context.py:152: AirflowContextDeprecationWarning: Accessing 'tomorrow_ds_nodash' from the template is deprecated and will be removed in a future version.
  warnings.warn(_create_deprecation_warning(key, self._deprecation_replacements[key]))

[2022-01-05 07:06:57,974] {warnings.py:110} WARNING - /home/***/.local/lib/python3.7/site-packages/***/utils/context.py:152: AirflowContextDeprecationWarning: Accessing 'yesterday_ds' from the template is deprecated and will be removed in a future version.
  warnings.warn(_create_deprecation_warning(key, self._deprecation_replacements[key]))

[2022-01-05 07:06:57,974] {warnings.py:110} WARNING - /home/***/.local/lib/python3.7/site-packages/***/utils/context.py:152: AirflowContextDeprecationWarning: Accessing 'yesterday_ds_nodash' from the template is deprecated and will be removed in a future version.
  warnings.warn(_create_deprecation_warning(key, self._deprecation_replacements[key]))

[2022-01-05 07:06:57,975] {logging_mixin.py:109} INFO - Hello, Current Time:07:06:57 Execution time is 2021-12-31T04:00:00+00:00
[2022-01-05 07:06:57,975] {logging_mixin.py:109} INFO - 2021-12-31T04:00:00+00:00
[2022-01-05 07:06:57,988] {logging_mixin.py:109} INFO - start_time 2021-12-31T04:00:00Z
[2022-01-05 07:06:57,988] {logging_mixin.py:109} INFO - end_time 2021-12-31T04:10:00Z
[2022-01-05 07:06:58,311] {logging_mixin.py:109} INFO - {'data': [{'id': '1476767568446869504', 'author_id': '1164924322890297344', 'text': "STOP FUCKING GOING TO STARBUCKS TO GET A MEDICINE BALL BC YOU HAVE A SORE THROAT IF YOU KNOW YOU HAVE COVID OR EVEN IF YOU'RE NOT SURE, AND YES IT MATTERS IF YOU GO THROUGH THE DRIVE-THRU", 'created_at': '2021-12-31T04:09:59.000Z'}, {'id': '1476767568404705282', 'author_id': '797483317364826112', 'text': 'RT @jennaaaayyy_: Free rapid COVID testing at 380 S 17th St. Richmond CA. No appt needed, stay safe ya’ll!', 'referenced_tweets': [{'type': 'retweeted', 'id': '1476348153007800321'}], 'created_at': '2021-12-31T04:09:59.000Z'}, {'id': '1476767568329388048', 'author_id': '1454583445657686025', 'text': 'RT @CenterRotation: So I’m the exiting chief of surgery at my hospital. My two years of stupid meetings, babysitting disruptive surgeons, m…', 'referenced_tweets': [{'type': 'retweeted', 'id': '1476326358968119298'}], 'created_at': '2021-12-31T04:09:59.000Z'}, {'id': '1476767568203431938', 'author_id': '773485929969414148', 'text': 'Quebec imposes COVID-19 curfew; Ontario limits eligibility for PCR tests amid Omicron surge - The Globe and Mail   https://t.co/bWEvGrc5Zg', 'created_at': '2021-12-31T04:09:59.000Z'}, {'id': '1476767567813308420', 'author_id': '1452284405502840837', 'text': 'RT @official_kep1er: [News]\n\n케플러 샤오팅·마시로 코로나 완치..1월3일 데뷔 프로모션 재개\n\nAs members fully recovered from COVID-19, Kep1er will continue promotion…', 'referenced_tweets': [{'type': 'retweeted', 'id': '1474960411250556935'}], 'created_at': '2021-12-31T04:09:59.000Z'}, {'id': '1476767567800795136', 'author_id': '1393949294965657603', 'text': '@kimiXu12 And that sucks :((( I want the pre Covid life back. :,)', 'referenced_tweets': [{'type': 'replied_to', 'id': '1476758929208004609'}], 'created_at': '2021-12-31T04:09:59.000Z'}, {'id': '1476767567771541505', 'author_id': '1439581822871015432', 'text': '@disclosetv We’ve been saying this since the onset of Covid. Catchup Fauci!\nThey are nearly 2 years behind on the narrative; I guess they couldn’t keep up the lie!', 'referenced_tweets': [{'type': 'replied_to', 'id': '1476697908045135872'}], 'created_at': '2021-12-31T04:09:59.000Z'}, {'id': '1476767567746269187', 'author_id': '184331718', 'text': 'RT @Desdemona_jna: No todo malestar es #Covid, 37 no es fiebre. Siguen existiendo las sinusitis alérgicas, las otitis y demás itis. Si tien…', 'referenced_tweets': [{'type': 'retweeted', 'id': '1476767412943036416'}], 'created_at': '2021-12-31T04:09:59.000Z'}, {'id': '1476767567159169028', 'author_id': '2166890976', 'text': 'RT @lasleh: Participants who received a booster at least 5 months after a second dose of Pfizer vaccine had 90% lower mortality due to Covi…', 'referenced_tweets': [{'type': 'retweeted', 'id': '1476471083159199747'}], 'created_at': '2021-12-31T04:09:59.000Z'}, {'id': '1476767566941073409', 'author_id': '280267313', 'text': 'RT @chipfranklin: Should Tucker and Fox News be sued over COVID misinformation?', 'referenced_tweets': [{'type': 'retweeted', 'id': '1476587810341728270'}], 'created_at': '2021-12-31T04:09:59.000Z'}], 'includes': {'users': [{'location': 'Georgetown, TX', 'id': '1164924322890297344', 'username': 'jaylenbrass', 'name': 'jaylen', 'verified': False}, {'location': 'bay area', 'id': '797483317364826112', 'username': 'xeonniicc', 'name': 'verónica', 'verified': False}, {'id': '1454583445657686025', 'username': 'CarolynHolmes36', 'name': 'Carolyn Holmes', 'verified': False}, {'location': 'Hyderabad, India', 'id': '773485929969414148', 'username': 'sarang143u', 'name': 'Sarang Pokhare', 'verified': False}, {'location': 'she/her༄stan ot9!', 'id': '1452284405502840837', 'username': 'ryuhiyyih', 'name': 'zah☻kep1er day!', 'verified': False}, {'location': 'she/her', 'id': '1393949294965657603', 'username': 'yuyuniwerse', 'name': 'mint 🧣', 'verified': False}, {'location': 'Texas, USA', 'id': '1439581822871015432', 'username': 'CJMNewf', 'name': 'CJM', 'verified': False}, {'location': 'Ciudad Autónoma de Buenos Aire', 'id': '184331718', 'username': 'XeniaSailor', 'name': 'Xenia Soglian😺🐾SSB ⛵', 'verified': False}, {'location': 'Helsinki, Finland', 'id': '2166890976', 'username': 'lindaahlblad', 'name': 'Linda Ahlblad', 'verified': False}, {'location': 'cape cod, ma', 'id': '280267313', 'username': 'capecodtina', 'name': 'tina toran', 'verified': False}], 'tweets': [{'id': '1476348153007800321', 'author_id': '803780388', 'text': 'Free rapid COVID testing at 380 S 17th St. Richmond CA. No appt needed, stay safe ya’ll!', 'created_at': '2021-12-30T00:23:23.000Z'}, {'id': '1476326358968119298', 'author_id': '25959543', 'text': 'So I’m the exiting chief of surgery at my hospital. My two years of stupid meetings, babysitting disruptive surgeons, managing Covid staffing issues, etc has culminated in receiving a $50 gift card. That’s how out of touch hospitals are. SMH. #MedTwitter', 'created_at': '2021-12-29T22:56:47.000Z'}, {'id': '1474960411250556935', 'author_id': '1448627067856179203', 'text': '[News]\n\n케플러 샤오팅·마시로 코로나 완치..1월3일 데뷔 프로모션 재개\n\nAs members fully recovered from COVID-19, Kep1er will continue promotion for its January 3rd debut\n\n📎 https://t.co/TX8szPF3EP\n\n#Kep1er #케플러', 'created_at': '2021-12-26T04:29:00.000Z'}, {'id': '1476758929208004609', 'author_id': '1457215220381011968', 'text': '@yuyuniwerse We are stolen two years by epidemic', 'referenced_tweets': [{'type': 'replied_to', 'id': '1476749510940368900'}], 'created_at': '2021-12-31T03:35:40.000Z'}, {'id': '1476697908045135872', 'author_id': '15392486', 'text': 'NEW - Dr. Fauci: "Important thing: Many of the children are hospitalized with Covid as opposed to because of Covid."\n\nhttps://t.co/g7NzfpKTsQ', 'created_at': '2021-12-30T23:33:11.000Z'}, {'id': '1476767412943036416', 'author_id': '157830185', 'text': 'No todo malestar es #Covid, 37 no es fiebre. Siguen existiendo las sinusitis alérgicas, las otitis y demás itis. Si tienen la suerte q tuve de buenos médicos q vieron más allá, todo es más fácil. Pataleen , no se queden con dudas... Nada... Eso.', 'created_at': '2021-12-31T04:09:22.000Z'}, {'id': '1476471083159199747', 'author_id': '729092700', 'text': 'Participants who received a booster at least 5 months after a second dose of Pfizer vaccine had 90% lower mortality due to Covid-19 than participants who did not receive a booster #covid19 #booster #mortality @NEJM https://t.co/uaBi6CjLJL', 'created_at': '2021-12-30T08:31:52.000Z'}, {'id': '1476587810341728270', 'author_id': '48325671', 'text': 'Should Tucker and Fox News be sued over COVID misinformation?', 'created_at': '2021-12-30T16:15:42.000Z'}]}, 'meta': {'newest_id': '1476767568446869504', 'oldest_id': '1476767566941073409', 'result_count': 10, 'next_token': 'b26v89c19zqg8o3fpe17velabl0di743dno6sbhwy4ygt'}}
[2022-01-05 07:06:58,314] {python.py:175} INFO - Done. Returned value was: None
[2022-01-05 07:06:58,357] {taskinstance.py:1277} INFO - Marking task as SUCCESS. dag_id=load_dimensions, task_id=tweet_extraction, execution_date=20211231T040000, start_date=20220105T070657, end_date=20220105T070658
[2022-01-05 07:06:58,432] {local_task_job.py:154} INFO - Task exited with return code 0
[2022-01-05 07:06:58,540] {local_task_job.py:264} INFO - 1 downstream tasks scheduled from follow-on schedule check
