[2021-12-31 23:43:56,090] {taskinstance.py:1032} INFO - Dependencies all met for <TaskInstance: load_dimensions.tweet_transform scheduled__2021-12-31T01:00:00+00:00 [queued]>
[2021-12-31 23:43:56,106] {taskinstance.py:1032} INFO - Dependencies all met for <TaskInstance: load_dimensions.tweet_transform scheduled__2021-12-31T01:00:00+00:00 [queued]>
[2021-12-31 23:43:56,107] {taskinstance.py:1238} INFO - 
--------------------------------------------------------------------------------
[2021-12-31 23:43:56,107] {taskinstance.py:1239} INFO - Starting attempt 2 of 2
[2021-12-31 23:43:56,107] {taskinstance.py:1240} INFO - 
--------------------------------------------------------------------------------
[2021-12-31 23:43:56,125] {taskinstance.py:1259} INFO - Executing <Task(PythonOperator): tweet_transform> on 2021-12-31 01:00:00+00:00
[2021-12-31 23:43:56,134] {standard_task_runner.py:52} INFO - Started process 2237 to run task
[2021-12-31 23:43:56,147] {standard_task_runner.py:76} INFO - Running: ['***', 'tasks', 'run', 'load_dimensions', 'tweet_transform', 'scheduled__2021-12-31T01:00:00+00:00', '--job-id', '222', '--raw', '--subdir', 'DAGS_FOLDER/load_redshift.py', '--cfg-path', '/tmp/tmp9u78flxu', '--error-file', '/tmp/tmp1h0qo6f_']
[2021-12-31 23:43:56,148] {standard_task_runner.py:77} INFO - Job 222: Subtask tweet_transform
[2021-12-31 23:43:56,262] {logging_mixin.py:109} INFO - Running <TaskInstance: load_dimensions.tweet_transform scheduled__2021-12-31T01:00:00+00:00 [running]> on host 87b5e846a243
[2021-12-31 23:43:56,352] {taskinstance.py:1426} INFO - Exporting the following env vars:
AIRFLOW_CTX_DAG_OWNER=test_owner
AIRFLOW_CTX_DAG_ID=load_dimensions
AIRFLOW_CTX_TASK_ID=tweet_transform
AIRFLOW_CTX_EXECUTION_DATE=2021-12-31T01:00:00+00:00
AIRFLOW_CTX_DAG_RUN_ID=scheduled__2021-12-31T01:00:00+00:00
[2021-12-31 23:43:56,353] {warnings.py:110} WARNING - /home/***/.local/lib/python3.7/site-packages/***/utils/context.py:152: AirflowContextDeprecationWarning: Accessing 'execution_date' from the template is deprecated and will be removed in a future version. Please use 'data_interval_start' or 'logical_date' instead.
  warnings.warn(_create_deprecation_warning(key, self._deprecation_replacements[key]))

[2021-12-31 23:43:56,354] {warnings.py:110} WARNING - /home/***/.local/lib/python3.7/site-packages/***/utils/context.py:152: AirflowContextDeprecationWarning: Accessing 'next_ds' from the template is deprecated and will be removed in a future version. Please use '{{ data_interval_end | ds }}' instead.
  warnings.warn(_create_deprecation_warning(key, self._deprecation_replacements[key]))

[2021-12-31 23:43:56,354] {warnings.py:110} WARNING - /home/***/.local/lib/python3.7/site-packages/***/utils/context.py:152: AirflowContextDeprecationWarning: Accessing 'next_ds_nodash' from the template is deprecated and will be removed in a future version. Please use '{{ data_interval_end | ds_nodash }}' instead.
  warnings.warn(_create_deprecation_warning(key, self._deprecation_replacements[key]))

[2021-12-31 23:43:56,354] {warnings.py:110} WARNING - /home/***/.local/lib/python3.7/site-packages/***/utils/context.py:152: AirflowContextDeprecationWarning: Accessing 'next_execution_date' from the template is deprecated and will be removed in a future version. Please use 'data_interval_end' instead.
  warnings.warn(_create_deprecation_warning(key, self._deprecation_replacements[key]))

[2021-12-31 23:43:56,354] {warnings.py:110} WARNING - /home/***/.local/lib/python3.7/site-packages/***/utils/context.py:152: AirflowContextDeprecationWarning: Accessing 'prev_ds' from the template is deprecated and will be removed in a future version.
  warnings.warn(_create_deprecation_warning(key, self._deprecation_replacements[key]))

[2021-12-31 23:43:56,354] {warnings.py:110} WARNING - /home/***/.local/lib/python3.7/site-packages/***/utils/context.py:152: AirflowContextDeprecationWarning: Accessing 'prev_ds_nodash' from the template is deprecated and will be removed in a future version.
  warnings.warn(_create_deprecation_warning(key, self._deprecation_replacements[key]))

[2021-12-31 23:43:56,354] {warnings.py:110} WARNING - /home/***/.local/lib/python3.7/site-packages/***/utils/context.py:152: AirflowContextDeprecationWarning: Accessing 'prev_execution_date' from the template is deprecated and will be removed in a future version.
  warnings.warn(_create_deprecation_warning(key, self._deprecation_replacements[key]))

[2021-12-31 23:43:56,355] {warnings.py:110} WARNING - /home/***/.local/lib/python3.7/site-packages/***/utils/context.py:152: AirflowContextDeprecationWarning: Accessing 'prev_execution_date_success' from the template is deprecated and will be removed in a future version. Please use 'prev_data_interval_start_success' instead.
  warnings.warn(_create_deprecation_warning(key, self._deprecation_replacements[key]))

[2021-12-31 23:43:56,355] {warnings.py:110} WARNING - /home/***/.local/lib/python3.7/site-packages/***/utils/context.py:152: AirflowContextDeprecationWarning: Accessing 'tomorrow_ds' from the template is deprecated and will be removed in a future version.
  warnings.warn(_create_deprecation_warning(key, self._deprecation_replacements[key]))

[2021-12-31 23:43:56,355] {warnings.py:110} WARNING - /home/***/.local/lib/python3.7/site-packages/***/utils/context.py:152: AirflowContextDeprecationWarning: Accessing 'tomorrow_ds_nodash' from the template is deprecated and will be removed in a future version.
  warnings.warn(_create_deprecation_warning(key, self._deprecation_replacements[key]))

[2021-12-31 23:43:56,355] {warnings.py:110} WARNING - /home/***/.local/lib/python3.7/site-packages/***/utils/context.py:152: AirflowContextDeprecationWarning: Accessing 'yesterday_ds' from the template is deprecated and will be removed in a future version.
  warnings.warn(_create_deprecation_warning(key, self._deprecation_replacements[key]))

[2021-12-31 23:43:56,355] {warnings.py:110} WARNING - /home/***/.local/lib/python3.7/site-packages/***/utils/context.py:152: AirflowContextDeprecationWarning: Accessing 'yesterday_ds_nodash' from the template is deprecated and will be removed in a future version.
  warnings.warn(_create_deprecation_warning(key, self._deprecation_replacements[key]))

[2021-12-31 23:43:56,355] {logging_mixin.py:109} INFO - Transform
[2021-12-31 23:43:56,377] {warnings.py:110} WARNING - /opt/***/dags/load_redshift.py:92: FutureWarning: In a future version of pandas all arguments of DataFrame.drop except for the argument 'labels' will be keyword-only
  data = merged_db.drop(['text', 'original_id', 'referenced_tweets', 'referenced_tweets_id'], 1)

[2021-12-31 23:43:56,383] {warnings.py:110} WARNING - /opt/***/dags/load_redshift.py:93: FutureWarning: In a future version of pandas all arguments of DataFrame.drop except for the argument 'labels' will be keyword-only
  data = data.merge(user_info[['id', 'location']], how='left', left_on='author_id', right_on='id', suffixes=['','_y']).drop('id_y', 1)

[2021-12-31 23:43:56,391] {python.py:175} INFO - Done. Returned value was: None
[2021-12-31 23:43:56,414] {taskinstance.py:1277} INFO - Marking task as SUCCESS. dag_id=load_dimensions, task_id=tweet_transform, execution_date=20211231T010000, start_date=20211231T234356, end_date=20211231T234356
[2021-12-31 23:43:56,438] {local_task_job.py:154} INFO - Task exited with return code 0
[2021-12-31 23:43:56,484] {local_task_job.py:264} INFO - 1 downstream tasks scheduled from follow-on schedule check
[2022-01-05 05:25:07,778] {taskinstance.py:1032} INFO - Dependencies all met for <TaskInstance: load_dimensions.tweet_transform scheduled__2021-12-31T01:00:00+00:00 [queued]>
[2022-01-05 05:25:07,862] {taskinstance.py:1032} INFO - Dependencies all met for <TaskInstance: load_dimensions.tweet_transform scheduled__2021-12-31T01:00:00+00:00 [queued]>
[2022-01-05 05:25:07,862] {taskinstance.py:1238} INFO - 
--------------------------------------------------------------------------------
[2022-01-05 05:25:07,862] {taskinstance.py:1239} INFO - Starting attempt 2 of 2
[2022-01-05 05:25:07,862] {taskinstance.py:1240} INFO - 
--------------------------------------------------------------------------------
[2022-01-05 05:25:07,900] {taskinstance.py:1259} INFO - Executing <Task(PythonOperator): tweet_transform> on 2021-12-31 01:00:00+00:00
[2022-01-05 05:25:07,916] {standard_task_runner.py:52} INFO - Started process 3362 to run task
[2022-01-05 05:25:07,960] {standard_task_runner.py:76} INFO - Running: ['***', 'tasks', 'run', 'load_dimensions', 'tweet_transform', 'scheduled__2021-12-31T01:00:00+00:00', '--job-id', '87', '--raw', '--subdir', 'DAGS_FOLDER/load_redshift.py', '--cfg-path', '/tmp/tmp5nhnhhzm', '--error-file', '/tmp/tmp6039tn6s']
[2022-01-05 05:25:07,961] {standard_task_runner.py:77} INFO - Job 87: Subtask tweet_transform
[2022-01-05 05:25:08,259] {logging_mixin.py:109} INFO - Running <TaskInstance: load_dimensions.tweet_transform scheduled__2021-12-31T01:00:00+00:00 [running]> on host 2b1d65872a35
[2022-01-05 05:25:08,520] {taskinstance.py:1426} INFO - Exporting the following env vars:
AIRFLOW_CTX_DAG_OWNER=test_owner
AIRFLOW_CTX_DAG_ID=load_dimensions
AIRFLOW_CTX_TASK_ID=tweet_transform
AIRFLOW_CTX_EXECUTION_DATE=2021-12-31T01:00:00+00:00
AIRFLOW_CTX_DAG_RUN_ID=scheduled__2021-12-31T01:00:00+00:00
[2022-01-05 05:25:08,526] {warnings.py:110} WARNING - /home/***/.local/lib/python3.7/site-packages/***/utils/context.py:152: AirflowContextDeprecationWarning: Accessing 'execution_date' from the template is deprecated and will be removed in a future version. Please use 'data_interval_start' or 'logical_date' instead.
  warnings.warn(_create_deprecation_warning(key, self._deprecation_replacements[key]))

[2022-01-05 05:25:08,530] {warnings.py:110} WARNING - /home/***/.local/lib/python3.7/site-packages/***/utils/context.py:152: AirflowContextDeprecationWarning: Accessing 'next_ds' from the template is deprecated and will be removed in a future version. Please use '{{ data_interval_end | ds }}' instead.
  warnings.warn(_create_deprecation_warning(key, self._deprecation_replacements[key]))

[2022-01-05 05:25:08,531] {warnings.py:110} WARNING - /home/***/.local/lib/python3.7/site-packages/***/utils/context.py:152: AirflowContextDeprecationWarning: Accessing 'next_ds_nodash' from the template is deprecated and will be removed in a future version. Please use '{{ data_interval_end | ds_nodash }}' instead.
  warnings.warn(_create_deprecation_warning(key, self._deprecation_replacements[key]))

[2022-01-05 05:25:08,531] {warnings.py:110} WARNING - /home/***/.local/lib/python3.7/site-packages/***/utils/context.py:152: AirflowContextDeprecationWarning: Accessing 'next_execution_date' from the template is deprecated and will be removed in a future version. Please use 'data_interval_end' instead.
  warnings.warn(_create_deprecation_warning(key, self._deprecation_replacements[key]))

[2022-01-05 05:25:08,531] {warnings.py:110} WARNING - /home/***/.local/lib/python3.7/site-packages/***/utils/context.py:152: AirflowContextDeprecationWarning: Accessing 'prev_ds' from the template is deprecated and will be removed in a future version.
  warnings.warn(_create_deprecation_warning(key, self._deprecation_replacements[key]))

[2022-01-05 05:25:08,538] {warnings.py:110} WARNING - /home/***/.local/lib/python3.7/site-packages/***/utils/context.py:152: AirflowContextDeprecationWarning: Accessing 'prev_ds_nodash' from the template is deprecated and will be removed in a future version.
  warnings.warn(_create_deprecation_warning(key, self._deprecation_replacements[key]))

[2022-01-05 05:25:08,538] {warnings.py:110} WARNING - /home/***/.local/lib/python3.7/site-packages/***/utils/context.py:152: AirflowContextDeprecationWarning: Accessing 'prev_execution_date' from the template is deprecated and will be removed in a future version.
  warnings.warn(_create_deprecation_warning(key, self._deprecation_replacements[key]))

[2022-01-05 05:25:08,538] {warnings.py:110} WARNING - /home/***/.local/lib/python3.7/site-packages/***/utils/context.py:152: AirflowContextDeprecationWarning: Accessing 'prev_execution_date_success' from the template is deprecated and will be removed in a future version. Please use 'prev_data_interval_start_success' instead.
  warnings.warn(_create_deprecation_warning(key, self._deprecation_replacements[key]))

[2022-01-05 05:25:08,538] {warnings.py:110} WARNING - /home/***/.local/lib/python3.7/site-packages/***/utils/context.py:152: AirflowContextDeprecationWarning: Accessing 'tomorrow_ds' from the template is deprecated and will be removed in a future version.
  warnings.warn(_create_deprecation_warning(key, self._deprecation_replacements[key]))

[2022-01-05 05:25:08,539] {warnings.py:110} WARNING - /home/***/.local/lib/python3.7/site-packages/***/utils/context.py:152: AirflowContextDeprecationWarning: Accessing 'tomorrow_ds_nodash' from the template is deprecated and will be removed in a future version.
  warnings.warn(_create_deprecation_warning(key, self._deprecation_replacements[key]))

[2022-01-05 05:25:08,539] {warnings.py:110} WARNING - /home/***/.local/lib/python3.7/site-packages/***/utils/context.py:152: AirflowContextDeprecationWarning: Accessing 'yesterday_ds' from the template is deprecated and will be removed in a future version.
  warnings.warn(_create_deprecation_warning(key, self._deprecation_replacements[key]))

[2022-01-05 05:25:08,539] {warnings.py:110} WARNING - /home/***/.local/lib/python3.7/site-packages/***/utils/context.py:152: AirflowContextDeprecationWarning: Accessing 'yesterday_ds_nodash' from the template is deprecated and will be removed in a future version.
  warnings.warn(_create_deprecation_warning(key, self._deprecation_replacements[key]))

[2022-01-05 05:25:08,539] {logging_mixin.py:109} INFO - Transform
[2022-01-05 05:25:08,575] {warnings.py:110} WARNING - /opt/***/dags/load_redshift.py:108: FutureWarning: In a future version of pandas all arguments of DataFrame.drop except for the argument 'labels' will be keyword-only
  data = merged_db.drop(['text', 'original_id', 'referenced_tweets', 'referenced_tweets_id'], 1)

[2022-01-05 05:25:08,586] {warnings.py:110} WARNING - /opt/***/dags/load_redshift.py:109: FutureWarning: In a future version of pandas all arguments of DataFrame.drop except for the argument 'labels' will be keyword-only
  data = data.merge(user_info[['id', 'location']], how='left', left_on='author_id', right_on='id', suffixes=['','_y']).drop('id_y', 1)

[2022-01-05 05:25:08,669] {python.py:175} INFO - Done. Returned value was: None
[2022-01-05 07:07:01,102] {taskinstance.py:1032} INFO - Dependencies all met for <TaskInstance: load_dimensions.tweet_transform scheduled__2021-12-31T01:00:00+00:00 [queued]>
[2022-01-05 07:07:01,172] {taskinstance.py:1032} INFO - Dependencies all met for <TaskInstance: load_dimensions.tweet_transform scheduled__2021-12-31T01:00:00+00:00 [queued]>
[2022-01-05 07:07:01,173] {taskinstance.py:1238} INFO - 
--------------------------------------------------------------------------------
[2022-01-05 07:07:01,173] {taskinstance.py:1239} INFO - Starting attempt 2 of 2
[2022-01-05 07:07:01,173] {taskinstance.py:1240} INFO - 
--------------------------------------------------------------------------------
[2022-01-05 07:07:01,272] {taskinstance.py:1259} INFO - Executing <Task(PythonOperator): tweet_transform> on 2021-12-31 01:00:00+00:00
[2022-01-05 07:07:01,292] {standard_task_runner.py:52} INFO - Started process 409 to run task
[2022-01-05 07:07:01,329] {standard_task_runner.py:76} INFO - Running: ['***', 'tasks', 'run', 'load_dimensions', 'tweet_transform', 'scheduled__2021-12-31T01:00:00+00:00', '--job-id', '354', '--raw', '--subdir', 'DAGS_FOLDER/load_redshift.py', '--cfg-path', '/tmp/tmp1supox1h', '--error-file', '/tmp/tmpdgsx33kv']
[2022-01-05 07:07:01,331] {standard_task_runner.py:77} INFO - Job 354: Subtask tweet_transform
[2022-01-05 07:07:01,521] {logging_mixin.py:109} INFO - Running <TaskInstance: load_dimensions.tweet_transform scheduled__2021-12-31T01:00:00+00:00 [running]> on host e544fdb7c66e
[2022-01-05 07:07:01,797] {taskinstance.py:1426} INFO - Exporting the following env vars:
AIRFLOW_CTX_DAG_OWNER=test_owner
AIRFLOW_CTX_DAG_ID=load_dimensions
AIRFLOW_CTX_TASK_ID=tweet_transform
AIRFLOW_CTX_EXECUTION_DATE=2021-12-31T01:00:00+00:00
AIRFLOW_CTX_DAG_RUN_ID=scheduled__2021-12-31T01:00:00+00:00
[2022-01-05 07:07:01,808] {warnings.py:110} WARNING - /home/***/.local/lib/python3.7/site-packages/***/utils/context.py:152: AirflowContextDeprecationWarning: Accessing 'execution_date' from the template is deprecated and will be removed in a future version. Please use 'data_interval_start' or 'logical_date' instead.
  warnings.warn(_create_deprecation_warning(key, self._deprecation_replacements[key]))

[2022-01-05 07:07:01,808] {warnings.py:110} WARNING - /home/***/.local/lib/python3.7/site-packages/***/utils/context.py:152: AirflowContextDeprecationWarning: Accessing 'next_ds' from the template is deprecated and will be removed in a future version. Please use '{{ data_interval_end | ds }}' instead.
  warnings.warn(_create_deprecation_warning(key, self._deprecation_replacements[key]))

[2022-01-05 07:07:01,808] {warnings.py:110} WARNING - /home/***/.local/lib/python3.7/site-packages/***/utils/context.py:152: AirflowContextDeprecationWarning: Accessing 'next_ds_nodash' from the template is deprecated and will be removed in a future version. Please use '{{ data_interval_end | ds_nodash }}' instead.
  warnings.warn(_create_deprecation_warning(key, self._deprecation_replacements[key]))

[2022-01-05 07:07:01,809] {warnings.py:110} WARNING - /home/***/.local/lib/python3.7/site-packages/***/utils/context.py:152: AirflowContextDeprecationWarning: Accessing 'next_execution_date' from the template is deprecated and will be removed in a future version. Please use 'data_interval_end' instead.
  warnings.warn(_create_deprecation_warning(key, self._deprecation_replacements[key]))

[2022-01-05 07:07:01,809] {warnings.py:110} WARNING - /home/***/.local/lib/python3.7/site-packages/***/utils/context.py:152: AirflowContextDeprecationWarning: Accessing 'prev_ds' from the template is deprecated and will be removed in a future version.
  warnings.warn(_create_deprecation_warning(key, self._deprecation_replacements[key]))

[2022-01-05 07:07:01,809] {warnings.py:110} WARNING - /home/***/.local/lib/python3.7/site-packages/***/utils/context.py:152: AirflowContextDeprecationWarning: Accessing 'prev_ds_nodash' from the template is deprecated and will be removed in a future version.
  warnings.warn(_create_deprecation_warning(key, self._deprecation_replacements[key]))

[2022-01-05 07:07:01,809] {warnings.py:110} WARNING - /home/***/.local/lib/python3.7/site-packages/***/utils/context.py:152: AirflowContextDeprecationWarning: Accessing 'prev_execution_date' from the template is deprecated and will be removed in a future version.
  warnings.warn(_create_deprecation_warning(key, self._deprecation_replacements[key]))

[2022-01-05 07:07:01,809] {warnings.py:110} WARNING - /home/***/.local/lib/python3.7/site-packages/***/utils/context.py:152: AirflowContextDeprecationWarning: Accessing 'prev_execution_date_success' from the template is deprecated and will be removed in a future version. Please use 'prev_data_interval_start_success' instead.
  warnings.warn(_create_deprecation_warning(key, self._deprecation_replacements[key]))

[2022-01-05 07:07:01,809] {warnings.py:110} WARNING - /home/***/.local/lib/python3.7/site-packages/***/utils/context.py:152: AirflowContextDeprecationWarning: Accessing 'tomorrow_ds' from the template is deprecated and will be removed in a future version.
  warnings.warn(_create_deprecation_warning(key, self._deprecation_replacements[key]))

[2022-01-05 07:07:01,809] {warnings.py:110} WARNING - /home/***/.local/lib/python3.7/site-packages/***/utils/context.py:152: AirflowContextDeprecationWarning: Accessing 'tomorrow_ds_nodash' from the template is deprecated and will be removed in a future version.
  warnings.warn(_create_deprecation_warning(key, self._deprecation_replacements[key]))

[2022-01-05 07:07:01,810] {warnings.py:110} WARNING - /home/***/.local/lib/python3.7/site-packages/***/utils/context.py:152: AirflowContextDeprecationWarning: Accessing 'yesterday_ds' from the template is deprecated and will be removed in a future version.
  warnings.warn(_create_deprecation_warning(key, self._deprecation_replacements[key]))

[2022-01-05 07:07:01,810] {warnings.py:110} WARNING - /home/***/.local/lib/python3.7/site-packages/***/utils/context.py:152: AirflowContextDeprecationWarning: Accessing 'yesterday_ds_nodash' from the template is deprecated and will be removed in a future version.
  warnings.warn(_create_deprecation_warning(key, self._deprecation_replacements[key]))

[2022-01-05 07:07:01,812] {logging_mixin.py:109} INFO - Transform
[2022-01-05 07:07:01,843] {warnings.py:110} WARNING - /opt/***/dags/load_redshift.py:108: FutureWarning: In a future version of pandas all arguments of DataFrame.drop except for the argument 'labels' will be keyword-only
  data = merged_db.drop(['text', 'original_id', 'referenced_tweets', 'referenced_tweets_id'], 1)

[2022-01-05 07:07:01,850] {warnings.py:110} WARNING - /opt/***/dags/load_redshift.py:109: FutureWarning: In a future version of pandas all arguments of DataFrame.drop except for the argument 'labels' will be keyword-only
  data = data.merge(user_info[['id', 'location']], how='left', left_on='author_id', right_on='id', suffixes=['','_y']).drop('id_y', 1)

[2022-01-05 07:07:01,879] {python.py:175} INFO - Done. Returned value was: None
[2022-01-05 07:07:01,903] {taskinstance.py:1277} INFO - Marking task as SUCCESS. dag_id=load_dimensions, task_id=tweet_transform, execution_date=20211231T010000, start_date=20220105T070701, end_date=20220105T070701
[2022-01-05 07:07:01,967] {local_task_job.py:154} INFO - Task exited with return code 0
[2022-01-05 07:07:02,286] {local_task_job.py:264} INFO - 0 downstream tasks scheduled from follow-on schedule check
