[2021-12-31 23:43:54,589] {taskinstance.py:1032} INFO - Dependencies all met for <TaskInstance: load_dimensions.tweet_extraction scheduled__2021-12-31T05:00:00+00:00 [queued]>
[2021-12-31 23:43:54,600] {taskinstance.py:1032} INFO - Dependencies all met for <TaskInstance: load_dimensions.tweet_extraction scheduled__2021-12-31T05:00:00+00:00 [queued]>
[2021-12-31 23:43:54,600] {taskinstance.py:1238} INFO - 
--------------------------------------------------------------------------------
[2021-12-31 23:43:54,601] {taskinstance.py:1239} INFO - Starting attempt 2 of 2
[2021-12-31 23:43:54,601] {taskinstance.py:1240} INFO - 
--------------------------------------------------------------------------------
[2021-12-31 23:43:54,612] {taskinstance.py:1259} INFO - Executing <Task(PythonOperator): tweet_extraction> on 2021-12-31 05:00:00+00:00
[2021-12-31 23:43:54,617] {standard_task_runner.py:52} INFO - Started process 2225 to run task
[2021-12-31 23:43:54,620] {standard_task_runner.py:76} INFO - Running: ['***', 'tasks', 'run', 'load_dimensions', 'tweet_extraction', 'scheduled__2021-12-31T05:00:00+00:00', '--job-id', '221', '--raw', '--subdir', 'DAGS_FOLDER/load_redshift.py', '--cfg-path', '/tmp/tmp95rjas3f', '--error-file', '/tmp/tmpbdaxt6tf']
[2021-12-31 23:43:54,621] {standard_task_runner.py:77} INFO - Job 221: Subtask tweet_extraction
[2021-12-31 23:43:54,678] {logging_mixin.py:109} INFO - Running <TaskInstance: load_dimensions.tweet_extraction scheduled__2021-12-31T05:00:00+00:00 [running]> on host 87b5e846a243
[2021-12-31 23:43:54,732] {taskinstance.py:1426} INFO - Exporting the following env vars:
AIRFLOW_CTX_DAG_OWNER=test_owner
AIRFLOW_CTX_DAG_ID=load_dimensions
AIRFLOW_CTX_TASK_ID=tweet_extraction
AIRFLOW_CTX_EXECUTION_DATE=2021-12-31T05:00:00+00:00
AIRFLOW_CTX_DAG_RUN_ID=scheduled__2021-12-31T05:00:00+00:00
[2021-12-31 23:43:54,733] {warnings.py:110} WARNING - /home/***/.local/lib/python3.7/site-packages/***/utils/context.py:152: AirflowContextDeprecationWarning: Accessing 'execution_date' from the template is deprecated and will be removed in a future version. Please use 'data_interval_start' or 'logical_date' instead.
  warnings.warn(_create_deprecation_warning(key, self._deprecation_replacements[key]))

[2021-12-31 23:43:54,733] {warnings.py:110} WARNING - /home/***/.local/lib/python3.7/site-packages/***/utils/context.py:152: AirflowContextDeprecationWarning: Accessing 'next_ds' from the template is deprecated and will be removed in a future version. Please use '{{ data_interval_end | ds }}' instead.
  warnings.warn(_create_deprecation_warning(key, self._deprecation_replacements[key]))

[2021-12-31 23:43:54,733] {warnings.py:110} WARNING - /home/***/.local/lib/python3.7/site-packages/***/utils/context.py:152: AirflowContextDeprecationWarning: Accessing 'next_ds_nodash' from the template is deprecated and will be removed in a future version. Please use '{{ data_interval_end | ds_nodash }}' instead.
  warnings.warn(_create_deprecation_warning(key, self._deprecation_replacements[key]))

[2021-12-31 23:43:54,733] {warnings.py:110} WARNING - /home/***/.local/lib/python3.7/site-packages/***/utils/context.py:152: AirflowContextDeprecationWarning: Accessing 'next_execution_date' from the template is deprecated and will be removed in a future version. Please use 'data_interval_end' instead.
  warnings.warn(_create_deprecation_warning(key, self._deprecation_replacements[key]))

[2021-12-31 23:43:54,733] {warnings.py:110} WARNING - /home/***/.local/lib/python3.7/site-packages/***/utils/context.py:152: AirflowContextDeprecationWarning: Accessing 'prev_ds' from the template is deprecated and will be removed in a future version.
  warnings.warn(_create_deprecation_warning(key, self._deprecation_replacements[key]))

[2021-12-31 23:43:54,734] {warnings.py:110} WARNING - /home/***/.local/lib/python3.7/site-packages/***/utils/context.py:152: AirflowContextDeprecationWarning: Accessing 'prev_ds_nodash' from the template is deprecated and will be removed in a future version.
  warnings.warn(_create_deprecation_warning(key, self._deprecation_replacements[key]))

[2021-12-31 23:43:54,734] {warnings.py:110} WARNING - /home/***/.local/lib/python3.7/site-packages/***/utils/context.py:152: AirflowContextDeprecationWarning: Accessing 'prev_execution_date' from the template is deprecated and will be removed in a future version.
  warnings.warn(_create_deprecation_warning(key, self._deprecation_replacements[key]))

[2021-12-31 23:43:54,734] {warnings.py:110} WARNING - /home/***/.local/lib/python3.7/site-packages/***/utils/context.py:152: AirflowContextDeprecationWarning: Accessing 'prev_execution_date_success' from the template is deprecated and will be removed in a future version. Please use 'prev_data_interval_start_success' instead.
  warnings.warn(_create_deprecation_warning(key, self._deprecation_replacements[key]))

[2021-12-31 23:43:54,734] {warnings.py:110} WARNING - /home/***/.local/lib/python3.7/site-packages/***/utils/context.py:152: AirflowContextDeprecationWarning: Accessing 'tomorrow_ds' from the template is deprecated and will be removed in a future version.
  warnings.warn(_create_deprecation_warning(key, self._deprecation_replacements[key]))

[2021-12-31 23:43:54,734] {warnings.py:110} WARNING - /home/***/.local/lib/python3.7/site-packages/***/utils/context.py:152: AirflowContextDeprecationWarning: Accessing 'tomorrow_ds_nodash' from the template is deprecated and will be removed in a future version.
  warnings.warn(_create_deprecation_warning(key, self._deprecation_replacements[key]))

[2021-12-31 23:43:54,734] {warnings.py:110} WARNING - /home/***/.local/lib/python3.7/site-packages/***/utils/context.py:152: AirflowContextDeprecationWarning: Accessing 'yesterday_ds' from the template is deprecated and will be removed in a future version.
  warnings.warn(_create_deprecation_warning(key, self._deprecation_replacements[key]))

[2021-12-31 23:43:54,734] {warnings.py:110} WARNING - /home/***/.local/lib/python3.7/site-packages/***/utils/context.py:152: AirflowContextDeprecationWarning: Accessing 'yesterday_ds_nodash' from the template is deprecated and will be removed in a future version.
  warnings.warn(_create_deprecation_warning(key, self._deprecation_replacements[key]))

[2021-12-31 23:43:54,734] {logging_mixin.py:109} INFO - Hello, Current Time:23:43:54 Execution time is 2021-12-31T05:00:00+00:00
[2021-12-31 23:43:54,734] {logging_mixin.py:109} INFO - 2021-12-31T05:00:00+00:00
[2021-12-31 23:43:54,742] {logging_mixin.py:109} INFO - start_time 2021-12-31T05:00:00Z
[2021-12-31 23:43:54,742] {logging_mixin.py:109} INFO - end_time 2021-12-31T05:10:00Z
[2021-12-31 23:43:55,353] {logging_mixin.py:109} INFO - {'data': [{'author_id': '4687651890', 'created_at': '2021-12-31T05:09:59.000Z', 'text': 'RT @MerlLems: plata, covid, y suerte en el amor nunca tuve', 'id': '1476782667920121858', 'referenced_tweets': [{'type': 'retweeted', 'id': '1476229371308363777'}]}, {'author_id': '1001136081994174464', 'created_at': '2021-12-31T05:09:59.000Z', 'text': 'RT @DrakeGatsby: “I’m here for a good time, not a long time” between Covid and climate change, you’re here for neither', 'id': '1476782667291111429', 'referenced_tweets': [{'type': 'retweeted', 'id': '1476545960767598592'}]}, {'author_id': '1043168694963200001', 'created_at': '2021-12-31T05:09:59.000Z', 'text': 'RT @lavionline: quebec will really let someone positive for covid work but not someone wearing a hijab lol', 'id': '1476782666972344334', 'referenced_tweets': [{'type': 'retweeted', 'id': '1476108039468077057'}]}, {'author_id': '1257280909', 'created_at': '2021-12-31T05:09:59.000Z', 'text': 'Certificado de vacuna covid para TODO y TOD@S https://t.co/sHEot9KpA5', 'id': '1476782666783596545', 'referenced_tweets': [{'type': 'quoted', 'id': '1476277152068689920'}]}, {'author_id': '1109237518501859328', 'created_at': '2021-12-31T05:09:59.000Z', 'text': 'RT @madeinmede: En conclusión, TODOS tienen covid pero unos dicen que es gripa y los otros ya se hicieron la prueba.', 'id': '1476782666188038146', 'referenced_tweets': [{'type': 'retweeted', 'id': '1476662756262793216'}]}, {'author_id': '995076839390547979', 'created_at': '2021-12-31T05:09:59.000Z', 'text': 'RT @ufrj: UFRJ ainda exigirá comprovação vacinal contra covid-19 para acesso a espaços da Universidade.\nhttps://t.co/I6GvkbPOEk\n\n#ufrj #vac…', 'id': '1476782665248485395', 'referenced_tweets': [{'type': 'retweeted', 'id': '1476629208382246914'}]}, {'author_id': '704555058654883840', 'created_at': '2021-12-31T05:09:59.000Z', 'text': 'RT @NHSMillion: If everyone who has been grateful for NHS staff over the last two years followed and retweeted, we would reach a million in…', 'id': '1476782665047035904', 'referenced_tweets': [{'type': 'retweeted', 'id': '1476611444640735238'}]}, {'author_id': '1122014915735089152', 'created_at': '2021-12-31T05:09:59.000Z', 'text': 'RT @KLVeritas: COVID-19 vaccine mandates “have to be repealed” as the vaccines are “still in research” and “people cannot be mandated to pa…', 'id': '1476782664908611585', 'referenced_tweets': [{'type': 'retweeted', 'id': '1476333265548156928'}]}, {'author_id': '1378566968253513729', 'created_at': '2021-12-31T05:09:59.000Z', 'text': 'RT @ClmBfQrTheStQrm: The latest VAERS covid vaccine ‘adverse event’ reports stats have been published. When we consider that maybe 1% of al…', 'id': '1476782664447373330', 'referenced_tweets': [{'type': 'retweeted', 'id': '1476282872583577610'}]}, {'author_id': '1190492803366838272', 'created_at': '2021-12-31T05:09:59.000Z', 'text': 'RT @Julioac13: Polémico festejo de Fin de Año en la Afip: 160 contagiados con Covid. LN+', 'id': '1476782664275447810', 'referenced_tweets': [{'type': 'retweeted', 'id': '1476679233254612994'}]}], 'includes': {'users': [{'location': 'Rio Tercero', 'verified': False, 'username': 'juliettapereyra', 'id': '4687651890', 'name': "julie't"}, {'location': 'ur moms house', 'verified': False, 'username': 'appl3ofyoureye', 'id': '1001136081994174464', 'name': 'Emily 💕'}, {'location': 'Japan', 'verified': False, 'username': 'Nadashadow3', 'id': '1043168694963200001', 'name': 'nαdaaaa'}, {'verified': False, 'username': 'angel_canelones', 'id': '1257280909', 'name': '.'}, {'verified': False, 'username': 'wtfisthat23_', 'id': '1109237518501859328', 'name': 'ᴳᵒᵐᵉⁿᵉᵃ☃️'}, {'location': 'Saquarema, Brasil', 'verified': False, 'username': 'joaomarinx', 'id': '995076839390547979', 'name': 'Marins'}, {'location': 'Austral, Sydney', 'verified': False, 'username': 'traceyaustralia', 'id': '704555058654883840', 'name': 'Tracey'}, {'verified': False, 'username': 'Konsiderthis', 'id': '1122014915735089152', 'name': 'LetFreedomRing'}, {'location': 'NH', 'verified': False, 'username': 'CrystalSURFgrl', 'id': '1378566968253513729', 'name': 'CrystalS.'}, {'location': 'Ciudad Autónoma de Buenos Aire', 'verified': False, 'username': 'MoyanoMarite', 'id': '1190492803366838272', 'name': 'Marité Moyano'}], 'tweets': [{'author_id': '2800469738', 'created_at': '2021-12-29T16:31:23.000Z', 'text': 'plata, covid, y suerte en el amor nunca tuve', 'id': '1476229371308363777'}, {'author_id': '1022128903236800512', 'created_at': '2021-12-30T13:29:24.000Z', 'text': '“I’m here for a good time, not a long time” between Covid and climate change, you’re here for neither', 'id': '1476545960767598592'}, {'author_id': '4390003996', 'created_at': '2021-12-29T08:29:16.000Z', 'text': 'quebec will really let someone positive for covid work but not someone wearing a hijab lol', 'id': '1476108039468077057'}, {'author_id': '328312757', 'created_at': '2021-12-29T19:41:15.000Z', 'text': 'Totalmente de acuerdo con empezar a pedir el certificado de vacunación para ir a lugares públicos. Poner en riesgo a otros por ser antivacunas no es justo. Eso no es perder la libertad. Perder la libertad es terminar internado o muerto por un par de egoístas.', 'id': '1476277152068689920'}, {'author_id': '823595958525116417', 'created_at': '2021-12-30T21:13:30.000Z', 'text': 'En conclusión, TODOS tienen covid pero unos dicen que es gripa y los otros ya se hicieron la prueba.', 'id': '1476662756262793216'}, {'author_id': '38733808', 'created_at': '2021-12-30T19:00:12.000Z', 'text': 'UFRJ ainda exigirá comprovação vacinal contra covid-19 para acesso a espaços da Universidade.\nhttps://t.co/I6GvkbPOEk\n\n#ufrj #vacina #covid19 https://t.co/Dd79rutNDn', 'id': '1476629208382246914'}, {'author_id': '4882743003', 'created_at': '2021-12-30T17:49:37.000Z', 'text': 'If everyone who has been grateful for NHS staff over the last two years followed and retweeted, we would reach a million in no time.\n\nIt will only take a few seconds, and your support would really mean a lot to a huge number of people who continue to fight Covid-19. https://t.co/q3UHkk82Rc', 'id': '1476611444640735238'}, {'author_id': '1443993685209673729', 'created_at': '2021-12-29T23:24:14.000Z', 'text': 'COVID-19 vaccine mandates “have to be repealed” as the vaccines are “still in research” and “people cannot be mandated to participate in research,” says\xa0@P_McCulloughMD \nhttps://t.co/ReBmW1uNfm', 'id': '1476333265548156928'}, {'author_id': '1460273925020168197', 'created_at': '2021-12-29T20:03:59.000Z', 'text': 'The latest VAERS covid vaccine ‘adverse event’ reports stats have been published. When we consider that maybe 1% of all reports make it to the list, you can add two zero’s onto each number, making for uncomfortable reading... https://t.co/MxpH1eKo2t', 'id': '1476282872583577610'}, {'author_id': '1373021228043276290', 'created_at': '2021-12-30T22:18:59.000Z', 'text': 'Polémico festejo de Fin de Año en la Afip: 160 contagiados con Covid. LN+', 'id': '1476679233254612994'}]}, 'meta': {'newest_id': '1476782667920121858', 'oldest_id': '1476782664275447810', 'result_count': 10, 'next_token': 'b26v89c19zqg8o3fpe17velvouuzga5en99sdltam89kt'}}
[2021-12-31 23:43:55,355] {python.py:175} INFO - Done. Returned value was: None
[2021-12-31 23:43:55,377] {taskinstance.py:1277} INFO - Marking task as SUCCESS. dag_id=load_dimensions, task_id=tweet_extraction, execution_date=20211231T050000, start_date=20211231T234354, end_date=20211231T234355
[2021-12-31 23:43:55,437] {local_task_job.py:154} INFO - Task exited with return code 0
[2021-12-31 23:43:55,608] {local_task_job.py:264} INFO - 0 downstream tasks scheduled from follow-on schedule check
