[2021-12-31 23:43:54,155] {taskinstance.py:1032} INFO - Dependencies all met for <TaskInstance: load_dimensions.tweet_extraction scheduled__2021-12-31T03:00:00+00:00 [queued]>
[2021-12-31 23:43:54,164] {taskinstance.py:1032} INFO - Dependencies all met for <TaskInstance: load_dimensions.tweet_extraction scheduled__2021-12-31T03:00:00+00:00 [queued]>
[2021-12-31 23:43:54,164] {taskinstance.py:1238} INFO - 
--------------------------------------------------------------------------------
[2021-12-31 23:43:54,164] {taskinstance.py:1239} INFO - Starting attempt 2 of 2
[2021-12-31 23:43:54,164] {taskinstance.py:1240} INFO - 
--------------------------------------------------------------------------------
[2021-12-31 23:43:54,176] {taskinstance.py:1259} INFO - Executing <Task(PythonOperator): tweet_extraction> on 2021-12-31 03:00:00+00:00
[2021-12-31 23:43:54,182] {standard_task_runner.py:52} INFO - Started process 2223 to run task
[2021-12-31 23:43:54,185] {standard_task_runner.py:76} INFO - Running: ['***', 'tasks', 'run', 'load_dimensions', 'tweet_extraction', 'scheduled__2021-12-31T03:00:00+00:00', '--job-id', '219', '--raw', '--subdir', 'DAGS_FOLDER/load_redshift.py', '--cfg-path', '/tmp/tmpgq9igm7n', '--error-file', '/tmp/tmpv9qq5pp3']
[2021-12-31 23:43:54,186] {standard_task_runner.py:77} INFO - Job 219: Subtask tweet_extraction
[2021-12-31 23:43:54,266] {logging_mixin.py:109} INFO - Running <TaskInstance: load_dimensions.tweet_extraction scheduled__2021-12-31T03:00:00+00:00 [running]> on host 87b5e846a243
[2021-12-31 23:43:54,372] {taskinstance.py:1426} INFO - Exporting the following env vars:
AIRFLOW_CTX_DAG_OWNER=test_owner
AIRFLOW_CTX_DAG_ID=load_dimensions
AIRFLOW_CTX_TASK_ID=tweet_extraction
AIRFLOW_CTX_EXECUTION_DATE=2021-12-31T03:00:00+00:00
AIRFLOW_CTX_DAG_RUN_ID=scheduled__2021-12-31T03:00:00+00:00
[2021-12-31 23:43:54,374] {warnings.py:110} WARNING - /home/***/.local/lib/python3.7/site-packages/***/utils/context.py:152: AirflowContextDeprecationWarning: Accessing 'execution_date' from the template is deprecated and will be removed in a future version. Please use 'data_interval_start' or 'logical_date' instead.
  warnings.warn(_create_deprecation_warning(key, self._deprecation_replacements[key]))

[2021-12-31 23:43:54,374] {warnings.py:110} WARNING - /home/***/.local/lib/python3.7/site-packages/***/utils/context.py:152: AirflowContextDeprecationWarning: Accessing 'next_ds' from the template is deprecated and will be removed in a future version. Please use '{{ data_interval_end | ds }}' instead.
  warnings.warn(_create_deprecation_warning(key, self._deprecation_replacements[key]))

[2021-12-31 23:43:54,374] {warnings.py:110} WARNING - /home/***/.local/lib/python3.7/site-packages/***/utils/context.py:152: AirflowContextDeprecationWarning: Accessing 'next_ds_nodash' from the template is deprecated and will be removed in a future version. Please use '{{ data_interval_end | ds_nodash }}' instead.
  warnings.warn(_create_deprecation_warning(key, self._deprecation_replacements[key]))

[2021-12-31 23:43:54,374] {warnings.py:110} WARNING - /home/***/.local/lib/python3.7/site-packages/***/utils/context.py:152: AirflowContextDeprecationWarning: Accessing 'next_execution_date' from the template is deprecated and will be removed in a future version. Please use 'data_interval_end' instead.
  warnings.warn(_create_deprecation_warning(key, self._deprecation_replacements[key]))

[2021-12-31 23:43:54,374] {warnings.py:110} WARNING - /home/***/.local/lib/python3.7/site-packages/***/utils/context.py:152: AirflowContextDeprecationWarning: Accessing 'prev_ds' from the template is deprecated and will be removed in a future version.
  warnings.warn(_create_deprecation_warning(key, self._deprecation_replacements[key]))

[2021-12-31 23:43:54,375] {warnings.py:110} WARNING - /home/***/.local/lib/python3.7/site-packages/***/utils/context.py:152: AirflowContextDeprecationWarning: Accessing 'prev_ds_nodash' from the template is deprecated and will be removed in a future version.
  warnings.warn(_create_deprecation_warning(key, self._deprecation_replacements[key]))

[2021-12-31 23:43:54,375] {warnings.py:110} WARNING - /home/***/.local/lib/python3.7/site-packages/***/utils/context.py:152: AirflowContextDeprecationWarning: Accessing 'prev_execution_date' from the template is deprecated and will be removed in a future version.
  warnings.warn(_create_deprecation_warning(key, self._deprecation_replacements[key]))

[2021-12-31 23:43:54,375] {warnings.py:110} WARNING - /home/***/.local/lib/python3.7/site-packages/***/utils/context.py:152: AirflowContextDeprecationWarning: Accessing 'prev_execution_date_success' from the template is deprecated and will be removed in a future version. Please use 'prev_data_interval_start_success' instead.
  warnings.warn(_create_deprecation_warning(key, self._deprecation_replacements[key]))

[2021-12-31 23:43:54,375] {warnings.py:110} WARNING - /home/***/.local/lib/python3.7/site-packages/***/utils/context.py:152: AirflowContextDeprecationWarning: Accessing 'tomorrow_ds' from the template is deprecated and will be removed in a future version.
  warnings.warn(_create_deprecation_warning(key, self._deprecation_replacements[key]))

[2021-12-31 23:43:54,375] {warnings.py:110} WARNING - /home/***/.local/lib/python3.7/site-packages/***/utils/context.py:152: AirflowContextDeprecationWarning: Accessing 'tomorrow_ds_nodash' from the template is deprecated and will be removed in a future version.
  warnings.warn(_create_deprecation_warning(key, self._deprecation_replacements[key]))

[2021-12-31 23:43:54,375] {warnings.py:110} WARNING - /home/***/.local/lib/python3.7/site-packages/***/utils/context.py:152: AirflowContextDeprecationWarning: Accessing 'yesterday_ds' from the template is deprecated and will be removed in a future version.
  warnings.warn(_create_deprecation_warning(key, self._deprecation_replacements[key]))

[2021-12-31 23:43:54,375] {warnings.py:110} WARNING - /home/***/.local/lib/python3.7/site-packages/***/utils/context.py:152: AirflowContextDeprecationWarning: Accessing 'yesterday_ds_nodash' from the template is deprecated and will be removed in a future version.
  warnings.warn(_create_deprecation_warning(key, self._deprecation_replacements[key]))

[2021-12-31 23:43:54,375] {logging_mixin.py:109} INFO - Hello, Current Time:23:43:54 Execution time is 2021-12-31T03:00:00+00:00
[2021-12-31 23:43:54,376] {logging_mixin.py:109} INFO - 2021-12-31T03:00:00+00:00
[2021-12-31 23:43:54,384] {logging_mixin.py:109} INFO - start_time 2021-12-31T03:00:00Z
[2021-12-31 23:43:54,385] {logging_mixin.py:109} INFO - end_time 2021-12-31T03:10:00Z
[2021-12-31 23:43:54,752] {logging_mixin.py:109} INFO - {'data': [{'referenced_tweets': [{'type': 'replied_to', 'id': '1476722165185748994'}], 'text': '@WalshFreedom And as everyone knows and has known— a flu shot doesn’t guarantee you don’t  get the flu or Covid; it greatly reduces hospitalization and death. Which is why I got it;and what it is doing. Grateful', 'author_id': '68825587', 'created_at': '2021-12-31T03:09:59.000Z', 'id': '1476752468910428178'}, {'referenced_tweets': [{'type': 'replied_to', 'id': '1476748112144252929'}], 'text': "@Undergroundcou1 @DavidLWindt @benmagelsen I contracted covid in Dec last year, so possibly Alpha?\nI didn't make enough IgG to trip the test but had a positive T detect in November.\nI was confident in that but now am wondering about the future.", 'author_id': '1265748177698738177', 'created_at': '2021-12-31T03:09:59.000Z', 'id': '1476752468906110978'}, {'referenced_tweets': [{'type': 'retweeted', 'id': '1476495470193262595'}], 'text': 'RT @kingofstace: The police seem keen to break up Extinction Rebellion and Insulate Britain protests, along with peaceful vigils held for m…', 'author_id': '743918830196523008', 'created_at': '2021-12-31T03:09:59.000Z', 'id': '1476752468650381319'}, {'referenced_tweets': [{'type': 'retweeted', 'id': '1476676589320507393'}], 'text': 'RT @SaskiaPopescu: In case anyone needs to hear it- the COVID numbers you’re seeing are likely massively undercounted. Consider all the rap…', 'author_id': '117772607', 'created_at': '2021-12-31T03:09:59.000Z', 'id': '1476752468642091009'}, {'text': "Things I've manifested: \n\nAn Xbox Series X within a week\n\nMore communication/specific things with my SP \n\nSick family member w/covid to be better within a week\n\nSmall instant/ day manifestations", 'author_id': '1476594801881587715', 'created_at': '2021-12-31T03:09:59.000Z', 'id': '1476752468394577923'}, {'referenced_tweets': [{'type': 'retweeted', 'id': '1476511376398897152'}], 'text': 'RT @RNSuperHero: The valley of the shadow of death is in fact a Covid ICU', 'author_id': '1873386590', 'created_at': '2021-12-31T03:09:59.000Z', 'id': '1476752468394459137'}, {'referenced_tweets': [{'type': 'retweeted', 'id': '1474966356101582848'}], 'text': 'RT @ChrisGoni: SHOCK REPORT: This Week CDC Quietly Updated COVID-19 Numbers - Only 9,210 Americans Died From COVID-19 Alone - Rest Had Diff…', 'author_id': '1294419039905878016', 'created_at': '2021-12-31T03:09:59.000Z', 'id': '1476752468327505924'}, {'text': 'Wul a unu have covid 😭', 'author_id': '1340523219812573185', 'created_at': '2021-12-31T03:09:59.000Z', 'id': '1476752468100927508'}, {'referenced_tweets': [{'type': 'retweeted', 'id': '1476684543906258946'}], 'text': 'RT @nytimes: Case rates in South America, Asia and much of Africa have so far remained relatively low. \n\nRead more — and see a full list of…', 'author_id': '874654984977043457', 'created_at': '2021-12-31T03:09:59.000Z', 'id': '1476752467933212672'}, {'referenced_tweets': [{'type': 'replied_to', 'id': '1476594577452650501'}], 'text': '@ChristinaPushaw Where’s your boss?   Does he have COVID?', 'author_id': '52770562', 'created_at': '2021-12-31T03:09:59.000Z', 'id': '1476752467752857602'}], 'includes': {'users': [{'name': 'Di', 'id': '68825587', 'username': 'DI82589', 'verified': False}, {'name': 'Pilgrim,∫tranger in a ∫trange land ☤🎗️🌵', 'id': '1265748177698738177', 'location': 'East Valley', 'username': 'villagerssn', 'verified': False}, {'name': 'Czar', 'id': '743918830196523008', 'username': 'kamsey222', 'verified': False}, {'name': 'L Laiken', 'id': '117772607', 'username': 'lb_bklyn', 'verified': False}, {'name': 'Kk', 'id': '1476594801881587715', 'username': 'Kmanifestedthat', 'verified': False}, {'name': 'Aubree Lane ✍️', 'id': '1873386590', 'username': 'AubreeLane3', 'verified': False}, {'name': 'Tired 😀🌸', 'id': '1294419039905878016', 'username': 'Tired13492129', 'verified': False}, {'name': 'weird brat', 'id': '1340523219812573185', 'username': 'honest_sinner_', 'verified': False}, {'name': 'Stoney.Tasi', 'id': '874654984977043457', 'location': 'Prince Edward Island, Canada', 'username': 'TasinaP', 'verified': False}, {'name': 'ASQ', 'id': '52770562', 'username': 'Vinobuddha', 'verified': False}], 'tweets': [{'text': 'The vaccines work. They’ve always worked.', 'author_id': '236487888', 'created_at': '2021-12-31T01:09:35.000Z', 'id': '1476722165185748994'}, {'referenced_tweets': [{'type': 'replied_to', 'id': '1476747963095527428'}], 'text': "@DavidLWindt @benmagelsen Hence it's important now to build that natural immunity up before the next round hits.", 'author_id': '1429898082595000321', 'created_at': '2021-12-31T02:52:41.000Z', 'id': '1476748112144252929'}, {'text': 'The police seem keen to break up Extinction Rebellion and Insulate Britain protests, along with peaceful vigils held for murder victims, but rather reluctant to do much about Downing St parties, Anti-Vax rallies and “protesters” smashing up a Covid test centre in Milton Keynes.', 'author_id': '220262740', 'created_at': '2021-12-30T10:08:46.000Z', 'id': '1476495470193262595'}, {'text': 'In case anyone needs to hear it- the COVID numbers you’re seeing are likely massively undercounted. Consider all the rapid tests being done at home (meaning, not reported) and hurdles getting confirmatory PCRs tests. Please stay safe folks 😷', 'author_id': '26117944', 'created_at': '2021-12-30T22:08:28.000Z', 'id': '1476676589320507393'}, {'text': 'The valley of the shadow of death is in fact a Covid ICU', 'author_id': '2186967120', 'created_at': '2021-12-30T11:11:59.000Z', 'id': '1476511376398897152'}, {'text': 'SHOCK REPORT: This Week CDC Quietly Updated COVID-19 Numbers - Only 9,210 Americans Died From COVID-19 Alone - Rest Had Different Other Serious Illnesses https://t.co/Ashimz3zrb via @gatewaypundit', 'author_id': '1318494612097540097', 'created_at': '2021-12-26T04:52:37.000Z', 'id': '1474966356101582848'}, {'referenced_tweets': [{'type': 'replied_to', 'id': '1476684542090039304'}], 'text': 'Case rates in South America, Asia and much of Africa have so far remained relatively low. \n\nRead more — and see a full list of which countries are seeing record case rates this month — here. https://t.co/VMTmb47YJV', 'author_id': '807095', 'created_at': '2021-12-30T22:40:05.000Z', 'id': '1476684543906258946'}, {'text': 'Democracy dies in darkness 🤡 https://t.co/9s5ScVyVYx', 'author_id': '31667539', 'created_at': '2021-12-30T16:42:35.000Z', 'id': '1476594577452650501'}]}, 'meta': {'newest_id': '1476752468910428178', 'oldest_id': '1476752467752857602', 'result_count': 10, 'next_token': 'b26v89c19zqg8o3fpe17vekzbkb506dflrkdpn3120i9p'}}
[2021-12-31 23:43:54,754] {python.py:175} INFO - Done. Returned value was: None
[2021-12-31 23:43:54,764] {taskinstance.py:1277} INFO - Marking task as SUCCESS. dag_id=load_dimensions, task_id=tweet_extraction, execution_date=20211231T030000, start_date=20211231T234354, end_date=20211231T234354
[2021-12-31 23:43:54,801] {local_task_job.py:154} INFO - Task exited with return code 0
[2021-12-31 23:43:54,837] {local_task_job.py:264} INFO - 1 downstream tasks scheduled from follow-on schedule check
