[2021-12-31 23:43:56,102] {taskinstance.py:1032} INFO - Dependencies all met for <TaskInstance: load_dimensions.tweet_transform scheduled__2021-12-31T02:00:00+00:00 [queued]>
[2021-12-31 23:43:56,116] {taskinstance.py:1032} INFO - Dependencies all met for <TaskInstance: load_dimensions.tweet_transform scheduled__2021-12-31T02:00:00+00:00 [queued]>
[2021-12-31 23:43:56,117] {taskinstance.py:1238} INFO - 
--------------------------------------------------------------------------------
[2021-12-31 23:43:56,117] {taskinstance.py:1239} INFO - Starting attempt 2 of 2
[2021-12-31 23:43:56,117] {taskinstance.py:1240} INFO - 
--------------------------------------------------------------------------------
[2021-12-31 23:43:56,142] {taskinstance.py:1259} INFO - Executing <Task(PythonOperator): tweet_transform> on 2021-12-31 02:00:00+00:00
[2021-12-31 23:43:56,153] {standard_task_runner.py:52} INFO - Started process 2238 to run task
[2021-12-31 23:43:56,163] {standard_task_runner.py:76} INFO - Running: ['***', 'tasks', 'run', 'load_dimensions', 'tweet_transform', 'scheduled__2021-12-31T02:00:00+00:00', '--job-id', '224', '--raw', '--subdir', 'DAGS_FOLDER/load_redshift.py', '--cfg-path', '/tmp/tmpi6prpqun', '--error-file', '/tmp/tmp2ldv78z5']
[2021-12-31 23:43:56,164] {standard_task_runner.py:77} INFO - Job 224: Subtask tweet_transform
[2021-12-31 23:43:56,266] {logging_mixin.py:109} INFO - Running <TaskInstance: load_dimensions.tweet_transform scheduled__2021-12-31T02:00:00+00:00 [running]> on host 87b5e846a243
[2021-12-31 23:43:56,355] {taskinstance.py:1426} INFO - Exporting the following env vars:
AIRFLOW_CTX_DAG_OWNER=test_owner
AIRFLOW_CTX_DAG_ID=load_dimensions
AIRFLOW_CTX_TASK_ID=tweet_transform
AIRFLOW_CTX_EXECUTION_DATE=2021-12-31T02:00:00+00:00
AIRFLOW_CTX_DAG_RUN_ID=scheduled__2021-12-31T02:00:00+00:00
[2021-12-31 23:43:56,356] {warnings.py:110} WARNING - /home/***/.local/lib/python3.7/site-packages/***/utils/context.py:152: AirflowContextDeprecationWarning: Accessing 'execution_date' from the template is deprecated and will be removed in a future version. Please use 'data_interval_start' or 'logical_date' instead.
  warnings.warn(_create_deprecation_warning(key, self._deprecation_replacements[key]))

[2021-12-31 23:43:56,357] {warnings.py:110} WARNING - /home/***/.local/lib/python3.7/site-packages/***/utils/context.py:152: AirflowContextDeprecationWarning: Accessing 'next_ds' from the template is deprecated and will be removed in a future version. Please use '{{ data_interval_end | ds }}' instead.
  warnings.warn(_create_deprecation_warning(key, self._deprecation_replacements[key]))

[2021-12-31 23:43:56,357] {warnings.py:110} WARNING - /home/***/.local/lib/python3.7/site-packages/***/utils/context.py:152: AirflowContextDeprecationWarning: Accessing 'next_ds_nodash' from the template is deprecated and will be removed in a future version. Please use '{{ data_interval_end | ds_nodash }}' instead.
  warnings.warn(_create_deprecation_warning(key, self._deprecation_replacements[key]))

[2021-12-31 23:43:56,357] {warnings.py:110} WARNING - /home/***/.local/lib/python3.7/site-packages/***/utils/context.py:152: AirflowContextDeprecationWarning: Accessing 'next_execution_date' from the template is deprecated and will be removed in a future version. Please use 'data_interval_end' instead.
  warnings.warn(_create_deprecation_warning(key, self._deprecation_replacements[key]))

[2021-12-31 23:43:56,357] {warnings.py:110} WARNING - /home/***/.local/lib/python3.7/site-packages/***/utils/context.py:152: AirflowContextDeprecationWarning: Accessing 'prev_ds' from the template is deprecated and will be removed in a future version.
  warnings.warn(_create_deprecation_warning(key, self._deprecation_replacements[key]))

[2021-12-31 23:43:56,357] {warnings.py:110} WARNING - /home/***/.local/lib/python3.7/site-packages/***/utils/context.py:152: AirflowContextDeprecationWarning: Accessing 'prev_ds_nodash' from the template is deprecated and will be removed in a future version.
  warnings.warn(_create_deprecation_warning(key, self._deprecation_replacements[key]))

[2021-12-31 23:43:56,357] {warnings.py:110} WARNING - /home/***/.local/lib/python3.7/site-packages/***/utils/context.py:152: AirflowContextDeprecationWarning: Accessing 'prev_execution_date' from the template is deprecated and will be removed in a future version.
  warnings.warn(_create_deprecation_warning(key, self._deprecation_replacements[key]))

[2021-12-31 23:43:56,358] {warnings.py:110} WARNING - /home/***/.local/lib/python3.7/site-packages/***/utils/context.py:152: AirflowContextDeprecationWarning: Accessing 'prev_execution_date_success' from the template is deprecated and will be removed in a future version. Please use 'prev_data_interval_start_success' instead.
  warnings.warn(_create_deprecation_warning(key, self._deprecation_replacements[key]))

[2021-12-31 23:43:56,358] {warnings.py:110} WARNING - /home/***/.local/lib/python3.7/site-packages/***/utils/context.py:152: AirflowContextDeprecationWarning: Accessing 'tomorrow_ds' from the template is deprecated and will be removed in a future version.
  warnings.warn(_create_deprecation_warning(key, self._deprecation_replacements[key]))

[2021-12-31 23:43:56,358] {warnings.py:110} WARNING - /home/***/.local/lib/python3.7/site-packages/***/utils/context.py:152: AirflowContextDeprecationWarning: Accessing 'tomorrow_ds_nodash' from the template is deprecated and will be removed in a future version.
  warnings.warn(_create_deprecation_warning(key, self._deprecation_replacements[key]))

[2021-12-31 23:43:56,358] {warnings.py:110} WARNING - /home/***/.local/lib/python3.7/site-packages/***/utils/context.py:152: AirflowContextDeprecationWarning: Accessing 'yesterday_ds' from the template is deprecated and will be removed in a future version.
  warnings.warn(_create_deprecation_warning(key, self._deprecation_replacements[key]))

[2021-12-31 23:43:56,358] {warnings.py:110} WARNING - /home/***/.local/lib/python3.7/site-packages/***/utils/context.py:152: AirflowContextDeprecationWarning: Accessing 'yesterday_ds_nodash' from the template is deprecated and will be removed in a future version.
  warnings.warn(_create_deprecation_warning(key, self._deprecation_replacements[key]))

[2021-12-31 23:43:56,358] {logging_mixin.py:109} INFO - Transform
[2021-12-31 23:43:56,387] {warnings.py:110} WARNING - /opt/***/dags/load_redshift.py:92: FutureWarning: In a future version of pandas all arguments of DataFrame.drop except for the argument 'labels' will be keyword-only
  data = merged_db.drop(['text', 'original_id', 'referenced_tweets', 'referenced_tweets_id'], 1)

[2021-12-31 23:43:56,400] {warnings.py:110} WARNING - /opt/***/dags/load_redshift.py:93: FutureWarning: In a future version of pandas all arguments of DataFrame.drop except for the argument 'labels' will be keyword-only
  data = data.merge(user_info[['id', 'location']], how='left', left_on='author_id', right_on='id', suffixes=['','_y']).drop('id_y', 1)

[2021-12-31 23:43:56,408] {python.py:175} INFO - Done. Returned value was: None
[2021-12-31 23:43:56,423] {taskinstance.py:1277} INFO - Marking task as SUCCESS. dag_id=load_dimensions, task_id=tweet_transform, execution_date=20211231T020000, start_date=20211231T234356, end_date=20211231T234356
[2021-12-31 23:43:56,456] {local_task_job.py:154} INFO - Task exited with return code 0
[2021-12-31 23:43:56,510] {local_task_job.py:264} INFO - 1 downstream tasks scheduled from follow-on schedule check
[2022-01-05 05:25:07,765] {taskinstance.py:1032} INFO - Dependencies all met for <TaskInstance: load_dimensions.tweet_transform scheduled__2021-12-31T02:00:00+00:00 [queued]>
[2022-01-05 05:25:07,805] {taskinstance.py:1032} INFO - Dependencies all met for <TaskInstance: load_dimensions.tweet_transform scheduled__2021-12-31T02:00:00+00:00 [queued]>
[2022-01-05 05:25:07,805] {taskinstance.py:1238} INFO - 
--------------------------------------------------------------------------------
[2022-01-05 05:25:07,805] {taskinstance.py:1239} INFO - Starting attempt 2 of 2
[2022-01-05 05:25:07,805] {taskinstance.py:1240} INFO - 
--------------------------------------------------------------------------------
[2022-01-05 05:25:07,837] {taskinstance.py:1259} INFO - Executing <Task(PythonOperator): tweet_transform> on 2021-12-31 02:00:00+00:00
[2022-01-05 05:25:07,870] {standard_task_runner.py:52} INFO - Started process 3359 to run task
[2022-01-05 05:25:07,883] {standard_task_runner.py:76} INFO - Running: ['***', 'tasks', 'run', 'load_dimensions', 'tweet_transform', 'scheduled__2021-12-31T02:00:00+00:00', '--job-id', '82', '--raw', '--subdir', 'DAGS_FOLDER/load_redshift.py', '--cfg-path', '/tmp/tmp9fi6oguk', '--error-file', '/tmp/tmpa68s4uje']
[2022-01-05 05:25:07,884] {standard_task_runner.py:77} INFO - Job 82: Subtask tweet_transform
[2022-01-05 05:25:08,080] {logging_mixin.py:109} INFO - Running <TaskInstance: load_dimensions.tweet_transform scheduled__2021-12-31T02:00:00+00:00 [running]> on host 2b1d65872a35
[2022-01-05 05:25:08,296] {taskinstance.py:1426} INFO - Exporting the following env vars:
AIRFLOW_CTX_DAG_OWNER=test_owner
AIRFLOW_CTX_DAG_ID=load_dimensions
AIRFLOW_CTX_TASK_ID=tweet_transform
AIRFLOW_CTX_EXECUTION_DATE=2021-12-31T02:00:00+00:00
AIRFLOW_CTX_DAG_RUN_ID=scheduled__2021-12-31T02:00:00+00:00
[2022-01-05 05:25:08,306] {warnings.py:110} WARNING - /home/***/.local/lib/python3.7/site-packages/***/utils/context.py:152: AirflowContextDeprecationWarning: Accessing 'execution_date' from the template is deprecated and will be removed in a future version. Please use 'data_interval_start' or 'logical_date' instead.
  warnings.warn(_create_deprecation_warning(key, self._deprecation_replacements[key]))

[2022-01-05 05:25:08,307] {warnings.py:110} WARNING - /home/***/.local/lib/python3.7/site-packages/***/utils/context.py:152: AirflowContextDeprecationWarning: Accessing 'next_ds' from the template is deprecated and will be removed in a future version. Please use '{{ data_interval_end | ds }}' instead.
  warnings.warn(_create_deprecation_warning(key, self._deprecation_replacements[key]))

[2022-01-05 05:25:08,307] {warnings.py:110} WARNING - /home/***/.local/lib/python3.7/site-packages/***/utils/context.py:152: AirflowContextDeprecationWarning: Accessing 'next_ds_nodash' from the template is deprecated and will be removed in a future version. Please use '{{ data_interval_end | ds_nodash }}' instead.
  warnings.warn(_create_deprecation_warning(key, self._deprecation_replacements[key]))

[2022-01-05 05:25:08,307] {warnings.py:110} WARNING - /home/***/.local/lib/python3.7/site-packages/***/utils/context.py:152: AirflowContextDeprecationWarning: Accessing 'next_execution_date' from the template is deprecated and will be removed in a future version. Please use 'data_interval_end' instead.
  warnings.warn(_create_deprecation_warning(key, self._deprecation_replacements[key]))

[2022-01-05 05:25:08,307] {warnings.py:110} WARNING - /home/***/.local/lib/python3.7/site-packages/***/utils/context.py:152: AirflowContextDeprecationWarning: Accessing 'prev_ds' from the template is deprecated and will be removed in a future version.
  warnings.warn(_create_deprecation_warning(key, self._deprecation_replacements[key]))

[2022-01-05 05:25:08,307] {warnings.py:110} WARNING - /home/***/.local/lib/python3.7/site-packages/***/utils/context.py:152: AirflowContextDeprecationWarning: Accessing 'prev_ds_nodash' from the template is deprecated and will be removed in a future version.
  warnings.warn(_create_deprecation_warning(key, self._deprecation_replacements[key]))

[2022-01-05 05:25:08,307] {warnings.py:110} WARNING - /home/***/.local/lib/python3.7/site-packages/***/utils/context.py:152: AirflowContextDeprecationWarning: Accessing 'prev_execution_date' from the template is deprecated and will be removed in a future version.
  warnings.warn(_create_deprecation_warning(key, self._deprecation_replacements[key]))

[2022-01-05 05:25:08,307] {warnings.py:110} WARNING - /home/***/.local/lib/python3.7/site-packages/***/utils/context.py:152: AirflowContextDeprecationWarning: Accessing 'prev_execution_date_success' from the template is deprecated and will be removed in a future version. Please use 'prev_data_interval_start_success' instead.
  warnings.warn(_create_deprecation_warning(key, self._deprecation_replacements[key]))

[2022-01-05 05:25:08,307] {warnings.py:110} WARNING - /home/***/.local/lib/python3.7/site-packages/***/utils/context.py:152: AirflowContextDeprecationWarning: Accessing 'tomorrow_ds' from the template is deprecated and will be removed in a future version.
  warnings.warn(_create_deprecation_warning(key, self._deprecation_replacements[key]))

[2022-01-05 05:25:08,307] {warnings.py:110} WARNING - /home/***/.local/lib/python3.7/site-packages/***/utils/context.py:152: AirflowContextDeprecationWarning: Accessing 'tomorrow_ds_nodash' from the template is deprecated and will be removed in a future version.
  warnings.warn(_create_deprecation_warning(key, self._deprecation_replacements[key]))

[2022-01-05 05:25:08,308] {warnings.py:110} WARNING - /home/***/.local/lib/python3.7/site-packages/***/utils/context.py:152: AirflowContextDeprecationWarning: Accessing 'yesterday_ds' from the template is deprecated and will be removed in a future version.
  warnings.warn(_create_deprecation_warning(key, self._deprecation_replacements[key]))

[2022-01-05 05:25:08,308] {warnings.py:110} WARNING - /home/***/.local/lib/python3.7/site-packages/***/utils/context.py:152: AirflowContextDeprecationWarning: Accessing 'yesterday_ds_nodash' from the template is deprecated and will be removed in a future version.
  warnings.warn(_create_deprecation_warning(key, self._deprecation_replacements[key]))

[2022-01-05 05:25:08,308] {logging_mixin.py:109} INFO - Transform
[2022-01-05 05:25:08,552] {warnings.py:110} WARNING - /opt/***/dags/load_redshift.py:108: FutureWarning: In a future version of pandas all arguments of DataFrame.drop except for the argument 'labels' will be keyword-only
  data = merged_db.drop(['text', 'original_id', 'referenced_tweets', 'referenced_tweets_id'], 1)

[2022-01-05 05:25:08,578] {warnings.py:110} WARNING - /opt/***/dags/load_redshift.py:109: FutureWarning: In a future version of pandas all arguments of DataFrame.drop except for the argument 'labels' will be keyword-only
  data = data.merge(user_info[['id', 'location']], how='left', left_on='author_id', right_on='id', suffixes=['','_y']).drop('id_y', 1)

[2022-01-05 05:25:08,670] {python.py:175} INFO - Done. Returned value was: None
[2022-01-05 07:07:01,096] {taskinstance.py:1032} INFO - Dependencies all met for <TaskInstance: load_dimensions.tweet_transform scheduled__2021-12-31T02:00:00+00:00 [queued]>
[2022-01-05 07:07:01,153] {taskinstance.py:1032} INFO - Dependencies all met for <TaskInstance: load_dimensions.tweet_transform scheduled__2021-12-31T02:00:00+00:00 [queued]>
[2022-01-05 07:07:01,153] {taskinstance.py:1238} INFO - 
--------------------------------------------------------------------------------
[2022-01-05 07:07:01,153] {taskinstance.py:1239} INFO - Starting attempt 2 of 2
[2022-01-05 07:07:01,154] {taskinstance.py:1240} INFO - 
--------------------------------------------------------------------------------
[2022-01-05 07:07:01,241] {taskinstance.py:1259} INFO - Executing <Task(PythonOperator): tweet_transform> on 2021-12-31 02:00:00+00:00
[2022-01-05 07:07:01,275] {standard_task_runner.py:52} INFO - Started process 407 to run task
[2022-01-05 07:07:01,296] {standard_task_runner.py:76} INFO - Running: ['***', 'tasks', 'run', 'load_dimensions', 'tweet_transform', 'scheduled__2021-12-31T02:00:00+00:00', '--job-id', '355', '--raw', '--subdir', 'DAGS_FOLDER/load_redshift.py', '--cfg-path', '/tmp/tmpu4mvbowj', '--error-file', '/tmp/tmpqjysm290']
[2022-01-05 07:07:01,299] {standard_task_runner.py:77} INFO - Job 355: Subtask tweet_transform
[2022-01-05 07:07:01,506] {logging_mixin.py:109} INFO - Running <TaskInstance: load_dimensions.tweet_transform scheduled__2021-12-31T02:00:00+00:00 [running]> on host e544fdb7c66e
[2022-01-05 07:07:01,721] {taskinstance.py:1426} INFO - Exporting the following env vars:
AIRFLOW_CTX_DAG_OWNER=test_owner
AIRFLOW_CTX_DAG_ID=load_dimensions
AIRFLOW_CTX_TASK_ID=tweet_transform
AIRFLOW_CTX_EXECUTION_DATE=2021-12-31T02:00:00+00:00
AIRFLOW_CTX_DAG_RUN_ID=scheduled__2021-12-31T02:00:00+00:00
[2022-01-05 07:07:01,724] {warnings.py:110} WARNING - /home/***/.local/lib/python3.7/site-packages/***/utils/context.py:152: AirflowContextDeprecationWarning: Accessing 'execution_date' from the template is deprecated and will be removed in a future version. Please use 'data_interval_start' or 'logical_date' instead.
  warnings.warn(_create_deprecation_warning(key, self._deprecation_replacements[key]))

[2022-01-05 07:07:01,725] {warnings.py:110} WARNING - /home/***/.local/lib/python3.7/site-packages/***/utils/context.py:152: AirflowContextDeprecationWarning: Accessing 'next_ds' from the template is deprecated and will be removed in a future version. Please use '{{ data_interval_end | ds }}' instead.
  warnings.warn(_create_deprecation_warning(key, self._deprecation_replacements[key]))

[2022-01-05 07:07:01,725] {warnings.py:110} WARNING - /home/***/.local/lib/python3.7/site-packages/***/utils/context.py:152: AirflowContextDeprecationWarning: Accessing 'next_ds_nodash' from the template is deprecated and will be removed in a future version. Please use '{{ data_interval_end | ds_nodash }}' instead.
  warnings.warn(_create_deprecation_warning(key, self._deprecation_replacements[key]))

[2022-01-05 07:07:01,725] {warnings.py:110} WARNING - /home/***/.local/lib/python3.7/site-packages/***/utils/context.py:152: AirflowContextDeprecationWarning: Accessing 'next_execution_date' from the template is deprecated and will be removed in a future version. Please use 'data_interval_end' instead.
  warnings.warn(_create_deprecation_warning(key, self._deprecation_replacements[key]))

[2022-01-05 07:07:01,725] {warnings.py:110} WARNING - /home/***/.local/lib/python3.7/site-packages/***/utils/context.py:152: AirflowContextDeprecationWarning: Accessing 'prev_ds' from the template is deprecated and will be removed in a future version.
  warnings.warn(_create_deprecation_warning(key, self._deprecation_replacements[key]))

[2022-01-05 07:07:01,725] {warnings.py:110} WARNING - /home/***/.local/lib/python3.7/site-packages/***/utils/context.py:152: AirflowContextDeprecationWarning: Accessing 'prev_ds_nodash' from the template is deprecated and will be removed in a future version.
  warnings.warn(_create_deprecation_warning(key, self._deprecation_replacements[key]))

[2022-01-05 07:07:01,725] {warnings.py:110} WARNING - /home/***/.local/lib/python3.7/site-packages/***/utils/context.py:152: AirflowContextDeprecationWarning: Accessing 'prev_execution_date' from the template is deprecated and will be removed in a future version.
  warnings.warn(_create_deprecation_warning(key, self._deprecation_replacements[key]))

[2022-01-05 07:07:01,726] {warnings.py:110} WARNING - /home/***/.local/lib/python3.7/site-packages/***/utils/context.py:152: AirflowContextDeprecationWarning: Accessing 'prev_execution_date_success' from the template is deprecated and will be removed in a future version. Please use 'prev_data_interval_start_success' instead.
  warnings.warn(_create_deprecation_warning(key, self._deprecation_replacements[key]))

[2022-01-05 07:07:01,726] {warnings.py:110} WARNING - /home/***/.local/lib/python3.7/site-packages/***/utils/context.py:152: AirflowContextDeprecationWarning: Accessing 'tomorrow_ds' from the template is deprecated and will be removed in a future version.
  warnings.warn(_create_deprecation_warning(key, self._deprecation_replacements[key]))

[2022-01-05 07:07:01,726] {warnings.py:110} WARNING - /home/***/.local/lib/python3.7/site-packages/***/utils/context.py:152: AirflowContextDeprecationWarning: Accessing 'tomorrow_ds_nodash' from the template is deprecated and will be removed in a future version.
  warnings.warn(_create_deprecation_warning(key, self._deprecation_replacements[key]))

[2022-01-05 07:07:01,726] {warnings.py:110} WARNING - /home/***/.local/lib/python3.7/site-packages/***/utils/context.py:152: AirflowContextDeprecationWarning: Accessing 'yesterday_ds' from the template is deprecated and will be removed in a future version.
  warnings.warn(_create_deprecation_warning(key, self._deprecation_replacements[key]))

[2022-01-05 07:07:01,727] {warnings.py:110} WARNING - /home/***/.local/lib/python3.7/site-packages/***/utils/context.py:152: AirflowContextDeprecationWarning: Accessing 'yesterday_ds_nodash' from the template is deprecated and will be removed in a future version.
  warnings.warn(_create_deprecation_warning(key, self._deprecation_replacements[key]))

[2022-01-05 07:07:01,727] {logging_mixin.py:109} INFO - Transform
[2022-01-05 07:07:01,778] {warnings.py:110} WARNING - /opt/***/dags/load_redshift.py:108: FutureWarning: In a future version of pandas all arguments of DataFrame.drop except for the argument 'labels' will be keyword-only
  data = merged_db.drop(['text', 'original_id', 'referenced_tweets', 'referenced_tweets_id'], 1)

[2022-01-05 07:07:01,784] {warnings.py:110} WARNING - /opt/***/dags/load_redshift.py:109: FutureWarning: In a future version of pandas all arguments of DataFrame.drop except for the argument 'labels' will be keyword-only
  data = data.merge(user_info[['id', 'location']], how='left', left_on='author_id', right_on='id', suffixes=['','_y']).drop('id_y', 1)

[2022-01-05 07:07:01,808] {python.py:175} INFO - Done. Returned value was: None
[2022-01-05 07:07:01,856] {taskinstance.py:1277} INFO - Marking task as SUCCESS. dag_id=load_dimensions, task_id=tweet_transform, execution_date=20211231T020000, start_date=20220105T070701, end_date=20220105T070701
[2022-01-05 07:07:01,927] {local_task_job.py:154} INFO - Task exited with return code 0
[2022-01-05 07:07:02,301] {local_task_job.py:264} INFO - 0 downstream tasks scheduled from follow-on schedule check
