[2021-12-31 23:43:13,003] {taskinstance.py:1032} INFO - Dependencies all met for <TaskInstance: load_dimensions.tweet_transform scheduled__2021-12-31T00:00:00+00:00 [queued]>
[2021-12-31 23:43:13,017] {taskinstance.py:1032} INFO - Dependencies all met for <TaskInstance: load_dimensions.tweet_transform scheduled__2021-12-31T00:00:00+00:00 [queued]>
[2021-12-31 23:43:13,018] {taskinstance.py:1238} INFO - 
--------------------------------------------------------------------------------
[2021-12-31 23:43:13,018] {taskinstance.py:1239} INFO - Starting attempt 3 of 3
[2021-12-31 23:43:13,018] {taskinstance.py:1240} INFO - 
--------------------------------------------------------------------------------
[2021-12-31 23:43:13,034] {taskinstance.py:1259} INFO - Executing <Task(PythonOperator): tweet_transform> on 2021-12-31 00:00:00+00:00
[2021-12-31 23:43:13,038] {standard_task_runner.py:52} INFO - Started process 2159 to run task
[2021-12-31 23:43:13,041] {standard_task_runner.py:76} INFO - Running: ['***', 'tasks', 'run', 'load_dimensions', 'tweet_transform', 'scheduled__2021-12-31T00:00:00+00:00', '--job-id', '211', '--raw', '--subdir', 'DAGS_FOLDER/load_redshift.py', '--cfg-path', '/tmp/tmpc3bymn7x', '--error-file', '/tmp/tmpyze3dlj2']
[2021-12-31 23:43:13,042] {standard_task_runner.py:77} INFO - Job 211: Subtask tweet_transform
[2021-12-31 23:43:13,098] {logging_mixin.py:109} INFO - Running <TaskInstance: load_dimensions.tweet_transform scheduled__2021-12-31T00:00:00+00:00 [running]> on host 87b5e846a243
[2021-12-31 23:43:13,155] {taskinstance.py:1426} INFO - Exporting the following env vars:
AIRFLOW_CTX_DAG_OWNER=test_owner
AIRFLOW_CTX_DAG_ID=load_dimensions
AIRFLOW_CTX_TASK_ID=tweet_transform
AIRFLOW_CTX_EXECUTION_DATE=2021-12-31T00:00:00+00:00
AIRFLOW_CTX_DAG_RUN_ID=scheduled__2021-12-31T00:00:00+00:00
[2021-12-31 23:43:13,156] {warnings.py:110} WARNING - /home/***/.local/lib/python3.7/site-packages/***/utils/context.py:152: AirflowContextDeprecationWarning: Accessing 'execution_date' from the template is deprecated and will be removed in a future version. Please use 'data_interval_start' or 'logical_date' instead.
  warnings.warn(_create_deprecation_warning(key, self._deprecation_replacements[key]))

[2021-12-31 23:43:13,156] {warnings.py:110} WARNING - /home/***/.local/lib/python3.7/site-packages/***/utils/context.py:152: AirflowContextDeprecationWarning: Accessing 'next_ds' from the template is deprecated and will be removed in a future version. Please use '{{ data_interval_end | ds }}' instead.
  warnings.warn(_create_deprecation_warning(key, self._deprecation_replacements[key]))

[2021-12-31 23:43:13,156] {warnings.py:110} WARNING - /home/***/.local/lib/python3.7/site-packages/***/utils/context.py:152: AirflowContextDeprecationWarning: Accessing 'next_ds_nodash' from the template is deprecated and will be removed in a future version. Please use '{{ data_interval_end | ds_nodash }}' instead.
  warnings.warn(_create_deprecation_warning(key, self._deprecation_replacements[key]))

[2021-12-31 23:43:13,157] {warnings.py:110} WARNING - /home/***/.local/lib/python3.7/site-packages/***/utils/context.py:152: AirflowContextDeprecationWarning: Accessing 'next_execution_date' from the template is deprecated and will be removed in a future version. Please use 'data_interval_end' instead.
  warnings.warn(_create_deprecation_warning(key, self._deprecation_replacements[key]))

[2021-12-31 23:43:13,157] {warnings.py:110} WARNING - /home/***/.local/lib/python3.7/site-packages/***/utils/context.py:152: AirflowContextDeprecationWarning: Accessing 'prev_ds' from the template is deprecated and will be removed in a future version.
  warnings.warn(_create_deprecation_warning(key, self._deprecation_replacements[key]))

[2021-12-31 23:43:13,157] {warnings.py:110} WARNING - /home/***/.local/lib/python3.7/site-packages/***/utils/context.py:152: AirflowContextDeprecationWarning: Accessing 'prev_ds_nodash' from the template is deprecated and will be removed in a future version.
  warnings.warn(_create_deprecation_warning(key, self._deprecation_replacements[key]))

[2021-12-31 23:43:13,157] {warnings.py:110} WARNING - /home/***/.local/lib/python3.7/site-packages/***/utils/context.py:152: AirflowContextDeprecationWarning: Accessing 'prev_execution_date' from the template is deprecated and will be removed in a future version.
  warnings.warn(_create_deprecation_warning(key, self._deprecation_replacements[key]))

[2021-12-31 23:43:13,157] {warnings.py:110} WARNING - /home/***/.local/lib/python3.7/site-packages/***/utils/context.py:152: AirflowContextDeprecationWarning: Accessing 'prev_execution_date_success' from the template is deprecated and will be removed in a future version. Please use 'prev_data_interval_start_success' instead.
  warnings.warn(_create_deprecation_warning(key, self._deprecation_replacements[key]))

[2021-12-31 23:43:13,157] {warnings.py:110} WARNING - /home/***/.local/lib/python3.7/site-packages/***/utils/context.py:152: AirflowContextDeprecationWarning: Accessing 'tomorrow_ds' from the template is deprecated and will be removed in a future version.
  warnings.warn(_create_deprecation_warning(key, self._deprecation_replacements[key]))

[2021-12-31 23:43:13,157] {warnings.py:110} WARNING - /home/***/.local/lib/python3.7/site-packages/***/utils/context.py:152: AirflowContextDeprecationWarning: Accessing 'tomorrow_ds_nodash' from the template is deprecated and will be removed in a future version.
  warnings.warn(_create_deprecation_warning(key, self._deprecation_replacements[key]))

[2021-12-31 23:43:13,157] {warnings.py:110} WARNING - /home/***/.local/lib/python3.7/site-packages/***/utils/context.py:152: AirflowContextDeprecationWarning: Accessing 'yesterday_ds' from the template is deprecated and will be removed in a future version.
  warnings.warn(_create_deprecation_warning(key, self._deprecation_replacements[key]))

[2021-12-31 23:43:13,157] {warnings.py:110} WARNING - /home/***/.local/lib/python3.7/site-packages/***/utils/context.py:152: AirflowContextDeprecationWarning: Accessing 'yesterday_ds_nodash' from the template is deprecated and will be removed in a future version.
  warnings.warn(_create_deprecation_warning(key, self._deprecation_replacements[key]))

[2021-12-31 23:43:13,157] {logging_mixin.py:109} INFO - Transform
[2021-12-31 23:43:13,187] {warnings.py:110} WARNING - /opt/***/dags/load_redshift.py:92: FutureWarning: In a future version of pandas all arguments of DataFrame.drop except for the argument 'labels' will be keyword-only
  data = merged_db.drop(['text', 'original_id', 'referenced_tweets', 'referenced_tweets_id'], 1)

[2021-12-31 23:43:13,194] {warnings.py:110} WARNING - /opt/***/dags/load_redshift.py:93: FutureWarning: In a future version of pandas all arguments of DataFrame.drop except for the argument 'labels' will be keyword-only
  data = data.merge(user_info[['id', 'location']], how='left', left_on='author_id', right_on='id', suffixes=['','_y']).drop('id_y', 1)

[2021-12-31 23:43:13,208] {python.py:175} INFO - Done. Returned value was: None
[2021-12-31 23:43:13,222] {taskinstance.py:1277} INFO - Marking task as SUCCESS. dag_id=load_dimensions, task_id=tweet_transform, execution_date=20211231T000000, start_date=20211231T234313, end_date=20211231T234313
[2021-12-31 23:43:13,253] {local_task_job.py:154} INFO - Task exited with return code 0
[2021-12-31 23:43:13,282] {local_task_job.py:264} INFO - 1 downstream tasks scheduled from follow-on schedule check
